-- The C compiler identification is GNU 7.5.0
-- The CXX compiler identification is GNU 7.5.0
-- Check for working C compiler: /usr/bin/cc
-- Check for working C compiler: /usr/bin/cc -- works
-- Detecting C compiler ABI info
-- Detecting C compiler ABI info - done
-- Detecting C compile features
-- Detecting C compile features - done
-- Check for working CXX compiler: /usr/bin/c++
-- Check for working CXX compiler: /usr/bin/c++ -- works
-- Detecting CXX compiler ABI info
-- Detecting CXX compiler ABI info - done
-- Detecting CXX compile features
-- Detecting CXX compile features - done
-- Found ament_cmake: 0.9.8 (/opt/ros/foxy/share/ament_cmake/cmake)
-- Found PythonInterp: /usr/bin/python3 (found suitable version "3.8.5", minimum required is "3") 
-- Using PYTHON_EXECUTABLE: /usr/bin/python3
-- Found rclcpp: 2.3.1 (/opt/ros/foxy/share/rclcpp/cmake)
-- Using all available rosidl_typesupport_c: rosidl_typesupport_fastrtps_c;rosidl_typesupport_introspection_c
-- Found rosidl_adapter: 1.2.1 (/opt/ros/foxy/share/rosidl_adapter/cmake)
-- Found OpenSSL: /usr/lib/x86_64-linux-gnu/libcrypto.so (found version "1.1.1f")  
-- Found FastRTPS: /opt/ros/foxy/include  
-- Using all available rosidl_typesupport_cpp: rosidl_typesupport_fastrtps_cpp;rosidl_typesupport_introspection_cpp
-- Found rmw_implementation_cmake: 1.0.3 (/opt/ros/foxy/share/rmw_implementation_cmake/cmake)
-- Using RMW implementation 'rmw_fastrtps_cpp' as default
-- Looking for pthread.h
-- Looking for pthread.h - found
-- Performing Test CMAKE_HAVE_LIBC_PTHREAD
-- Performing Test CMAKE_HAVE_LIBC_PTHREAD - Failed
-- Looking for pthread_create in pthreads
-- Looking for pthread_create in pthreads - not found
-- Looking for pthread_create in pthread
-- Looking for pthread_create in pthread - found
-- Found Threads: TRUE  
-- Found nav2_costmap_2d: 0.4.5 (/home/hossein/navigation2_stack/install/nav2_costmap_2d/share/nav2_costmap_2d/cmake)
-- Found Eigen3: TRUE (found version "3.3.7") 
-- Found CUDA: /usr (found suitable exact version "10.1") 
-- Found OpenCV: /usr/local (found version "4.2.0") 
-- Found cv_bridge: 2.2.1 (/opt/ros/foxy/share/cv_bridge/cmake)
-- Configuring done
-- Generating done
-- Build files have been written to: /home/hossein/navigation2_stack/build/ceiling_perception
[35m[1mScanning dependencies of target ceiling_perception[0m
[ 16%] [32mBuilding CXX object CMakeFiles/ceiling_perception.dir/src/overhead_camera_manager.cpp.o[0m
[ 33%] [32mBuilding CXX object CMakeFiles/ceiling_perception.dir/src/ceiling_perception.cpp.o[0m
[ 50%] [32mBuilding CXX object CMakeFiles/ceiling_perception.dir/src/array_parser.cpp.o[0m
[ 66%] [32m[1mLinking CXX shared library libceiling_perception.so[0m
[ 66%] Built target ceiling_perception
[35m[1mScanning dependencies of target ceiling_perception_start[0m
[ 83%] [32mBuilding CXX object CMakeFiles/ceiling_perception_start.dir/src/main.cpp.o[0m
[100%] [32m[1mLinking CXX executable ceiling_perception_start[0m
[100%] Built target ceiling_perception_start
-- Install configuration: ""
-- Installing: /home/hossein/navigation2_stack/install/ceiling_perception/share/ceiling_perception//launch
-- Installing: /home/hossein/navigation2_stack/install/ceiling_perception/share/ceiling_perception//launch/ceiling_perception_launch.py
-- Installing: /home/hossein/navigation2_stack/install/ceiling_perception/share/ceiling_perception/config
-- Installing: /home/hossein/navigation2_stack/install/ceiling_perception/share/ceiling_perception/config/ceiling_perception_params.yaml
-- Installing: /home/hossein/navigation2_stack/install/ceiling_perception/lib/ceiling_perception/ceiling_perception_start
-- Set runtime path of "/home/hossein/navigation2_stack/install/ceiling_perception/lib/ceiling_perception/ceiling_perception_start" to ""
-- Installing: /home/hossein/navigation2_stack/install/ceiling_perception/lib/libceiling_perception.so
-- Set runtime path of "/home/hossein/navigation2_stack/install/ceiling_perception/lib/libceiling_perception.so" to ""
-- Installing: /home/hossein/navigation2_stack/install/ceiling_perception/include/
-- Installing: /home/hossein/navigation2_stack/install/ceiling_perception/include//ceiling_perception
-- Installing: /home/hossein/navigation2_stack/install/ceiling_perception/include//ceiling_perception/array_parser.h
-- Installing: /home/hossein/navigation2_stack/install/ceiling_perception/include//ceiling_perception/ceiling_perception.h
-- Installing: /home/hossein/navigation2_stack/install/ceiling_perception/include//ceiling_perception/overhead_camera_manager.h
-- Installing: /home/hossein/navigation2_stack/install/ceiling_perception/share/ceiling_perception/environment/library_path.sh
-- Installing: /home/hossein/navigation2_stack/install/ceiling_perception/share/ceiling_perception/environment/library_path.dsv
-- Installing: /home/hossein/navigation2_stack/install/ceiling_perception/share/ament_index/resource_index/package_run_dependencies/ceiling_perception
-- Installing: /home/hossein/navigation2_stack/install/ceiling_perception/share/ament_index/resource_index/parent_prefix_path/ceiling_perception
-- Installing: /home/hossein/navigation2_stack/install/ceiling_perception/share/ceiling_perception/environment/ament_prefix_path.sh
-- Installing: /home/hossein/navigation2_stack/install/ceiling_perception/share/ceiling_perception/environment/ament_prefix_path.dsv
-- Installing: /home/hossein/navigation2_stack/install/ceiling_perception/share/ceiling_perception/environment/path.sh
-- Installing: /home/hossein/navigation2_stack/install/ceiling_perception/share/ceiling_perception/environment/path.dsv
-- Installing: /home/hossein/navigation2_stack/install/ceiling_perception/share/ceiling_perception/local_setup.bash
-- Installing: /home/hossein/navigation2_stack/install/ceiling_perception/share/ceiling_perception/local_setup.sh
-- Installing: /home/hossein/navigation2_stack/install/ceiling_perception/share/ceiling_perception/local_setup.zsh
-- Installing: /home/hossein/navigation2_stack/install/ceiling_perception/share/ceiling_perception/local_setup.dsv
-- Installing: /home/hossein/navigation2_stack/install/ceiling_perception/share/ceiling_perception/package.dsv
-- Installing: /home/hossein/navigation2_stack/install/ceiling_perception/share/ament_index/resource_index/packages/ceiling_perception
-- Installing: /home/hossein/navigation2_stack/install/ceiling_perception/share/ceiling_perception/cmake/ament_cmake_export_include_directories-extras.cmake
-- Installing: /home/hossein/navigation2_stack/install/ceiling_perception/share/ceiling_perception/cmake/ament_cmake_export_libraries-extras.cmake
-- Installing: /home/hossein/navigation2_stack/install/ceiling_perception/share/ceiling_perception/cmake/ament_cmake_export_dependencies-extras.cmake
-- Installing: /home/hossein/navigation2_stack/install/ceiling_perception/share/ceiling_perception/cmake/ceiling_perceptionConfig.cmake
-- Installing: /home/hossein/navigation2_stack/install/ceiling_perception/share/ceiling_perception/cmake/ceiling_perceptionConfig-version.cmake
-- Installing: /home/hossein/navigation2_stack/install/ceiling_perception/share/ceiling_perception/package.xml
