[  9%] Built target custom_msg_srv__rosidl_generator_c
[ 12%] Built target custom_msg_srv__cpp
[ 22%] Built target custom_msg_srv__rosidl_typesupport_c
[ 32%] Built target custom_msg_srv__rosidl_typesupport_cpp
[ 41%] Built target custom_msg_srv__rosidl_typesupport_introspection_c
[ 51%] Built target custom_msg_srv__rosidl_typesupport_fastrtps_cpp
[ 61%] Built target custom_msg_srv__rosidl_typesupport_introspection_cpp
[ 70%] Built target custom_msg_srv__rosidl_typesupport_fastrtps_c
[ 70%] Built target custom_msg_srv
[ 74%] Built target custom_msg_srv__py
[ 80%] Built target custom_msg_srv__python
[ 87%] Built target custom_msg_srv__rosidl_typesupport_introspection_c__pyext
[ 93%] Built target custom_msg_srv__rosidl_typesupport_c__pyext
[100%] Built target custom_msg_srv__rosidl_typesupport_fastrtps_c__pyext
-- Install configuration: ""
-- Up-to-date: /home/hossein/navigation2_stack/install/custom_msg_srv/share/ament_index/resource_index/rosidl_interfaces/custom_msg_srv
-- Up-to-date: /home/hossein/navigation2_stack/install/custom_msg_srv/include/custom_msg_srv
-- Up-to-date: /home/hossein/navigation2_stack/install/custom_msg_srv/include/custom_msg_srv/srv
-- Up-to-date: /home/hossein/navigation2_stack/install/custom_msg_srv/include/custom_msg_srv/srv/image_batch.h
-- Up-to-date: /home/hossein/navigation2_stack/install/custom_msg_srv/include/custom_msg_srv/srv/detail
-- Up-to-date: /home/hossein/navigation2_stack/install/custom_msg_srv/include/custom_msg_srv/srv/detail/image_batch__functions.h
-- Up-to-date: /home/hossein/navigation2_stack/install/custom_msg_srv/include/custom_msg_srv/srv/detail/image_batch__functions.c
-- Up-to-date: /home/hossein/navigation2_stack/install/custom_msg_srv/include/custom_msg_srv/srv/detail/image_batch__type_support.h
-- Up-to-date: /home/hossein/navigation2_stack/install/custom_msg_srv/include/custom_msg_srv/srv/detail/image_batch__struct.h
-- Up-to-date: /home/hossein/navigation2_stack/install/custom_msg_srv/include/custom_msg_srv/msg
-- Up-to-date: /home/hossein/navigation2_stack/install/custom_msg_srv/include/custom_msg_srv/msg/rosidl_generator_c__visibility_control.h
-- Up-to-date: /home/hossein/navigation2_stack/install/custom_msg_srv/share/custom_msg_srv/environment/library_path.sh
-- Up-to-date: /home/hossein/navigation2_stack/install/custom_msg_srv/share/custom_msg_srv/environment/library_path.dsv
-- Up-to-date: /home/hossein/navigation2_stack/install/custom_msg_srv/lib/libcustom_msg_srv__rosidl_generator_c.so
-- Up-to-date: /home/hossein/navigation2_stack/install/custom_msg_srv/include/custom_msg_srv
-- Up-to-date: /home/hossein/navigation2_stack/install/custom_msg_srv/include/custom_msg_srv/srv
-- Up-to-date: /home/hossein/navigation2_stack/install/custom_msg_srv/include/custom_msg_srv/srv/detail
-- Up-to-date: /home/hossein/navigation2_stack/install/custom_msg_srv/include/custom_msg_srv/srv/detail/image_batch__rosidl_typesupport_fastrtps_c.h
-- Up-to-date: /home/hossein/navigation2_stack/install/custom_msg_srv/include/custom_msg_srv/msg
-- Up-to-date: /home/hossein/navigation2_stack/install/custom_msg_srv/include/custom_msg_srv/msg/rosidl_typesupport_fastrtps_c__visibility_control.h
-- Up-to-date: /home/hossein/navigation2_stack/install/custom_msg_srv/lib/libcustom_msg_srv__rosidl_typesupport_fastrtps_c.so
-- Up-to-date: /home/hossein/navigation2_stack/install/custom_msg_srv/include/custom_msg_srv
-- Up-to-date: /home/hossein/navigation2_stack/install/custom_msg_srv/include/custom_msg_srv/srv
-- Up-to-date: /home/hossein/navigation2_stack/install/custom_msg_srv/include/custom_msg_srv/srv/detail
-- Up-to-date: /home/hossein/navigation2_stack/install/custom_msg_srv/include/custom_msg_srv/srv/detail/image_batch__rosidl_typesupport_fastrtps_cpp.hpp
-- Up-to-date: /home/hossein/navigation2_stack/install/custom_msg_srv/include/custom_msg_srv/srv/detail/dds_fastrtps
-- Up-to-date: /home/hossein/navigation2_stack/install/custom_msg_srv/include/custom_msg_srv/msg
-- Up-to-date: /home/hossein/navigation2_stack/install/custom_msg_srv/include/custom_msg_srv/msg/rosidl_typesupport_fastrtps_cpp__visibility_control.h
-- Up-to-date: /home/hossein/navigation2_stack/install/custom_msg_srv/lib/libcustom_msg_srv__rosidl_typesupport_fastrtps_cpp.so
-- Up-to-date: /home/hossein/navigation2_stack/install/custom_msg_srv/include/custom_msg_srv
-- Up-to-date: /home/hossein/navigation2_stack/install/custom_msg_srv/include/custom_msg_srv/srv
-- Up-to-date: /home/hossein/navigation2_stack/install/custom_msg_srv/include/custom_msg_srv/srv/detail
-- Up-to-date: /home/hossein/navigation2_stack/install/custom_msg_srv/include/custom_msg_srv/srv/detail/image_batch__type_support.c
-- Up-to-date: /home/hossein/navigation2_stack/install/custom_msg_srv/include/custom_msg_srv/srv/detail/image_batch__rosidl_typesupport_introspection_c.h
-- Up-to-date: /home/hossein/navigation2_stack/install/custom_msg_srv/include/custom_msg_srv/msg
-- Up-to-date: /home/hossein/navigation2_stack/install/custom_msg_srv/include/custom_msg_srv/msg/rosidl_typesupport_introspection_c__visibility_control.h
-- Up-to-date: /home/hossein/navigation2_stack/install/custom_msg_srv/lib/libcustom_msg_srv__rosidl_typesupport_introspection_c.so
-- Up-to-date: /home/hossein/navigation2_stack/install/custom_msg_srv/lib/libcustom_msg_srv__rosidl_typesupport_c.so
-- Up-to-date: /home/hossein/navigation2_stack/install/custom_msg_srv/include/custom_msg_srv
-- Up-to-date: /home/hossein/navigation2_stack/install/custom_msg_srv/include/custom_msg_srv/srv
-- Up-to-date: /home/hossein/navigation2_stack/install/custom_msg_srv/include/custom_msg_srv/srv/detail
-- Up-to-date: /home/hossein/navigation2_stack/install/custom_msg_srv/include/custom_msg_srv/srv/detail/image_batch__struct.hpp
-- Up-to-date: /home/hossein/navigation2_stack/install/custom_msg_srv/include/custom_msg_srv/srv/detail/image_batch__traits.hpp
-- Up-to-date: /home/hossein/navigation2_stack/install/custom_msg_srv/include/custom_msg_srv/srv/detail/image_batch__builder.hpp
-- Up-to-date: /home/hossein/navigation2_stack/install/custom_msg_srv/include/custom_msg_srv/srv/image_batch.hpp
-- Up-to-date: /home/hossein/navigation2_stack/install/custom_msg_srv/include/custom_msg_srv
-- Up-to-date: /home/hossein/navigation2_stack/install/custom_msg_srv/include/custom_msg_srv/srv
-- Up-to-date: /home/hossein/navigation2_stack/install/custom_msg_srv/include/custom_msg_srv/srv/detail
-- Up-to-date: /home/hossein/navigation2_stack/install/custom_msg_srv/include/custom_msg_srv/srv/detail/image_batch__rosidl_typesupport_introspection_cpp.hpp
-- Up-to-date: /home/hossein/navigation2_stack/install/custom_msg_srv/include/custom_msg_srv/srv/detail/image_batch__type_support.cpp
-- Up-to-date: /home/hossein/navigation2_stack/install/custom_msg_srv/lib/libcustom_msg_srv__rosidl_typesupport_introspection_cpp.so
-- Up-to-date: /home/hossein/navigation2_stack/install/custom_msg_srv/lib/libcustom_msg_srv__rosidl_typesupport_cpp.so
-- Up-to-date: /home/hossein/navigation2_stack/install/custom_msg_srv/share/custom_msg_srv/environment/pythonpath.sh
-- Up-to-date: /home/hossein/navigation2_stack/install/custom_msg_srv/share/custom_msg_srv/environment/pythonpath.dsv
-- Up-to-date: /home/hossein/navigation2_stack/install/custom_msg_srv/lib/python3.8/site-packages/custom_msg_srv/__init__.py
-- Up-to-date: /home/hossein/navigation2_stack/install/custom_msg_srv/lib/python3.8/site-packages/custom_msg_srv/srv
-- Up-to-date: /home/hossein/navigation2_stack/install/custom_msg_srv/lib/python3.8/site-packages/custom_msg_srv/srv/_image_batch.py
-- Up-to-date: /home/hossein/navigation2_stack/install/custom_msg_srv/lib/python3.8/site-packages/custom_msg_srv/srv/__init__.py
-- Up-to-date: /home/hossein/navigation2_stack/install/custom_msg_srv/lib/python3.8/site-packages/custom_msg_srv/srv/_image_batch_s.c
-- Up-to-date: /home/hossein/navigation2_stack/install/custom_msg_srv/lib/python3.8/site-packages/custom_msg_srv/custom_msg_srv_s__rosidl_typesupport_fastrtps_c.cpython-38-x86_64-linux-gnu.so
-- Up-to-date: /home/hossein/navigation2_stack/install/custom_msg_srv/lib/python3.8/site-packages/custom_msg_srv/custom_msg_srv_s__rosidl_typesupport_introspection_c.cpython-38-x86_64-linux-gnu.so
-- Up-to-date: /home/hossein/navigation2_stack/install/custom_msg_srv/lib/python3.8/site-packages/custom_msg_srv/custom_msg_srv_s__rosidl_typesupport_c.cpython-38-x86_64-linux-gnu.so
-- Up-to-date: /home/hossein/navigation2_stack/install/custom_msg_srv/lib/libcustom_msg_srv__python.so
-- Up-to-date: /home/hossein/navigation2_stack/install/custom_msg_srv/share/custom_msg_srv/srv/ImageBatch.idl
-- Up-to-date: /home/hossein/navigation2_stack/install/custom_msg_srv/share/custom_msg_srv/srv/ImageBatch.srv
-- Up-to-date: /home/hossein/navigation2_stack/install/custom_msg_srv/share/custom_msg_srv/srv/ImageBatch_Request.msg
-- Up-to-date: /home/hossein/navigation2_stack/install/custom_msg_srv/share/custom_msg_srv/srv/ImageBatch_Response.msg
-- Up-to-date: /home/hossein/navigation2_stack/install/custom_msg_srv/share/ament_index/resource_index/package_run_dependencies/custom_msg_srv
-- Up-to-date: /home/hossein/navigation2_stack/install/custom_msg_srv/share/ament_index/resource_index/parent_prefix_path/custom_msg_srv
-- Up-to-date: /home/hossein/navigation2_stack/install/custom_msg_srv/share/custom_msg_srv/environment/ament_prefix_path.sh
-- Up-to-date: /home/hossein/navigation2_stack/install/custom_msg_srv/share/custom_msg_srv/environment/ament_prefix_path.dsv
-- Up-to-date: /home/hossein/navigation2_stack/install/custom_msg_srv/share/custom_msg_srv/environment/path.sh
-- Up-to-date: /home/hossein/navigation2_stack/install/custom_msg_srv/share/custom_msg_srv/environment/path.dsv
-- Up-to-date: /home/hossein/navigation2_stack/install/custom_msg_srv/share/custom_msg_srv/local_setup.bash
-- Up-to-date: /home/hossein/navigation2_stack/install/custom_msg_srv/share/custom_msg_srv/local_setup.sh
-- Up-to-date: /home/hossein/navigation2_stack/install/custom_msg_srv/share/custom_msg_srv/local_setup.zsh
-- Up-to-date: /home/hossein/navigation2_stack/install/custom_msg_srv/share/custom_msg_srv/local_setup.dsv
-- Installing: /home/hossein/navigation2_stack/install/custom_msg_srv/share/custom_msg_srv/package.dsv
-- Up-to-date: /home/hossein/navigation2_stack/install/custom_msg_srv/share/ament_index/resource_index/packages/custom_msg_srv
-- Up-to-date: /home/hossein/navigation2_stack/install/custom_msg_srv/share/custom_msg_srv/cmake/custom_msg_srv__rosidl_generator_cExport.cmake
-- Up-to-date: /home/hossein/navigation2_stack/install/custom_msg_srv/share/custom_msg_srv/cmake/custom_msg_srv__rosidl_generator_cExport-noconfig.cmake
-- Up-to-date: /home/hossein/navigation2_stack/install/custom_msg_srv/share/custom_msg_srv/cmake/custom_msg_srv__rosidl_typesupport_introspection_cExport.cmake
-- Up-to-date: /home/hossein/navigation2_stack/install/custom_msg_srv/share/custom_msg_srv/cmake/custom_msg_srv__rosidl_typesupport_introspection_cExport-noconfig.cmake
-- Up-to-date: /home/hossein/navigation2_stack/install/custom_msg_srv/share/custom_msg_srv/cmake/custom_msg_srv__rosidl_typesupport_cExport.cmake
-- Up-to-date: /home/hossein/navigation2_stack/install/custom_msg_srv/share/custom_msg_srv/cmake/custom_msg_srv__rosidl_typesupport_cExport-noconfig.cmake
-- Up-to-date: /home/hossein/navigation2_stack/install/custom_msg_srv/share/custom_msg_srv/cmake/custom_msg_srv__rosidl_generator_cppExport.cmake
-- Up-to-date: /home/hossein/navigation2_stack/install/custom_msg_srv/share/custom_msg_srv/cmake/custom_msg_srv__rosidl_typesupport_introspection_cppExport.cmake
-- Up-to-date: /home/hossein/navigation2_stack/install/custom_msg_srv/share/custom_msg_srv/cmake/custom_msg_srv__rosidl_typesupport_introspection_cppExport-noconfig.cmake
-- Up-to-date: /home/hossein/navigation2_stack/install/custom_msg_srv/share/custom_msg_srv/cmake/custom_msg_srv__rosidl_typesupport_cppExport.cmake
-- Up-to-date: /home/hossein/navigation2_stack/install/custom_msg_srv/share/custom_msg_srv/cmake/custom_msg_srv__rosidl_typesupport_cppExport-noconfig.cmake
-- Up-to-date: /home/hossein/navigation2_stack/install/custom_msg_srv/share/custom_msg_srv/cmake/rosidl_cmake-extras.cmake
-- Up-to-date: /home/hossein/navigation2_stack/install/custom_msg_srv/share/custom_msg_srv/cmake/ament_cmake_export_dependencies-extras.cmake
-- Up-to-date: /home/hossein/navigation2_stack/install/custom_msg_srv/share/custom_msg_srv/cmake/ament_cmake_export_libraries-extras.cmake
-- Up-to-date: /home/hossein/navigation2_stack/install/custom_msg_srv/share/custom_msg_srv/cmake/ament_cmake_export_targets-extras.cmake
-- Up-to-date: /home/hossein/navigation2_stack/install/custom_msg_srv/share/custom_msg_srv/cmake/ament_cmake_export_include_directories-extras.cmake
-- Up-to-date: /home/hossein/navigation2_stack/install/custom_msg_srv/share/custom_msg_srv/cmake/rosidl_cmake_export_typesupport_libraries-extras.cmake
-- Up-to-date: /home/hossein/navigation2_stack/install/custom_msg_srv/share/custom_msg_srv/cmake/rosidl_cmake_export_typesupport_targets-extras.cmake
-- Up-to-date: /home/hossein/navigation2_stack/install/custom_msg_srv/share/custom_msg_srv/cmake/custom_msg_srvConfig.cmake
-- Up-to-date: /home/hossein/navigation2_stack/install/custom_msg_srv/share/custom_msg_srv/cmake/custom_msg_srvConfig-version.cmake
-- Up-to-date: /home/hossein/navigation2_stack/install/custom_msg_srv/share/custom_msg_srv/package.xml
