[0.055s] Invoking command in '/home/hossein/navigation2_stack/build/custom_msg_srv': CMAKE_PREFIX_PATH=${CMAKE_PREFIX_PATH}:/home/hossein/dev_ws/install/py_pubsub:/home/hossein/dev_ws/install/image_segmentation:/opt/ros/foxy /usr/bin/cmake --build /home/hossein/navigation2_stack/build/custom_msg_srv -- -j8 -l8
[0.671s] [  9%] Built target custom_msg_srv__rosidl_generator_c
[0.671s] [ 12%] Built target custom_msg_srv__cpp
[0.671s] [ 22%] Built target custom_msg_srv__rosidl_typesupport_c
[0.671s] [ 32%] Built target custom_msg_srv__rosidl_typesupport_cpp
[0.672s] [ 41%] Built target custom_msg_srv__rosidl_typesupport_introspection_c
[0.672s] [ 51%] Built target custom_msg_srv__rosidl_typesupport_fastrtps_cpp
[0.672s] [ 61%] Built target custom_msg_srv__rosidl_typesupport_introspection_cpp
[0.672s] [ 70%] Built target custom_msg_srv__rosidl_typesupport_fastrtps_c
[0.673s] [ 70%] Built target custom_msg_srv
[0.673s] [ 74%] Built target custom_msg_srv__py
[0.674s] [ 80%] Built target custom_msg_srv__python
[0.675s] [ 87%] Built target custom_msg_srv__rosidl_typesupport_introspection_c__pyext
[0.677s] [ 93%] Built target custom_msg_srv__rosidl_typesupport_c__pyext
[0.678s] [100%] Built target custom_msg_srv__rosidl_typesupport_fastrtps_c__pyext
[0.695s] Invoked command in '/home/hossein/navigation2_stack/build/custom_msg_srv' returned '0': CMAKE_PREFIX_PATH=${CMAKE_PREFIX_PATH}:/home/hossein/dev_ws/install/py_pubsub:/home/hossein/dev_ws/install/image_segmentation:/opt/ros/foxy /usr/bin/cmake --build /home/hossein/navigation2_stack/build/custom_msg_srv -- -j8 -l8
[0.870s] Invoking command in '/home/hossein/navigation2_stack/build/custom_msg_srv': CMAKE_PREFIX_PATH=${CMAKE_PREFIX_PATH}:/home/hossein/dev_ws/install/py_pubsub:/home/hossein/dev_ws/install/image_segmentation:/opt/ros/foxy /usr/bin/cmake --install /home/hossein/navigation2_stack/build/custom_msg_srv
[0.895s] -- Install configuration: ""
[0.906s] -- Up-to-date: /home/hossein/navigation2_stack/install/custom_msg_srv/share/ament_index/resource_index/rosidl_interfaces/custom_msg_srv
[0.906s] -- Up-to-date: /home/hossein/navigation2_stack/install/custom_msg_srv/include/custom_msg_srv
[0.908s] -- Up-to-date: /home/hossein/navigation2_stack/install/custom_msg_srv/include/custom_msg_srv/srv
[0.908s] -- Up-to-date: /home/hossein/navigation2_stack/install/custom_msg_srv/include/custom_msg_srv/srv/image_batch.h
[0.914s] -- Up-to-date: /home/hossein/navigation2_stack/install/custom_msg_srv/include/custom_msg_srv/srv/detail
[0.914s] -- Up-to-date: /home/hossein/navigation2_stack/install/custom_msg_srv/include/custom_msg_srv/srv/detail/image_batch__functions.h
[0.914s] -- Up-to-date: /home/hossein/navigation2_stack/install/custom_msg_srv/include/custom_msg_srv/srv/detail/image_batch__functions.c
[0.915s] -- Up-to-date: /home/hossein/navigation2_stack/install/custom_msg_srv/include/custom_msg_srv/srv/detail/image_batch__type_support.h
[0.915s] -- Up-to-date: /home/hossein/navigation2_stack/install/custom_msg_srv/include/custom_msg_srv/srv/detail/image_batch__struct.h
[0.915s] -- Up-to-date: /home/hossein/navigation2_stack/install/custom_msg_srv/include/custom_msg_srv/msg
[0.915s] -- Up-to-date: /home/hossein/navigation2_stack/install/custom_msg_srv/include/custom_msg_srv/msg/rosidl_generator_c__visibility_control.h
[0.920s] -- Up-to-date: /home/hossein/navigation2_stack/install/custom_msg_srv/share/custom_msg_srv/environment/library_path.sh
[0.921s] -- Up-to-date: /home/hossein/navigation2_stack/install/custom_msg_srv/share/custom_msg_srv/environment/library_path.dsv
[0.922s] -- Up-to-date: /home/hossein/navigation2_stack/install/custom_msg_srv/lib/libcustom_msg_srv__rosidl_generator_c.so
[0.922s] -- Up-to-date: /home/hossein/navigation2_stack/install/custom_msg_srv/include/custom_msg_srv
[0.922s] -- Up-to-date: /home/hossein/navigation2_stack/install/custom_msg_srv/include/custom_msg_srv/srv
[0.923s] -- Up-to-date: /home/hossein/navigation2_stack/install/custom_msg_srv/include/custom_msg_srv/srv/detail
[0.937s] -- Up-to-date: /home/hossein/navigation2_stack/install/custom_msg_srv/include/custom_msg_srv/srv/detail/image_batch__rosidl_typesupport_fastrtps_c.h
[0.937s] -- Up-to-date: /home/hossein/navigation2_stack/install/custom_msg_srv/include/custom_msg_srv/msg
[0.938s] -- Up-to-date: /home/hossein/navigation2_stack/install/custom_msg_srv/include/custom_msg_srv/msg/rosidl_typesupport_fastrtps_c__visibility_control.h
[0.944s] -- Up-to-date: /home/hossein/navigation2_stack/install/custom_msg_srv/lib/libcustom_msg_srv__rosidl_typesupport_fastrtps_c.so
[0.944s] -- Up-to-date: /home/hossein/navigation2_stack/install/custom_msg_srv/include/custom_msg_srv
[0.945s] -- Up-to-date: /home/hossein/navigation2_stack/install/custom_msg_srv/include/custom_msg_srv/srv
[0.945s] -- Up-to-date: /home/hossein/navigation2_stack/install/custom_msg_srv/include/custom_msg_srv/srv/detail
[0.945s] -- Up-to-date: /home/hossein/navigation2_stack/install/custom_msg_srv/include/custom_msg_srv/srv/detail/image_batch__rosidl_typesupport_fastrtps_cpp.hpp
[0.945s] -- Up-to-date: /home/hossein/navigation2_stack/install/custom_msg_srv/include/custom_msg_srv/srv/detail/dds_fastrtps
[0.945s] -- Up-to-date: /home/hossein/navigation2_stack/install/custom_msg_srv/include/custom_msg_srv/msg
[0.945s] -- Up-to-date: /home/hossein/navigation2_stack/install/custom_msg_srv/include/custom_msg_srv/msg/rosidl_typesupport_fastrtps_cpp__visibility_control.h
[0.946s] -- Up-to-date: /home/hossein/navigation2_stack/install/custom_msg_srv/lib/libcustom_msg_srv__rosidl_typesupport_fastrtps_cpp.so
[0.946s] -- Up-to-date: /home/hossein/navigation2_stack/install/custom_msg_srv/include/custom_msg_srv
[0.946s] -- Up-to-date: /home/hossein/navigation2_stack/install/custom_msg_srv/include/custom_msg_srv/srv
[0.946s] -- Up-to-date: /home/hossein/navigation2_stack/install/custom_msg_srv/include/custom_msg_srv/srv/detail
[0.946s] -- Up-to-date: /home/hossein/navigation2_stack/install/custom_msg_srv/include/custom_msg_srv/srv/detail/image_batch__type_support.c
[0.946s] -- Up-to-date: /home/hossein/navigation2_stack/install/custom_msg_srv/include/custom_msg_srv/srv/detail/image_batch__rosidl_typesupport_introspection_c.h
[0.948s] -- Up-to-date: /home/hossein/navigation2_stack/install/custom_msg_srv/include/custom_msg_srv/msg
[0.949s] -- Up-to-date: /home/hossein/navigation2_stack/install/custom_msg_srv/include/custom_msg_srv/msg/rosidl_typesupport_introspection_c__visibility_control.h
[0.949s] -- Up-to-date: /home/hossein/navigation2_stack/install/custom_msg_srv/lib/libcustom_msg_srv__rosidl_typesupport_introspection_c.so
[0.949s] -- Up-to-date: /home/hossein/navigation2_stack/install/custom_msg_srv/lib/libcustom_msg_srv__rosidl_typesupport_c.so
[0.949s] -- Up-to-date: /home/hossein/navigation2_stack/install/custom_msg_srv/include/custom_msg_srv
[0.950s] -- Up-to-date: /home/hossein/navigation2_stack/install/custom_msg_srv/include/custom_msg_srv/srv
[0.950s] -- Up-to-date: /home/hossein/navigation2_stack/install/custom_msg_srv/include/custom_msg_srv/srv/detail
[0.950s] -- Up-to-date: /home/hossein/navigation2_stack/install/custom_msg_srv/include/custom_msg_srv/srv/detail/image_batch__struct.hpp
[0.950s] -- Up-to-date: /home/hossein/navigation2_stack/install/custom_msg_srv/include/custom_msg_srv/srv/detail/image_batch__traits.hpp
[0.951s] -- Up-to-date: /home/hossein/navigation2_stack/install/custom_msg_srv/include/custom_msg_srv/srv/detail/image_batch__builder.hpp
[0.951s] -- Up-to-date: /home/hossein/navigation2_stack/install/custom_msg_srv/include/custom_msg_srv/srv/image_batch.hpp
[0.951s] -- Up-to-date: /home/hossein/navigation2_stack/install/custom_msg_srv/include/custom_msg_srv
[0.951s] -- Up-to-date: /home/hossein/navigation2_stack/install/custom_msg_srv/include/custom_msg_srv/srv
[0.952s] -- Up-to-date: /home/hossein/navigation2_stack/install/custom_msg_srv/include/custom_msg_srv/srv/detail
[0.952s] -- Up-to-date: /home/hossein/navigation2_stack/install/custom_msg_srv/include/custom_msg_srv/srv/detail/image_batch__rosidl_typesupport_introspection_cpp.hpp
[0.952s] -- Up-to-date: /home/hossein/navigation2_stack/install/custom_msg_srv/include/custom_msg_srv/srv/detail/image_batch__type_support.cpp
[0.952s] -- Up-to-date: /home/hossein/navigation2_stack/install/custom_msg_srv/lib/libcustom_msg_srv__rosidl_typesupport_introspection_cpp.so
[0.953s] -- Up-to-date: /home/hossein/navigation2_stack/install/custom_msg_srv/lib/libcustom_msg_srv__rosidl_typesupport_cpp.so
[0.953s] -- Up-to-date: /home/hossein/navigation2_stack/install/custom_msg_srv/share/custom_msg_srv/environment/pythonpath.sh
[0.953s] -- Up-to-date: /home/hossein/navigation2_stack/install/custom_msg_srv/share/custom_msg_srv/environment/pythonpath.dsv
[0.953s] -- Up-to-date: /home/hossein/navigation2_stack/install/custom_msg_srv/lib/python3.8/site-packages/custom_msg_srv/__init__.py
[0.994s] -- Up-to-date: /home/hossein/navigation2_stack/install/custom_msg_srv/lib/python3.8/site-packages/custom_msg_srv/srv
[0.995s] -- Up-to-date: /home/hossein/navigation2_stack/install/custom_msg_srv/lib/python3.8/site-packages/custom_msg_srv/srv/_image_batch.py
[0.995s] -- Up-to-date: /home/hossein/navigation2_stack/install/custom_msg_srv/lib/python3.8/site-packages/custom_msg_srv/srv/__init__.py
[0.995s] -- Up-to-date: /home/hossein/navigation2_stack/install/custom_msg_srv/lib/python3.8/site-packages/custom_msg_srv/srv/_image_batch_s.c
[0.995s] -- Up-to-date: /home/hossein/navigation2_stack/install/custom_msg_srv/lib/python3.8/site-packages/custom_msg_srv/custom_msg_srv_s__rosidl_typesupport_fastrtps_c.cpython-38-x86_64-linux-gnu.so
[0.995s] -- Up-to-date: /home/hossein/navigation2_stack/install/custom_msg_srv/lib/python3.8/site-packages/custom_msg_srv/custom_msg_srv_s__rosidl_typesupport_introspection_c.cpython-38-x86_64-linux-gnu.so
[0.996s] -- Up-to-date: /home/hossein/navigation2_stack/install/custom_msg_srv/lib/python3.8/site-packages/custom_msg_srv/custom_msg_srv_s__rosidl_typesupport_c.cpython-38-x86_64-linux-gnu.so
[0.996s] -- Up-to-date: /home/hossein/navigation2_stack/install/custom_msg_srv/lib/libcustom_msg_srv__python.so
[0.997s] -- Up-to-date: /home/hossein/navigation2_stack/install/custom_msg_srv/share/custom_msg_srv/srv/ImageBatch.idl
[0.997s] -- Up-to-date: /home/hossein/navigation2_stack/install/custom_msg_srv/share/custom_msg_srv/srv/ImageBatch.srv
[0.997s] -- Up-to-date: /home/hossein/navigation2_stack/install/custom_msg_srv/share/custom_msg_srv/srv/ImageBatch_Request.msg
[0.997s] -- Up-to-date: /home/hossein/navigation2_stack/install/custom_msg_srv/share/custom_msg_srv/srv/ImageBatch_Response.msg
[0.998s] -- Up-to-date: /home/hossein/navigation2_stack/install/custom_msg_srv/share/ament_index/resource_index/package_run_dependencies/custom_msg_srv
[0.998s] -- Up-to-date: /home/hossein/navigation2_stack/install/custom_msg_srv/share/ament_index/resource_index/parent_prefix_path/custom_msg_srv
[0.998s] -- Up-to-date: /home/hossein/navigation2_stack/install/custom_msg_srv/share/custom_msg_srv/environment/ament_prefix_path.sh
[0.998s] -- Up-to-date: /home/hossein/navigation2_stack/install/custom_msg_srv/share/custom_msg_srv/environment/ament_prefix_path.dsv
[0.998s] -- Up-to-date: /home/hossein/navigation2_stack/install/custom_msg_srv/share/custom_msg_srv/environment/path.sh
[0.998s] -- Up-to-date: /home/hossein/navigation2_stack/install/custom_msg_srv/share/custom_msg_srv/environment/path.dsv
[0.999s] -- Up-to-date: /home/hossein/navigation2_stack/install/custom_msg_srv/share/custom_msg_srv/local_setup.bash
[0.999s] -- Up-to-date: /home/hossein/navigation2_stack/install/custom_msg_srv/share/custom_msg_srv/local_setup.sh
[0.999s] -- Up-to-date: /home/hossein/navigation2_stack/install/custom_msg_srv/share/custom_msg_srv/local_setup.zsh
[0.999s] -- Up-to-date: /home/hossein/navigation2_stack/install/custom_msg_srv/share/custom_msg_srv/local_setup.dsv
[0.999s] -- Installing: /home/hossein/navigation2_stack/install/custom_msg_srv/share/custom_msg_srv/package.dsv
[0.999s] -- Up-to-date: /home/hossein/navigation2_stack/install/custom_msg_srv/share/ament_index/resource_index/packages/custom_msg_srv
[1.000s] -- Up-to-date: /home/hossein/navigation2_stack/install/custom_msg_srv/share/custom_msg_srv/cmake/custom_msg_srv__rosidl_generator_cExport.cmake
[1.000s] -- Up-to-date: /home/hossein/navigation2_stack/install/custom_msg_srv/share/custom_msg_srv/cmake/custom_msg_srv__rosidl_generator_cExport-noconfig.cmake
[1.000s] -- Up-to-date: /home/hossein/navigation2_stack/install/custom_msg_srv/share/custom_msg_srv/cmake/custom_msg_srv__rosidl_typesupport_introspection_cExport.cmake
[1.000s] -- Up-to-date: /home/hossein/navigation2_stack/install/custom_msg_srv/share/custom_msg_srv/cmake/custom_msg_srv__rosidl_typesupport_introspection_cExport-noconfig.cmake
[1.001s] -- Up-to-date: /home/hossein/navigation2_stack/install/custom_msg_srv/share/custom_msg_srv/cmake/custom_msg_srv__rosidl_typesupport_cExport.cmake
[1.001s] -- Up-to-date: /home/hossein/navigation2_stack/install/custom_msg_srv/share/custom_msg_srv/cmake/custom_msg_srv__rosidl_typesupport_cExport-noconfig.cmake
[1.002s] -- Up-to-date: /home/hossein/navigation2_stack/install/custom_msg_srv/share/custom_msg_srv/cmake/custom_msg_srv__rosidl_generator_cppExport.cmake
[1.005s] -- Up-to-date: /home/hossein/navigation2_stack/install/custom_msg_srv/share/custom_msg_srv/cmake/custom_msg_srv__rosidl_typesupport_introspection_cppExport.cmake
[1.005s] -- Up-to-date: /home/hossein/navigation2_stack/install/custom_msg_srv/share/custom_msg_srv/cmake/custom_msg_srv__rosidl_typesupport_introspection_cppExport-noconfig.cmake
[1.005s] -- Up-to-date: /home/hossein/navigation2_stack/install/custom_msg_srv/share/custom_msg_srv/cmake/custom_msg_srv__rosidl_typesupport_cppExport.cmake
[1.006s] -- Up-to-date: /home/hossein/navigation2_stack/install/custom_msg_srv/share/custom_msg_srv/cmake/custom_msg_srv__rosidl_typesupport_cppExport-noconfig.cmake
[1.006s] -- Up-to-date: /home/hossein/navigation2_stack/install/custom_msg_srv/share/custom_msg_srv/cmake/rosidl_cmake-extras.cmake
[1.006s] -- Up-to-date: /home/hossein/navigation2_stack/install/custom_msg_srv/share/custom_msg_srv/cmake/ament_cmake_export_dependencies-extras.cmake
[1.007s] -- Up-to-date: /home/hossein/navigation2_stack/install/custom_msg_srv/share/custom_msg_srv/cmake/ament_cmake_export_libraries-extras.cmake
[1.007s] -- Up-to-date: /home/hossein/navigation2_stack/install/custom_msg_srv/share/custom_msg_srv/cmake/ament_cmake_export_targets-extras.cmake
[1.007s] -- Up-to-date: /home/hossein/navigation2_stack/install/custom_msg_srv/share/custom_msg_srv/cmake/ament_cmake_export_include_directories-extras.cmake
[1.007s] -- Up-to-date: /home/hossein/navigation2_stack/install/custom_msg_srv/share/custom_msg_srv/cmake/rosidl_cmake_export_typesupport_libraries-extras.cmake
[1.008s] -- Up-to-date: /home/hossein/navigation2_stack/install/custom_msg_srv/share/custom_msg_srv/cmake/rosidl_cmake_export_typesupport_targets-extras.cmake
[1.008s] -- Up-to-date: /home/hossein/navigation2_stack/install/custom_msg_srv/share/custom_msg_srv/cmake/custom_msg_srvConfig.cmake
[1.010s] -- Up-to-date: /home/hossein/navigation2_stack/install/custom_msg_srv/share/custom_msg_srv/cmake/custom_msg_srvConfig-version.cmake
[1.010s] -- Up-to-date: /home/hossein/navigation2_stack/install/custom_msg_srv/share/custom_msg_srv/package.xml
[1.032s] Invoked command in '/home/hossein/navigation2_stack/build/custom_msg_srv' returned '0': CMAKE_PREFIX_PATH=${CMAKE_PREFIX_PATH}:/home/hossein/dev_ws/install/py_pubsub:/home/hossein/dev_ws/install/image_segmentation:/opt/ros/foxy /usr/bin/cmake --install /home/hossein/navigation2_stack/build/custom_msg_srv
