[0.329s] DEBUG:colcon:Command line arguments: ['/usr/bin/colcon', 'build', '--packages-select', 'ceiling_segmentation']
[0.329s] DEBUG:colcon:Parsed command line arguments: Namespace(ament_cmake_args=None, base_paths=['.'], build_base='build', catkin_cmake_args=None, catkin_skip_building_tests=False, cmake_args=None, cmake_clean_cache=False, cmake_clean_first=False, cmake_force_configure=False, cmake_target=None, cmake_target_skip_unavailable=False, continue_on_error=False, event_handlers=None, executor='parallel', ignore_user_meta=False, install_base='install', log_base=None, log_level=None, main=<bound method BuildVerb.main of <colcon_core.verb.build.BuildVerb object at 0x7fa206815a30>>, merge_install=False, metas=['./colcon.meta'], packages_above=None, packages_above_and_dependencies=None, packages_above_depth=None, packages_end=None, packages_ignore=None, packages_ignore_regex=None, packages_select=['ceiling_segmentation'], packages_select_build_failed=False, packages_select_by_dep=None, packages_select_regex=None, packages_select_test_failures=False, packages_skip=None, packages_skip_build_finished=False, packages_skip_by_dep=None, packages_skip_regex=None, packages_skip_test_passed=False, packages_skip_up_to=None, packages_start=None, packages_up_to=None, packages_up_to_regex=None, parallel_workers=8, paths=None, symlink_install=False, test_result_base=None, verb_extension=<colcon_core.verb.build.BuildVerb object at 0x7fa206815a30>, verb_name='build', verb_parser=<colcon_defaults.argument_parser.defaults.DefaultArgumentsDecorator object at 0x7fa206815fa0>)
[0.336s] Level 1:colcon.colcon_core.package_discovery:discover_packages(colcon_meta) check parameters
[0.336s] Level 1:colcon.colcon_core.package_discovery:discover_packages(recursive) check parameters
[0.336s] Level 1:colcon.colcon_core.package_discovery:discover_packages(ignore) check parameters
[0.337s] Level 1:colcon.colcon_core.package_discovery:discover_packages(path) check parameters
[0.337s] Level 1:colcon.colcon_core.package_discovery:discover_packages(colcon_meta) discover
[0.337s] Level 1:colcon.colcon_core.package_discovery:discover_packages(recursive) discover
[0.337s] INFO:colcon.colcon_core.package_discovery:Crawling recursively for packages in '/home/hossein/navigation2_stack'
[0.337s] Level 1:colcon.colcon_core.package_identification:_identify(.) by extensions ['ignore', 'ignore_ament_install']
[0.337s] Level 1:colcon.colcon_core.package_identification:_identify(.) by extension 'ignore'
[0.337s] Level 1:colcon.colcon_core.package_identification:_identify(.) by extension 'ignore_ament_install'
[0.337s] Level 1:colcon.colcon_core.package_identification:_identify(.) by extensions ['colcon_pkg']
[0.337s] Level 1:colcon.colcon_core.package_identification:_identify(.) by extension 'colcon_pkg'
[0.337s] Level 1:colcon.colcon_core.package_identification:_identify(.) by extensions ['colcon_meta']
[0.337s] Level 1:colcon.colcon_core.package_identification:_identify(.) by extension 'colcon_meta'
[0.337s] Level 1:colcon.colcon_core.package_identification:_identify(.) by extensions ['ros']
[0.337s] Level 1:colcon.colcon_core.package_identification:_identify(.) by extension 'ros'
[0.349s] Level 1:colcon.colcon_core.package_identification:_identify(.) by extensions ['cmake', 'python']
[0.349s] Level 1:colcon.colcon_core.package_identification:_identify(.) by extension 'cmake'
[0.349s] Level 1:colcon.colcon_core.package_identification:_identify(.) by extension 'python'
[0.349s] Level 1:colcon.colcon_core.package_identification:_identify(.) by extensions ['python_setup_py']
[0.349s] Level 1:colcon.colcon_core.package_identification:_identify(.) by extension 'python_setup_py'
[0.349s] Level 1:colcon.colcon_core.package_identification:_identify(build) by extensions ['ignore', 'ignore_ament_install']
[0.349s] Level 1:colcon.colcon_core.package_identification:_identify(build) by extension 'ignore'
[0.349s] Level 1:colcon.colcon_core.package_identification:_identify(build) ignored
[0.349s] Level 1:colcon.colcon_core.package_identification:_identify(ceiling_perception) by extensions ['ignore', 'ignore_ament_install']
[0.350s] Level 1:colcon.colcon_core.package_identification:_identify(ceiling_perception) by extension 'ignore'
[0.350s] Level 1:colcon.colcon_core.package_identification:_identify(ceiling_perception) by extension 'ignore_ament_install'
[0.350s] Level 1:colcon.colcon_core.package_identification:_identify(ceiling_perception) by extensions ['colcon_pkg']
[0.350s] Level 1:colcon.colcon_core.package_identification:_identify(ceiling_perception) by extension 'colcon_pkg'
[0.350s] Level 1:colcon.colcon_core.package_identification:_identify(ceiling_perception) by extensions ['colcon_meta']
[0.350s] Level 1:colcon.colcon_core.package_identification:_identify(ceiling_perception) by extension 'colcon_meta'
[0.350s] Level 1:colcon.colcon_core.package_identification:_identify(ceiling_perception) by extensions ['ros']
[0.350s] Level 1:colcon.colcon_core.package_identification:_identify(ceiling_perception) by extension 'ros'
[0.353s] DEBUG:colcon.colcon_core.package_identification:Package 'ceiling_perception' with type 'ros.ament_cmake' and name 'ceiling_perception'
[0.353s] Level 1:colcon.colcon_core.package_identification:_identify(ceiling_segmentation) by extensions ['ignore', 'ignore_ament_install']
[0.353s] Level 1:colcon.colcon_core.package_identification:_identify(ceiling_segmentation) by extension 'ignore'
[0.353s] Level 1:colcon.colcon_core.package_identification:_identify(ceiling_segmentation) by extension 'ignore_ament_install'
[0.353s] Level 1:colcon.colcon_core.package_identification:_identify(ceiling_segmentation) by extensions ['colcon_pkg']
[0.353s] Level 1:colcon.colcon_core.package_identification:_identify(ceiling_segmentation) by extension 'colcon_pkg'
[0.353s] Level 1:colcon.colcon_core.package_identification:_identify(ceiling_segmentation) by extensions ['colcon_meta']
[0.353s] Level 1:colcon.colcon_core.package_identification:_identify(ceiling_segmentation) by extension 'colcon_meta'
[0.353s] Level 1:colcon.colcon_core.package_identification:_identify(ceiling_segmentation) by extensions ['ros']
[0.353s] Level 1:colcon.colcon_core.package_identification:_identify(ceiling_segmentation) by extension 'ros'
[0.355s] DEBUG:colcon.colcon_core.package_identification:Package 'ceiling_segmentation' with type 'ros.ament_python' and name 'ceiling_segmentation'
[0.355s] Level 1:colcon.colcon_core.package_identification:_identify(install) by extensions ['ignore', 'ignore_ament_install']
[0.355s] Level 1:colcon.colcon_core.package_identification:_identify(install) by extension 'ignore'
[0.355s] Level 1:colcon.colcon_core.package_identification:_identify(install) ignored
[0.355s] Level 1:colcon.colcon_core.package_identification:_identify(log) by extensions ['ignore', 'ignore_ament_install']
[0.355s] Level 1:colcon.colcon_core.package_identification:_identify(log) by extension 'ignore'
[0.355s] Level 1:colcon.colcon_core.package_identification:_identify(log) ignored
[0.355s] Level 1:colcon.colcon_core.package_identification:_identify(navigation2) by extensions ['ignore', 'ignore_ament_install']
[0.355s] Level 1:colcon.colcon_core.package_identification:_identify(navigation2) by extension 'ignore'
[0.355s] Level 1:colcon.colcon_core.package_identification:_identify(navigation2) by extension 'ignore_ament_install'
[0.355s] Level 1:colcon.colcon_core.package_identification:_identify(navigation2) by extensions ['colcon_pkg']
[0.355s] Level 1:colcon.colcon_core.package_identification:_identify(navigation2) by extension 'colcon_pkg'
[0.356s] Level 1:colcon.colcon_core.package_identification:_identify(navigation2) by extensions ['colcon_meta']
[0.356s] Level 1:colcon.colcon_core.package_identification:_identify(navigation2) by extension 'colcon_meta'
[0.356s] Level 1:colcon.colcon_core.package_identification:_identify(navigation2) by extensions ['ros']
[0.356s] Level 1:colcon.colcon_core.package_identification:_identify(navigation2) by extension 'ros'
[0.356s] Level 1:colcon.colcon_core.package_identification:_identify(navigation2) by extensions ['cmake', 'python']
[0.356s] Level 1:colcon.colcon_core.package_identification:_identify(navigation2) by extension 'cmake'
[0.356s] Level 1:colcon.colcon_core.package_identification:_identify(navigation2) by extension 'python'
[0.356s] Level 1:colcon.colcon_core.package_identification:_identify(navigation2) by extensions ['python_setup_py']
[0.356s] Level 1:colcon.colcon_core.package_identification:_identify(navigation2) by extension 'python_setup_py'
[0.356s] Level 1:colcon.colcon_core.package_identification:_identify(navigation2/custom_msg_srv) by extensions ['ignore', 'ignore_ament_install']
[0.356s] Level 1:colcon.colcon_core.package_identification:_identify(navigation2/custom_msg_srv) by extension 'ignore'
[0.356s] Level 1:colcon.colcon_core.package_identification:_identify(navigation2/custom_msg_srv) by extension 'ignore_ament_install'
[0.356s] Level 1:colcon.colcon_core.package_identification:_identify(navigation2/custom_msg_srv) by extensions ['colcon_pkg']
[0.356s] Level 1:colcon.colcon_core.package_identification:_identify(navigation2/custom_msg_srv) by extension 'colcon_pkg'
[0.356s] Level 1:colcon.colcon_core.package_identification:_identify(navigation2/custom_msg_srv) by extensions ['colcon_meta']
[0.356s] Level 1:colcon.colcon_core.package_identification:_identify(navigation2/custom_msg_srv) by extension 'colcon_meta'
[0.356s] Level 1:colcon.colcon_core.package_identification:_identify(navigation2/custom_msg_srv) by extensions ['ros']
[0.356s] Level 1:colcon.colcon_core.package_identification:_identify(navigation2/custom_msg_srv) by extension 'ros'
[0.357s] DEBUG:colcon.colcon_core.package_identification:Package 'navigation2/custom_msg_srv' with type 'ros.ament_cmake' and name 'custom_msg_srv'
[0.357s] Level 1:colcon.colcon_core.package_identification:_identify(navigation2/custom_roi_srv) by extensions ['ignore', 'ignore_ament_install']
[0.357s] Level 1:colcon.colcon_core.package_identification:_identify(navigation2/custom_roi_srv) by extension 'ignore'
[0.357s] Level 1:colcon.colcon_core.package_identification:_identify(navigation2/custom_roi_srv) by extension 'ignore_ament_install'
[0.357s] Level 1:colcon.colcon_core.package_identification:_identify(navigation2/custom_roi_srv) by extensions ['colcon_pkg']
[0.357s] Level 1:colcon.colcon_core.package_identification:_identify(navigation2/custom_roi_srv) by extension 'colcon_pkg'
[0.357s] Level 1:colcon.colcon_core.package_identification:_identify(navigation2/custom_roi_srv) by extensions ['colcon_meta']
[0.357s] Level 1:colcon.colcon_core.package_identification:_identify(navigation2/custom_roi_srv) by extension 'colcon_meta'
[0.358s] Level 1:colcon.colcon_core.package_identification:_identify(navigation2/custom_roi_srv) by extensions ['ros']
[0.358s] Level 1:colcon.colcon_core.package_identification:_identify(navigation2/custom_roi_srv) by extension 'ros'
[0.358s] DEBUG:colcon.colcon_core.package_identification:Package 'navigation2/custom_roi_srv' with type 'ros.ament_cmake' and name 'custom_roi_srv'
[0.358s] Level 1:colcon.colcon_core.package_identification:_identify(navigation2/doc) by extensions ['ignore', 'ignore_ament_install']
[0.358s] Level 1:colcon.colcon_core.package_identification:_identify(navigation2/doc) by extension 'ignore'
[0.358s] Level 1:colcon.colcon_core.package_identification:_identify(navigation2/doc) by extension 'ignore_ament_install'
[0.359s] Level 1:colcon.colcon_core.package_identification:_identify(navigation2/doc) by extensions ['colcon_pkg']
[0.359s] Level 1:colcon.colcon_core.package_identification:_identify(navigation2/doc) by extension 'colcon_pkg'
[0.359s] Level 1:colcon.colcon_core.package_identification:_identify(navigation2/doc) by extensions ['colcon_meta']
[0.359s] Level 1:colcon.colcon_core.package_identification:_identify(navigation2/doc) by extension 'colcon_meta'
[0.359s] Level 1:colcon.colcon_core.package_identification:_identify(navigation2/doc) by extensions ['ros']
[0.359s] Level 1:colcon.colcon_core.package_identification:_identify(navigation2/doc) by extension 'ros'
[0.359s] Level 1:colcon.colcon_core.package_identification:_identify(navigation2/doc) by extensions ['cmake', 'python']
[0.359s] Level 1:colcon.colcon_core.package_identification:_identify(navigation2/doc) by extension 'cmake'
[0.359s] Level 1:colcon.colcon_core.package_identification:_identify(navigation2/doc) by extension 'python'
[0.359s] Level 1:colcon.colcon_core.package_identification:_identify(navigation2/doc) by extensions ['python_setup_py']
[0.359s] Level 1:colcon.colcon_core.package_identification:_identify(navigation2/doc) by extension 'python_setup_py'
[0.359s] Level 1:colcon.colcon_core.package_identification:_identify(navigation2/doc/architecture) by extensions ['ignore', 'ignore_ament_install']
[0.359s] Level 1:colcon.colcon_core.package_identification:_identify(navigation2/doc/architecture) by extension 'ignore'
[0.359s] Level 1:colcon.colcon_core.package_identification:_identify(navigation2/doc/architecture) by extension 'ignore_ament_install'
[0.359s] Level 1:colcon.colcon_core.package_identification:_identify(navigation2/doc/architecture) by extensions ['colcon_pkg']
[0.359s] Level 1:colcon.colcon_core.package_identification:_identify(navigation2/doc/architecture) by extension 'colcon_pkg'
[0.359s] Level 1:colcon.colcon_core.package_identification:_identify(navigation2/doc/architecture) by extensions ['colcon_meta']
[0.359s] Level 1:colcon.colcon_core.package_identification:_identify(navigation2/doc/architecture) by extension 'colcon_meta'
[0.359s] Level 1:colcon.colcon_core.package_identification:_identify(navigation2/doc/architecture) by extensions ['ros']
[0.359s] Level 1:colcon.colcon_core.package_identification:_identify(navigation2/doc/architecture) by extension 'ros'
[0.360s] Level 1:colcon.colcon_core.package_identification:_identify(navigation2/doc/architecture) by extensions ['cmake', 'python']
[0.360s] Level 1:colcon.colcon_core.package_identification:_identify(navigation2/doc/architecture) by extension 'cmake'
[0.360s] Level 1:colcon.colcon_core.package_identification:_identify(navigation2/doc/architecture) by extension 'python'
[0.360s] Level 1:colcon.colcon_core.package_identification:_identify(navigation2/doc/architecture) by extensions ['python_setup_py']
[0.360s] Level 1:colcon.colcon_core.package_identification:_identify(navigation2/doc/architecture) by extension 'python_setup_py'
[0.360s] Level 1:colcon.colcon_core.package_identification:_identify(navigation2/doc/design) by extensions ['ignore', 'ignore_ament_install']
[0.360s] Level 1:colcon.colcon_core.package_identification:_identify(navigation2/doc/design) by extension 'ignore'
[0.360s] Level 1:colcon.colcon_core.package_identification:_identify(navigation2/doc/design) by extension 'ignore_ament_install'
[0.360s] Level 1:colcon.colcon_core.package_identification:_identify(navigation2/doc/design) by extensions ['colcon_pkg']
[0.360s] Level 1:colcon.colcon_core.package_identification:_identify(navigation2/doc/design) by extension 'colcon_pkg'
[0.360s] Level 1:colcon.colcon_core.package_identification:_identify(navigation2/doc/design) by extensions ['colcon_meta']
[0.360s] Level 1:colcon.colcon_core.package_identification:_identify(navigation2/doc/design) by extension 'colcon_meta'
[0.360s] Level 1:colcon.colcon_core.package_identification:_identify(navigation2/doc/design) by extensions ['ros']
[0.360s] Level 1:colcon.colcon_core.package_identification:_identify(navigation2/doc/design) by extension 'ros'
[0.360s] Level 1:colcon.colcon_core.package_identification:_identify(navigation2/doc/design) by extensions ['cmake', 'python']
[0.360s] Level 1:colcon.colcon_core.package_identification:_identify(navigation2/doc/design) by extension 'cmake'
[0.360s] Level 1:colcon.colcon_core.package_identification:_identify(navigation2/doc/design) by extension 'python'
[0.360s] Level 1:colcon.colcon_core.package_identification:_identify(navigation2/doc/design) by extensions ['python_setup_py']
[0.360s] Level 1:colcon.colcon_core.package_identification:_identify(navigation2/doc/design) by extension 'python_setup_py'
[0.361s] Level 1:colcon.colcon_core.package_identification:_identify(navigation2/doc/parameters) by extensions ['ignore', 'ignore_ament_install']
[0.361s] Level 1:colcon.colcon_core.package_identification:_identify(navigation2/doc/parameters) by extension 'ignore'
[0.361s] Level 1:colcon.colcon_core.package_identification:_identify(navigation2/doc/parameters) by extension 'ignore_ament_install'
[0.361s] Level 1:colcon.colcon_core.package_identification:_identify(navigation2/doc/parameters) by extensions ['colcon_pkg']
[0.361s] Level 1:colcon.colcon_core.package_identification:_identify(navigation2/doc/parameters) by extension 'colcon_pkg'
[0.361s] Level 1:colcon.colcon_core.package_identification:_identify(navigation2/doc/parameters) by extensions ['colcon_meta']
[0.361s] Level 1:colcon.colcon_core.package_identification:_identify(navigation2/doc/parameters) by extension 'colcon_meta'
[0.361s] Level 1:colcon.colcon_core.package_identification:_identify(navigation2/doc/parameters) by extensions ['ros']
[0.361s] Level 1:colcon.colcon_core.package_identification:_identify(navigation2/doc/parameters) by extension 'ros'
[0.361s] Level 1:colcon.colcon_core.package_identification:_identify(navigation2/doc/parameters) by extensions ['cmake', 'python']
[0.361s] Level 1:colcon.colcon_core.package_identification:_identify(navigation2/doc/parameters) by extension 'cmake'
[0.361s] Level 1:colcon.colcon_core.package_identification:_identify(navigation2/doc/parameters) by extension 'python'
[0.361s] Level 1:colcon.colcon_core.package_identification:_identify(navigation2/doc/parameters) by extensions ['python_setup_py']
[0.361s] Level 1:colcon.colcon_core.package_identification:_identify(navigation2/doc/parameters) by extension 'python_setup_py'
[0.361s] Level 1:colcon.colcon_core.package_identification:_identify(navigation2/doc/process) by extensions ['ignore', 'ignore_ament_install']
[0.361s] Level 1:colcon.colcon_core.package_identification:_identify(navigation2/doc/process) by extension 'ignore'
[0.361s] Level 1:colcon.colcon_core.package_identification:_identify(navigation2/doc/process) by extension 'ignore_ament_install'
[0.362s] Level 1:colcon.colcon_core.package_identification:_identify(navigation2/doc/process) by extensions ['colcon_pkg']
[0.362s] Level 1:colcon.colcon_core.package_identification:_identify(navigation2/doc/process) by extension 'colcon_pkg'
[0.362s] Level 1:colcon.colcon_core.package_identification:_identify(navigation2/doc/process) by extensions ['colcon_meta']
[0.362s] Level 1:colcon.colcon_core.package_identification:_identify(navigation2/doc/process) by extension 'colcon_meta'
[0.362s] Level 1:colcon.colcon_core.package_identification:_identify(navigation2/doc/process) by extensions ['ros']
[0.362s] Level 1:colcon.colcon_core.package_identification:_identify(navigation2/doc/process) by extension 'ros'
[0.362s] Level 1:colcon.colcon_core.package_identification:_identify(navigation2/doc/process) by extensions ['cmake', 'python']
[0.362s] Level 1:colcon.colcon_core.package_identification:_identify(navigation2/doc/process) by extension 'cmake'
[0.362s] Level 1:colcon.colcon_core.package_identification:_identify(navigation2/doc/process) by extension 'python'
[0.362s] Level 1:colcon.colcon_core.package_identification:_identify(navigation2/doc/process) by extensions ['python_setup_py']
[0.362s] Level 1:colcon.colcon_core.package_identification:_identify(navigation2/doc/process) by extension 'python_setup_py'
[0.362s] Level 1:colcon.colcon_core.package_identification:_identify(navigation2/doc/requirements) by extensions ['ignore', 'ignore_ament_install']
[0.362s] Level 1:colcon.colcon_core.package_identification:_identify(navigation2/doc/requirements) by extension 'ignore'
[0.362s] Level 1:colcon.colcon_core.package_identification:_identify(navigation2/doc/requirements) by extension 'ignore_ament_install'
[0.362s] Level 1:colcon.colcon_core.package_identification:_identify(navigation2/doc/requirements) by extensions ['colcon_pkg']
[0.362s] Level 1:colcon.colcon_core.package_identification:_identify(navigation2/doc/requirements) by extension 'colcon_pkg'
[0.362s] Level 1:colcon.colcon_core.package_identification:_identify(navigation2/doc/requirements) by extensions ['colcon_meta']
[0.362s] Level 1:colcon.colcon_core.package_identification:_identify(navigation2/doc/requirements) by extension 'colcon_meta'
[0.362s] Level 1:colcon.colcon_core.package_identification:_identify(navigation2/doc/requirements) by extensions ['ros']
[0.363s] Level 1:colcon.colcon_core.package_identification:_identify(navigation2/doc/requirements) by extension 'ros'
[0.363s] Level 1:colcon.colcon_core.package_identification:_identify(navigation2/doc/requirements) by extensions ['cmake', 'python']
[0.363s] Level 1:colcon.colcon_core.package_identification:_identify(navigation2/doc/requirements) by extension 'cmake'
[0.363s] Level 1:colcon.colcon_core.package_identification:_identify(navigation2/doc/requirements) by extension 'python'
[0.363s] Level 1:colcon.colcon_core.package_identification:_identify(navigation2/doc/requirements) by extensions ['python_setup_py']
[0.363s] Level 1:colcon.colcon_core.package_identification:_identify(navigation2/doc/requirements) by extension 'python_setup_py'
[0.363s] Level 1:colcon.colcon_core.package_identification:_identify(navigation2/doc/requirements/images) by extensions ['ignore', 'ignore_ament_install']
[0.363s] Level 1:colcon.colcon_core.package_identification:_identify(navigation2/doc/requirements/images) by extension 'ignore'
[0.363s] Level 1:colcon.colcon_core.package_identification:_identify(navigation2/doc/requirements/images) by extension 'ignore_ament_install'
[0.363s] Level 1:colcon.colcon_core.package_identification:_identify(navigation2/doc/requirements/images) by extensions ['colcon_pkg']
[0.363s] Level 1:colcon.colcon_core.package_identification:_identify(navigation2/doc/requirements/images) by extension 'colcon_pkg'
[0.363s] Level 1:colcon.colcon_core.package_identification:_identify(navigation2/doc/requirements/images) by extensions ['colcon_meta']
[0.363s] Level 1:colcon.colcon_core.package_identification:_identify(navigation2/doc/requirements/images) by extension 'colcon_meta'
[0.363s] Level 1:colcon.colcon_core.package_identification:_identify(navigation2/doc/requirements/images) by extensions ['ros']
[0.363s] Level 1:colcon.colcon_core.package_identification:_identify(navigation2/doc/requirements/images) by extension 'ros'
[0.363s] Level 1:colcon.colcon_core.package_identification:_identify(navigation2/doc/requirements/images) by extensions ['cmake', 'python']
[0.363s] Level 1:colcon.colcon_core.package_identification:_identify(navigation2/doc/requirements/images) by extension 'cmake'
[0.363s] Level 1:colcon.colcon_core.package_identification:_identify(navigation2/doc/requirements/images) by extension 'python'
[0.363s] Level 1:colcon.colcon_core.package_identification:_identify(navigation2/doc/requirements/images) by extensions ['python_setup_py']
[0.364s] Level 1:colcon.colcon_core.package_identification:_identify(navigation2/doc/requirements/images) by extension 'python_setup_py'
[0.364s] Level 1:colcon.colcon_core.package_identification:_identify(navigation2/doc/use_cases) by extensions ['ignore', 'ignore_ament_install']
[0.364s] Level 1:colcon.colcon_core.package_identification:_identify(navigation2/doc/use_cases) by extension 'ignore'
[0.364s] Level 1:colcon.colcon_core.package_identification:_identify(navigation2/doc/use_cases) by extension 'ignore_ament_install'
[0.364s] Level 1:colcon.colcon_core.package_identification:_identify(navigation2/doc/use_cases) by extensions ['colcon_pkg']
[0.364s] Level 1:colcon.colcon_core.package_identification:_identify(navigation2/doc/use_cases) by extension 'colcon_pkg'
[0.364s] Level 1:colcon.colcon_core.package_identification:_identify(navigation2/doc/use_cases) by extensions ['colcon_meta']
[0.364s] Level 1:colcon.colcon_core.package_identification:_identify(navigation2/doc/use_cases) by extension 'colcon_meta'
[0.364s] Level 1:colcon.colcon_core.package_identification:_identify(navigation2/doc/use_cases) by extensions ['ros']
[0.364s] Level 1:colcon.colcon_core.package_identification:_identify(navigation2/doc/use_cases) by extension 'ros'
[0.364s] Level 1:colcon.colcon_core.package_identification:_identify(navigation2/doc/use_cases) by extensions ['cmake', 'python']
[0.364s] Level 1:colcon.colcon_core.package_identification:_identify(navigation2/doc/use_cases) by extension 'cmake'
[0.364s] Level 1:colcon.colcon_core.package_identification:_identify(navigation2/doc/use_cases) by extension 'python'
[0.364s] Level 1:colcon.colcon_core.package_identification:_identify(navigation2/doc/use_cases) by extensions ['python_setup_py']
[0.364s] Level 1:colcon.colcon_core.package_identification:_identify(navigation2/doc/use_cases) by extension 'python_setup_py'
[0.364s] Level 1:colcon.colcon_core.package_identification:_identify(navigation2/nav2_amcl) by extensions ['ignore', 'ignore_ament_install']
[0.364s] Level 1:colcon.colcon_core.package_identification:_identify(navigation2/nav2_amcl) by extension 'ignore'
[0.365s] Level 1:colcon.colcon_core.package_identification:_identify(navigation2/nav2_amcl) by extension 'ignore_ament_install'
[0.365s] Level 1:colcon.colcon_core.package_identification:_identify(navigation2/nav2_amcl) by extensions ['colcon_pkg']
[0.365s] Level 1:colcon.colcon_core.package_identification:_identify(navigation2/nav2_amcl) by extension 'colcon_pkg'
[0.365s] Level 1:colcon.colcon_core.package_identification:_identify(navigation2/nav2_amcl) by extensions ['colcon_meta']
[0.365s] Level 1:colcon.colcon_core.package_identification:_identify(navigation2/nav2_amcl) by extension 'colcon_meta'
[0.365s] Level 1:colcon.colcon_core.package_identification:_identify(navigation2/nav2_amcl) by extensions ['ros']
[0.365s] Level 1:colcon.colcon_core.package_identification:_identify(navigation2/nav2_amcl) by extension 'ros'
[0.367s] DEBUG:colcon.colcon_core.package_identification:Package 'navigation2/nav2_amcl' with type 'ros.ament_cmake' and name 'nav2_amcl'
[0.367s] Level 1:colcon.colcon_core.package_identification:_identify(navigation2/nav2_behavior_tree) by extensions ['ignore', 'ignore_ament_install']
[0.367s] Level 1:colcon.colcon_core.package_identification:_identify(navigation2/nav2_behavior_tree) by extension 'ignore'
[0.367s] Level 1:colcon.colcon_core.package_identification:_identify(navigation2/nav2_behavior_tree) by extension 'ignore_ament_install'
[0.367s] Level 1:colcon.colcon_core.package_identification:_identify(navigation2/nav2_behavior_tree) by extensions ['colcon_pkg']
[0.367s] Level 1:colcon.colcon_core.package_identification:_identify(navigation2/nav2_behavior_tree) by extension 'colcon_pkg'
[0.367s] Level 1:colcon.colcon_core.package_identification:_identify(navigation2/nav2_behavior_tree) by extensions ['colcon_meta']
[0.367s] Level 1:colcon.colcon_core.package_identification:_identify(navigation2/nav2_behavior_tree) by extension 'colcon_meta'
[0.367s] Level 1:colcon.colcon_core.package_identification:_identify(navigation2/nav2_behavior_tree) by extensions ['ros']
[0.367s] Level 1:colcon.colcon_core.package_identification:_identify(navigation2/nav2_behavior_tree) by extension 'ros'
[0.368s] DEBUG:colcon.colcon_core.package_identification:Package 'navigation2/nav2_behavior_tree' with type 'ros.ament_cmake' and name 'nav2_behavior_tree'
[0.368s] Level 1:colcon.colcon_core.package_identification:_identify(navigation2/nav2_bringup) by extensions ['ignore', 'ignore_ament_install']
[0.368s] Level 1:colcon.colcon_core.package_identification:_identify(navigation2/nav2_bringup) by extension 'ignore'
[0.368s] Level 1:colcon.colcon_core.package_identification:_identify(navigation2/nav2_bringup) by extension 'ignore_ament_install'
[0.368s] Level 1:colcon.colcon_core.package_identification:_identify(navigation2/nav2_bringup) by extensions ['colcon_pkg']
[0.368s] Level 1:colcon.colcon_core.package_identification:_identify(navigation2/nav2_bringup) by extension 'colcon_pkg'
[0.369s] Level 1:colcon.colcon_core.package_identification:_identify(navigation2/nav2_bringup) by extensions ['colcon_meta']
[0.369s] Level 1:colcon.colcon_core.package_identification:_identify(navigation2/nav2_bringup) by extension 'colcon_meta'
[0.369s] Level 1:colcon.colcon_core.package_identification:_identify(navigation2/nav2_bringup) by extensions ['ros']
[0.369s] Level 1:colcon.colcon_core.package_identification:_identify(navigation2/nav2_bringup) by extension 'ros'
[0.369s] Level 1:colcon.colcon_core.package_identification:_identify(navigation2/nav2_bringup) by extensions ['cmake', 'python']
[0.369s] Level 1:colcon.colcon_core.package_identification:_identify(navigation2/nav2_bringup) by extension 'cmake'
[0.369s] Level 1:colcon.colcon_core.package_identification:_identify(navigation2/nav2_bringup) by extension 'python'
[0.369s] Level 1:colcon.colcon_core.package_identification:_identify(navigation2/nav2_bringup) by extensions ['python_setup_py']
[0.369s] Level 1:colcon.colcon_core.package_identification:_identify(navigation2/nav2_bringup) by extension 'python_setup_py'
[0.369s] Level 1:colcon.colcon_core.package_identification:_identify(navigation2/nav2_bringup/bringup) by extensions ['ignore', 'ignore_ament_install']
[0.369s] Level 1:colcon.colcon_core.package_identification:_identify(navigation2/nav2_bringup/bringup) by extension 'ignore'
[0.369s] Level 1:colcon.colcon_core.package_identification:_identify(navigation2/nav2_bringup/bringup) by extension 'ignore_ament_install'
[0.369s] Level 1:colcon.colcon_core.package_identification:_identify(navigation2/nav2_bringup/bringup) by extensions ['colcon_pkg']
[0.369s] Level 1:colcon.colcon_core.package_identification:_identify(navigation2/nav2_bringup/bringup) by extension 'colcon_pkg'
[0.369s] Level 1:colcon.colcon_core.package_identification:_identify(navigation2/nav2_bringup/bringup) by extensions ['colcon_meta']
[0.369s] Level 1:colcon.colcon_core.package_identification:_identify(navigation2/nav2_bringup/bringup) by extension 'colcon_meta'
[0.369s] Level 1:colcon.colcon_core.package_identification:_identify(navigation2/nav2_bringup/bringup) by extensions ['ros']
[0.369s] Level 1:colcon.colcon_core.package_identification:_identify(navigation2/nav2_bringup/bringup) by extension 'ros'
[0.370s] DEBUG:colcon.colcon_core.package_identification:Package 'navigation2/nav2_bringup/bringup' with type 'ros.ament_cmake' and name 'nav2_bringup'
[0.370s] Level 1:colcon.colcon_core.package_identification:_identify(navigation2/nav2_bringup/nav2_gazebo_spawner) by extensions ['ignore', 'ignore_ament_install']
[0.371s] Level 1:colcon.colcon_core.package_identification:_identify(navigation2/nav2_bringup/nav2_gazebo_spawner) by extension 'ignore'
[0.371s] Level 1:colcon.colcon_core.package_identification:_identify(navigation2/nav2_bringup/nav2_gazebo_spawner) by extension 'ignore_ament_install'
[0.371s] Level 1:colcon.colcon_core.package_identification:_identify(navigation2/nav2_bringup/nav2_gazebo_spawner) by extensions ['colcon_pkg']
[0.371s] Level 1:colcon.colcon_core.package_identification:_identify(navigation2/nav2_bringup/nav2_gazebo_spawner) by extension 'colcon_pkg'
[0.371s] Level 1:colcon.colcon_core.package_identification:_identify(navigation2/nav2_bringup/nav2_gazebo_spawner) by extensions ['colcon_meta']
[0.371s] Level 1:colcon.colcon_core.package_identification:_identify(navigation2/nav2_bringup/nav2_gazebo_spawner) by extension 'colcon_meta'
[0.371s] Level 1:colcon.colcon_core.package_identification:_identify(navigation2/nav2_bringup/nav2_gazebo_spawner) by extensions ['ros']
[0.371s] Level 1:colcon.colcon_core.package_identification:_identify(navigation2/nav2_bringup/nav2_gazebo_spawner) by extension 'ros'
[0.372s] DEBUG:colcon.colcon_core.package_identification:Package 'navigation2/nav2_bringup/nav2_gazebo_spawner' with type 'ros.ament_python' and name 'nav2_gazebo_spawner'
[0.372s] Level 1:colcon.colcon_core.package_identification:_identify(navigation2/nav2_bt_navigator) by extensions ['ignore', 'ignore_ament_install']
[0.372s] Level 1:colcon.colcon_core.package_identification:_identify(navigation2/nav2_bt_navigator) by extension 'ignore'
[0.372s] Level 1:colcon.colcon_core.package_identification:_identify(navigation2/nav2_bt_navigator) by extension 'ignore_ament_install'
[0.372s] Level 1:colcon.colcon_core.package_identification:_identify(navigation2/nav2_bt_navigator) by extensions ['colcon_pkg']
[0.372s] Level 1:colcon.colcon_core.package_identification:_identify(navigation2/nav2_bt_navigator) by extension 'colcon_pkg'
[0.372s] Level 1:colcon.colcon_core.package_identification:_identify(navigation2/nav2_bt_navigator) by extensions ['colcon_meta']
[0.372s] Level 1:colcon.colcon_core.package_identification:_identify(navigation2/nav2_bt_navigator) by extension 'colcon_meta'
[0.372s] Level 1:colcon.colcon_core.package_identification:_identify(navigation2/nav2_bt_navigator) by extensions ['ros']
[0.372s] Level 1:colcon.colcon_core.package_identification:_identify(navigation2/nav2_bt_navigator) by extension 'ros'
[0.373s] DEBUG:colcon.colcon_core.package_identification:Package 'navigation2/nav2_bt_navigator' with type 'ros.ament_cmake' and name 'nav2_bt_navigator'
[0.373s] Level 1:colcon.colcon_core.package_identification:_identify(navigation2/nav2_ceiling_perception_plugin) by extensions ['ignore', 'ignore_ament_install']
[0.373s] Level 1:colcon.colcon_core.package_identification:_identify(navigation2/nav2_ceiling_perception_plugin) by extension 'ignore'
[0.374s] Level 1:colcon.colcon_core.package_identification:_identify(navigation2/nav2_ceiling_perception_plugin) by extension 'ignore_ament_install'
[0.374s] Level 1:colcon.colcon_core.package_identification:_identify(navigation2/nav2_ceiling_perception_plugin) by extensions ['colcon_pkg']
[0.374s] Level 1:colcon.colcon_core.package_identification:_identify(navigation2/nav2_ceiling_perception_plugin) by extension 'colcon_pkg'
[0.374s] Level 1:colcon.colcon_core.package_identification:_identify(navigation2/nav2_ceiling_perception_plugin) by extensions ['colcon_meta']
[0.374s] Level 1:colcon.colcon_core.package_identification:_identify(navigation2/nav2_ceiling_perception_plugin) by extension 'colcon_meta'
[0.374s] Level 1:colcon.colcon_core.package_identification:_identify(navigation2/nav2_ceiling_perception_plugin) by extensions ['ros']
[0.374s] Level 1:colcon.colcon_core.package_identification:_identify(navigation2/nav2_ceiling_perception_plugin) by extension 'ros'
[0.375s] DEBUG:colcon.colcon_core.package_identification:Package 'navigation2/nav2_ceiling_perception_plugin' with type 'ros.ament_cmake' and name 'nav2_ceiling_perception_plugin'
[0.375s] Level 1:colcon.colcon_core.package_identification:_identify(navigation2/nav2_common) by extensions ['ignore', 'ignore_ament_install']
[0.375s] Level 1:colcon.colcon_core.package_identification:_identify(navigation2/nav2_common) by extension 'ignore'
[0.375s] Level 1:colcon.colcon_core.package_identification:_identify(navigation2/nav2_common) by extension 'ignore_ament_install'
[0.375s] Level 1:colcon.colcon_core.package_identification:_identify(navigation2/nav2_common) by extensions ['colcon_pkg']
[0.375s] Level 1:colcon.colcon_core.package_identification:_identify(navigation2/nav2_common) by extension 'colcon_pkg'
[0.375s] Level 1:colcon.colcon_core.package_identification:_identify(navigation2/nav2_common) by extensions ['colcon_meta']
[0.375s] Level 1:colcon.colcon_core.package_identification:_identify(navigation2/nav2_common) by extension 'colcon_meta'
[0.375s] Level 1:colcon.colcon_core.package_identification:_identify(navigation2/nav2_common) by extensions ['ros']
[0.375s] Level 1:colcon.colcon_core.package_identification:_identify(navigation2/nav2_common) by extension 'ros'
[0.376s] DEBUG:colcon.colcon_core.package_identification:Package 'navigation2/nav2_common' with type 'ros.ament_cmake' and name 'nav2_common'
[0.376s] Level 1:colcon.colcon_core.package_identification:_identify(navigation2/nav2_controller) by extensions ['ignore', 'ignore_ament_install']
[0.376s] Level 1:colcon.colcon_core.package_identification:_identify(navigation2/nav2_controller) by extension 'ignore'
[0.377s] Level 1:colcon.colcon_core.package_identification:_identify(navigation2/nav2_controller) by extension 'ignore_ament_install'
[0.377s] Level 1:colcon.colcon_core.package_identification:_identify(navigation2/nav2_controller) by extensions ['colcon_pkg']
[0.377s] Level 1:colcon.colcon_core.package_identification:_identify(navigation2/nav2_controller) by extension 'colcon_pkg'
[0.377s] Level 1:colcon.colcon_core.package_identification:_identify(navigation2/nav2_controller) by extensions ['colcon_meta']
[0.377s] Level 1:colcon.colcon_core.package_identification:_identify(navigation2/nav2_controller) by extension 'colcon_meta'
[0.377s] Level 1:colcon.colcon_core.package_identification:_identify(navigation2/nav2_controller) by extensions ['ros']
[0.377s] Level 1:colcon.colcon_core.package_identification:_identify(navigation2/nav2_controller) by extension 'ros'
[0.378s] DEBUG:colcon.colcon_core.package_identification:Package 'navigation2/nav2_controller' with type 'ros.ament_cmake' and name 'nav2_controller'
[0.378s] Level 1:colcon.colcon_core.package_identification:_identify(navigation2/nav2_core) by extensions ['ignore', 'ignore_ament_install']
[0.378s] Level 1:colcon.colcon_core.package_identification:_identify(navigation2/nav2_core) by extension 'ignore'
[0.379s] Level 1:colcon.colcon_core.package_identification:_identify(navigation2/nav2_core) by extension 'ignore_ament_install'
[0.379s] Level 1:colcon.colcon_core.package_identification:_identify(navigation2/nav2_core) by extensions ['colcon_pkg']
[0.379s] Level 1:colcon.colcon_core.package_identification:_identify(navigation2/nav2_core) by extension 'colcon_pkg'
[0.379s] Level 1:colcon.colcon_core.package_identification:_identify(navigation2/nav2_core) by extensions ['colcon_meta']
[0.379s] Level 1:colcon.colcon_core.package_identification:_identify(navigation2/nav2_core) by extension 'colcon_meta'
[0.379s] Level 1:colcon.colcon_core.package_identification:_identify(navigation2/nav2_core) by extensions ['ros']
[0.379s] Level 1:colcon.colcon_core.package_identification:_identify(navigation2/nav2_core) by extension 'ros'
[0.380s] DEBUG:colcon.colcon_core.package_identification:Package 'navigation2/nav2_core' with type 'ros.ament_cmake' and name 'nav2_core'
[0.380s] Level 1:colcon.colcon_core.package_identification:_identify(navigation2/nav2_costmap_2d) by extensions ['ignore', 'ignore_ament_install']
[0.380s] Level 1:colcon.colcon_core.package_identification:_identify(navigation2/nav2_costmap_2d) by extension 'ignore'
[0.380s] Level 1:colcon.colcon_core.package_identification:_identify(navigation2/nav2_costmap_2d) by extension 'ignore_ament_install'
[0.380s] Level 1:colcon.colcon_core.package_identification:_identify(navigation2/nav2_costmap_2d) by extensions ['colcon_pkg']
[0.381s] Level 1:colcon.colcon_core.package_identification:_identify(navigation2/nav2_costmap_2d) by extension 'colcon_pkg'
[0.381s] Level 1:colcon.colcon_core.package_identification:_identify(navigation2/nav2_costmap_2d) by extensions ['colcon_meta']
[0.381s] Level 1:colcon.colcon_core.package_identification:_identify(navigation2/nav2_costmap_2d) by extension 'colcon_meta'
[0.381s] Level 1:colcon.colcon_core.package_identification:_identify(navigation2/nav2_costmap_2d) by extensions ['ros']
[0.381s] Level 1:colcon.colcon_core.package_identification:_identify(navigation2/nav2_costmap_2d) by extension 'ros'
[0.383s] DEBUG:colcon.colcon_core.package_identification:Package 'navigation2/nav2_costmap_2d' with type 'ros.ament_cmake' and name 'nav2_costmap_2d'
[0.383s] Level 1:colcon.colcon_core.package_identification:_identify(navigation2/nav2_dwb_controller) by extensions ['ignore', 'ignore_ament_install']
[0.383s] Level 1:colcon.colcon_core.package_identification:_identify(navigation2/nav2_dwb_controller) by extension 'ignore'
[0.383s] Level 1:colcon.colcon_core.package_identification:_identify(navigation2/nav2_dwb_controller) by extension 'ignore_ament_install'
[0.383s] Level 1:colcon.colcon_core.package_identification:_identify(navigation2/nav2_dwb_controller) by extensions ['colcon_pkg']
[0.383s] Level 1:colcon.colcon_core.package_identification:_identify(navigation2/nav2_dwb_controller) by extension 'colcon_pkg'
[0.383s] Level 1:colcon.colcon_core.package_identification:_identify(navigation2/nav2_dwb_controller) by extensions ['colcon_meta']
[0.383s] Level 1:colcon.colcon_core.package_identification:_identify(navigation2/nav2_dwb_controller) by extension 'colcon_meta'
[0.383s] Level 1:colcon.colcon_core.package_identification:_identify(navigation2/nav2_dwb_controller) by extensions ['ros']
[0.383s] Level 1:colcon.colcon_core.package_identification:_identify(navigation2/nav2_dwb_controller) by extension 'ros'
[0.383s] Level 1:colcon.colcon_core.package_identification:_identify(navigation2/nav2_dwb_controller) by extensions ['cmake', 'python']
[0.383s] Level 1:colcon.colcon_core.package_identification:_identify(navigation2/nav2_dwb_controller) by extension 'cmake'
[0.384s] Level 1:colcon.colcon_core.package_identification:_identify(navigation2/nav2_dwb_controller) by extension 'python'
[0.384s] Level 1:colcon.colcon_core.package_identification:_identify(navigation2/nav2_dwb_controller) by extensions ['python_setup_py']
[0.384s] Level 1:colcon.colcon_core.package_identification:_identify(navigation2/nav2_dwb_controller) by extension 'python_setup_py'
[0.384s] Level 1:colcon.colcon_core.package_identification:_identify(navigation2/nav2_dwb_controller/costmap_queue) by extensions ['ignore', 'ignore_ament_install']
[0.384s] Level 1:colcon.colcon_core.package_identification:_identify(navigation2/nav2_dwb_controller/costmap_queue) by extension 'ignore'
[0.384s] Level 1:colcon.colcon_core.package_identification:_identify(navigation2/nav2_dwb_controller/costmap_queue) by extension 'ignore_ament_install'
[0.384s] Level 1:colcon.colcon_core.package_identification:_identify(navigation2/nav2_dwb_controller/costmap_queue) by extensions ['colcon_pkg']
[0.384s] Level 1:colcon.colcon_core.package_identification:_identify(navigation2/nav2_dwb_controller/costmap_queue) by extension 'colcon_pkg'
[0.384s] Level 1:colcon.colcon_core.package_identification:_identify(navigation2/nav2_dwb_controller/costmap_queue) by extensions ['colcon_meta']
[0.384s] Level 1:colcon.colcon_core.package_identification:_identify(navigation2/nav2_dwb_controller/costmap_queue) by extension 'colcon_meta'
[0.384s] Level 1:colcon.colcon_core.package_identification:_identify(navigation2/nav2_dwb_controller/costmap_queue) by extensions ['ros']
[0.384s] Level 1:colcon.colcon_core.package_identification:_identify(navigation2/nav2_dwb_controller/costmap_queue) by extension 'ros'
[0.385s] DEBUG:colcon.colcon_core.package_identification:Package 'navigation2/nav2_dwb_controller/costmap_queue' with type 'ros.ament_cmake' and name 'costmap_queue'
[0.385s] Level 1:colcon.colcon_core.package_identification:_identify(navigation2/nav2_dwb_controller/dwb_core) by extensions ['ignore', 'ignore_ament_install']
[0.385s] Level 1:colcon.colcon_core.package_identification:_identify(navigation2/nav2_dwb_controller/dwb_core) by extension 'ignore'
[0.385s] Level 1:colcon.colcon_core.package_identification:_identify(navigation2/nav2_dwb_controller/dwb_core) by extension 'ignore_ament_install'
[0.385s] Level 1:colcon.colcon_core.package_identification:_identify(navigation2/nav2_dwb_controller/dwb_core) by extensions ['colcon_pkg']
[0.385s] Level 1:colcon.colcon_core.package_identification:_identify(navigation2/nav2_dwb_controller/dwb_core) by extension 'colcon_pkg'
[0.385s] Level 1:colcon.colcon_core.package_identification:_identify(navigation2/nav2_dwb_controller/dwb_core) by extensions ['colcon_meta']
[0.385s] Level 1:colcon.colcon_core.package_identification:_identify(navigation2/nav2_dwb_controller/dwb_core) by extension 'colcon_meta'
[0.385s] Level 1:colcon.colcon_core.package_identification:_identify(navigation2/nav2_dwb_controller/dwb_core) by extensions ['ros']
[0.385s] Level 1:colcon.colcon_core.package_identification:_identify(navigation2/nav2_dwb_controller/dwb_core) by extension 'ros'
[0.386s] DEBUG:colcon.colcon_core.package_identification:Package 'navigation2/nav2_dwb_controller/dwb_core' with type 'ros.ament_cmake' and name 'dwb_core'
[0.386s] Level 1:colcon.colcon_core.package_identification:_identify(navigation2/nav2_dwb_controller/dwb_critics) by extensions ['ignore', 'ignore_ament_install']
[0.387s] Level 1:colcon.colcon_core.package_identification:_identify(navigation2/nav2_dwb_controller/dwb_critics) by extension 'ignore'
[0.387s] Level 1:colcon.colcon_core.package_identification:_identify(navigation2/nav2_dwb_controller/dwb_critics) by extension 'ignore_ament_install'
[0.387s] Level 1:colcon.colcon_core.package_identification:_identify(navigation2/nav2_dwb_controller/dwb_critics) by extensions ['colcon_pkg']
[0.387s] Level 1:colcon.colcon_core.package_identification:_identify(navigation2/nav2_dwb_controller/dwb_critics) by extension 'colcon_pkg'
[0.387s] Level 1:colcon.colcon_core.package_identification:_identify(navigation2/nav2_dwb_controller/dwb_critics) by extensions ['colcon_meta']
[0.387s] Level 1:colcon.colcon_core.package_identification:_identify(navigation2/nav2_dwb_controller/dwb_critics) by extension 'colcon_meta'
[0.387s] Level 1:colcon.colcon_core.package_identification:_identify(navigation2/nav2_dwb_controller/dwb_critics) by extensions ['ros']
[0.387s] Level 1:colcon.colcon_core.package_identification:_identify(navigation2/nav2_dwb_controller/dwb_critics) by extension 'ros'
[0.388s] DEBUG:colcon.colcon_core.package_identification:Package 'navigation2/nav2_dwb_controller/dwb_critics' with type 'ros.ament_cmake' and name 'dwb_critics'
[0.388s] Level 1:colcon.colcon_core.package_identification:_identify(navigation2/nav2_dwb_controller/dwb_msgs) by extensions ['ignore', 'ignore_ament_install']
[0.389s] Level 1:colcon.colcon_core.package_identification:_identify(navigation2/nav2_dwb_controller/dwb_msgs) by extension 'ignore'
[0.389s] Level 1:colcon.colcon_core.package_identification:_identify(navigation2/nav2_dwb_controller/dwb_msgs) by extension 'ignore_ament_install'
[0.389s] Level 1:colcon.colcon_core.package_identification:_identify(navigation2/nav2_dwb_controller/dwb_msgs) by extensions ['colcon_pkg']
[0.389s] Level 1:colcon.colcon_core.package_identification:_identify(navigation2/nav2_dwb_controller/dwb_msgs) by extension 'colcon_pkg'
[0.389s] Level 1:colcon.colcon_core.package_identification:_identify(navigation2/nav2_dwb_controller/dwb_msgs) by extensions ['colcon_meta']
[0.389s] Level 1:colcon.colcon_core.package_identification:_identify(navigation2/nav2_dwb_controller/dwb_msgs) by extension 'colcon_meta'
[0.389s] Level 1:colcon.colcon_core.package_identification:_identify(navigation2/nav2_dwb_controller/dwb_msgs) by extensions ['ros']
[0.389s] Level 1:colcon.colcon_core.package_identification:_identify(navigation2/nav2_dwb_controller/dwb_msgs) by extension 'ros'
[0.390s] DEBUG:colcon.colcon_core.package_identification:Package 'navigation2/nav2_dwb_controller/dwb_msgs' with type 'ros.ament_cmake' and name 'dwb_msgs'
[0.390s] Level 1:colcon.colcon_core.package_identification:_identify(navigation2/nav2_dwb_controller/dwb_plugins) by extensions ['ignore', 'ignore_ament_install']
[0.390s] Level 1:colcon.colcon_core.package_identification:_identify(navigation2/nav2_dwb_controller/dwb_plugins) by extension 'ignore'
[0.390s] Level 1:colcon.colcon_core.package_identification:_identify(navigation2/nav2_dwb_controller/dwb_plugins) by extension 'ignore_ament_install'
[0.390s] Level 1:colcon.colcon_core.package_identification:_identify(navigation2/nav2_dwb_controller/dwb_plugins) by extensions ['colcon_pkg']
[0.390s] Level 1:colcon.colcon_core.package_identification:_identify(navigation2/nav2_dwb_controller/dwb_plugins) by extension 'colcon_pkg'
[0.390s] Level 1:colcon.colcon_core.package_identification:_identify(navigation2/nav2_dwb_controller/dwb_plugins) by extensions ['colcon_meta']
[0.390s] Level 1:colcon.colcon_core.package_identification:_identify(navigation2/nav2_dwb_controller/dwb_plugins) by extension 'colcon_meta'
[0.390s] Level 1:colcon.colcon_core.package_identification:_identify(navigation2/nav2_dwb_controller/dwb_plugins) by extensions ['ros']
[0.390s] Level 1:colcon.colcon_core.package_identification:_identify(navigation2/nav2_dwb_controller/dwb_plugins) by extension 'ros'
[0.391s] DEBUG:colcon.colcon_core.package_identification:Package 'navigation2/nav2_dwb_controller/dwb_plugins' with type 'ros.ament_cmake' and name 'dwb_plugins'
[0.392s] Level 1:colcon.colcon_core.package_identification:_identify(navigation2/nav2_dwb_controller/images) by extensions ['ignore', 'ignore_ament_install']
[0.392s] Level 1:colcon.colcon_core.package_identification:_identify(navigation2/nav2_dwb_controller/images) by extension 'ignore'
[0.392s] Level 1:colcon.colcon_core.package_identification:_identify(navigation2/nav2_dwb_controller/images) by extension 'ignore_ament_install'
[0.392s] Level 1:colcon.colcon_core.package_identification:_identify(navigation2/nav2_dwb_controller/images) by extensions ['colcon_pkg']
[0.392s] Level 1:colcon.colcon_core.package_identification:_identify(navigation2/nav2_dwb_controller/images) by extension 'colcon_pkg'
[0.392s] Level 1:colcon.colcon_core.package_identification:_identify(navigation2/nav2_dwb_controller/images) by extensions ['colcon_meta']
[0.392s] Level 1:colcon.colcon_core.package_identification:_identify(navigation2/nav2_dwb_controller/images) by extension 'colcon_meta'
[0.392s] Level 1:colcon.colcon_core.package_identification:_identify(navigation2/nav2_dwb_controller/images) by extensions ['ros']
[0.392s] Level 1:colcon.colcon_core.package_identification:_identify(navigation2/nav2_dwb_controller/images) by extension 'ros'
[0.392s] Level 1:colcon.colcon_core.package_identification:_identify(navigation2/nav2_dwb_controller/images) by extensions ['cmake', 'python']
[0.392s] Level 1:colcon.colcon_core.package_identification:_identify(navigation2/nav2_dwb_controller/images) by extension 'cmake'
[0.392s] Level 1:colcon.colcon_core.package_identification:_identify(navigation2/nav2_dwb_controller/images) by extension 'python'
[0.392s] Level 1:colcon.colcon_core.package_identification:_identify(navigation2/nav2_dwb_controller/images) by extensions ['python_setup_py']
[0.392s] Level 1:colcon.colcon_core.package_identification:_identify(navigation2/nav2_dwb_controller/images) by extension 'python_setup_py'
[0.392s] Level 1:colcon.colcon_core.package_identification:_identify(navigation2/nav2_dwb_controller/nav2_dwb_controller) by extensions ['ignore', 'ignore_ament_install']
[0.392s] Level 1:colcon.colcon_core.package_identification:_identify(navigation2/nav2_dwb_controller/nav2_dwb_controller) by extension 'ignore'
[0.392s] Level 1:colcon.colcon_core.package_identification:_identify(navigation2/nav2_dwb_controller/nav2_dwb_controller) by extension 'ignore_ament_install'
[0.392s] Level 1:colcon.colcon_core.package_identification:_identify(navigation2/nav2_dwb_controller/nav2_dwb_controller) by extensions ['colcon_pkg']
[0.392s] Level 1:colcon.colcon_core.package_identification:_identify(navigation2/nav2_dwb_controller/nav2_dwb_controller) by extension 'colcon_pkg'
[0.393s] Level 1:colcon.colcon_core.package_identification:_identify(navigation2/nav2_dwb_controller/nav2_dwb_controller) by extensions ['colcon_meta']
[0.393s] Level 1:colcon.colcon_core.package_identification:_identify(navigation2/nav2_dwb_controller/nav2_dwb_controller) by extension 'colcon_meta'
[0.393s] Level 1:colcon.colcon_core.package_identification:_identify(navigation2/nav2_dwb_controller/nav2_dwb_controller) by extensions ['ros']
[0.393s] Level 1:colcon.colcon_core.package_identification:_identify(navigation2/nav2_dwb_controller/nav2_dwb_controller) by extension 'ros'
[0.394s] DEBUG:colcon.colcon_core.package_identification:Package 'navigation2/nav2_dwb_controller/nav2_dwb_controller' with type 'ros.ament_cmake' and name 'nav2_dwb_controller'
[0.394s] Level 1:colcon.colcon_core.package_identification:_identify(navigation2/nav2_dwb_controller/nav_2d_msgs) by extensions ['ignore', 'ignore_ament_install']
[0.394s] Level 1:colcon.colcon_core.package_identification:_identify(navigation2/nav2_dwb_controller/nav_2d_msgs) by extension 'ignore'
[0.394s] Level 1:colcon.colcon_core.package_identification:_identify(navigation2/nav2_dwb_controller/nav_2d_msgs) by extension 'ignore_ament_install'
[0.394s] Level 1:colcon.colcon_core.package_identification:_identify(navigation2/nav2_dwb_controller/nav_2d_msgs) by extensions ['colcon_pkg']
[0.394s] Level 1:colcon.colcon_core.package_identification:_identify(navigation2/nav2_dwb_controller/nav_2d_msgs) by extension 'colcon_pkg'
[0.394s] Level 1:colcon.colcon_core.package_identification:_identify(navigation2/nav2_dwb_controller/nav_2d_msgs) by extensions ['colcon_meta']
[0.394s] Level 1:colcon.colcon_core.package_identification:_identify(navigation2/nav2_dwb_controller/nav_2d_msgs) by extension 'colcon_meta'
[0.394s] Level 1:colcon.colcon_core.package_identification:_identify(navigation2/nav2_dwb_controller/nav_2d_msgs) by extensions ['ros']
[0.394s] Level 1:colcon.colcon_core.package_identification:_identify(navigation2/nav2_dwb_controller/nav_2d_msgs) by extension 'ros'
[0.396s] DEBUG:colcon.colcon_core.package_identification:Package 'navigation2/nav2_dwb_controller/nav_2d_msgs' with type 'ros.ament_cmake' and name 'nav_2d_msgs'
[0.396s] Level 1:colcon.colcon_core.package_identification:_identify(navigation2/nav2_dwb_controller/nav_2d_utils) by extensions ['ignore', 'ignore_ament_install']
[0.396s] Level 1:colcon.colcon_core.package_identification:_identify(navigation2/nav2_dwb_controller/nav_2d_utils) by extension 'ignore'
[0.396s] Level 1:colcon.colcon_core.package_identification:_identify(navigation2/nav2_dwb_controller/nav_2d_utils) by extension 'ignore_ament_install'
[0.396s] Level 1:colcon.colcon_core.package_identification:_identify(navigation2/nav2_dwb_controller/nav_2d_utils) by extensions ['colcon_pkg']
[0.396s] Level 1:colcon.colcon_core.package_identification:_identify(navigation2/nav2_dwb_controller/nav_2d_utils) by extension 'colcon_pkg'
[0.396s] Level 1:colcon.colcon_core.package_identification:_identify(navigation2/nav2_dwb_controller/nav_2d_utils) by extensions ['colcon_meta']
[0.396s] Level 1:colcon.colcon_core.package_identification:_identify(navigation2/nav2_dwb_controller/nav_2d_utils) by extension 'colcon_meta'
[0.396s] Level 1:colcon.colcon_core.package_identification:_identify(navigation2/nav2_dwb_controller/nav_2d_utils) by extensions ['ros']
[0.396s] Level 1:colcon.colcon_core.package_identification:_identify(navigation2/nav2_dwb_controller/nav_2d_utils) by extension 'ros'
[0.397s] DEBUG:colcon.colcon_core.package_identification:Package 'navigation2/nav2_dwb_controller/nav_2d_utils' with type 'ros.ament_cmake' and name 'nav_2d_utils'
[0.397s] Level 1:colcon.colcon_core.package_identification:_identify(navigation2/nav2_lifecycle_manager) by extensions ['ignore', 'ignore_ament_install']
[0.397s] Level 1:colcon.colcon_core.package_identification:_identify(navigation2/nav2_lifecycle_manager) by extension 'ignore'
[0.398s] Level 1:colcon.colcon_core.package_identification:_identify(navigation2/nav2_lifecycle_manager) by extension 'ignore_ament_install'
[0.398s] Level 1:colcon.colcon_core.package_identification:_identify(navigation2/nav2_lifecycle_manager) by extensions ['colcon_pkg']
[0.398s] Level 1:colcon.colcon_core.package_identification:_identify(navigation2/nav2_lifecycle_manager) by extension 'colcon_pkg'
[0.398s] Level 1:colcon.colcon_core.package_identification:_identify(navigation2/nav2_lifecycle_manager) by extensions ['colcon_meta']
[0.398s] Level 1:colcon.colcon_core.package_identification:_identify(navigation2/nav2_lifecycle_manager) by extension 'colcon_meta'
[0.398s] Level 1:colcon.colcon_core.package_identification:_identify(navigation2/nav2_lifecycle_manager) by extensions ['ros']
[0.398s] Level 1:colcon.colcon_core.package_identification:_identify(navigation2/nav2_lifecycle_manager) by extension 'ros'
[0.399s] DEBUG:colcon.colcon_core.package_identification:Package 'navigation2/nav2_lifecycle_manager' with type 'ros.ament_cmake' and name 'nav2_lifecycle_manager'
[0.399s] Level 1:colcon.colcon_core.package_identification:_identify(navigation2/nav2_map_server) by extensions ['ignore', 'ignore_ament_install']
[0.399s] Level 1:colcon.colcon_core.package_identification:_identify(navigation2/nav2_map_server) by extension 'ignore'
[0.399s] Level 1:colcon.colcon_core.package_identification:_identify(navigation2/nav2_map_server) by extension 'ignore_ament_install'
[0.399s] Level 1:colcon.colcon_core.package_identification:_identify(navigation2/nav2_map_server) by extensions ['colcon_pkg']
[0.399s] Level 1:colcon.colcon_core.package_identification:_identify(navigation2/nav2_map_server) by extension 'colcon_pkg'
[0.399s] Level 1:colcon.colcon_core.package_identification:_identify(navigation2/nav2_map_server) by extensions ['colcon_meta']
[0.399s] Level 1:colcon.colcon_core.package_identification:_identify(navigation2/nav2_map_server) by extension 'colcon_meta'
[0.399s] Level 1:colcon.colcon_core.package_identification:_identify(navigation2/nav2_map_server) by extensions ['ros']
[0.399s] Level 1:colcon.colcon_core.package_identification:_identify(navigation2/nav2_map_server) by extension 'ros'
[0.400s] DEBUG:colcon.colcon_core.package_identification:Package 'navigation2/nav2_map_server' with type 'ros.ament_cmake' and name 'nav2_map_server'
[0.401s] Level 1:colcon.colcon_core.package_identification:_identify(navigation2/nav2_msgs) by extensions ['ignore', 'ignore_ament_install']
[0.401s] Level 1:colcon.colcon_core.package_identification:_identify(navigation2/nav2_msgs) by extension 'ignore'
[0.401s] Level 1:colcon.colcon_core.package_identification:_identify(navigation2/nav2_msgs) by extension 'ignore_ament_install'
[0.401s] Level 1:colcon.colcon_core.package_identification:_identify(navigation2/nav2_msgs) by extensions ['colcon_pkg']
[0.401s] Level 1:colcon.colcon_core.package_identification:_identify(navigation2/nav2_msgs) by extension 'colcon_pkg'
[0.401s] Level 1:colcon.colcon_core.package_identification:_identify(navigation2/nav2_msgs) by extensions ['colcon_meta']
[0.401s] Level 1:colcon.colcon_core.package_identification:_identify(navigation2/nav2_msgs) by extension 'colcon_meta'
[0.401s] Level 1:colcon.colcon_core.package_identification:_identify(navigation2/nav2_msgs) by extensions ['ros']
[0.401s] Level 1:colcon.colcon_core.package_identification:_identify(navigation2/nav2_msgs) by extension 'ros'
[0.402s] DEBUG:colcon.colcon_core.package_identification:Package 'navigation2/nav2_msgs' with type 'ros.ament_cmake' and name 'nav2_msgs'
[0.402s] Level 1:colcon.colcon_core.package_identification:_identify(navigation2/nav2_navfn_planner) by extensions ['ignore', 'ignore_ament_install']
[0.402s] Level 1:colcon.colcon_core.package_identification:_identify(navigation2/nav2_navfn_planner) by extension 'ignore'
[0.402s] Level 1:colcon.colcon_core.package_identification:_identify(navigation2/nav2_navfn_planner) by extension 'ignore_ament_install'
[0.402s] Level 1:colcon.colcon_core.package_identification:_identify(navigation2/nav2_navfn_planner) by extensions ['colcon_pkg']
[0.402s] Level 1:colcon.colcon_core.package_identification:_identify(navigation2/nav2_navfn_planner) by extension 'colcon_pkg'
[0.402s] Level 1:colcon.colcon_core.package_identification:_identify(navigation2/nav2_navfn_planner) by extensions ['colcon_meta']
[0.402s] Level 1:colcon.colcon_core.package_identification:_identify(navigation2/nav2_navfn_planner) by extension 'colcon_meta'
[0.403s] Level 1:colcon.colcon_core.package_identification:_identify(navigation2/nav2_navfn_planner) by extensions ['ros']
[0.403s] Level 1:colcon.colcon_core.package_identification:_identify(navigation2/nav2_navfn_planner) by extension 'ros'
[0.404s] DEBUG:colcon.colcon_core.package_identification:Package 'navigation2/nav2_navfn_planner' with type 'ros.ament_cmake' and name 'nav2_navfn_planner'
[0.404s] Level 1:colcon.colcon_core.package_identification:_identify(navigation2/nav2_planner) by extensions ['ignore', 'ignore_ament_install']
[0.404s] Level 1:colcon.colcon_core.package_identification:_identify(navigation2/nav2_planner) by extension 'ignore'
[0.404s] Level 1:colcon.colcon_core.package_identification:_identify(navigation2/nav2_planner) by extension 'ignore_ament_install'
[0.404s] Level 1:colcon.colcon_core.package_identification:_identify(navigation2/nav2_planner) by extensions ['colcon_pkg']
[0.404s] Level 1:colcon.colcon_core.package_identification:_identify(navigation2/nav2_planner) by extension 'colcon_pkg'
[0.405s] Level 1:colcon.colcon_core.package_identification:_identify(navigation2/nav2_planner) by extensions ['colcon_meta']
[0.405s] Level 1:colcon.colcon_core.package_identification:_identify(navigation2/nav2_planner) by extension 'colcon_meta'
[0.405s] Level 1:colcon.colcon_core.package_identification:_identify(navigation2/nav2_planner) by extensions ['ros']
[0.405s] Level 1:colcon.colcon_core.package_identification:_identify(navigation2/nav2_planner) by extension 'ros'
[0.406s] DEBUG:colcon.colcon_core.package_identification:Package 'navigation2/nav2_planner' with type 'ros.ament_cmake' and name 'nav2_planner'
[0.406s] Level 1:colcon.colcon_core.package_identification:_identify(navigation2/nav2_recoveries) by extensions ['ignore', 'ignore_ament_install']
[0.406s] Level 1:colcon.colcon_core.package_identification:_identify(navigation2/nav2_recoveries) by extension 'ignore'
[0.406s] Level 1:colcon.colcon_core.package_identification:_identify(navigation2/nav2_recoveries) by extension 'ignore_ament_install'
[0.407s] Level 1:colcon.colcon_core.package_identification:_identify(navigation2/nav2_recoveries) by extensions ['colcon_pkg']
[0.407s] Level 1:colcon.colcon_core.package_identification:_identify(navigation2/nav2_recoveries) by extension 'colcon_pkg'
[0.407s] Level 1:colcon.colcon_core.package_identification:_identify(navigation2/nav2_recoveries) by extensions ['colcon_meta']
[0.407s] Level 1:colcon.colcon_core.package_identification:_identify(navigation2/nav2_recoveries) by extension 'colcon_meta'
[0.407s] Level 1:colcon.colcon_core.package_identification:_identify(navigation2/nav2_recoveries) by extensions ['ros']
[0.407s] Level 1:colcon.colcon_core.package_identification:_identify(navigation2/nav2_recoveries) by extension 'ros'
[0.408s] DEBUG:colcon.colcon_core.package_identification:Package 'navigation2/nav2_recoveries' with type 'ros.ament_cmake' and name 'nav2_recoveries'
[0.408s] Level 1:colcon.colcon_core.package_identification:_identify(navigation2/nav2_rviz_plugins) by extensions ['ignore', 'ignore_ament_install']
[0.408s] Level 1:colcon.colcon_core.package_identification:_identify(navigation2/nav2_rviz_plugins) by extension 'ignore'
[0.408s] Level 1:colcon.colcon_core.package_identification:_identify(navigation2/nav2_rviz_plugins) by extension 'ignore_ament_install'
[0.408s] Level 1:colcon.colcon_core.package_identification:_identify(navigation2/nav2_rviz_plugins) by extensions ['colcon_pkg']
[0.408s] Level 1:colcon.colcon_core.package_identification:_identify(navigation2/nav2_rviz_plugins) by extension 'colcon_pkg'
[0.408s] Level 1:colcon.colcon_core.package_identification:_identify(navigation2/nav2_rviz_plugins) by extensions ['colcon_meta']
[0.408s] Level 1:colcon.colcon_core.package_identification:_identify(navigation2/nav2_rviz_plugins) by extension 'colcon_meta'
[0.408s] Level 1:colcon.colcon_core.package_identification:_identify(navigation2/nav2_rviz_plugins) by extensions ['ros']
[0.408s] Level 1:colcon.colcon_core.package_identification:_identify(navigation2/nav2_rviz_plugins) by extension 'ros'
[0.410s] DEBUG:colcon.colcon_core.package_identification:Package 'navigation2/nav2_rviz_plugins' with type 'ros.ament_cmake' and name 'nav2_rviz_plugins'
[0.410s] Level 1:colcon.colcon_core.package_identification:_identify(navigation2/nav2_system_tests) by extensions ['ignore', 'ignore_ament_install']
[0.410s] Level 1:colcon.colcon_core.package_identification:_identify(navigation2/nav2_system_tests) by extension 'ignore'
[0.410s] Level 1:colcon.colcon_core.package_identification:_identify(navigation2/nav2_system_tests) by extension 'ignore_ament_install'
[0.410s] Level 1:colcon.colcon_core.package_identification:_identify(navigation2/nav2_system_tests) by extensions ['colcon_pkg']
[0.410s] Level 1:colcon.colcon_core.package_identification:_identify(navigation2/nav2_system_tests) by extension 'colcon_pkg'
[0.410s] Level 1:colcon.colcon_core.package_identification:_identify(navigation2/nav2_system_tests) by extensions ['colcon_meta']
[0.410s] Level 1:colcon.colcon_core.package_identification:_identify(navigation2/nav2_system_tests) by extension 'colcon_meta'
[0.410s] Level 1:colcon.colcon_core.package_identification:_identify(navigation2/nav2_system_tests) by extensions ['ros']
[0.410s] Level 1:colcon.colcon_core.package_identification:_identify(navigation2/nav2_system_tests) by extension 'ros'
[0.412s] DEBUG:colcon.colcon_core.package_identification:Package 'navigation2/nav2_system_tests' with type 'ros.ament_cmake' and name 'nav2_system_tests'
[0.412s] Level 1:colcon.colcon_core.package_identification:_identify(navigation2/nav2_util) by extensions ['ignore', 'ignore_ament_install']
[0.412s] Level 1:colcon.colcon_core.package_identification:_identify(navigation2/nav2_util) by extension 'ignore'
[0.412s] Level 1:colcon.colcon_core.package_identification:_identify(navigation2/nav2_util) by extension 'ignore_ament_install'
[0.412s] Level 1:colcon.colcon_core.package_identification:_identify(navigation2/nav2_util) by extensions ['colcon_pkg']
[0.412s] Level 1:colcon.colcon_core.package_identification:_identify(navigation2/nav2_util) by extension 'colcon_pkg'
[0.412s] Level 1:colcon.colcon_core.package_identification:_identify(navigation2/nav2_util) by extensions ['colcon_meta']
[0.412s] Level 1:colcon.colcon_core.package_identification:_identify(navigation2/nav2_util) by extension 'colcon_meta'
[0.412s] Level 1:colcon.colcon_core.package_identification:_identify(navigation2/nav2_util) by extensions ['ros']
[0.412s] Level 1:colcon.colcon_core.package_identification:_identify(navigation2/nav2_util) by extension 'ros'
[0.414s] DEBUG:colcon.colcon_core.package_identification:Package 'navigation2/nav2_util' with type 'ros.ament_cmake' and name 'nav2_util'
[0.414s] Level 1:colcon.colcon_core.package_identification:_identify(navigation2/nav2_voxel_grid) by extensions ['ignore', 'ignore_ament_install']
[0.414s] Level 1:colcon.colcon_core.package_identification:_identify(navigation2/nav2_voxel_grid) by extension 'ignore'
[0.414s] Level 1:colcon.colcon_core.package_identification:_identify(navigation2/nav2_voxel_grid) by extension 'ignore_ament_install'
[0.414s] Level 1:colcon.colcon_core.package_identification:_identify(navigation2/nav2_voxel_grid) by extensions ['colcon_pkg']
[0.414s] Level 1:colcon.colcon_core.package_identification:_identify(navigation2/nav2_voxel_grid) by extension 'colcon_pkg'
[0.414s] Level 1:colcon.colcon_core.package_identification:_identify(navigation2/nav2_voxel_grid) by extensions ['colcon_meta']
[0.414s] Level 1:colcon.colcon_core.package_identification:_identify(navigation2/nav2_voxel_grid) by extension 'colcon_meta'
[0.414s] Level 1:colcon.colcon_core.package_identification:_identify(navigation2/nav2_voxel_grid) by extensions ['ros']
[0.414s] Level 1:colcon.colcon_core.package_identification:_identify(navigation2/nav2_voxel_grid) by extension 'ros'
[0.415s] DEBUG:colcon.colcon_core.package_identification:Package 'navigation2/nav2_voxel_grid' with type 'ros.ament_cmake' and name 'nav2_voxel_grid'
[0.415s] Level 1:colcon.colcon_core.package_identification:_identify(navigation2/nav2_waypoint_follower) by extensions ['ignore', 'ignore_ament_install']
[0.415s] Level 1:colcon.colcon_core.package_identification:_identify(navigation2/nav2_waypoint_follower) by extension 'ignore'
[0.415s] Level 1:colcon.colcon_core.package_identification:_identify(navigation2/nav2_waypoint_follower) by extension 'ignore_ament_install'
[0.416s] Level 1:colcon.colcon_core.package_identification:_identify(navigation2/nav2_waypoint_follower) by extensions ['colcon_pkg']
[0.416s] Level 1:colcon.colcon_core.package_identification:_identify(navigation2/nav2_waypoint_follower) by extension 'colcon_pkg'
[0.416s] Level 1:colcon.colcon_core.package_identification:_identify(navigation2/nav2_waypoint_follower) by extensions ['colcon_meta']
[0.416s] Level 1:colcon.colcon_core.package_identification:_identify(navigation2/nav2_waypoint_follower) by extension 'colcon_meta'
[0.416s] Level 1:colcon.colcon_core.package_identification:_identify(navigation2/nav2_waypoint_follower) by extensions ['ros']
[0.416s] Level 1:colcon.colcon_core.package_identification:_identify(navigation2/nav2_waypoint_follower) by extension 'ros'
[0.417s] DEBUG:colcon.colcon_core.package_identification:Package 'navigation2/nav2_waypoint_follower' with type 'ros.ament_cmake' and name 'nav2_waypoint_follower'
[0.417s] Level 1:colcon.colcon_core.package_identification:_identify(navigation2/navigation2) by extensions ['ignore', 'ignore_ament_install']
[0.417s] Level 1:colcon.colcon_core.package_identification:_identify(navigation2/navigation2) by extension 'ignore'
[0.417s] Level 1:colcon.colcon_core.package_identification:_identify(navigation2/navigation2) by extension 'ignore_ament_install'
[0.417s] Level 1:colcon.colcon_core.package_identification:_identify(navigation2/navigation2) by extensions ['colcon_pkg']
[0.417s] Level 1:colcon.colcon_core.package_identification:_identify(navigation2/navigation2) by extension 'colcon_pkg'
[0.417s] Level 1:colcon.colcon_core.package_identification:_identify(navigation2/navigation2) by extensions ['colcon_meta']
[0.417s] Level 1:colcon.colcon_core.package_identification:_identify(navigation2/navigation2) by extension 'colcon_meta'
[0.418s] Level 1:colcon.colcon_core.package_identification:_identify(navigation2/navigation2) by extensions ['ros']
[0.418s] Level 1:colcon.colcon_core.package_identification:_identify(navigation2/navigation2) by extension 'ros'
[0.418s] DEBUG:colcon.colcon_core.package_identification:Package 'navigation2/navigation2' with type 'ros.ament_cmake' and name 'navigation2'
[0.418s] Level 1:colcon.colcon_core.package_identification:_identify(navigation2/smac_planner) by extensions ['ignore', 'ignore_ament_install']
[0.418s] Level 1:colcon.colcon_core.package_identification:_identify(navigation2/smac_planner) by extension 'ignore'
[0.419s] Level 1:colcon.colcon_core.package_identification:_identify(navigation2/smac_planner) by extension 'ignore_ament_install'
[0.419s] Level 1:colcon.colcon_core.package_identification:_identify(navigation2/smac_planner) by extensions ['colcon_pkg']
[0.419s] Level 1:colcon.colcon_core.package_identification:_identify(navigation2/smac_planner) by extension 'colcon_pkg'
[0.419s] Level 1:colcon.colcon_core.package_identification:_identify(navigation2/smac_planner) by extensions ['colcon_meta']
[0.419s] Level 1:colcon.colcon_core.package_identification:_identify(navigation2/smac_planner) by extension 'colcon_meta'
[0.419s] Level 1:colcon.colcon_core.package_identification:_identify(navigation2/smac_planner) by extensions ['ros']
[0.419s] Level 1:colcon.colcon_core.package_identification:_identify(navigation2/smac_planner) by extension 'ros'
[0.421s] DEBUG:colcon.colcon_core.package_identification:Package 'navigation2/smac_planner' with type 'ros.ament_cmake' and name 'smac_planner'
[0.421s] Level 1:colcon.colcon_core.package_identification:_identify(navigation2/tools) by extensions ['ignore', 'ignore_ament_install']
[0.421s] Level 1:colcon.colcon_core.package_identification:_identify(navigation2/tools) by extension 'ignore'
[0.421s] Level 1:colcon.colcon_core.package_identification:_identify(navigation2/tools) by extension 'ignore_ament_install'
[0.421s] Level 1:colcon.colcon_core.package_identification:_identify(navigation2/tools) by extensions ['colcon_pkg']
[0.421s] Level 1:colcon.colcon_core.package_identification:_identify(navigation2/tools) by extension 'colcon_pkg'
[0.421s] Level 1:colcon.colcon_core.package_identification:_identify(navigation2/tools) by extensions ['colcon_meta']
[0.421s] Level 1:colcon.colcon_core.package_identification:_identify(navigation2/tools) by extension 'colcon_meta'
[0.421s] Level 1:colcon.colcon_core.package_identification:_identify(navigation2/tools) by extensions ['ros']
[0.421s] Level 1:colcon.colcon_core.package_identification:_identify(navigation2/tools) by extension 'ros'
[0.421s] Level 1:colcon.colcon_core.package_identification:_identify(navigation2/tools) by extensions ['cmake', 'python']
[0.421s] Level 1:colcon.colcon_core.package_identification:_identify(navigation2/tools) by extension 'cmake'
[0.421s] Level 1:colcon.colcon_core.package_identification:_identify(navigation2/tools) by extension 'python'
[0.421s] Level 1:colcon.colcon_core.package_identification:_identify(navigation2/tools) by extensions ['python_setup_py']
[0.421s] Level 1:colcon.colcon_core.package_identification:_identify(navigation2/tools) by extension 'python_setup_py'
[0.421s] Level 1:colcon.colcon_core.package_discovery:discover_packages(recursive) using defaults
[0.421s] Level 1:colcon.colcon_core.package_discovery:discover_packages(ignore) discover
[0.422s] Level 1:colcon.colcon_core.package_discovery:discover_packages(ignore) using defaults
[0.422s] Level 1:colcon.colcon_core.package_discovery:discover_packages(path) discover
[0.422s] Level 1:colcon.colcon_core.package_discovery:discover_packages(path) using defaults
[0.453s] INFO:colcon.colcon_core.package_selection:Skipping not selected package 'custom_msg_srv' in 'navigation2/custom_msg_srv'
[0.453s] INFO:colcon.colcon_core.package_selection:Skipping not selected package 'custom_roi_srv' in 'navigation2/custom_roi_srv'
[0.453s] INFO:colcon.colcon_core.package_selection:Skipping not selected package 'nav2_common' in 'navigation2/nav2_common'
[0.453s] INFO:colcon.colcon_core.package_selection:Skipping not selected package 'nav2_gazebo_spawner' in 'navigation2/nav2_bringup/nav2_gazebo_spawner'
[0.453s] INFO:colcon.colcon_core.package_selection:Skipping not selected package 'nav_2d_msgs' in 'navigation2/nav2_dwb_controller/nav_2d_msgs'
[0.453s] INFO:colcon.colcon_core.package_selection:Skipping not selected package 'dwb_msgs' in 'navigation2/nav2_dwb_controller/dwb_msgs'
[0.453s] INFO:colcon.colcon_core.package_selection:Skipping not selected package 'nav2_msgs' in 'navigation2/nav2_msgs'
[0.453s] INFO:colcon.colcon_core.package_selection:Skipping not selected package 'nav2_voxel_grid' in 'navigation2/nav2_voxel_grid'
[0.453s] INFO:colcon.colcon_core.package_selection:Skipping not selected package 'nav2_util' in 'navigation2/nav2_util'
[0.453s] INFO:colcon.colcon_core.package_selection:Skipping not selected package 'nav2_amcl' in 'navigation2/nav2_amcl'
[0.453s] INFO:colcon.colcon_core.package_selection:Skipping not selected package 'nav2_behavior_tree' in 'navigation2/nav2_behavior_tree'
[0.453s] INFO:colcon.colcon_core.package_selection:Skipping not selected package 'nav2_lifecycle_manager' in 'navigation2/nav2_lifecycle_manager'
[0.453s] INFO:colcon.colcon_core.package_selection:Skipping not selected package 'nav2_map_server' in 'navigation2/nav2_map_server'
[0.453s] INFO:colcon.colcon_core.package_selection:Skipping not selected package 'nav2_waypoint_follower' in 'navigation2/nav2_waypoint_follower'
[0.453s] INFO:colcon.colcon_core.package_selection:Skipping not selected package 'nav_2d_utils' in 'navigation2/nav2_dwb_controller/nav_2d_utils'
[0.453s] INFO:colcon.colcon_core.package_selection:Skipping not selected package 'nav2_bt_navigator' in 'navigation2/nav2_bt_navigator'
[0.453s] INFO:colcon.colcon_core.package_selection:Skipping not selected package 'nav2_costmap_2d' in 'navigation2/nav2_costmap_2d'
[0.453s] INFO:colcon.colcon_core.package_selection:Skipping not selected package 'nav2_rviz_plugins' in 'navigation2/nav2_rviz_plugins'
[0.453s] INFO:colcon.colcon_core.package_selection:Skipping not selected package 'ceiling_perception' in 'ceiling_perception'
[0.453s] INFO:colcon.colcon_core.package_selection:Skipping not selected package 'costmap_queue' in 'navigation2/nav2_dwb_controller/costmap_queue'
[0.453s] INFO:colcon.colcon_core.package_selection:Skipping not selected package 'nav2_ceiling_perception_plugin' in 'navigation2/nav2_ceiling_perception_plugin'
[0.453s] INFO:colcon.colcon_core.package_selection:Skipping not selected package 'nav2_core' in 'navigation2/nav2_core'
[0.453s] INFO:colcon.colcon_core.package_selection:Skipping not selected package 'dwb_core' in 'navigation2/nav2_dwb_controller/dwb_core'
[0.453s] INFO:colcon.colcon_core.package_selection:Skipping not selected package 'nav2_controller' in 'navigation2/nav2_controller'
[0.453s] INFO:colcon.colcon_core.package_selection:Skipping not selected package 'nav2_navfn_planner' in 'navigation2/nav2_navfn_planner'
[0.453s] INFO:colcon.colcon_core.package_selection:Skipping not selected package 'nav2_planner' in 'navigation2/nav2_planner'
[0.453s] INFO:colcon.colcon_core.package_selection:Skipping not selected package 'nav2_recoveries' in 'navigation2/nav2_recoveries'
[0.453s] INFO:colcon.colcon_core.package_selection:Skipping not selected package 'smac_planner' in 'navigation2/smac_planner'
[0.454s] INFO:colcon.colcon_core.package_selection:Skipping not selected package 'dwb_critics' in 'navigation2/nav2_dwb_controller/dwb_critics'
[0.454s] INFO:colcon.colcon_core.package_selection:Skipping not selected package 'dwb_plugins' in 'navigation2/nav2_dwb_controller/dwb_plugins'
[0.454s] INFO:colcon.colcon_core.package_selection:Skipping not selected package 'nav2_dwb_controller' in 'navigation2/nav2_dwb_controller/nav2_dwb_controller'
[0.454s] INFO:colcon.colcon_core.package_selection:Skipping not selected package 'navigation2' in 'navigation2/navigation2'
[0.454s] INFO:colcon.colcon_core.package_selection:Skipping not selected package 'nav2_bringup' in 'navigation2/nav2_bringup/bringup'
[0.454s] INFO:colcon.colcon_core.package_selection:Skipping not selected package 'nav2_system_tests' in 'navigation2/nav2_system_tests'
[0.456s] Level 5:colcon.colcon_core.verb:set package 'ceiling_segmentation' build argument 'cmake_args' from command line to 'None'
[0.457s] Level 5:colcon.colcon_core.verb:set package 'ceiling_segmentation' build argument 'cmake_target' from command line to 'None'
[0.457s] Level 5:colcon.colcon_core.verb:set package 'ceiling_segmentation' build argument 'cmake_target_skip_unavailable' from command line to 'False'
[0.457s] Level 5:colcon.colcon_core.verb:set package 'ceiling_segmentation' build argument 'cmake_clean_cache' from command line to 'False'
[0.457s] Level 5:colcon.colcon_core.verb:set package 'ceiling_segmentation' build argument 'cmake_clean_first' from command line to 'False'
[0.457s] Level 5:colcon.colcon_core.verb:set package 'ceiling_segmentation' build argument 'cmake_force_configure' from command line to 'False'
[0.457s] Level 5:colcon.colcon_core.verb:set package 'ceiling_segmentation' build argument 'ament_cmake_args' from command line to 'None'
[0.457s] Level 5:colcon.colcon_core.verb:set package 'ceiling_segmentation' build argument 'catkin_cmake_args' from command line to 'None'
[0.457s] Level 5:colcon.colcon_core.verb:set package 'ceiling_segmentation' build argument 'catkin_skip_building_tests' from command line to 'False'
[0.457s] DEBUG:colcon.colcon_core.verb:Building package 'ceiling_segmentation' with the following arguments: {'ament_cmake_args': None, 'build_base': '/home/hossein/navigation2_stack/build/ceiling_segmentation', 'catkin_cmake_args': None, 'catkin_skip_building_tests': False, 'cmake_args': None, 'cmake_clean_cache': False, 'cmake_clean_first': False, 'cmake_force_configure': False, 'cmake_target': None, 'cmake_target_skip_unavailable': False, 'install_base': '/home/hossein/navigation2_stack/install/ceiling_segmentation', 'merge_install': False, 'path': '/home/hossein/navigation2_stack/ceiling_segmentation', 'symlink_install': False, 'test_result_base': None}
[0.457s] INFO:colcon.colcon_core.executor:Executing jobs using 'parallel' executor
[0.459s] DEBUG:colcon.colcon_parallel_executor.executor.parallel:run_until_complete
[0.460s] INFO:colcon.colcon_ros.task.ament_python.build:Building ROS package in '/home/hossein/navigation2_stack/ceiling_segmentation' with build type 'ament_python'
[0.460s] Level 1:colcon.colcon_core.shell:create_environment_hook('ceiling_segmentation', 'ament_prefix_path')
[0.465s] INFO:colcon.colcon_core.plugin_system:Skipping extension 'colcon_core.shell.bat': Not used on non-Windows systems
[0.465s] INFO:colcon.colcon_core.shell:Creating environment hook '/home/hossein/navigation2_stack/install/ceiling_segmentation/share/ceiling_segmentation/hook/ament_prefix_path.ps1'
[0.466s] INFO:colcon.colcon_core.shell:Creating environment descriptor '/home/hossein/navigation2_stack/install/ceiling_segmentation/share/ceiling_segmentation/hook/ament_prefix_path.dsv'
[0.466s] INFO:colcon.colcon_core.shell:Creating environment hook '/home/hossein/navigation2_stack/install/ceiling_segmentation/share/ceiling_segmentation/hook/ament_prefix_path.sh'
[0.468s] INFO:colcon.colcon_core.shell:Skip shell extension 'powershell' for command environment: Not usable outside of PowerShell
[0.468s] DEBUG:colcon.colcon_core.shell:Skip shell extension 'dsv' for command environment
[0.471s] DEBUG:colcon.colcon_core.shell:Ignoring prefix path '/opt/ros/foxy'
[0.746s] INFO:colcon.colcon_core.task.python.build:Building Python package in '/home/hossein/navigation2_stack/ceiling_segmentation'
[0.748s] INFO:colcon.colcon_core.shell:Skip shell extension 'powershell' for command environment: Not usable outside of PowerShell
[0.748s] DEBUG:colcon.colcon_core.shell:Skip shell extension 'dsv' for command environment
[0.751s] DEBUG:colcon.colcon_core.shell:Ignoring prefix path '/opt/ros/foxy'
[0.760s] DEBUG:colcon.colcon_core.event_handler.log_command:Invoking command in '/home/hossein/navigation2_stack/ceiling_segmentation': AMENT_PREFIX_PATH=/home/hossein/navigation2_stack/install/custom_msg_srv:${AMENT_PREFIX_PATH} CMAKE_PREFIX_PATH=/home/hossein/navigation2_stack/install/custom_msg_srv:${CMAKE_PREFIX_PATH} LD_LIBRARY_PATH=/home/hossein/navigation2_stack/install/custom_msg_srv/lib:${LD_LIBRARY_PATH} PYTHONPATH=/home/hossein/navigation2_stack/install/ceiling_segmentation/lib/python3.8/site-packages:/home/hossein/navigation2_stack/install/custom_msg_srv/lib/python3.8/site-packages:${PYTHONPATH} /usr/bin/python3 setup.py egg_info --egg-base ../build/ceiling_segmentation build --build-base /home/hossein/navigation2_stack/build/ceiling_segmentation/build install --prefix /home/hossein/navigation2_stack/install/ceiling_segmentation --record /home/hossein/navigation2_stack/build/ceiling_segmentation/install.log --single-version-externally-managed
[1.106s] DEBUG:colcon.colcon_core.event_handler.log_command:Invoked command in '/home/hossein/navigation2_stack/ceiling_segmentation' returned '0': AMENT_PREFIX_PATH=/home/hossein/navigation2_stack/install/custom_msg_srv:${AMENT_PREFIX_PATH} CMAKE_PREFIX_PATH=/home/hossein/navigation2_stack/install/custom_msg_srv:${CMAKE_PREFIX_PATH} LD_LIBRARY_PATH=/home/hossein/navigation2_stack/install/custom_msg_srv/lib:${LD_LIBRARY_PATH} PYTHONPATH=/home/hossein/navigation2_stack/install/ceiling_segmentation/lib/python3.8/site-packages:/home/hossein/navigation2_stack/install/custom_msg_srv/lib/python3.8/site-packages:${PYTHONPATH} /usr/bin/python3 setup.py egg_info --egg-base ../build/ceiling_segmentation build --build-base /home/hossein/navigation2_stack/build/ceiling_segmentation/build install --prefix /home/hossein/navigation2_stack/install/ceiling_segmentation --record /home/hossein/navigation2_stack/build/ceiling_segmentation/install.log --single-version-externally-managed
[1.109s] Level 1:colcon.colcon_core.environment:checking '/home/hossein/navigation2_stack/install/ceiling_segmentation' for CMake module files
[1.110s] Level 1:colcon.colcon_core.environment:checking '/home/hossein/navigation2_stack/install/ceiling_segmentation' for CMake config files
[1.111s] Level 1:colcon.colcon_core.environment:checking '/home/hossein/navigation2_stack/install/ceiling_segmentation/lib'
[1.111s] Level 1:colcon.colcon_core.environment:checking '/home/hossein/navigation2_stack/install/ceiling_segmentation/bin'
[1.111s] Level 1:colcon.colcon_core.environment:checking '/home/hossein/navigation2_stack/install/ceiling_segmentation/lib/pkgconfig/ceiling_segmentation.pc'
[1.111s] Level 1:colcon.colcon_core.environment:checking '/home/hossein/navigation2_stack/install/ceiling_segmentation/lib/python3.8/site-packages'
[1.111s] Level 1:colcon.colcon_core.shell:create_environment_hook('ceiling_segmentation', 'pythonpath')
[1.112s] INFO:colcon.colcon_core.shell:Creating environment hook '/home/hossein/navigation2_stack/install/ceiling_segmentation/share/ceiling_segmentation/hook/pythonpath.ps1'
[1.112s] INFO:colcon.colcon_core.shell:Creating environment descriptor '/home/hossein/navigation2_stack/install/ceiling_segmentation/share/ceiling_segmentation/hook/pythonpath.dsv'
[1.113s] INFO:colcon.colcon_core.shell:Creating environment hook '/home/hossein/navigation2_stack/install/ceiling_segmentation/share/ceiling_segmentation/hook/pythonpath.sh'
[1.113s] Level 1:colcon.colcon_core.environment:create_environment_scripts_only(ceiling_segmentation)
[1.114s] INFO:colcon.colcon_core.shell:Creating package script '/home/hossein/navigation2_stack/install/ceiling_segmentation/share/ceiling_segmentation/package.ps1'
[1.115s] INFO:colcon.colcon_core.shell:Creating package descriptor '/home/hossein/navigation2_stack/install/ceiling_segmentation/share/ceiling_segmentation/package.dsv'
[1.116s] INFO:colcon.colcon_core.shell:Creating package script '/home/hossein/navigation2_stack/install/ceiling_segmentation/share/ceiling_segmentation/package.sh'
[1.116s] INFO:colcon.colcon_core.shell:Creating package script '/home/hossein/navigation2_stack/install/ceiling_segmentation/share/ceiling_segmentation/package.bash'
[1.117s] INFO:colcon.colcon_core.shell:Creating package script '/home/hossein/navigation2_stack/install/ceiling_segmentation/share/ceiling_segmentation/package.zsh'
[1.118s] Level 1:colcon.colcon_core.environment:create_file_with_runtime_dependencies(/home/hossein/navigation2_stack/install/ceiling_segmentation/share/colcon-core/packages/ceiling_segmentation)
[1.118s] DEBUG:colcon.colcon_parallel_executor.executor.parallel:closing loop
[1.118s] DEBUG:colcon.colcon_parallel_executor.executor.parallel:loop closed
[1.118s] DEBUG:colcon.colcon_parallel_executor.executor.parallel:run_until_complete finished with '0'
[1.118s] DEBUG:colcon.colcon_core.event_reactor:joining thread
[1.125s] INFO:colcon.colcon_core.plugin_system:Skipping extension 'colcon_notification.desktop_notification.terminal_notifier': Not used on non-Darwin systems
[1.125s] INFO:colcon.colcon_core.plugin_system:Skipping extension 'colcon_notification.desktop_notification.win32': Not used on non-Windows systems
[1.125s] INFO:colcon.colcon_notification.desktop_notification:Sending desktop notification using 'notify2'
[1.151s] DEBUG:colcon.colcon_core.event_reactor:joined thread
[1.152s] INFO:colcon.colcon_core.shell:Creating prefix script '/home/hossein/navigation2_stack/install/local_setup.ps1'
[1.153s] INFO:colcon.colcon_core.shell:Creating prefix util module '/home/hossein/navigation2_stack/install/_local_setup_util_ps1.py'
[1.154s] INFO:colcon.colcon_core.shell:Creating prefix chain script '/home/hossein/navigation2_stack/install/setup.ps1'
[1.157s] INFO:colcon.colcon_core.shell:Creating prefix script '/home/hossein/navigation2_stack/install/local_setup.sh'
[1.158s] INFO:colcon.colcon_core.shell:Creating prefix util module '/home/hossein/navigation2_stack/install/_local_setup_util_sh.py'
[1.158s] INFO:colcon.colcon_core.shell:Creating prefix chain script '/home/hossein/navigation2_stack/install/setup.sh'
[1.161s] INFO:colcon.colcon_core.shell:Creating prefix script '/home/hossein/navigation2_stack/install/local_setup.bash'
[1.162s] INFO:colcon.colcon_core.shell:Creating prefix chain script '/home/hossein/navigation2_stack/install/setup.bash'
[1.165s] INFO:colcon.colcon_core.shell:Creating prefix script '/home/hossein/navigation2_stack/install/local_setup.zsh'
[1.165s] INFO:colcon.colcon_core.shell:Creating prefix chain script '/home/hossein/navigation2_stack/install/setup.zsh'
