[0.187s] Invoking command in '/home/hossein/navigation2_stack/build/smac_planner': AMENT_PREFIX_PATH=/home/hossein/navigation2_stack/install/nav2_core:/home/hossein/navigation2_stack/install/nav2_costmap_2d:/home/hossein/navigation2_stack/install/nav2_util:/home/hossein/navigation2_stack/install/nav2_voxel_grid:/home/hossein/navigation2_stack/install/nav2_msgs:/home/hossein/navigation2_stack/install/nav2_common:${AMENT_PREFIX_PATH} CMAKE_PREFIX_PATH=/home/hossein/navigation2_stack/install/nav2_core:/home/hossein/navigation2_stack/install/nav2_costmap_2d:/home/hossein/navigation2_stack/install/nav2_util:/home/hossein/navigation2_stack/install/nav2_voxel_grid:/home/hossein/navigation2_stack/install/nav2_msgs:/home/hossein/navigation2_stack/install/nav2_common:/home/hossein/turtlebot3_ws/install/turtlebot3_simulations:/home/hossein/turtlebot3_ws/install/turtlebot3_gazebo:/home/hossein/turtlebot3_ws/install/turtlebot3_fake_node:/home/hossein/dev_ws/install/vad_utils:/home/hossein/dev_ws/install/user_interface:/home/hossein/dev_ws/install/tf_publisher:/home/hossein/dev_ws/install/overhead_camera_service:/home/hossein/dev_ws/install/nf2:/home/hossein/dev_ws/install/global_planner:/home/hossein/dev_ws/install/custom_msg_srv:/home/hossein/dev_ws/install/py_pubsub:/home/hossein/dev_ws/install/image_segmentation:/opt/ros/foxy LD_LIBRARY_PATH=/home/hossein/navigation2_stack/install/nav2_costmap_2d/lib:/home/hossein/navigation2_stack/install/nav2_util/lib:/home/hossein/navigation2_stack/install/nav2_voxel_grid/lib:/home/hossein/navigation2_stack/install/nav2_msgs/lib:${LD_LIBRARY_PATH} PYTHONPATH=/home/hossein/navigation2_stack/install/nav2_msgs/lib/python3.8/site-packages:/home/hossein/navigation2_stack/install/nav2_common/lib/python3.8/site-packages:${PYTHONPATH} /usr/bin/cmake --build /home/hossein/navigation2_stack/build/smac_planner -- -j8 -l8
[0.341s] [  5%] Built target gtest
[0.348s] [ 11%] Built target gtest_main
[0.407s] [ 29%] Built target smac_planner
[0.408s] [ 47%] Built target smac_planner_2d
[0.537s] [ 52%] Built target test_nodebasic
[0.538s] [ 64%] Built target test_a_star
[0.538s] [ 64%] Built target test_costmap_downsampler
[0.546s] [ 70%] Built target test_node2d
[0.552s] [ 76%] Built target test_nodese2
[0.564s] [ 82%] Built target test_smac_se2
[0.583s] [ 88%] Built target test_smac_2d
[0.584s] [ 94%] Built target test_collision_checker
[0.617s] [100%] Built target test_smoother
[0.657s] Invoked command in '/home/hossein/navigation2_stack/build/smac_planner' returned '0': AMENT_PREFIX_PATH=/home/hossein/navigation2_stack/install/nav2_core:/home/hossein/navigation2_stack/install/nav2_costmap_2d:/home/hossein/navigation2_stack/install/nav2_util:/home/hossein/navigation2_stack/install/nav2_voxel_grid:/home/hossein/navigation2_stack/install/nav2_msgs:/home/hossein/navigation2_stack/install/nav2_common:${AMENT_PREFIX_PATH} CMAKE_PREFIX_PATH=/home/hossein/navigation2_stack/install/nav2_core:/home/hossein/navigation2_stack/install/nav2_costmap_2d:/home/hossein/navigation2_stack/install/nav2_util:/home/hossein/navigation2_stack/install/nav2_voxel_grid:/home/hossein/navigation2_stack/install/nav2_msgs:/home/hossein/navigation2_stack/install/nav2_common:/home/hossein/turtlebot3_ws/install/turtlebot3_simulations:/home/hossein/turtlebot3_ws/install/turtlebot3_gazebo:/home/hossein/turtlebot3_ws/install/turtlebot3_fake_node:/home/hossein/dev_ws/install/vad_utils:/home/hossein/dev_ws/install/user_interface:/home/hossein/dev_ws/install/tf_publisher:/home/hossein/dev_ws/install/overhead_camera_service:/home/hossein/dev_ws/install/nf2:/home/hossein/dev_ws/install/global_planner:/home/hossein/dev_ws/install/custom_msg_srv:/home/hossein/dev_ws/install/py_pubsub:/home/hossein/dev_ws/install/image_segmentation:/opt/ros/foxy LD_LIBRARY_PATH=/home/hossein/navigation2_stack/install/nav2_costmap_2d/lib:/home/hossein/navigation2_stack/install/nav2_util/lib:/home/hossein/navigation2_stack/install/nav2_voxel_grid/lib:/home/hossein/navigation2_stack/install/nav2_msgs/lib:${LD_LIBRARY_PATH} PYTHONPATH=/home/hossein/navigation2_stack/install/nav2_msgs/lib/python3.8/site-packages:/home/hossein/navigation2_stack/install/nav2_common/lib/python3.8/site-packages:${PYTHONPATH} /usr/bin/cmake --build /home/hossein/navigation2_stack/build/smac_planner -- -j8 -l8
[0.728s] Invoking command in '/home/hossein/navigation2_stack/build/smac_planner': AMENT_PREFIX_PATH=/home/hossein/navigation2_stack/install/nav2_core:/home/hossein/navigation2_stack/install/nav2_costmap_2d:/home/hossein/navigation2_stack/install/nav2_util:/home/hossein/navigation2_stack/install/nav2_voxel_grid:/home/hossein/navigation2_stack/install/nav2_msgs:/home/hossein/navigation2_stack/install/nav2_common:${AMENT_PREFIX_PATH} CMAKE_PREFIX_PATH=/home/hossein/navigation2_stack/install/nav2_core:/home/hossein/navigation2_stack/install/nav2_costmap_2d:/home/hossein/navigation2_stack/install/nav2_util:/home/hossein/navigation2_stack/install/nav2_voxel_grid:/home/hossein/navigation2_stack/install/nav2_msgs:/home/hossein/navigation2_stack/install/nav2_common:/home/hossein/turtlebot3_ws/install/turtlebot3_simulations:/home/hossein/turtlebot3_ws/install/turtlebot3_gazebo:/home/hossein/turtlebot3_ws/install/turtlebot3_fake_node:/home/hossein/dev_ws/install/vad_utils:/home/hossein/dev_ws/install/user_interface:/home/hossein/dev_ws/install/tf_publisher:/home/hossein/dev_ws/install/overhead_camera_service:/home/hossein/dev_ws/install/nf2:/home/hossein/dev_ws/install/global_planner:/home/hossein/dev_ws/install/custom_msg_srv:/home/hossein/dev_ws/install/py_pubsub:/home/hossein/dev_ws/install/image_segmentation:/opt/ros/foxy LD_LIBRARY_PATH=/home/hossein/navigation2_stack/install/nav2_costmap_2d/lib:/home/hossein/navigation2_stack/install/nav2_util/lib:/home/hossein/navigation2_stack/install/nav2_voxel_grid/lib:/home/hossein/navigation2_stack/install/nav2_msgs/lib:${LD_LIBRARY_PATH} PYTHONPATH=/home/hossein/navigation2_stack/install/nav2_msgs/lib/python3.8/site-packages:/home/hossein/navigation2_stack/install/nav2_common/lib/python3.8/site-packages:${PYTHONPATH} /usr/bin/cmake --install /home/hossein/navigation2_stack/build/smac_planner
[0.745s] -- Install configuration: "Release"
[0.745s] -- Up-to-date: /home/hossein/navigation2_stack/install/smac_planner/share/smac_planner/smac_plugin.xml
[0.745s] -- Up-to-date: /home/hossein/navigation2_stack/install/smac_planner/share/smac_planner/smac_plugin_2d.xml
[0.746s] -- Up-to-date: /home/hossein/navigation2_stack/install/smac_planner/lib/libsmac_planner.so
[0.748s] -- Up-to-date: /home/hossein/navigation2_stack/install/smac_planner/lib/libsmac_planner_2d.so
[0.748s] -- Up-to-date: /home/hossein/navigation2_stack/install/smac_planner/include/
[0.748s] -- Up-to-date: /home/hossein/navigation2_stack/install/smac_planner/include//smac_planner
[0.748s] -- Up-to-date: /home/hossein/navigation2_stack/install/smac_planner/include//smac_planner/smoother.hpp
[0.748s] -- Up-to-date: /home/hossein/navigation2_stack/install/smac_planner/include//smac_planner/costmap_downsampler.hpp
[0.748s] -- Up-to-date: /home/hossein/navigation2_stack/install/smac_planner/include//smac_planner/constants.hpp
[0.748s] -- Up-to-date: /home/hossein/navigation2_stack/install/smac_planner/include//smac_planner/node_basic.hpp
[0.749s] -- Up-to-date: /home/hossein/navigation2_stack/install/smac_planner/include//smac_planner/smac_planner_2d.hpp
[0.749s] -- Up-to-date: /home/hossein/navigation2_stack/install/smac_planner/include//smac_planner/collision_checker.hpp
[0.749s] -- Up-to-date: /home/hossein/navigation2_stack/install/smac_planner/include//smac_planner/options.hpp
[0.749s] -- Up-to-date: /home/hossein/navigation2_stack/install/smac_planner/include//smac_planner/a_star.hpp
[0.749s] -- Up-to-date: /home/hossein/navigation2_stack/install/smac_planner/include//smac_planner/smoother_cost_function.hpp
[0.749s] -- Up-to-date: /home/hossein/navigation2_stack/install/smac_planner/include//smac_planner/node_se2.hpp
[0.750s] -- Up-to-date: /home/hossein/navigation2_stack/install/smac_planner/include//smac_planner/types.hpp
[0.750s] -- Up-to-date: /home/hossein/navigation2_stack/install/smac_planner/include//smac_planner/smac_planner.hpp
[0.750s] -- Up-to-date: /home/hossein/navigation2_stack/install/smac_planner/include//smac_planner/node_2d.hpp
[0.750s] -- Up-to-date: /home/hossein/navigation2_stack/install/smac_planner/share/smac_planner/environment/library_path.sh
[0.750s] -- Up-to-date: /home/hossein/navigation2_stack/install/smac_planner/share/smac_planner/environment/library_path.dsv
[0.750s] -- Up-to-date: /home/hossein/navigation2_stack/install/smac_planner/share/ament_index/resource_index/package_run_dependencies/smac_planner
[0.751s] -- Up-to-date: /home/hossein/navigation2_stack/install/smac_planner/share/ament_index/resource_index/parent_prefix_path/smac_planner
[0.751s] -- Up-to-date: /home/hossein/navigation2_stack/install/smac_planner/share/smac_planner/environment/ament_prefix_path.sh
[0.751s] -- Up-to-date: /home/hossein/navigation2_stack/install/smac_planner/share/smac_planner/environment/ament_prefix_path.dsv
[0.751s] -- Up-to-date: /home/hossein/navigation2_stack/install/smac_planner/share/smac_planner/environment/path.sh
[0.751s] -- Up-to-date: /home/hossein/navigation2_stack/install/smac_planner/share/smac_planner/environment/path.dsv
[0.751s] -- Up-to-date: /home/hossein/navigation2_stack/install/smac_planner/share/smac_planner/local_setup.bash
[0.751s] -- Up-to-date: /home/hossein/navigation2_stack/install/smac_planner/share/smac_planner/local_setup.sh
[0.752s] -- Up-to-date: /home/hossein/navigation2_stack/install/smac_planner/share/smac_planner/local_setup.zsh
[0.752s] -- Up-to-date: /home/hossein/navigation2_stack/install/smac_planner/share/smac_planner/local_setup.dsv
[0.752s] -- Installing: /home/hossein/navigation2_stack/install/smac_planner/share/smac_planner/package.dsv
[0.752s] -- Up-to-date: /home/hossein/navigation2_stack/install/smac_planner/share/ament_index/resource_index/packages/smac_planner
[0.753s] -- Up-to-date: /home/hossein/navigation2_stack/install/smac_planner/share/ament_index/resource_index/nav2_core__pluginlib__plugin/smac_planner
[0.753s] -- Up-to-date: /home/hossein/navigation2_stack/install/smac_planner/share/smac_planner/cmake/ament_cmake_export_include_directories-extras.cmake
[0.753s] -- Up-to-date: /home/hossein/navigation2_stack/install/smac_planner/share/smac_planner/cmake/ament_cmake_export_libraries-extras.cmake
[0.753s] -- Up-to-date: /home/hossein/navigation2_stack/install/smac_planner/share/smac_planner/cmake/ament_cmake_export_dependencies-extras.cmake
[0.753s] -- Up-to-date: /home/hossein/navigation2_stack/install/smac_planner/share/smac_planner/cmake/smac_plannerConfig.cmake
[0.754s] -- Up-to-date: /home/hossein/navigation2_stack/install/smac_planner/share/smac_planner/cmake/smac_plannerConfig-version.cmake
[0.754s] -- Up-to-date: /home/hossein/navigation2_stack/install/smac_planner/share/smac_planner/package.xml
[0.762s] Invoked command in '/home/hossein/navigation2_stack/build/smac_planner' returned '0': AMENT_PREFIX_PATH=/home/hossein/navigation2_stack/install/nav2_core:/home/hossein/navigation2_stack/install/nav2_costmap_2d:/home/hossein/navigation2_stack/install/nav2_util:/home/hossein/navigation2_stack/install/nav2_voxel_grid:/home/hossein/navigation2_stack/install/nav2_msgs:/home/hossein/navigation2_stack/install/nav2_common:${AMENT_PREFIX_PATH} CMAKE_PREFIX_PATH=/home/hossein/navigation2_stack/install/nav2_core:/home/hossein/navigation2_stack/install/nav2_costmap_2d:/home/hossein/navigation2_stack/install/nav2_util:/home/hossein/navigation2_stack/install/nav2_voxel_grid:/home/hossein/navigation2_stack/install/nav2_msgs:/home/hossein/navigation2_stack/install/nav2_common:/home/hossein/turtlebot3_ws/install/turtlebot3_simulations:/home/hossein/turtlebot3_ws/install/turtlebot3_gazebo:/home/hossein/turtlebot3_ws/install/turtlebot3_fake_node:/home/hossein/dev_ws/install/vad_utils:/home/hossein/dev_ws/install/user_interface:/home/hossein/dev_ws/install/tf_publisher:/home/hossein/dev_ws/install/overhead_camera_service:/home/hossein/dev_ws/install/nf2:/home/hossein/dev_ws/install/global_planner:/home/hossein/dev_ws/install/custom_msg_srv:/home/hossein/dev_ws/install/py_pubsub:/home/hossein/dev_ws/install/image_segmentation:/opt/ros/foxy LD_LIBRARY_PATH=/home/hossein/navigation2_stack/install/nav2_costmap_2d/lib:/home/hossein/navigation2_stack/install/nav2_util/lib:/home/hossein/navigation2_stack/install/nav2_voxel_grid/lib:/home/hossein/navigation2_stack/install/nav2_msgs/lib:${LD_LIBRARY_PATH} PYTHONPATH=/home/hossein/navigation2_stack/install/nav2_msgs/lib/python3.8/site-packages:/home/hossein/navigation2_stack/install/nav2_common/lib/python3.8/site-packages:${PYTHONPATH} /usr/bin/cmake --install /home/hossein/navigation2_stack/build/smac_planner
