[0.050s] Invoking command in '/home/hossein/navigation2_stack/build/nav2_behavior_tree': AMENT_PREFIX_PATH=/home/hossein/navigation2_stack/install/nav2_util:/home/hossein/navigation2_stack/install/nav2_msgs:/home/hossein/navigation2_stack/install/nav2_common:${AMENT_PREFIX_PATH} CMAKE_PREFIX_PATH=/home/hossein/navigation2_stack/install/nav2_util:/home/hossein/navigation2_stack/install/nav2_msgs:/home/hossein/navigation2_stack/install/nav2_common:/home/hossein/turtlebot3_ws/install/turtlebot3_simulations:/home/hossein/turtlebot3_ws/install/turtlebot3_gazebo:/home/hossein/turtlebot3_ws/install/turtlebot3_fake_node:/home/hossein/nav2_ws/install/nav2_system_tests:/home/hossein/nav2_ws/install/nav2_bringup:/home/hossein/nav2_ws/install/navigation2:/home/hossein/nav2_ws/install/smac_planner:/home/hossein/nav2_ws/install/nav2_dwb_controller:/home/hossein/nav2_ws/install/nav2_controller:/home/hossein/nav2_ws/install/dwb_plugins:/home/hossein/nav2_ws/install/dwb_critics:/home/hossein/nav2_ws/install/dwb_core:/home/hossein/nav2_ws/install/nav_2d_utils:/home/hossein/nav2_ws/install/dwb_msgs:/home/hossein/nav2_ws/install/nav_2d_msgs:/home/hossein/nav2_ws/install/nav2_waypoint_follower:/home/hossein/nav2_ws/install/nav2_recoveries:/home/hossein/nav2_ws/install/nav2_planner:/home/hossein/nav2_ws/install/nav2_navfn_planner:/home/hossein/nav2_ws/install/nav2_gradient_costmap_plugin:/home/hossein/nav2_ws/install/nav2_core:/home/hossein/nav2_ws/install/costmap_queue:/home/hossein/nav2_ws/install/nav2_costmap_2d:/home/hossein/nav2_ws/install/nav2_voxel_grid:/home/hossein/nav2_ws/install/nav2_rviz_plugins:/home/hossein/nav2_ws/install/nav2_map_server:/home/hossein/nav2_ws/install/nav2_lifecycle_manager:/home/hossein/nav2_ws/install/nav2_bt_navigator:/home/hossein/nav2_ws/install/nav2_behavior_tree:/home/hossein/nav2_ws/install/nav2_amcl:/home/hossein/nav2_ws/install/nav2_util:/home/hossein/nav2_ws/install/nav2_msgs:/home/hossein/nav2_ws/install/nav2_common:/home/hossein/nav2_ws/install/custom_msg_srv:/home/hossein/dev_ws/install/vad_utils:/home/hossein/dev_ws/install/user_interface:/home/hossein/dev_ws/install/tf_publisher:/home/hossein/dev_ws/install/overhead_camera_service:/home/hossein/dev_ws/install/nf2:/home/hossein/dev_ws/install/global_planner:/home/hossein/dev_ws/install/custom_msg_srv:/home/hossein/nav2_ws/install/nav2_gazebo_spawner:/home/hossein/nav2_ws/install/image_segmentation:/home/hossein/dev_ws/install/py_pubsub:/home/hossein/dev_ws/install/image_segmentation:/opt/ros/foxy LD_LIBRARY_PATH=/home/hossein/navigation2_stack/install/nav2_util/lib:/home/hossein/navigation2_stack/install/nav2_msgs/lib:${LD_LIBRARY_PATH} PYTHONPATH=/home/hossein/navigation2_stack/install/nav2_msgs/lib/python3.8/site-packages:/home/hossein/navigation2_stack/install/nav2_common/lib/python3.8/site-packages:${PYTHONPATH} /usr/bin/cmake /home/hossein/navigation2_stack/navigation2/nav2_behavior_tree -DCMAKE_INSTALL_PREFIX=/home/hossein/navigation2_stack/install/nav2_behavior_tree
[0.166s] -- The CXX compiler identification is GNU 7.5.0
[0.188s] -- Check for working CXX compiler: /usr/bin/c++
[0.331s] -- Check for working CXX compiler: /usr/bin/c++ -- works
[0.332s] -- Detecting CXX compiler ABI info
[0.472s] -- Detecting CXX compiler ABI info - done
[0.496s] -- Detecting CXX compile features
[0.497s] -- Detecting CXX compile features - done
[0.502s] -- Found ament_cmake: 0.9.8 (/opt/ros/foxy/share/ament_cmake/cmake)
[0.547s] -- Found PythonInterp: /usr/bin/python3 (found suitable version "3.8.5", minimum required is "3") 
[0.547s] -- Using PYTHON_EXECUTABLE: /usr/bin/python3
[1.000s] -- Found nav2_common: 0.4.5 (/home/hossein/navigation2_stack/install/nav2_common/share/nav2_common/cmake)
[1.005s] -- Found rclcpp: 2.3.1 (/opt/ros/foxy/share/rclcpp/cmake)
[1.121s] -- Using all available rosidl_typesupport_c: rosidl_typesupport_fastrtps_c;rosidl_typesupport_introspection_c
[1.139s] -- Found rosidl_adapter: 1.2.1 (/opt/ros/foxy/share/rosidl_adapter/cmake)
[1.285s] -- Found OpenSSL: /usr/lib/x86_64-linux-gnu/libcrypto.so (found version "1.1.1f")  
[1.333s] -- Found FastRTPS: /opt/ros/foxy/include  
[1.471s] -- Using all available rosidl_typesupport_cpp: rosidl_typesupport_fastrtps_cpp;rosidl_typesupport_introspection_cpp
[1.599s] -- Found rmw_implementation_cmake: 1.0.3 (/opt/ros/foxy/share/rmw_implementation_cmake/cmake)
[1.605s] -- Using RMW implementation 'rmw_fastrtps_cpp' as default
[1.609s] -- Looking for C++ include pthread.h
[1.754s] -- Looking for C++ include pthread.h - found
[1.754s] -- Performing Test CMAKE_HAVE_LIBC_PTHREAD
[1.856s] -- Performing Test CMAKE_HAVE_LIBC_PTHREAD - Failed
[1.856s] -- Looking for pthread_create in pthreads
[1.953s] -- Looking for pthread_create in pthreads - not found
[1.953s] -- Looking for pthread_create in pthread
[2.074s] -- Looking for pthread_create in pthread - found
[2.076s] -- Found Threads: TRUE  
[2.323s] -- Found rclcpp_action: 2.3.1 (/opt/ros/foxy/share/rclcpp_action/cmake)
[2.500s] -- Found rclcpp_lifecycle: 2.3.1 (/opt/ros/foxy/share/rclcpp_lifecycle/cmake)
[2.573s] -- Found geometry_msgs: 2.0.4 (/opt/ros/foxy/share/geometry_msgs/cmake)
[2.652s] -- Found sensor_msgs: 2.0.4 (/opt/ros/foxy/share/sensor_msgs/cmake)
[2.818s] -- Found nav2_msgs: 0.4.5 (/home/hossein/navigation2_stack/install/nav2_msgs/share/nav2_msgs/cmake)
[3.506s] -- Found behaviortree_cpp_v3: 3.5.6 (/opt/ros/foxy/share/behaviortree_cpp_v3/cmake)
[3.513s] -- Found tf2_ros: 0.13.10 (/opt/ros/foxy/share/tf2_ros/cmake)
[4.097s] -- Found tf2_geometry_msgs: 0.13.10 (/opt/ros/foxy/share/tf2_geometry_msgs/cmake)
[4.116s] -- Found eigen3_cmake_module: 0.1.1 (/opt/ros/foxy/share/eigen3_cmake_module/cmake)
[4.123s] -- Found Eigen3: TRUE (found version "3.3.7") 
[4.180s] -- Found std_srvs: 2.0.4 (/opt/ros/foxy/share/std_srvs/cmake)
[4.198s] -- Found nav2_util: 0.4.5 (/home/hossein/navigation2_stack/install/nav2_util/share/nav2_util/cmake)
[4.540s] -- Setting build type to Release as none was specified.
[18.432s] -- Found ament_lint_auto: 0.9.6 (/opt/ros/foxy/share/ament_lint_auto/cmake)
[18.631s] -- Found ament_cmake_gtest: 0.9.8 (/opt/ros/foxy/share/ament_cmake_gtest/cmake)
[18.643s] -- Found gtest sources under '/opt/ros/foxy/src/gtest_vendor': C++ tests using 'Google Test' will be built
[18.755s] -- The C compiler identification is GNU 7.5.0
[18.770s] -- Check for working C compiler: /usr/bin/cc
[18.954s] -- Check for working C compiler: /usr/bin/cc -- works
[18.956s] -- Detecting C compiler ABI info
[19.114s] -- Detecting C compiler ABI info - done
[19.141s] -- Detecting C compile features
[19.142s] -- Detecting C compile features - done
[19.146s] -- Check if compiler accepts -pthread
[19.369s] -- Check if compiler accepts -pthread - yes
[29.787s] -- Added test 'copyright' to check source files copyright and LICENSE
[29.805s] -- Added test 'cppcheck' to perform static code analysis on C / C++ code
[29.813s] -- Configured cppcheck include dirs: /home/hossein/navigation2_stack/navigation2/nav2_behavior_tree/include
[29.814s] -- Configured cppcheck exclude dirs and/or files: 
[29.826s] -- Added test 'cpplint' to check C / C++ code against the Google style
[29.826s] -- Configured cpplint exclude dirs and/or files: 
[29.835s] -- Added test 'lint_cmake' to check CMake code style
[29.848s] -- Added test 'uncrustify' to check C / C++ code style
[29.849s] -- Configured uncrustify additional arguments: 
[29.852s] -- Added test 'xmllint' to check XML markup files
[29.870s] -- Configuring done
[32.385s] -- Generating done
[32.393s] -- Build files have been written to: /home/hossein/navigation2_stack/build/nav2_behavior_tree
[32.423s] Invoked command in '/home/hossein/navigation2_stack/build/nav2_behavior_tree' returned '0': AMENT_PREFIX_PATH=/home/hossein/navigation2_stack/install/nav2_util:/home/hossein/navigation2_stack/install/nav2_msgs:/home/hossein/navigation2_stack/install/nav2_common:${AMENT_PREFIX_PATH} CMAKE_PREFIX_PATH=/home/hossein/navigation2_stack/install/nav2_util:/home/hossein/navigation2_stack/install/nav2_msgs:/home/hossein/navigation2_stack/install/nav2_common:/home/hossein/turtlebot3_ws/install/turtlebot3_simulations:/home/hossein/turtlebot3_ws/install/turtlebot3_gazebo:/home/hossein/turtlebot3_ws/install/turtlebot3_fake_node:/home/hossein/nav2_ws/install/nav2_system_tests:/home/hossein/nav2_ws/install/nav2_bringup:/home/hossein/nav2_ws/install/navigation2:/home/hossein/nav2_ws/install/smac_planner:/home/hossein/nav2_ws/install/nav2_dwb_controller:/home/hossein/nav2_ws/install/nav2_controller:/home/hossein/nav2_ws/install/dwb_plugins:/home/hossein/nav2_ws/install/dwb_critics:/home/hossein/nav2_ws/install/dwb_core:/home/hossein/nav2_ws/install/nav_2d_utils:/home/hossein/nav2_ws/install/dwb_msgs:/home/hossein/nav2_ws/install/nav_2d_msgs:/home/hossein/nav2_ws/install/nav2_waypoint_follower:/home/hossein/nav2_ws/install/nav2_recoveries:/home/hossein/nav2_ws/install/nav2_planner:/home/hossein/nav2_ws/install/nav2_navfn_planner:/home/hossein/nav2_ws/install/nav2_gradient_costmap_plugin:/home/hossein/nav2_ws/install/nav2_core:/home/hossein/nav2_ws/install/costmap_queue:/home/hossein/nav2_ws/install/nav2_costmap_2d:/home/hossein/nav2_ws/install/nav2_voxel_grid:/home/hossein/nav2_ws/install/nav2_rviz_plugins:/home/hossein/nav2_ws/install/nav2_map_server:/home/hossein/nav2_ws/install/nav2_lifecycle_manager:/home/hossein/nav2_ws/install/nav2_bt_navigator:/home/hossein/nav2_ws/install/nav2_behavior_tree:/home/hossein/nav2_ws/install/nav2_amcl:/home/hossein/nav2_ws/install/nav2_util:/home/hossein/nav2_ws/install/nav2_msgs:/home/hossein/nav2_ws/install/nav2_common:/home/hossein/nav2_ws/install/custom_msg_srv:/home/hossein/dev_ws/install/vad_utils:/home/hossein/dev_ws/install/user_interface:/home/hossein/dev_ws/install/tf_publisher:/home/hossein/dev_ws/install/overhead_camera_service:/home/hossein/dev_ws/install/nf2:/home/hossein/dev_ws/install/global_planner:/home/hossein/dev_ws/install/custom_msg_srv:/home/hossein/nav2_ws/install/nav2_gazebo_spawner:/home/hossein/nav2_ws/install/image_segmentation:/home/hossein/dev_ws/install/py_pubsub:/home/hossein/dev_ws/install/image_segmentation:/opt/ros/foxy LD_LIBRARY_PATH=/home/hossein/navigation2_stack/install/nav2_util/lib:/home/hossein/navigation2_stack/install/nav2_msgs/lib:${LD_LIBRARY_PATH} PYTHONPATH=/home/hossein/navigation2_stack/install/nav2_msgs/lib/python3.8/site-packages:/home/hossein/navigation2_stack/install/nav2_common/lib/python3.8/site-packages:${PYTHONPATH} /usr/bin/cmake /home/hossein/navigation2_stack/navigation2/nav2_behavior_tree -DCMAKE_INSTALL_PREFIX=/home/hossein/navigation2_stack/install/nav2_behavior_tree
[32.430s] Invoking command in '/home/hossein/navigation2_stack/build/nav2_behavior_tree': AMENT_PREFIX_PATH=/home/hossein/navigation2_stack/install/nav2_util:/home/hossein/navigation2_stack/install/nav2_msgs:/home/hossein/navigation2_stack/install/nav2_common:${AMENT_PREFIX_PATH} CMAKE_PREFIX_PATH=/home/hossein/navigation2_stack/install/nav2_util:/home/hossein/navigation2_stack/install/nav2_msgs:/home/hossein/navigation2_stack/install/nav2_common:/home/hossein/turtlebot3_ws/install/turtlebot3_simulations:/home/hossein/turtlebot3_ws/install/turtlebot3_gazebo:/home/hossein/turtlebot3_ws/install/turtlebot3_fake_node:/home/hossein/nav2_ws/install/nav2_system_tests:/home/hossein/nav2_ws/install/nav2_bringup:/home/hossein/nav2_ws/install/navigation2:/home/hossein/nav2_ws/install/smac_planner:/home/hossein/nav2_ws/install/nav2_dwb_controller:/home/hossein/nav2_ws/install/nav2_controller:/home/hossein/nav2_ws/install/dwb_plugins:/home/hossein/nav2_ws/install/dwb_critics:/home/hossein/nav2_ws/install/dwb_core:/home/hossein/nav2_ws/install/nav_2d_utils:/home/hossein/nav2_ws/install/dwb_msgs:/home/hossein/nav2_ws/install/nav_2d_msgs:/home/hossein/nav2_ws/install/nav2_waypoint_follower:/home/hossein/nav2_ws/install/nav2_recoveries:/home/hossein/nav2_ws/install/nav2_planner:/home/hossein/nav2_ws/install/nav2_navfn_planner:/home/hossein/nav2_ws/install/nav2_gradient_costmap_plugin:/home/hossein/nav2_ws/install/nav2_core:/home/hossein/nav2_ws/install/costmap_queue:/home/hossein/nav2_ws/install/nav2_costmap_2d:/home/hossein/nav2_ws/install/nav2_voxel_grid:/home/hossein/nav2_ws/install/nav2_rviz_plugins:/home/hossein/nav2_ws/install/nav2_map_server:/home/hossein/nav2_ws/install/nav2_lifecycle_manager:/home/hossein/nav2_ws/install/nav2_bt_navigator:/home/hossein/nav2_ws/install/nav2_behavior_tree:/home/hossein/nav2_ws/install/nav2_amcl:/home/hossein/nav2_ws/install/nav2_util:/home/hossein/nav2_ws/install/nav2_msgs:/home/hossein/nav2_ws/install/nav2_common:/home/hossein/nav2_ws/install/custom_msg_srv:/home/hossein/dev_ws/install/vad_utils:/home/hossein/dev_ws/install/user_interface:/home/hossein/dev_ws/install/tf_publisher:/home/hossein/dev_ws/install/overhead_camera_service:/home/hossein/dev_ws/install/nf2:/home/hossein/dev_ws/install/global_planner:/home/hossein/dev_ws/install/custom_msg_srv:/home/hossein/nav2_ws/install/nav2_gazebo_spawner:/home/hossein/nav2_ws/install/image_segmentation:/home/hossein/dev_ws/install/py_pubsub:/home/hossein/dev_ws/install/image_segmentation:/opt/ros/foxy LD_LIBRARY_PATH=/home/hossein/navigation2_stack/install/nav2_util/lib:/home/hossein/navigation2_stack/install/nav2_msgs/lib:${LD_LIBRARY_PATH} PYTHONPATH=/home/hossein/navigation2_stack/install/nav2_msgs/lib/python3.8/site-packages:/home/hossein/navigation2_stack/install/nav2_common/lib/python3.8/site-packages:${PYTHONPATH} /usr/bin/cmake --build /home/hossein/navigation2_stack/build/nav2_behavior_tree -- -j8 -l8
[32.502s] [35m[1mScanning dependencies of target nav2_transform_available_condition_bt_node[0m
[32.503s] [35m[1mScanning dependencies of target nav2_pipeline_sequence_bt_node[0m
[32.504s] [35m[1mScanning dependencies of target nav2_spin_action_bt_node[0m
[32.505s] [35m[1mScanning dependencies of target nav2_compute_path_to_pose_action_bt_node[0m
[32.506s] [35m[1mScanning dependencies of target nav2_goal_updated_condition_bt_node[0m
[32.511s] [35m[1mScanning dependencies of target nav2_wait_action_bt_node[0m
[32.565s] [  1%] [32mBuilding CXX object CMakeFiles/nav2_goal_updated_condition_bt_node.dir/plugins/condition/goal_updated_condition.cpp.o[0m
[32.592s] [  2%] [32mBuilding CXX object CMakeFiles/nav2_pipeline_sequence_bt_node.dir/plugins/control/pipeline_sequence.cpp.o[0m
[32.626s] [  3%] [32mBuilding CXX object CMakeFiles/nav2_compute_path_to_pose_action_bt_node.dir/plugins/action/compute_path_to_pose_action.cpp.o[0m
[32.628s] [  4%] [32mBuilding CXX object CMakeFiles/nav2_spin_action_bt_node.dir/plugins/action/spin_action.cpp.o[0m
[32.641s] [  5%] [32mBuilding CXX object CMakeFiles/nav2_transform_available_condition_bt_node.dir/plugins/condition/transform_available_condition.cpp.o[0m
[32.685s] [  6%] [32mBuilding CXX object CMakeFiles/nav2_wait_action_bt_node.dir/plugins/action/wait_action.cpp.o[0m
[33.718s] [35m[1mScanning dependencies of target nav2_behavior_tree[0m
[33.726s] [35m[1mScanning dependencies of target nav2_is_stuck_condition_bt_node[0m
[33.927s] [  7%] [32mBuilding CXX object CMakeFiles/nav2_behavior_tree.dir/src/behavior_tree_engine.cpp.o[0m
[33.928s] [  8%] [32mBuilding CXX object CMakeFiles/nav2_is_stuck_condition_bt_node.dir/plugins/condition/is_stuck_condition.cpp.o[0m
[37.291s] [  9%] [32m[1mLinking CXX shared library libnav2_pipeline_sequence_bt_node.so[0m
[37.773s] [  9%] Built target nav2_pipeline_sequence_bt_node
[37.894s] [35m[1mScanning dependencies of target nav2_goal_updater_node_bt_node[0m
[38.194s] [ 10%] [32mBuilding CXX object CMakeFiles/nav2_goal_updater_node_bt_node.dir/plugins/decorator/goal_updater_node.cpp.o[0m
[38.195s] [ 11%] [32m[1mLinking CXX shared library libnav2_goal_updated_condition_bt_node.so[0m
[38.812s] [ 11%] Built target nav2_goal_updated_condition_bt_node
[38.896s] [35m[1mScanning dependencies of target nav2_follow_path_action_bt_node[0m
[39.063s] [ 12%] [32mBuilding CXX object CMakeFiles/nav2_follow_path_action_bt_node.dir/plugins/action/follow_path_action.cpp.o[0m
[43.953s] [ 13%] [32m[1mLinking CXX shared library libnav2_behavior_tree.so[0m
[44.365s] [ 13%] Built target nav2_behavior_tree
[45.739s] [ 14%] [32m[1mLinking CXX shared library libnav2_transform_available_condition_bt_node.so[0m
[46.469s] [ 14%] Built target nav2_transform_available_condition_bt_node
[48.225s] [ 15%] [32m[1mLinking CXX shared library libnav2_spin_action_bt_node.so[0m
[49.031s] [ 15%] Built target nav2_spin_action_bt_node
[49.143s] [ 16%] [32m[1mLinking CXX shared library libnav2_wait_action_bt_node.so[0m
[49.349s] [ 17%] [32m[1mLinking CXX shared library libnav2_compute_path_to_pose_action_bt_node.so[0m
[49.745s] [ 17%] Built target nav2_wait_action_bt_node
[49.876s] [ 17%] Built target nav2_compute_path_to_pose_action_bt_node
[53.491s] [ 18%] [32m[1mLinking CXX shared library libnav2_follow_path_action_bt_node.so[0m
[53.532s] [ 19%] [32m[1mLinking CXX shared library libnav2_is_stuck_condition_bt_node.so[0m
[54.032s] [ 19%] Built target nav2_is_stuck_condition_bt_node
[54.047s] [ 19%] Built target nav2_follow_path_action_bt_node
[54.553s] [ 20%] [32m[1mLinking CXX shared library libnav2_goal_updater_node_bt_node.so[0m
[54.832s] [ 20%] Built target nav2_goal_updater_node_bt_node
[54.837s] [35m[1mScanning dependencies of target nav2_rate_controller_bt_node[0m
[54.848s] [35m[1mScanning dependencies of target nav2_reinitialize_global_localization_service_bt_node[0m
[54.863s] [ 21%] [32mBuilding CXX object CMakeFiles/nav2_rate_controller_bt_node.dir/plugins/decorator/rate_controller.cpp.o[0m
[54.913s] [ 22%] [32mBuilding CXX object CMakeFiles/nav2_reinitialize_global_localization_service_bt_node.dir/plugins/action/reinitialize_global_localization_service.cpp.o[0m
[55.911s] [35m[1mScanning dependencies of target nav2_distance_controller_bt_node[0m
[56.003s] [ 23%] [32mBuilding CXX object CMakeFiles/nav2_distance_controller_bt_node.dir/plugins/decorator/distance_controller.cpp.o[0m
[56.993s] [35m[1mScanning dependencies of target nav2_is_battery_low_condition_bt_node[0m
[57.094s] [ 24%] [32mBuilding CXX object CMakeFiles/nav2_is_battery_low_condition_bt_node.dir/plugins/condition/is_battery_low_condition.cpp.o[0m
[57.567s] [ 25%] [32m[1mLinking CXX shared library libnav2_rate_controller_bt_node.so[0m
[57.858s] [ 25%] Built target nav2_rate_controller_bt_node
[57.862s] [35m[1mScanning dependencies of target nav2_distance_traveled_condition_bt_node[0m
[57.882s] [35m[1mScanning dependencies of target nav2_time_expired_condition_bt_node[0m
[57.960s] [ 26%] [32mBuilding CXX object CMakeFiles/nav2_distance_traveled_condition_bt_node.dir/plugins/condition/distance_traveled_condition.cpp.o[0m
[57.974s] [ 27%] [32mBuilding CXX object CMakeFiles/nav2_time_expired_condition_bt_node.dir/plugins/condition/time_expired_condition.cpp.o[0m
[58.968s] [35m[1mScanning dependencies of target nav2_round_robin_node_bt_node[0m
[59.024s] [ 28%] [32mBuilding CXX object CMakeFiles/nav2_round_robin_node_bt_node.dir/plugins/control/round_robin_node.cpp.o[0m
[60.076s] [35m[1mScanning dependencies of target nav2_initial_pose_received_condition_bt_node[0m
[60.164s] [ 29%] [32mBuilding CXX object CMakeFiles/nav2_initial_pose_received_condition_bt_node.dir/plugins/condition/initial_pose_received_condition.cpp.o[0m
[61.184s] [35m[1mScanning dependencies of target nav2_goal_reached_condition_bt_node[0m
[61.351s] [ 30%] [32mBuilding CXX object CMakeFiles/nav2_goal_reached_condition_bt_node.dir/plugins/condition/goal_reached_condition.cpp.o[0m
[61.854s] [ 31%] [32m[1mLinking CXX shared library libnav2_round_robin_node_bt_node.so[0m
[62.021s] [ 32%] [32m[1mLinking CXX shared library libnav2_reinitialize_global_localization_service_bt_node.so[0m
[62.196s] [ 32%] Built target nav2_round_robin_node_bt_node
[62.257s] [35m[1mScanning dependencies of target nav2_clear_costmap_service_bt_node[0m
[62.416s] [ 33%] [32mBuilding CXX object CMakeFiles/nav2_clear_costmap_service_bt_node.dir/plugins/action/clear_costmap_service.cpp.o[0m
[62.673s] [ 33%] Built target nav2_reinitialize_global_localization_service_bt_node
[62.742s] [35m[1mScanning dependencies of target nav2_speed_controller_bt_node[0m
[62.900s] [ 34%] [32mBuilding CXX object CMakeFiles/nav2_speed_controller_bt_node.dir/plugins/decorator/speed_controller.cpp.o[0m
[63.008s] [ 35%] [32m[1mLinking CXX shared library libnav2_distance_controller_bt_node.so[0m
[63.208s] [ 36%] [32m[1mLinking CXX shared library libnav2_initial_pose_received_condition_bt_node.so[0m
[63.555s] [ 36%] Built target nav2_initial_pose_received_condition_bt_node
[63.614s] [35m[1mScanning dependencies of target nav2_truncate_path_action_bt_node[0m
[63.849s] [ 36%] Built target nav2_distance_controller_bt_node
[63.852s] [ 37%] [32mBuilding CXX object CMakeFiles/nav2_truncate_path_action_bt_node.dir/plugins/action/truncate_path_action.cpp.o[0m
[63.877s] [35m[1mScanning dependencies of target nav2_navigate_to_pose_action_bt_node[0m
[64.007s] [ 38%] [32mBuilding CXX object CMakeFiles/nav2_navigate_to_pose_action_bt_node.dir/plugins/action/navigate_to_pose_action.cpp.o[0m
[64.963s] [ 39%] [32m[1mLinking CXX shared library libnav2_time_expired_condition_bt_node.so[0m
[65.543s] [ 39%] Built target nav2_time_expired_condition_bt_node
[65.643s] [35m[1mScanning dependencies of target nav2_back_up_action_bt_node[0m
[65.871s] [ 40%] [32mBuilding CXX object CMakeFiles/nav2_back_up_action_bt_node.dir/plugins/action/back_up_action.cpp.o[0m
[66.013s] [ 41%] [32m[1mLinking CXX shared library libnav2_distance_traveled_condition_bt_node.so[0m
[66.510s] [ 41%] Built target nav2_distance_traveled_condition_bt_node
[66.584s] [35m[1mScanning dependencies of target nav2_recovery_node_bt_node[0m
[66.670s] [ 42%] [32mBuilding CXX object CMakeFiles/nav2_recovery_node_bt_node.dir/plugins/control/recovery_node.cpp.o[0m
[70.194s] [ 43%] [32m[1mLinking CXX shared library libnav2_goal_reached_condition_bt_node.so[0m
[70.760s] [ 43%] Built target nav2_goal_reached_condition_bt_node
[70.936s] [ 44%] [32m[1mLinking CXX shared library libnav2_recovery_node_bt_node.so[0m
[71.244s] [ 44%] Built target nav2_recovery_node_bt_node
[71.407s] [ 45%] [32m[1mLinking CXX shared library libnav2_clear_costmap_service_bt_node.so[0m
[71.712s] [ 46%] [32m[1mLinking CXX shared library libnav2_speed_controller_bt_node.so[0m
[71.971s] [ 46%] Built target nav2_clear_costmap_service_bt_node
[72.223s] [ 46%] Built target nav2_speed_controller_bt_node
[72.306s] [ 47%] [32m[1mLinking CXX shared library libnav2_truncate_path_action_bt_node.so[0m
[72.580s] [ 47%] Built target nav2_truncate_path_action_bt_node
[72.609s] [ 48%] [32m[1mLinking CXX shared library libnav2_is_battery_low_condition_bt_node.so[0m
[72.912s] [ 48%] Built target nav2_is_battery_low_condition_bt_node
[74.733s] [ 50%] [32m[1mLinking CXX shared library libnav2_navigate_to_pose_action_bt_node.so[0m
[75.056s] [ 50%] Built target nav2_navigate_to_pose_action_bt_node
[75.072s] [35m[1mScanning dependencies of target gtest_main[0m
[75.072s] [35m[1mScanning dependencies of target gtest[0m
[75.097s] [ 51%] [32mBuilding CXX object gtest/CMakeFiles/gtest_main.dir/src/gtest_main.cc.o[0m
[75.101s] [ 52%] [32mBuilding CXX object gtest/CMakeFiles/gtest.dir/src/gtest-all.cc.o[0m
[76.019s] [ 53%] [32m[1mLinking CXX shared library libnav2_back_up_action_bt_node.so[0m
[76.038s] [ 54%] [32m[1mLinking CXX static library libgtest_main.a[0m
[76.111s] [ 54%] Built target gtest_main
[76.411s] [ 54%] Built target nav2_back_up_action_bt_node
[81.893s] [ 55%] [32m[1mLinking CXX static library libgtest.a[0m
[81.941s] [ 55%] Built target gtest
[81.956s] [35m[1mScanning dependencies of target test_bt_conversions[0m
[81.956s] [35m[1mScanning dependencies of target test_condition_goal_updated[0m
[81.956s] [35m[1mScanning dependencies of target test_condition_distance_traveled[0m
[81.956s] [35m[1mScanning dependencies of target test_condition_time_expired[0m
[81.986s] [ 56%] [32mBuilding CXX object test/CMakeFiles/test_bt_conversions.dir/test_bt_conversions.cpp.o[0m
[82.025s] [ 57%] [32mBuilding CXX object test/plugins/condition/CMakeFiles/test_condition_time_expired.dir/test_time_expired.cpp.o[0m
[82.026s] [ 58%] [32mBuilding CXX object test/plugins/condition/CMakeFiles/test_condition_goal_updated.dir/test_goal_updated.cpp.o[0m
[82.028s] [ 59%] [32mBuilding CXX object test/plugins/condition/CMakeFiles/test_condition_distance_traveled.dir/test_distance_traveled.cpp.o[0m
[83.029s] [35m[1mScanning dependencies of target test_condition_is_stuck[0m
[83.029s] [35m[1mScanning dependencies of target test_condition_transform_available[0m
[83.029s] [35m[1mScanning dependencies of target test_condition_is_battery_low[0m
[83.137s] [ 60%] [32mBuilding CXX object test/plugins/condition/CMakeFiles/test_condition_transform_available.dir/test_transform_available.cpp.o[0m
[83.149s] [ 61%] [32mBuilding CXX object test/plugins/condition/CMakeFiles/test_condition_is_battery_low.dir/test_is_battery_low.cpp.o[0m
[83.150s] [ 62%] [32mBuilding CXX object test/plugins/condition/CMakeFiles/test_condition_is_stuck.dir/test_is_stuck.cpp.o[0m
[84.134s] [35m[1mScanning dependencies of target test_condition_initial_pose_received[0m
[84.279s] [ 63%] [32mBuilding CXX object test/plugins/condition/CMakeFiles/test_condition_initial_pose_received.dir/test_initial_pose_received.cpp.o[0m
[87.099s] [ 64%] [32m[1mLinking CXX executable test_bt_conversions[0m
[87.673s] [ 64%] Built target test_bt_conversions
[87.740s] [35m[1mScanning dependencies of target test_condition_goal_reached[0m
[87.977s] [ 65%] [32mBuilding CXX object test/plugins/condition/CMakeFiles/test_condition_goal_reached.dir/test_goal_reached.cpp.o[0m
[95.079s] [ 66%] [32m[1mLinking CXX executable test_condition_goal_updated[0m
[95.445s] [ 67%] [32m[1mLinking CXX executable test_condition_distance_traveled[0m
[95.863s] [ 68%] [32m[1mLinking CXX executable test_condition_time_expired[0m
[96.323s] [ 68%] Built target test_condition_goal_updated
[96.510s] [ 68%] Built target test_condition_distance_traveled
[96.847s] [ 68%] Built target test_condition_time_expired
[96.850s] [ 69%] [32m[1mLinking CXX executable test_condition_transform_available[0m
[97.003s] [ 70%] [32m[1mLinking CXX executable test_condition_is_battery_low[0m
[97.680s] [ 70%] Built target test_condition_transform_available
[97.786s] [ 70%] Built target test_condition_is_battery_low
[98.714s] [ 71%] [32m[1mLinking CXX executable test_condition_is_stuck[0m
[98.787s] [ 72%] [32m[1mLinking CXX executable test_condition_initial_pose_received[0m
[99.315s] [ 72%] Built target test_condition_is_stuck
[99.369s] [ 72%] Built target test_condition_initial_pose_received
[101.202s] [ 73%] [32m[1mLinking CXX executable test_condition_goal_reached[0m
[101.545s] [ 73%] Built target test_condition_goal_reached
[101.561s] [35m[1mScanning dependencies of target test_control_recovery_node[0m
[101.629s] [ 74%] [32mBuilding CXX object test/plugins/control/CMakeFiles/test_control_recovery_node.dir/test_recovery_node.cpp.o[0m
[104.624s] [35m[1mScanning dependencies of target test_truncate_path_action[0m
[104.699s] [ 75%] [32mBuilding CXX object test/plugins/action/CMakeFiles/test_truncate_path_action.dir/test_truncate_path_action.cpp.o[0m
[105.693s] [35m[1mScanning dependencies of target test_control_pipeline_sequence[0m
[105.767s] [ 76%] [32mBuilding CXX object test/plugins/control/CMakeFiles/test_control_pipeline_sequence.dir/test_pipeline_sequence.cpp.o[0m
[106.761s] [35m[1mScanning dependencies of target test_control_round_robin_node[0m
[106.844s] [ 77%] [32mBuilding CXX object test/plugins/control/CMakeFiles/test_control_round_robin_node.dir/test_round_robin_node.cpp.o[0m
[107.841s] [35m[1mScanning dependencies of target test_decorator_distance_controller[0m
[107.964s] [ 78%] [32mBuilding CXX object test/plugins/decorator/CMakeFiles/test_decorator_distance_controller.dir/test_distance_controller.cpp.o[0m
[108.737s] [ 79%] [32m[1mLinking CXX executable test_control_recovery_node[0m
[108.955s] [35m[1mScanning dependencies of target test_decorator_speed_controller[0m
[109.103s] [ 80%] [32mBuilding CXX object test/plugins/decorator/CMakeFiles/test_decorator_speed_controller.dir/test_speed_controller.cpp.o[0m
[109.321s] [ 80%] Built target test_control_recovery_node
[109.344s] [35m[1mScanning dependencies of target test_decorator_rate_controller[0m
[109.452s] [ 81%] [32mBuilding CXX object test/plugins/decorator/CMakeFiles/test_decorator_rate_controller.dir/test_rate_controller.cpp.o[0m
[110.451s] [35m[1mScanning dependencies of target test_action_navigate_to_pose_action[0m
[110.636s] [35m[1mScanning dependencies of target test_goal_updater_node[0m
[110.645s] [ 82%] [32mBuilding CXX object test/plugins/action/CMakeFiles/test_action_navigate_to_pose_action.dir/test_navigate_to_pose_action.cpp.o[0m
[110.867s] [ 83%] [32mBuilding CXX object test/plugins/decorator/CMakeFiles/test_goal_updater_node.dir/test_goal_updater_node.cpp.o[0m
[112.856s] [ 84%] [32m[1mLinking CXX executable test_truncate_path_action[0m
[113.628s] [ 84%] Built target test_truncate_path_action
[113.664s] [35m[1mScanning dependencies of target test_action_follow_path_action[0m
[113.800s] [ 85%] [32mBuilding CXX object test/plugins/action/CMakeFiles/test_action_follow_path_action.dir/test_follow_path_action.cpp.o[0m
[116.868s] [ 86%] [32m[1mLinking CXX executable test_control_pipeline_sequence[0m
[117.745s] [ 86%] Built target test_control_pipeline_sequence
[118.581s] [ 87%] [32m[1mLinking CXX executable test_control_round_robin_node[0m
[119.318s] [ 87%] Built target test_control_round_robin_node
[120.168s] [ 88%] [32m[1mLinking CXX executable test_decorator_distance_controller[0m
[120.779s] [ 88%] Built target test_decorator_distance_controller
[121.984s] [ 89%] [32m[1mLinking CXX executable test_decorator_rate_controller[0m
[122.615s] [ 89%] Built target test_decorator_rate_controller
[122.715s] [ 90%] [32m[1mLinking CXX executable test_goal_updater_node[0m
[122.865s] [ 91%] [32m[1mLinking CXX executable test_action_navigate_to_pose_action[0m
[123.171s] [ 91%] Built target test_goal_updater_node
[123.175s] [ 92%] [32m[1mLinking CXX executable test_decorator_speed_controller[0m
[123.315s] [ 92%] Built target test_action_navigate_to_pose_action
[123.564s] [ 92%] Built target test_decorator_speed_controller
[125.277s] [ 93%] [32m[1mLinking CXX executable test_action_follow_path_action[0m
[125.594s] [ 93%] Built target test_action_follow_path_action
[125.610s] [35m[1mScanning dependencies of target test_action_clear_costmap_service[0m
[125.610s] [35m[1mScanning dependencies of target test_action_reinitialize_global_localization_service[0m
[125.610s] [35m[1mScanning dependencies of target test_action_compute_path_to_pose_action[0m
[125.671s] [ 94%] [32mBuilding CXX object test/plugins/action/CMakeFiles/test_action_reinitialize_global_localization_service.dir/test_reinitialize_global_localization_service.cpp.o[0m
[125.675s] [ 95%] [32mBuilding CXX object test/plugins/action/CMakeFiles/test_action_clear_costmap_service.dir/test_clear_costmap_service.cpp.o[0m
[125.680s] [ 96%] [32mBuilding CXX object test/plugins/action/CMakeFiles/test_action_compute_path_to_pose_action.dir/test_compute_path_to_pose_action.cpp.o[0m
[132.902s] [ 97%] [32m[1mLinking CXX executable test_action_clear_costmap_service[0m
[133.024s] [ 98%] [32m[1mLinking CXX executable test_action_reinitialize_global_localization_service[0m
[133.334s] [ 98%] Built target test_action_clear_costmap_service
[133.447s] [ 98%] Built target test_action_reinitialize_global_localization_service
[135.058s] [100%] [32m[1mLinking CXX executable test_action_compute_path_to_pose_action[0m
[135.376s] [100%] Built target test_action_compute_path_to_pose_action
