[0.070s] Invoking command in '/home/hossein/navigation2_stack/build/nav2_map_server': AMENT_PREFIX_PATH=/home/hossein/navigation2_stack/install/nav2_util:/home/hossein/navigation2_stack/install/nav2_msgs:/home/hossein/navigation2_stack/install/nav2_common:${AMENT_PREFIX_PATH} CMAKE_PREFIX_PATH=/home/hossein/navigation2_stack/install/nav2_util:/home/hossein/navigation2_stack/install/nav2_msgs:/home/hossein/navigation2_stack/install/nav2_common:/home/hossein/turtlebot3_ws/install/turtlebot3_simulations:/home/hossein/turtlebot3_ws/install/turtlebot3_gazebo:/home/hossein/turtlebot3_ws/install/turtlebot3_fake_node:/home/hossein/dev_ws/install/vad_utils:/home/hossein/dev_ws/install/user_interface:/home/hossein/dev_ws/install/tf_publisher:/home/hossein/dev_ws/install/overhead_camera_service:/home/hossein/dev_ws/install/nf2:/home/hossein/dev_ws/install/global_planner:/home/hossein/dev_ws/install/custom_msg_srv:/home/hossein/dev_ws/install/py_pubsub:/home/hossein/dev_ws/install/image_segmentation:/opt/ros/foxy LD_LIBRARY_PATH=/home/hossein/navigation2_stack/install/nav2_util/lib:/home/hossein/navigation2_stack/install/nav2_msgs/lib:${LD_LIBRARY_PATH} PYTHONPATH=/home/hossein/navigation2_stack/install/nav2_msgs/lib/python3.8/site-packages:/home/hossein/navigation2_stack/install/nav2_common/lib/python3.8/site-packages:${PYTHONPATH} /usr/bin/cmake --build /home/hossein/navigation2_stack/build/nav2_map_server -- -j8 -l8
[0.286s] [  6%] Built target gtest
[0.371s] [ 16%] Built target map_io
[0.391s] [ 22%] Built target gtest_main
[0.528s] [ 32%] Built target map_server_core
[0.561s] [ 41%] Built target test_map_saver_publisher
[0.591s] [ 51%] Built target test_map_saver_cli
[0.679s] [ 58%] Built target map_server
[0.737s] [ 67%] Built target test_map_io
[0.746s] [ 74%] Built target map_saver_server
[0.748s] [ 83%] Built target test_map_server_node
[0.758s] [ 90%] Built target map_saver_cli
[0.760s] [100%] Built target test_map_saver_node
[0.799s] Invoked command in '/home/hossein/navigation2_stack/build/nav2_map_server' returned '0': AMENT_PREFIX_PATH=/home/hossein/navigation2_stack/install/nav2_util:/home/hossein/navigation2_stack/install/nav2_msgs:/home/hossein/navigation2_stack/install/nav2_common:${AMENT_PREFIX_PATH} CMAKE_PREFIX_PATH=/home/hossein/navigation2_stack/install/nav2_util:/home/hossein/navigation2_stack/install/nav2_msgs:/home/hossein/navigation2_stack/install/nav2_common:/home/hossein/turtlebot3_ws/install/turtlebot3_simulations:/home/hossein/turtlebot3_ws/install/turtlebot3_gazebo:/home/hossein/turtlebot3_ws/install/turtlebot3_fake_node:/home/hossein/dev_ws/install/vad_utils:/home/hossein/dev_ws/install/user_interface:/home/hossein/dev_ws/install/tf_publisher:/home/hossein/dev_ws/install/overhead_camera_service:/home/hossein/dev_ws/install/nf2:/home/hossein/dev_ws/install/global_planner:/home/hossein/dev_ws/install/custom_msg_srv:/home/hossein/dev_ws/install/py_pubsub:/home/hossein/dev_ws/install/image_segmentation:/opt/ros/foxy LD_LIBRARY_PATH=/home/hossein/navigation2_stack/install/nav2_util/lib:/home/hossein/navigation2_stack/install/nav2_msgs/lib:${LD_LIBRARY_PATH} PYTHONPATH=/home/hossein/navigation2_stack/install/nav2_msgs/lib/python3.8/site-packages:/home/hossein/navigation2_stack/install/nav2_common/lib/python3.8/site-packages:${PYTHONPATH} /usr/bin/cmake --build /home/hossein/navigation2_stack/build/nav2_map_server -- -j8 -l8
[1.052s] Invoking command in '/home/hossein/navigation2_stack/build/nav2_map_server': AMENT_PREFIX_PATH=/home/hossein/navigation2_stack/install/nav2_util:/home/hossein/navigation2_stack/install/nav2_msgs:/home/hossein/navigation2_stack/install/nav2_common:${AMENT_PREFIX_PATH} CMAKE_PREFIX_PATH=/home/hossein/navigation2_stack/install/nav2_util:/home/hossein/navigation2_stack/install/nav2_msgs:/home/hossein/navigation2_stack/install/nav2_common:/home/hossein/turtlebot3_ws/install/turtlebot3_simulations:/home/hossein/turtlebot3_ws/install/turtlebot3_gazebo:/home/hossein/turtlebot3_ws/install/turtlebot3_fake_node:/home/hossein/dev_ws/install/vad_utils:/home/hossein/dev_ws/install/user_interface:/home/hossein/dev_ws/install/tf_publisher:/home/hossein/dev_ws/install/overhead_camera_service:/home/hossein/dev_ws/install/nf2:/home/hossein/dev_ws/install/global_planner:/home/hossein/dev_ws/install/custom_msg_srv:/home/hossein/dev_ws/install/py_pubsub:/home/hossein/dev_ws/install/image_segmentation:/opt/ros/foxy LD_LIBRARY_PATH=/home/hossein/navigation2_stack/install/nav2_util/lib:/home/hossein/navigation2_stack/install/nav2_msgs/lib:${LD_LIBRARY_PATH} PYTHONPATH=/home/hossein/navigation2_stack/install/nav2_msgs/lib/python3.8/site-packages:/home/hossein/navigation2_stack/install/nav2_common/lib/python3.8/site-packages:${PYTHONPATH} /usr/bin/cmake --install /home/hossein/navigation2_stack/build/nav2_map_server
[1.077s] -- Install configuration: "Release"
[1.079s] -- Up-to-date: /home/hossein/navigation2_stack/install/nav2_map_server/lib/libmap_server_core.so
[1.081s] -- Up-to-date: /home/hossein/navigation2_stack/install/nav2_map_server/lib/libmap_io.so
[1.082s] -- Up-to-date: /home/hossein/navigation2_stack/install/nav2_map_server/lib/nav2_map_server/map_server
[1.084s] -- Up-to-date: /home/hossein/navigation2_stack/install/nav2_map_server/lib/nav2_map_server/map_saver_cli
[1.085s] -- Up-to-date: /home/hossein/navigation2_stack/install/nav2_map_server/lib/nav2_map_server/map_saver_server
[1.086s] -- Up-to-date: /home/hossein/navigation2_stack/install/nav2_map_server/include/
[1.087s] -- Up-to-date: /home/hossein/navigation2_stack/install/nav2_map_server/include//nav2_map_server
[1.087s] -- Up-to-date: /home/hossein/navigation2_stack/install/nav2_map_server/include//nav2_map_server/map_mode.hpp
[1.087s] -- Up-to-date: /home/hossein/navigation2_stack/install/nav2_map_server/include//nav2_map_server/map_saver.hpp
[1.087s] -- Up-to-date: /home/hossein/navigation2_stack/install/nav2_map_server/include//nav2_map_server/map_server.hpp
[1.087s] -- Up-to-date: /home/hossein/navigation2_stack/install/nav2_map_server/include//nav2_map_server/map_io.hpp
[1.088s] -- Up-to-date: /home/hossein/navigation2_stack/install/nav2_map_server/share/nav2_map_server/launch
[1.088s] -- Up-to-date: /home/hossein/navigation2_stack/install/nav2_map_server/share/nav2_map_server/launch/map_saver_server.launch.py
[1.088s] -- Up-to-date: /home/hossein/navigation2_stack/install/nav2_map_server/share/nav2_map_server/environment/library_path.sh
[1.088s] -- Up-to-date: /home/hossein/navigation2_stack/install/nav2_map_server/share/nav2_map_server/environment/library_path.dsv
[1.088s] -- Up-to-date: /home/hossein/navigation2_stack/install/nav2_map_server/share/ament_index/resource_index/package_run_dependencies/nav2_map_server
[1.088s] -- Up-to-date: /home/hossein/navigation2_stack/install/nav2_map_server/share/ament_index/resource_index/parent_prefix_path/nav2_map_server
[1.089s] -- Up-to-date: /home/hossein/navigation2_stack/install/nav2_map_server/share/nav2_map_server/environment/ament_prefix_path.sh
[1.089s] -- Up-to-date: /home/hossein/navigation2_stack/install/nav2_map_server/share/nav2_map_server/environment/ament_prefix_path.dsv
[1.089s] -- Up-to-date: /home/hossein/navigation2_stack/install/nav2_map_server/share/nav2_map_server/environment/path.sh
[1.089s] -- Up-to-date: /home/hossein/navigation2_stack/install/nav2_map_server/share/nav2_map_server/environment/path.dsv
[1.089s] -- Up-to-date: /home/hossein/navigation2_stack/install/nav2_map_server/share/nav2_map_server/local_setup.bash
[1.089s] -- Up-to-date: /home/hossein/navigation2_stack/install/nav2_map_server/share/nav2_map_server/local_setup.sh
[1.090s] -- Up-to-date: /home/hossein/navigation2_stack/install/nav2_map_server/share/nav2_map_server/local_setup.zsh
[1.090s] -- Up-to-date: /home/hossein/navigation2_stack/install/nav2_map_server/share/nav2_map_server/local_setup.dsv
[1.090s] -- Installing: /home/hossein/navigation2_stack/install/nav2_map_server/share/nav2_map_server/package.dsv
[1.090s] -- Up-to-date: /home/hossein/navigation2_stack/install/nav2_map_server/share/ament_index/resource_index/packages/nav2_map_server
[1.090s] -- Up-to-date: /home/hossein/navigation2_stack/install/nav2_map_server/share/nav2_map_server/cmake/ament_cmake_export_include_directories-extras.cmake
[1.090s] -- Up-to-date: /home/hossein/navigation2_stack/install/nav2_map_server/share/nav2_map_server/cmake/ament_cmake_export_libraries-extras.cmake
[1.091s] -- Up-to-date: /home/hossein/navigation2_stack/install/nav2_map_server/share/nav2_map_server/cmake/nav2_map_serverConfig.cmake
[1.091s] -- Up-to-date: /home/hossein/navigation2_stack/install/nav2_map_server/share/nav2_map_server/cmake/nav2_map_serverConfig-version.cmake
[1.091s] -- Up-to-date: /home/hossein/navigation2_stack/install/nav2_map_server/share/nav2_map_server/package.xml
[1.106s] Invoked command in '/home/hossein/navigation2_stack/build/nav2_map_server' returned '0': AMENT_PREFIX_PATH=/home/hossein/navigation2_stack/install/nav2_util:/home/hossein/navigation2_stack/install/nav2_msgs:/home/hossein/navigation2_stack/install/nav2_common:${AMENT_PREFIX_PATH} CMAKE_PREFIX_PATH=/home/hossein/navigation2_stack/install/nav2_util:/home/hossein/navigation2_stack/install/nav2_msgs:/home/hossein/navigation2_stack/install/nav2_common:/home/hossein/turtlebot3_ws/install/turtlebot3_simulations:/home/hossein/turtlebot3_ws/install/turtlebot3_gazebo:/home/hossein/turtlebot3_ws/install/turtlebot3_fake_node:/home/hossein/dev_ws/install/vad_utils:/home/hossein/dev_ws/install/user_interface:/home/hossein/dev_ws/install/tf_publisher:/home/hossein/dev_ws/install/overhead_camera_service:/home/hossein/dev_ws/install/nf2:/home/hossein/dev_ws/install/global_planner:/home/hossein/dev_ws/install/custom_msg_srv:/home/hossein/dev_ws/install/py_pubsub:/home/hossein/dev_ws/install/image_segmentation:/opt/ros/foxy LD_LIBRARY_PATH=/home/hossein/navigation2_stack/install/nav2_util/lib:/home/hossein/navigation2_stack/install/nav2_msgs/lib:${LD_LIBRARY_PATH} PYTHONPATH=/home/hossein/navigation2_stack/install/nav2_msgs/lib/python3.8/site-packages:/home/hossein/navigation2_stack/install/nav2_common/lib/python3.8/site-packages:${PYTHONPATH} /usr/bin/cmake --install /home/hossein/navigation2_stack/build/nav2_map_server
