[0.029s] Invoking command in '/home/hossein/navigation2_stack/build/nav2_voxel_grid': AMENT_PREFIX_PATH=/home/hossein/navigation2_stack/install/nav2_common:${AMENT_PREFIX_PATH} CMAKE_PREFIX_PATH=/home/hossein/navigation2_stack/install/nav2_common:/home/hossein/turtlebot3_ws/install/turtlebot3_simulations:/home/hossein/turtlebot3_ws/install/turtlebot3_gazebo:/home/hossein/turtlebot3_ws/install/turtlebot3_fake_node:/home/hossein/nav2_ws/install/nav2_system_tests:/home/hossein/nav2_ws/install/nav2_bringup:/home/hossein/nav2_ws/install/navigation2:/home/hossein/nav2_ws/install/smac_planner:/home/hossein/nav2_ws/install/nav2_dwb_controller:/home/hossein/nav2_ws/install/nav2_controller:/home/hossein/nav2_ws/install/dwb_plugins:/home/hossein/nav2_ws/install/dwb_critics:/home/hossein/nav2_ws/install/dwb_core:/home/hossein/nav2_ws/install/nav_2d_utils:/home/hossein/nav2_ws/install/dwb_msgs:/home/hossein/nav2_ws/install/nav_2d_msgs:/home/hossein/nav2_ws/install/nav2_waypoint_follower:/home/hossein/nav2_ws/install/nav2_recoveries:/home/hossein/nav2_ws/install/nav2_planner:/home/hossein/nav2_ws/install/nav2_navfn_planner:/home/hossein/nav2_ws/install/nav2_gradient_costmap_plugin:/home/hossein/nav2_ws/install/nav2_core:/home/hossein/nav2_ws/install/costmap_queue:/home/hossein/nav2_ws/install/nav2_costmap_2d:/home/hossein/nav2_ws/install/nav2_voxel_grid:/home/hossein/nav2_ws/install/nav2_rviz_plugins:/home/hossein/nav2_ws/install/nav2_map_server:/home/hossein/nav2_ws/install/nav2_lifecycle_manager:/home/hossein/nav2_ws/install/nav2_bt_navigator:/home/hossein/nav2_ws/install/nav2_behavior_tree:/home/hossein/nav2_ws/install/nav2_amcl:/home/hossein/nav2_ws/install/nav2_util:/home/hossein/nav2_ws/install/nav2_msgs:/home/hossein/nav2_ws/install/nav2_common:/home/hossein/nav2_ws/install/custom_msg_srv:/home/hossein/dev_ws/install/vad_utils:/home/hossein/dev_ws/install/user_interface:/home/hossein/dev_ws/install/tf_publisher:/home/hossein/dev_ws/install/overhead_camera_service:/home/hossein/dev_ws/install/nf2:/home/hossein/dev_ws/install/global_planner:/home/hossein/dev_ws/install/custom_msg_srv:/home/hossein/nav2_ws/install/nav2_gazebo_spawner:/home/hossein/nav2_ws/install/image_segmentation:/home/hossein/dev_ws/install/py_pubsub:/home/hossein/dev_ws/install/image_segmentation:/opt/ros/foxy PYTHONPATH=/home/hossein/navigation2_stack/install/nav2_common/lib/python3.8/site-packages:${PYTHONPATH} /usr/bin/cmake /home/hossein/navigation2_stack/navigation2/nav2_voxel_grid -DCMAKE_INSTALL_PREFIX=/home/hossein/navigation2_stack/install/nav2_voxel_grid
[0.124s] -- The C compiler identification is GNU 7.5.0
[0.210s] -- The CXX compiler identification is GNU 7.5.0
[0.218s] -- Check for working C compiler: /usr/bin/cc
[0.310s] -- Check for working C compiler: /usr/bin/cc -- works
[0.312s] -- Detecting C compiler ABI info
[0.405s] -- Detecting C compiler ABI info - done
[0.431s] -- Detecting C compile features
[0.432s] -- Detecting C compile features - done
[0.436s] -- Check for working CXX compiler: /usr/bin/c++
[0.536s] -- Check for working CXX compiler: /usr/bin/c++ -- works
[0.538s] -- Detecting CXX compiler ABI info
[0.649s] -- Detecting CXX compiler ABI info - done
[0.663s] -- Detecting CXX compile features
[0.663s] -- Detecting CXX compile features - done
[0.667s] -- Found ament_cmake: 0.9.8 (/opt/ros/foxy/share/ament_cmake/cmake)
[0.712s] -- Found PythonInterp: /usr/bin/python3 (found suitable version "3.8.5", minimum required is "3") 
[0.712s] -- Using PYTHON_EXECUTABLE: /usr/bin/python3
[1.074s] -- Found nav2_common: 0.4.5 (/home/hossein/navigation2_stack/install/nav2_common/share/nav2_common/cmake)
[1.079s] -- Found rclcpp: 2.3.1 (/opt/ros/foxy/share/rclcpp/cmake)
[1.153s] -- Using all available rosidl_typesupport_c: rosidl_typesupport_fastrtps_c;rosidl_typesupport_introspection_c
[1.164s] -- Found rosidl_adapter: 1.2.1 (/opt/ros/foxy/share/rosidl_adapter/cmake)
[1.274s] -- Found OpenSSL: /usr/lib/x86_64-linux-gnu/libcrypto.so (found version "1.1.1f")  
[1.313s] -- Found FastRTPS: /opt/ros/foxy/include  
[1.440s] -- Using all available rosidl_typesupport_cpp: rosidl_typesupport_fastrtps_cpp;rosidl_typesupport_introspection_cpp
[1.540s] -- Found rmw_implementation_cmake: 1.0.3 (/opt/ros/foxy/share/rmw_implementation_cmake/cmake)
[1.545s] -- Using RMW implementation 'rmw_fastrtps_cpp' as default
[1.547s] -- Looking for pthread.h
[1.656s] -- Looking for pthread.h - found
[1.656s] -- Performing Test CMAKE_HAVE_LIBC_PTHREAD
[1.780s] -- Performing Test CMAKE_HAVE_LIBC_PTHREAD - Failed
[1.780s] -- Looking for pthread_create in pthreads
[1.851s] -- Looking for pthread_create in pthreads - not found
[1.851s] -- Looking for pthread_create in pthread
[1.945s] -- Looking for pthread_create in pthread - found
[1.946s] -- Found Threads: TRUE  
[2.197s] -- Setting build type to Release as none was specified.
[2.203s] -- Found ament_lint_auto: 0.9.6 (/opt/ros/foxy/share/ament_lint_auto/cmake)
[2.360s] -- Found gtest sources under '/opt/ros/foxy/src/gtest_vendor': C++ tests using 'Google Test' will be built
[2.363s] -- Check if compiler accepts -pthread
[2.484s] -- Check if compiler accepts -pthread - yes
[2.497s] -- Added test 'cppcheck' to perform static code analysis on C / C++ code
[2.497s] -- Configured cppcheck include dirs: /home/hossein/navigation2_stack/navigation2/nav2_voxel_grid/include
[2.498s] -- Configured cppcheck exclude dirs and/or files: 
[2.501s] -- Added test 'cpplint' to check C / C++ code against the Google style
[2.501s] -- Configured cpplint exclude dirs and/or files: 
[2.504s] -- Added test 'lint_cmake' to check CMake code style
[2.507s] -- Added test 'uncrustify' to check C / C++ code style
[2.508s] -- Configured uncrustify additional arguments: 
[2.510s] -- Added test 'xmllint' to check XML markup files
[2.523s] -- Configuring done
[2.551s] -- Generating done
[2.556s] -- Build files have been written to: /home/hossein/navigation2_stack/build/nav2_voxel_grid
[2.578s] Invoked command in '/home/hossein/navigation2_stack/build/nav2_voxel_grid' returned '0': AMENT_PREFIX_PATH=/home/hossein/navigation2_stack/install/nav2_common:${AMENT_PREFIX_PATH} CMAKE_PREFIX_PATH=/home/hossein/navigation2_stack/install/nav2_common:/home/hossein/turtlebot3_ws/install/turtlebot3_simulations:/home/hossein/turtlebot3_ws/install/turtlebot3_gazebo:/home/hossein/turtlebot3_ws/install/turtlebot3_fake_node:/home/hossein/nav2_ws/install/nav2_system_tests:/home/hossein/nav2_ws/install/nav2_bringup:/home/hossein/nav2_ws/install/navigation2:/home/hossein/nav2_ws/install/smac_planner:/home/hossein/nav2_ws/install/nav2_dwb_controller:/home/hossein/nav2_ws/install/nav2_controller:/home/hossein/nav2_ws/install/dwb_plugins:/home/hossein/nav2_ws/install/dwb_critics:/home/hossein/nav2_ws/install/dwb_core:/home/hossein/nav2_ws/install/nav_2d_utils:/home/hossein/nav2_ws/install/dwb_msgs:/home/hossein/nav2_ws/install/nav_2d_msgs:/home/hossein/nav2_ws/install/nav2_waypoint_follower:/home/hossein/nav2_ws/install/nav2_recoveries:/home/hossein/nav2_ws/install/nav2_planner:/home/hossein/nav2_ws/install/nav2_navfn_planner:/home/hossein/nav2_ws/install/nav2_gradient_costmap_plugin:/home/hossein/nav2_ws/install/nav2_core:/home/hossein/nav2_ws/install/costmap_queue:/home/hossein/nav2_ws/install/nav2_costmap_2d:/home/hossein/nav2_ws/install/nav2_voxel_grid:/home/hossein/nav2_ws/install/nav2_rviz_plugins:/home/hossein/nav2_ws/install/nav2_map_server:/home/hossein/nav2_ws/install/nav2_lifecycle_manager:/home/hossein/nav2_ws/install/nav2_bt_navigator:/home/hossein/nav2_ws/install/nav2_behavior_tree:/home/hossein/nav2_ws/install/nav2_amcl:/home/hossein/nav2_ws/install/nav2_util:/home/hossein/nav2_ws/install/nav2_msgs:/home/hossein/nav2_ws/install/nav2_common:/home/hossein/nav2_ws/install/custom_msg_srv:/home/hossein/dev_ws/install/vad_utils:/home/hossein/dev_ws/install/user_interface:/home/hossein/dev_ws/install/tf_publisher:/home/hossein/dev_ws/install/overhead_camera_service:/home/hossein/dev_ws/install/nf2:/home/hossein/dev_ws/install/global_planner:/home/hossein/dev_ws/install/custom_msg_srv:/home/hossein/nav2_ws/install/nav2_gazebo_spawner:/home/hossein/nav2_ws/install/image_segmentation:/home/hossein/dev_ws/install/py_pubsub:/home/hossein/dev_ws/install/image_segmentation:/opt/ros/foxy PYTHONPATH=/home/hossein/navigation2_stack/install/nav2_common/lib/python3.8/site-packages:${PYTHONPATH} /usr/bin/cmake /home/hossein/navigation2_stack/navigation2/nav2_voxel_grid -DCMAKE_INSTALL_PREFIX=/home/hossein/navigation2_stack/install/nav2_voxel_grid
[2.580s] Invoking command in '/home/hossein/navigation2_stack/build/nav2_voxel_grid': AMENT_PREFIX_PATH=/home/hossein/navigation2_stack/install/nav2_common:${AMENT_PREFIX_PATH} CMAKE_PREFIX_PATH=/home/hossein/navigation2_stack/install/nav2_common:/home/hossein/turtlebot3_ws/install/turtlebot3_simulations:/home/hossein/turtlebot3_ws/install/turtlebot3_gazebo:/home/hossein/turtlebot3_ws/install/turtlebot3_fake_node:/home/hossein/nav2_ws/install/nav2_system_tests:/home/hossein/nav2_ws/install/nav2_bringup:/home/hossein/nav2_ws/install/navigation2:/home/hossein/nav2_ws/install/smac_planner:/home/hossein/nav2_ws/install/nav2_dwb_controller:/home/hossein/nav2_ws/install/nav2_controller:/home/hossein/nav2_ws/install/dwb_plugins:/home/hossein/nav2_ws/install/dwb_critics:/home/hossein/nav2_ws/install/dwb_core:/home/hossein/nav2_ws/install/nav_2d_utils:/home/hossein/nav2_ws/install/dwb_msgs:/home/hossein/nav2_ws/install/nav_2d_msgs:/home/hossein/nav2_ws/install/nav2_waypoint_follower:/home/hossein/nav2_ws/install/nav2_recoveries:/home/hossein/nav2_ws/install/nav2_planner:/home/hossein/nav2_ws/install/nav2_navfn_planner:/home/hossein/nav2_ws/install/nav2_gradient_costmap_plugin:/home/hossein/nav2_ws/install/nav2_core:/home/hossein/nav2_ws/install/costmap_queue:/home/hossein/nav2_ws/install/nav2_costmap_2d:/home/hossein/nav2_ws/install/nav2_voxel_grid:/home/hossein/nav2_ws/install/nav2_rviz_plugins:/home/hossein/nav2_ws/install/nav2_map_server:/home/hossein/nav2_ws/install/nav2_lifecycle_manager:/home/hossein/nav2_ws/install/nav2_bt_navigator:/home/hossein/nav2_ws/install/nav2_behavior_tree:/home/hossein/nav2_ws/install/nav2_amcl:/home/hossein/nav2_ws/install/nav2_util:/home/hossein/nav2_ws/install/nav2_msgs:/home/hossein/nav2_ws/install/nav2_common:/home/hossein/nav2_ws/install/custom_msg_srv:/home/hossein/dev_ws/install/vad_utils:/home/hossein/dev_ws/install/user_interface:/home/hossein/dev_ws/install/tf_publisher:/home/hossein/dev_ws/install/overhead_camera_service:/home/hossein/dev_ws/install/nf2:/home/hossein/dev_ws/install/global_planner:/home/hossein/dev_ws/install/custom_msg_srv:/home/hossein/nav2_ws/install/nav2_gazebo_spawner:/home/hossein/nav2_ws/install/image_segmentation:/home/hossein/dev_ws/install/py_pubsub:/home/hossein/dev_ws/install/image_segmentation:/opt/ros/foxy PYTHONPATH=/home/hossein/navigation2_stack/install/nav2_common/lib/python3.8/site-packages:${PYTHONPATH} /usr/bin/cmake --build /home/hossein/navigation2_stack/build/nav2_voxel_grid -- -j8 -l8
[2.696s] [35m[1mScanning dependencies of target voxel_grid[0m
[2.704s] [35m[1mScanning dependencies of target gtest_main[0m
[2.712s] [35m[1mScanning dependencies of target gtest[0m
[2.765s] [ 12%] [32mBuilding CXX object gtest/CMakeFiles/gtest.dir/src/gtest-all.cc.o[0m
[2.774s] [ 25%] [32mBuilding CXX object gtest/CMakeFiles/gtest_main.dir/src/gtest_main.cc.o[0m
[2.875s] [ 37%] [32mBuilding CXX object CMakeFiles/voxel_grid.dir/src/voxel_grid.cpp.o[0m
[4.546s] [ 50%] [32m[1mLinking CXX static library libgtest_main.a[0m
[4.800s] [ 50%] Built target gtest_main
[9.088s] [ 62%] [32m[1mLinking CXX shared library libvoxel_grid.so[0m
[9.340s] [ 62%] Built target voxel_grid
[15.268s] [ 75%] [32m[1mLinking CXX static library libgtest.a[0m
[15.339s] [ 75%] Built target gtest
[15.359s] [35m[1mScanning dependencies of target voxel_grid_tests[0m
[15.428s] [ 87%] [32mBuilding CXX object test/CMakeFiles/voxel_grid_tests.dir/voxel_grid_tests.cpp.o[0m
[21.166s] [100%] [32m[1mLinking CXX executable voxel_grid_tests[0m
[21.587s] [100%] Built target voxel_grid_tests
[21.631s] Invoked command in '/home/hossein/navigation2_stack/build/nav2_voxel_grid' returned '0': AMENT_PREFIX_PATH=/home/hossein/navigation2_stack/install/nav2_common:${AMENT_PREFIX_PATH} CMAKE_PREFIX_PATH=/home/hossein/navigation2_stack/install/nav2_common:/home/hossein/turtlebot3_ws/install/turtlebot3_simulations:/home/hossein/turtlebot3_ws/install/turtlebot3_gazebo:/home/hossein/turtlebot3_ws/install/turtlebot3_fake_node:/home/hossein/nav2_ws/install/nav2_system_tests:/home/hossein/nav2_ws/install/nav2_bringup:/home/hossein/nav2_ws/install/navigation2:/home/hossein/nav2_ws/install/smac_planner:/home/hossein/nav2_ws/install/nav2_dwb_controller:/home/hossein/nav2_ws/install/nav2_controller:/home/hossein/nav2_ws/install/dwb_plugins:/home/hossein/nav2_ws/install/dwb_critics:/home/hossein/nav2_ws/install/dwb_core:/home/hossein/nav2_ws/install/nav_2d_utils:/home/hossein/nav2_ws/install/dwb_msgs:/home/hossein/nav2_ws/install/nav_2d_msgs:/home/hossein/nav2_ws/install/nav2_waypoint_follower:/home/hossein/nav2_ws/install/nav2_recoveries:/home/hossein/nav2_ws/install/nav2_planner:/home/hossein/nav2_ws/install/nav2_navfn_planner:/home/hossein/nav2_ws/install/nav2_gradient_costmap_plugin:/home/hossein/nav2_ws/install/nav2_core:/home/hossein/nav2_ws/install/costmap_queue:/home/hossein/nav2_ws/install/nav2_costmap_2d:/home/hossein/nav2_ws/install/nav2_voxel_grid:/home/hossein/nav2_ws/install/nav2_rviz_plugins:/home/hossein/nav2_ws/install/nav2_map_server:/home/hossein/nav2_ws/install/nav2_lifecycle_manager:/home/hossein/nav2_ws/install/nav2_bt_navigator:/home/hossein/nav2_ws/install/nav2_behavior_tree:/home/hossein/nav2_ws/install/nav2_amcl:/home/hossein/nav2_ws/install/nav2_util:/home/hossein/nav2_ws/install/nav2_msgs:/home/hossein/nav2_ws/install/nav2_common:/home/hossein/nav2_ws/install/custom_msg_srv:/home/hossein/dev_ws/install/vad_utils:/home/hossein/dev_ws/install/user_interface:/home/hossein/dev_ws/install/tf_publisher:/home/hossein/dev_ws/install/overhead_camera_service:/home/hossein/dev_ws/install/nf2:/home/hossein/dev_ws/install/global_planner:/home/hossein/dev_ws/install/custom_msg_srv:/home/hossein/nav2_ws/install/nav2_gazebo_spawner:/home/hossein/nav2_ws/install/image_segmentation:/home/hossein/dev_ws/install/py_pubsub:/home/hossein/dev_ws/install/image_segmentation:/opt/ros/foxy PYTHONPATH=/home/hossein/navigation2_stack/install/nav2_common/lib/python3.8/site-packages:${PYTHONPATH} /usr/bin/cmake --build /home/hossein/navigation2_stack/build/nav2_voxel_grid -- -j8 -l8
[21.856s] Invoking command in '/home/hossein/navigation2_stack/build/nav2_voxel_grid': AMENT_PREFIX_PATH=/home/hossein/navigation2_stack/install/nav2_common:${AMENT_PREFIX_PATH} CMAKE_PREFIX_PATH=/home/hossein/navigation2_stack/install/nav2_common:/home/hossein/turtlebot3_ws/install/turtlebot3_simulations:/home/hossein/turtlebot3_ws/install/turtlebot3_gazebo:/home/hossein/turtlebot3_ws/install/turtlebot3_fake_node:/home/hossein/nav2_ws/install/nav2_system_tests:/home/hossein/nav2_ws/install/nav2_bringup:/home/hossein/nav2_ws/install/navigation2:/home/hossein/nav2_ws/install/smac_planner:/home/hossein/nav2_ws/install/nav2_dwb_controller:/home/hossein/nav2_ws/install/nav2_controller:/home/hossein/nav2_ws/install/dwb_plugins:/home/hossein/nav2_ws/install/dwb_critics:/home/hossein/nav2_ws/install/dwb_core:/home/hossein/nav2_ws/install/nav_2d_utils:/home/hossein/nav2_ws/install/dwb_msgs:/home/hossein/nav2_ws/install/nav_2d_msgs:/home/hossein/nav2_ws/install/nav2_waypoint_follower:/home/hossein/nav2_ws/install/nav2_recoveries:/home/hossein/nav2_ws/install/nav2_planner:/home/hossein/nav2_ws/install/nav2_navfn_planner:/home/hossein/nav2_ws/install/nav2_gradient_costmap_plugin:/home/hossein/nav2_ws/install/nav2_core:/home/hossein/nav2_ws/install/costmap_queue:/home/hossein/nav2_ws/install/nav2_costmap_2d:/home/hossein/nav2_ws/install/nav2_voxel_grid:/home/hossein/nav2_ws/install/nav2_rviz_plugins:/home/hossein/nav2_ws/install/nav2_map_server:/home/hossein/nav2_ws/install/nav2_lifecycle_manager:/home/hossein/nav2_ws/install/nav2_bt_navigator:/home/hossein/nav2_ws/install/nav2_behavior_tree:/home/hossein/nav2_ws/install/nav2_amcl:/home/hossein/nav2_ws/install/nav2_util:/home/hossein/nav2_ws/install/nav2_msgs:/home/hossein/nav2_ws/install/nav2_common:/home/hossein/nav2_ws/install/custom_msg_srv:/home/hossein/dev_ws/install/vad_utils:/home/hossein/dev_ws/install/user_interface:/home/hossein/dev_ws/install/tf_publisher:/home/hossein/dev_ws/install/overhead_camera_service:/home/hossein/dev_ws/install/nf2:/home/hossein/dev_ws/install/global_planner:/home/hossein/dev_ws/install/custom_msg_srv:/home/hossein/nav2_ws/install/nav2_gazebo_spawner:/home/hossein/nav2_ws/install/image_segmentation:/home/hossein/dev_ws/install/py_pubsub:/home/hossein/dev_ws/install/image_segmentation:/opt/ros/foxy PYTHONPATH=/home/hossein/navigation2_stack/install/nav2_common/lib/python3.8/site-packages:${PYTHONPATH} /usr/bin/cmake --install /home/hossein/navigation2_stack/build/nav2_voxel_grid
[21.879s] -- Install configuration: "Release"
[21.879s] -- Installing: /home/hossein/navigation2_stack/install/nav2_voxel_grid/lib/libvoxel_grid.so
[21.880s] -- Set runtime path of "/home/hossein/navigation2_stack/install/nav2_voxel_grid/lib/libvoxel_grid.so" to ""
[21.880s] -- Installing: /home/hossein/navigation2_stack/install/nav2_voxel_grid/include
[21.880s] -- Installing: /home/hossein/navigation2_stack/install/nav2_voxel_grid/include/nav2_voxel_grid
[21.880s] -- Installing: /home/hossein/navigation2_stack/install/nav2_voxel_grid/include/nav2_voxel_grid/voxel_grid.hpp
[21.881s] -- Installing: /home/hossein/navigation2_stack/install/nav2_voxel_grid/share/nav2_voxel_grid/environment/library_path.sh
[21.881s] -- Installing: /home/hossein/navigation2_stack/install/nav2_voxel_grid/share/nav2_voxel_grid/environment/library_path.dsv
[21.881s] -- Installing: /home/hossein/navigation2_stack/install/nav2_voxel_grid/share/ament_index/resource_index/package_run_dependencies/nav2_voxel_grid
[21.882s] -- Installing: /home/hossein/navigation2_stack/install/nav2_voxel_grid/share/ament_index/resource_index/parent_prefix_path/nav2_voxel_grid
[21.882s] -- Installing: /home/hossein/navigation2_stack/install/nav2_voxel_grid/share/nav2_voxel_grid/environment/ament_prefix_path.sh
[21.882s] -- Installing: /home/hossein/navigation2_stack/install/nav2_voxel_grid/share/nav2_voxel_grid/environment/ament_prefix_path.dsv
[21.882s] -- Installing: /home/hossein/navigation2_stack/install/nav2_voxel_grid/share/nav2_voxel_grid/environment/path.sh
[21.883s] -- Installing: /home/hossein/navigation2_stack/install/nav2_voxel_grid/share/nav2_voxel_grid/environment/path.dsv
[21.883s] -- Installing: /home/hossein/navigation2_stack/install/nav2_voxel_grid/share/nav2_voxel_grid/local_setup.bash
[21.883s] -- Installing: /home/hossein/navigation2_stack/install/nav2_voxel_grid/share/nav2_voxel_grid/local_setup.sh
[21.883s] -- Installing: /home/hossein/navigation2_stack/install/nav2_voxel_grid/share/nav2_voxel_grid/local_setup.zsh
[21.883s] -- Installing: /home/hossein/navigation2_stack/install/nav2_voxel_grid/share/nav2_voxel_grid/local_setup.dsv
[21.884s] -- Installing: /home/hossein/navigation2_stack/install/nav2_voxel_grid/share/nav2_voxel_grid/package.dsv
[21.889s] -- Installing: /home/hossein/navigation2_stack/install/nav2_voxel_grid/share/ament_index/resource_index/packages/nav2_voxel_grid
[21.889s] -- Installing: /home/hossein/navigation2_stack/install/nav2_voxel_grid/share/nav2_voxel_grid/cmake/ament_cmake_export_dependencies-extras.cmake
[21.889s] -- Installing: /home/hossein/navigation2_stack/install/nav2_voxel_grid/share/nav2_voxel_grid/cmake/ament_cmake_export_include_directories-extras.cmake
[21.890s] -- Installing: /home/hossein/navigation2_stack/install/nav2_voxel_grid/share/nav2_voxel_grid/cmake/ament_cmake_export_libraries-extras.cmake
[21.890s] -- Installing: /home/hossein/navigation2_stack/install/nav2_voxel_grid/share/nav2_voxel_grid/cmake/nav2_voxel_gridConfig.cmake
[21.890s] -- Installing: /home/hossein/navigation2_stack/install/nav2_voxel_grid/share/nav2_voxel_grid/cmake/nav2_voxel_gridConfig-version.cmake
[21.890s] -- Installing: /home/hossein/navigation2_stack/install/nav2_voxel_grid/share/nav2_voxel_grid/package.xml
[21.904s] Invoked command in '/home/hossein/navigation2_stack/build/nav2_voxel_grid' returned '0': AMENT_PREFIX_PATH=/home/hossein/navigation2_stack/install/nav2_common:${AMENT_PREFIX_PATH} CMAKE_PREFIX_PATH=/home/hossein/navigation2_stack/install/nav2_common:/home/hossein/turtlebot3_ws/install/turtlebot3_simulations:/home/hossein/turtlebot3_ws/install/turtlebot3_gazebo:/home/hossein/turtlebot3_ws/install/turtlebot3_fake_node:/home/hossein/nav2_ws/install/nav2_system_tests:/home/hossein/nav2_ws/install/nav2_bringup:/home/hossein/nav2_ws/install/navigation2:/home/hossein/nav2_ws/install/smac_planner:/home/hossein/nav2_ws/install/nav2_dwb_controller:/home/hossein/nav2_ws/install/nav2_controller:/home/hossein/nav2_ws/install/dwb_plugins:/home/hossein/nav2_ws/install/dwb_critics:/home/hossein/nav2_ws/install/dwb_core:/home/hossein/nav2_ws/install/nav_2d_utils:/home/hossein/nav2_ws/install/dwb_msgs:/home/hossein/nav2_ws/install/nav_2d_msgs:/home/hossein/nav2_ws/install/nav2_waypoint_follower:/home/hossein/nav2_ws/install/nav2_recoveries:/home/hossein/nav2_ws/install/nav2_planner:/home/hossein/nav2_ws/install/nav2_navfn_planner:/home/hossein/nav2_ws/install/nav2_gradient_costmap_plugin:/home/hossein/nav2_ws/install/nav2_core:/home/hossein/nav2_ws/install/costmap_queue:/home/hossein/nav2_ws/install/nav2_costmap_2d:/home/hossein/nav2_ws/install/nav2_voxel_grid:/home/hossein/nav2_ws/install/nav2_rviz_plugins:/home/hossein/nav2_ws/install/nav2_map_server:/home/hossein/nav2_ws/install/nav2_lifecycle_manager:/home/hossein/nav2_ws/install/nav2_bt_navigator:/home/hossein/nav2_ws/install/nav2_behavior_tree:/home/hossein/nav2_ws/install/nav2_amcl:/home/hossein/nav2_ws/install/nav2_util:/home/hossein/nav2_ws/install/nav2_msgs:/home/hossein/nav2_ws/install/nav2_common:/home/hossein/nav2_ws/install/custom_msg_srv:/home/hossein/dev_ws/install/vad_utils:/home/hossein/dev_ws/install/user_interface:/home/hossein/dev_ws/install/tf_publisher:/home/hossein/dev_ws/install/overhead_camera_service:/home/hossein/dev_ws/install/nf2:/home/hossein/dev_ws/install/global_planner:/home/hossein/dev_ws/install/custom_msg_srv:/home/hossein/nav2_ws/install/nav2_gazebo_spawner:/home/hossein/nav2_ws/install/image_segmentation:/home/hossein/dev_ws/install/py_pubsub:/home/hossein/dev_ws/install/image_segmentation:/opt/ros/foxy PYTHONPATH=/home/hossein/navigation2_stack/install/nav2_common/lib/python3.8/site-packages:${PYTHONPATH} /usr/bin/cmake --install /home/hossein/navigation2_stack/build/nav2_voxel_grid
