[0.390s] Invoking command in '/home/hossein/navigation2_stack/navigation2/nav2_bringup/nav2_gazebo_spawner': PYTHONPATH=/home/hossein/navigation2_stack/install/nav2_gazebo_spawner/lib/python3.8/site-packages:${PYTHONPATH} /usr/bin/python3 setup.py egg_info --egg-base ../../../build/nav2_gazebo_spawner build --build-base /home/hossein/navigation2_stack/build/nav2_gazebo_spawner/build install --prefix /home/hossein/navigation2_stack/install/nav2_gazebo_spawner --record /home/hossein/navigation2_stack/build/nav2_gazebo_spawner/install.log --single-version-externally-managed
[0.753s] running egg_info
[0.755s] creating ../../../build/nav2_gazebo_spawner/nav2_gazebo_spawner.egg-info
[0.755s] writing ../../../build/nav2_gazebo_spawner/nav2_gazebo_spawner.egg-info/PKG-INFO
[0.756s] writing dependency_links to ../../../build/nav2_gazebo_spawner/nav2_gazebo_spawner.egg-info/dependency_links.txt
[0.756s] writing entry points to ../../../build/nav2_gazebo_spawner/nav2_gazebo_spawner.egg-info/entry_points.txt
[0.756s] writing requirements to ../../../build/nav2_gazebo_spawner/nav2_gazebo_spawner.egg-info/requires.txt
[0.756s] writing top-level names to ../../../build/nav2_gazebo_spawner/nav2_gazebo_spawner.egg-info/top_level.txt
[0.759s] writing manifest file '../../../build/nav2_gazebo_spawner/nav2_gazebo_spawner.egg-info/SOURCES.txt'
[0.809s] reading manifest file '../../../build/nav2_gazebo_spawner/nav2_gazebo_spawner.egg-info/SOURCES.txt'
[0.810s] writing manifest file '../../../build/nav2_gazebo_spawner/nav2_gazebo_spawner.egg-info/SOURCES.txt'
[0.811s] running build
[0.811s] running build_py
[0.811s] creating /home/hossein/navigation2_stack/build/nav2_gazebo_spawner/build
[0.811s] creating /home/hossein/navigation2_stack/build/nav2_gazebo_spawner/build/lib
[0.811s] creating /home/hossein/navigation2_stack/build/nav2_gazebo_spawner/build/lib/nav2_gazebo_spawner
[0.811s] copying nav2_gazebo_spawner/nav2_gazebo_spawner.py -> /home/hossein/navigation2_stack/build/nav2_gazebo_spawner/build/lib/nav2_gazebo_spawner
[0.812s] copying nav2_gazebo_spawner/__init__.py -> /home/hossein/navigation2_stack/build/nav2_gazebo_spawner/build/lib/nav2_gazebo_spawner
[0.812s] running install
[0.816s] running install_lib
[0.816s] creating /home/hossein/navigation2_stack/install/nav2_gazebo_spawner/lib/python3.8/site-packages/nav2_gazebo_spawner
[0.816s] copying /home/hossein/navigation2_stack/build/nav2_gazebo_spawner/build/lib/nav2_gazebo_spawner/nav2_gazebo_spawner.py -> /home/hossein/navigation2_stack/install/nav2_gazebo_spawner/lib/python3.8/site-packages/nav2_gazebo_spawner
[0.817s] copying /home/hossein/navigation2_stack/build/nav2_gazebo_spawner/build/lib/nav2_gazebo_spawner/__init__.py -> /home/hossein/navigation2_stack/install/nav2_gazebo_spawner/lib/python3.8/site-packages/nav2_gazebo_spawner
[0.817s] byte-compiling /home/hossein/navigation2_stack/install/nav2_gazebo_spawner/lib/python3.8/site-packages/nav2_gazebo_spawner/nav2_gazebo_spawner.py to nav2_gazebo_spawner.cpython-38.pyc
[0.819s] byte-compiling /home/hossein/navigation2_stack/install/nav2_gazebo_spawner/lib/python3.8/site-packages/nav2_gazebo_spawner/__init__.py to __init__.cpython-38.pyc
[0.819s] running install_data
[0.819s] creating /home/hossein/navigation2_stack/install/nav2_gazebo_spawner/share/ament_index
[0.820s] creating /home/hossein/navigation2_stack/install/nav2_gazebo_spawner/share/ament_index/resource_index
[0.820s] creating /home/hossein/navigation2_stack/install/nav2_gazebo_spawner/share/ament_index/resource_index/packages
[0.820s] copying resource/nav2_gazebo_spawner -> /home/hossein/navigation2_stack/install/nav2_gazebo_spawner/share/ament_index/resource_index/packages
[0.820s] copying package.xml -> /home/hossein/navigation2_stack/install/nav2_gazebo_spawner/share/nav2_gazebo_spawner
[0.820s] running install_egg_info
[0.824s] Copying ../../../build/nav2_gazebo_spawner/nav2_gazebo_spawner.egg-info to /home/hossein/navigation2_stack/install/nav2_gazebo_spawner/lib/python3.8/site-packages/nav2_gazebo_spawner-0.3.0-py3.8.egg-info
[0.825s] running install_scripts
[0.861s] Installing nav2_gazebo_spawner script to /home/hossein/navigation2_stack/install/nav2_gazebo_spawner/lib/nav2_gazebo_spawner
[0.861s] writing list of installed files to '/home/hossein/navigation2_stack/build/nav2_gazebo_spawner/install.log'
[0.908s] Invoked command in '/home/hossein/navigation2_stack/navigation2/nav2_bringup/nav2_gazebo_spawner' returned '0': PYTHONPATH=/home/hossein/navigation2_stack/install/nav2_gazebo_spawner/lib/python3.8/site-packages:${PYTHONPATH} /usr/bin/python3 setup.py egg_info --egg-base ../../../build/nav2_gazebo_spawner build --build-base /home/hossein/navigation2_stack/build/nav2_gazebo_spawner/build install --prefix /home/hossein/navigation2_stack/install/nav2_gazebo_spawner --record /home/hossein/navigation2_stack/build/nav2_gazebo_spawner/install.log --single-version-externally-managed
