[0.106s] Invoking command in '/home/hossein/navigation2_stack/build/nav2_recoveries': AMENT_PREFIX_PATH=/home/hossein/navigation2_stack/install/nav2_core:/home/hossein/navigation2_stack/install/nav2_costmap_2d:/home/hossein/navigation2_stack/install/nav2_behavior_tree:/home/hossein/navigation2_stack/install/nav2_util:/home/hossein/navigation2_stack/install/nav2_voxel_grid:/home/hossein/navigation2_stack/install/nav2_msgs:/home/hossein/navigation2_stack/install/nav2_common:${AMENT_PREFIX_PATH} CMAKE_PREFIX_PATH=/home/hossein/navigation2_stack/install/nav2_core:/home/hossein/navigation2_stack/install/nav2_costmap_2d:/home/hossein/navigation2_stack/install/nav2_behavior_tree:/home/hossein/navigation2_stack/install/nav2_util:/home/hossein/navigation2_stack/install/nav2_voxel_grid:/home/hossein/navigation2_stack/install/nav2_msgs:/home/hossein/navigation2_stack/install/nav2_common:/home/hossein/turtlebot3_ws/install/turtlebot3_simulations:/home/hossein/turtlebot3_ws/install/turtlebot3_gazebo:/home/hossein/turtlebot3_ws/install/turtlebot3_fake_node:/home/hossein/dev_ws/install/vad_utils:/home/hossein/dev_ws/install/user_interface:/home/hossein/dev_ws/install/tf_publisher:/home/hossein/dev_ws/install/overhead_camera_service:/home/hossein/dev_ws/install/nf2:/home/hossein/dev_ws/install/global_planner:/home/hossein/dev_ws/install/custom_msg_srv:/home/hossein/dev_ws/install/py_pubsub:/home/hossein/dev_ws/install/image_segmentation:/opt/ros/foxy LD_LIBRARY_PATH=/home/hossein/navigation2_stack/install/nav2_costmap_2d/lib:/home/hossein/navigation2_stack/install/nav2_behavior_tree/lib:/home/hossein/navigation2_stack/install/nav2_util/lib:/home/hossein/navigation2_stack/install/nav2_voxel_grid/lib:/home/hossein/navigation2_stack/install/nav2_msgs/lib:${LD_LIBRARY_PATH} PYTHONPATH=/home/hossein/navigation2_stack/install/nav2_msgs/lib/python3.8/site-packages:/home/hossein/navigation2_stack/install/nav2_common/lib/python3.8/site-packages:${PYTHONPATH} /usr/bin/cmake --build /home/hossein/navigation2_stack/build/nav2_recoveries -- -j8 -l8
[0.404s] [ 12%] Built target gtest
[0.404s] [ 25%] Built target nav2_backup_recovery
[0.410s] [ 37%] Built target gtest_main
[0.411s] [ 50%] Built target nav2_wait_recovery
[0.412s] [ 62%] Built target recoveries_server_core
[0.437s] [ 75%] Built target nav2_spin_recovery
[0.526s] [ 87%] Built target recoveries_server
[0.544s] [100%] Built target test_recoveries
[0.582s] Invoked command in '/home/hossein/navigation2_stack/build/nav2_recoveries' returned '0': AMENT_PREFIX_PATH=/home/hossein/navigation2_stack/install/nav2_core:/home/hossein/navigation2_stack/install/nav2_costmap_2d:/home/hossein/navigation2_stack/install/nav2_behavior_tree:/home/hossein/navigation2_stack/install/nav2_util:/home/hossein/navigation2_stack/install/nav2_voxel_grid:/home/hossein/navigation2_stack/install/nav2_msgs:/home/hossein/navigation2_stack/install/nav2_common:${AMENT_PREFIX_PATH} CMAKE_PREFIX_PATH=/home/hossein/navigation2_stack/install/nav2_core:/home/hossein/navigation2_stack/install/nav2_costmap_2d:/home/hossein/navigation2_stack/install/nav2_behavior_tree:/home/hossein/navigation2_stack/install/nav2_util:/home/hossein/navigation2_stack/install/nav2_voxel_grid:/home/hossein/navigation2_stack/install/nav2_msgs:/home/hossein/navigation2_stack/install/nav2_common:/home/hossein/turtlebot3_ws/install/turtlebot3_simulations:/home/hossein/turtlebot3_ws/install/turtlebot3_gazebo:/home/hossein/turtlebot3_ws/install/turtlebot3_fake_node:/home/hossein/dev_ws/install/vad_utils:/home/hossein/dev_ws/install/user_interface:/home/hossein/dev_ws/install/tf_publisher:/home/hossein/dev_ws/install/overhead_camera_service:/home/hossein/dev_ws/install/nf2:/home/hossein/dev_ws/install/global_planner:/home/hossein/dev_ws/install/custom_msg_srv:/home/hossein/dev_ws/install/py_pubsub:/home/hossein/dev_ws/install/image_segmentation:/opt/ros/foxy LD_LIBRARY_PATH=/home/hossein/navigation2_stack/install/nav2_costmap_2d/lib:/home/hossein/navigation2_stack/install/nav2_behavior_tree/lib:/home/hossein/navigation2_stack/install/nav2_util/lib:/home/hossein/navigation2_stack/install/nav2_voxel_grid/lib:/home/hossein/navigation2_stack/install/nav2_msgs/lib:${LD_LIBRARY_PATH} PYTHONPATH=/home/hossein/navigation2_stack/install/nav2_msgs/lib/python3.8/site-packages:/home/hossein/navigation2_stack/install/nav2_common/lib/python3.8/site-packages:${PYTHONPATH} /usr/bin/cmake --build /home/hossein/navigation2_stack/build/nav2_recoveries -- -j8 -l8
[0.709s] Invoking command in '/home/hossein/navigation2_stack/build/nav2_recoveries': AMENT_PREFIX_PATH=/home/hossein/navigation2_stack/install/nav2_core:/home/hossein/navigation2_stack/install/nav2_costmap_2d:/home/hossein/navigation2_stack/install/nav2_behavior_tree:/home/hossein/navigation2_stack/install/nav2_util:/home/hossein/navigation2_stack/install/nav2_voxel_grid:/home/hossein/navigation2_stack/install/nav2_msgs:/home/hossein/navigation2_stack/install/nav2_common:${AMENT_PREFIX_PATH} CMAKE_PREFIX_PATH=/home/hossein/navigation2_stack/install/nav2_core:/home/hossein/navigation2_stack/install/nav2_costmap_2d:/home/hossein/navigation2_stack/install/nav2_behavior_tree:/home/hossein/navigation2_stack/install/nav2_util:/home/hossein/navigation2_stack/install/nav2_voxel_grid:/home/hossein/navigation2_stack/install/nav2_msgs:/home/hossein/navigation2_stack/install/nav2_common:/home/hossein/turtlebot3_ws/install/turtlebot3_simulations:/home/hossein/turtlebot3_ws/install/turtlebot3_gazebo:/home/hossein/turtlebot3_ws/install/turtlebot3_fake_node:/home/hossein/dev_ws/install/vad_utils:/home/hossein/dev_ws/install/user_interface:/home/hossein/dev_ws/install/tf_publisher:/home/hossein/dev_ws/install/overhead_camera_service:/home/hossein/dev_ws/install/nf2:/home/hossein/dev_ws/install/global_planner:/home/hossein/dev_ws/install/custom_msg_srv:/home/hossein/dev_ws/install/py_pubsub:/home/hossein/dev_ws/install/image_segmentation:/opt/ros/foxy LD_LIBRARY_PATH=/home/hossein/navigation2_stack/install/nav2_costmap_2d/lib:/home/hossein/navigation2_stack/install/nav2_behavior_tree/lib:/home/hossein/navigation2_stack/install/nav2_util/lib:/home/hossein/navigation2_stack/install/nav2_voxel_grid/lib:/home/hossein/navigation2_stack/install/nav2_msgs/lib:${LD_LIBRARY_PATH} PYTHONPATH=/home/hossein/navigation2_stack/install/nav2_msgs/lib/python3.8/site-packages:/home/hossein/navigation2_stack/install/nav2_common/lib/python3.8/site-packages:${PYTHONPATH} /usr/bin/cmake --install /home/hossein/navigation2_stack/build/nav2_recoveries
[0.730s] -- Install configuration: "Release"
[0.730s] -- Up-to-date: /home/hossein/navigation2_stack/install/nav2_recoveries/share/nav2_recoveries/recovery_plugin.xml
[0.730s] -- Up-to-date: /home/hossein/navigation2_stack/install/nav2_recoveries/lib/librecoveries_server_core.a
[0.738s] -- Up-to-date: /home/hossein/navigation2_stack/install/nav2_recoveries/lib/libnav2_backup_recovery.so
[0.738s] -- Up-to-date: /home/hossein/navigation2_stack/install/nav2_recoveries/lib/libnav2_spin_recovery.so
[0.738s] -- Up-to-date: /home/hossein/navigation2_stack/install/nav2_recoveries/lib/libnav2_wait_recovery.so
[0.739s] -- Up-to-date: /home/hossein/navigation2_stack/install/nav2_recoveries/lib/nav2_recoveries/recoveries_server
[0.739s] -- Up-to-date: /home/hossein/navigation2_stack/install/nav2_recoveries/include/
[0.740s] -- Up-to-date: /home/hossein/navigation2_stack/install/nav2_recoveries/include//nav2_recoveries
[0.740s] -- Up-to-date: /home/hossein/navigation2_stack/install/nav2_recoveries/include//nav2_recoveries/recovery_server.hpp
[0.740s] -- Up-to-date: /home/hossein/navigation2_stack/install/nav2_recoveries/include//nav2_recoveries/recovery.hpp
[0.740s] -- Up-to-date: /home/hossein/navigation2_stack/install/nav2_recoveries/share/nav2_recoveries/recovery_plugin.xml
[0.740s] -- Up-to-date: /home/hossein/navigation2_stack/install/nav2_recoveries/share/nav2_recoveries/environment/library_path.sh
[0.740s] -- Up-to-date: /home/hossein/navigation2_stack/install/nav2_recoveries/share/nav2_recoveries/environment/library_path.dsv
[0.740s] -- Up-to-date: /home/hossein/navigation2_stack/install/nav2_recoveries/share/ament_index/resource_index/package_run_dependencies/nav2_recoveries
[0.740s] -- Up-to-date: /home/hossein/navigation2_stack/install/nav2_recoveries/share/ament_index/resource_index/parent_prefix_path/nav2_recoveries
[0.741s] -- Up-to-date: /home/hossein/navigation2_stack/install/nav2_recoveries/share/nav2_recoveries/environment/ament_prefix_path.sh
[0.741s] -- Up-to-date: /home/hossein/navigation2_stack/install/nav2_recoveries/share/nav2_recoveries/environment/ament_prefix_path.dsv
[0.741s] -- Up-to-date: /home/hossein/navigation2_stack/install/nav2_recoveries/share/nav2_recoveries/environment/path.sh
[0.741s] -- Up-to-date: /home/hossein/navigation2_stack/install/nav2_recoveries/share/nav2_recoveries/environment/path.dsv
[0.741s] -- Up-to-date: /home/hossein/navigation2_stack/install/nav2_recoveries/share/nav2_recoveries/local_setup.bash
[0.741s] -- Up-to-date: /home/hossein/navigation2_stack/install/nav2_recoveries/share/nav2_recoveries/local_setup.sh
[0.742s] -- Up-to-date: /home/hossein/navigation2_stack/install/nav2_recoveries/share/nav2_recoveries/local_setup.zsh
[0.744s] -- Up-to-date: /home/hossein/navigation2_stack/install/nav2_recoveries/share/nav2_recoveries/local_setup.dsv
[0.744s] -- Installing: /home/hossein/navigation2_stack/install/nav2_recoveries/share/nav2_recoveries/package.dsv
[0.744s] -- Up-to-date: /home/hossein/navigation2_stack/install/nav2_recoveries/share/ament_index/resource_index/packages/nav2_recoveries
[0.744s] -- Up-to-date: /home/hossein/navigation2_stack/install/nav2_recoveries/share/ament_index/resource_index/nav2_core__pluginlib__plugin/nav2_recoveries
[0.744s] -- Up-to-date: /home/hossein/navigation2_stack/install/nav2_recoveries/share/nav2_recoveries/cmake/ament_cmake_export_include_directories-extras.cmake
[0.744s] -- Up-to-date: /home/hossein/navigation2_stack/install/nav2_recoveries/share/nav2_recoveries/cmake/ament_cmake_export_libraries-extras.cmake
[0.744s] -- Up-to-date: /home/hossein/navigation2_stack/install/nav2_recoveries/share/nav2_recoveries/cmake/nav2_recoveriesConfig.cmake
[0.745s] -- Up-to-date: /home/hossein/navigation2_stack/install/nav2_recoveries/share/nav2_recoveries/cmake/nav2_recoveriesConfig-version.cmake
[0.745s] -- Up-to-date: /home/hossein/navigation2_stack/install/nav2_recoveries/share/nav2_recoveries/package.xml
[0.807s] Invoked command in '/home/hossein/navigation2_stack/build/nav2_recoveries' returned '0': AMENT_PREFIX_PATH=/home/hossein/navigation2_stack/install/nav2_core:/home/hossein/navigation2_stack/install/nav2_costmap_2d:/home/hossein/navigation2_stack/install/nav2_behavior_tree:/home/hossein/navigation2_stack/install/nav2_util:/home/hossein/navigation2_stack/install/nav2_voxel_grid:/home/hossein/navigation2_stack/install/nav2_msgs:/home/hossein/navigation2_stack/install/nav2_common:${AMENT_PREFIX_PATH} CMAKE_PREFIX_PATH=/home/hossein/navigation2_stack/install/nav2_core:/home/hossein/navigation2_stack/install/nav2_costmap_2d:/home/hossein/navigation2_stack/install/nav2_behavior_tree:/home/hossein/navigation2_stack/install/nav2_util:/home/hossein/navigation2_stack/install/nav2_voxel_grid:/home/hossein/navigation2_stack/install/nav2_msgs:/home/hossein/navigation2_stack/install/nav2_common:/home/hossein/turtlebot3_ws/install/turtlebot3_simulations:/home/hossein/turtlebot3_ws/install/turtlebot3_gazebo:/home/hossein/turtlebot3_ws/install/turtlebot3_fake_node:/home/hossein/dev_ws/install/vad_utils:/home/hossein/dev_ws/install/user_interface:/home/hossein/dev_ws/install/tf_publisher:/home/hossein/dev_ws/install/overhead_camera_service:/home/hossein/dev_ws/install/nf2:/home/hossein/dev_ws/install/global_planner:/home/hossein/dev_ws/install/custom_msg_srv:/home/hossein/dev_ws/install/py_pubsub:/home/hossein/dev_ws/install/image_segmentation:/opt/ros/foxy LD_LIBRARY_PATH=/home/hossein/navigation2_stack/install/nav2_costmap_2d/lib:/home/hossein/navigation2_stack/install/nav2_behavior_tree/lib:/home/hossein/navigation2_stack/install/nav2_util/lib:/home/hossein/navigation2_stack/install/nav2_voxel_grid/lib:/home/hossein/navigation2_stack/install/nav2_msgs/lib:${LD_LIBRARY_PATH} PYTHONPATH=/home/hossein/navigation2_stack/install/nav2_msgs/lib/python3.8/site-packages:/home/hossein/navigation2_stack/install/nav2_common/lib/python3.8/site-packages:${PYTHONPATH} /usr/bin/cmake --install /home/hossein/navigation2_stack/build/nav2_recoveries
