[0.058s] Invoking command in '/home/hossein/navigation2_stack/build/nav_2d_msgs': CMAKE_PREFIX_PATH=${CMAKE_PREFIX_PATH}:/home/hossein/dev_ws/install/py_pubsub:/home/hossein/dev_ws/install/image_segmentation:/opt/ros/foxy /usr/bin/cmake --build /home/hossein/navigation2_stack/build/nav_2d_msgs -- -j8 -l8
[0.671s] [  1%] Built target nav_2d_msgs__cpp
[0.672s] [ 12%] Built target nav_2d_msgs__rosidl_generator_c
[0.672s] [ 23%] Built target nav_2d_msgs__rosidl_typesupport_fastrtps_cpp
[0.673s] [ 35%] Built target nav_2d_msgs__rosidl_typesupport_cpp
[0.674s] [ 46%] Built target nav_2d_msgs__rosidl_typesupport_c
[0.674s] [ 57%] Built target nav_2d_msgs__rosidl_typesupport_introspection_cpp
[0.675s] [ 69%] Built target nav_2d_msgs__rosidl_typesupport_introspection_c
[0.676s] [ 80%] Built target nav_2d_msgs__rosidl_typesupport_fastrtps_c
[0.677s] [ 80%] Built target nav_2d_msgs
[0.678s] [ 81%] Built target nav_2d_msgs__py
[0.680s] [ 91%] Built target nav_2d_msgs__python
[0.681s] [ 94%] Built target nav_2d_msgs__rosidl_typesupport_fastrtps_c__pyext
[0.681s] [ 97%] Built target nav_2d_msgs__rosidl_typesupport_introspection_c__pyext
[0.681s] [100%] Built target nav_2d_msgs__rosidl_typesupport_c__pyext
[0.693s] Invoked command in '/home/hossein/navigation2_stack/build/nav_2d_msgs' returned '0': CMAKE_PREFIX_PATH=${CMAKE_PREFIX_PATH}:/home/hossein/dev_ws/install/py_pubsub:/home/hossein/dev_ws/install/image_segmentation:/opt/ros/foxy /usr/bin/cmake --build /home/hossein/navigation2_stack/build/nav_2d_msgs -- -j8 -l8
[1.062s] Invoking command in '/home/hossein/navigation2_stack/build/nav_2d_msgs': CMAKE_PREFIX_PATH=${CMAKE_PREFIX_PATH}:/home/hossein/dev_ws/install/py_pubsub:/home/hossein/dev_ws/install/image_segmentation:/opt/ros/foxy /usr/bin/cmake --install /home/hossein/navigation2_stack/build/nav_2d_msgs
[1.094s] -- Install configuration: ""
[1.095s] -- Up-to-date: /home/hossein/navigation2_stack/install/nav_2d_msgs/share/ament_index/resource_index/rosidl_interfaces/nav_2d_msgs
[1.095s] -- Up-to-date: /home/hossein/navigation2_stack/install/nav_2d_msgs/include/nav_2d_msgs
[1.095s] -- Up-to-date: /home/hossein/navigation2_stack/install/nav_2d_msgs/include/nav_2d_msgs/msg
[1.096s] -- Up-to-date: /home/hossein/navigation2_stack/install/nav_2d_msgs/include/nav_2d_msgs/msg/twist2_d_stamped.h
[1.096s] -- Up-to-date: /home/hossein/navigation2_stack/install/nav_2d_msgs/include/nav_2d_msgs/msg/rosidl_generator_c__visibility_control.h
[1.096s] -- Up-to-date: /home/hossein/navigation2_stack/install/nav_2d_msgs/include/nav_2d_msgs/msg/detail
[1.096s] -- Up-to-date: /home/hossein/navigation2_stack/install/nav_2d_msgs/include/nav_2d_msgs/msg/detail/twist2_d__type_support.h
[1.096s] -- Up-to-date: /home/hossein/navigation2_stack/install/nav_2d_msgs/include/nav_2d_msgs/msg/detail/pose2_d32__functions.c
[1.096s] -- Up-to-date: /home/hossein/navigation2_stack/install/nav_2d_msgs/include/nav_2d_msgs/msg/detail/pose2_d32__functions.h
[1.097s] -- Up-to-date: /home/hossein/navigation2_stack/install/nav_2d_msgs/include/nav_2d_msgs/msg/detail/twist2_d32__struct.h
[1.097s] -- Up-to-date: /home/hossein/navigation2_stack/install/nav_2d_msgs/include/nav_2d_msgs/msg/detail/twist2_d_stamped__type_support.h
[1.097s] -- Up-to-date: /home/hossein/navigation2_stack/install/nav_2d_msgs/include/nav_2d_msgs/msg/detail/twist2_d_stamped__struct.h
[1.097s] -- Up-to-date: /home/hossein/navigation2_stack/install/nav_2d_msgs/include/nav_2d_msgs/msg/detail/twist2_d__struct.h
[1.097s] -- Up-to-date: /home/hossein/navigation2_stack/install/nav_2d_msgs/include/nav_2d_msgs/msg/detail/pose2_d_stamped__type_support.h
[1.097s] -- Up-to-date: /home/hossein/navigation2_stack/install/nav_2d_msgs/include/nav_2d_msgs/msg/detail/twist2_d32__functions.c
[1.097s] -- Up-to-date: /home/hossein/navigation2_stack/install/nav_2d_msgs/include/nav_2d_msgs/msg/detail/path2_d__functions.h
[1.098s] -- Up-to-date: /home/hossein/navigation2_stack/install/nav_2d_msgs/include/nav_2d_msgs/msg/detail/pose2_d32__struct.h
[1.098s] -- Up-to-date: /home/hossein/navigation2_stack/install/nav_2d_msgs/include/nav_2d_msgs/msg/detail/pose2_d_stamped__functions.c
[1.098s] -- Up-to-date: /home/hossein/navigation2_stack/install/nav_2d_msgs/include/nav_2d_msgs/msg/detail/pose2_d32__type_support.h
[1.098s] -- Up-to-date: /home/hossein/navigation2_stack/install/nav_2d_msgs/include/nav_2d_msgs/msg/detail/path2_d__functions.c
[1.098s] -- Up-to-date: /home/hossein/navigation2_stack/install/nav_2d_msgs/include/nav_2d_msgs/msg/detail/pose2_d_stamped__struct.h
[1.098s] -- Up-to-date: /home/hossein/navigation2_stack/install/nav_2d_msgs/include/nav_2d_msgs/msg/detail/path2_d__struct.h
[1.098s] -- Up-to-date: /home/hossein/navigation2_stack/install/nav_2d_msgs/include/nav_2d_msgs/msg/detail/twist2_d__functions.c
[1.099s] -- Up-to-date: /home/hossein/navigation2_stack/install/nav_2d_msgs/include/nav_2d_msgs/msg/detail/twist2_d32__type_support.h
[1.099s] -- Up-to-date: /home/hossein/navigation2_stack/install/nav_2d_msgs/include/nav_2d_msgs/msg/detail/twist2_d32__functions.h
[1.099s] -- Up-to-date: /home/hossein/navigation2_stack/install/nav_2d_msgs/include/nav_2d_msgs/msg/detail/path2_d__type_support.h
[1.099s] -- Up-to-date: /home/hossein/navigation2_stack/install/nav_2d_msgs/include/nav_2d_msgs/msg/detail/twist2_d_stamped__functions.c
[1.100s] -- Up-to-date: /home/hossein/navigation2_stack/install/nav_2d_msgs/include/nav_2d_msgs/msg/detail/twist2_d__functions.h
[1.100s] -- Up-to-date: /home/hossein/navigation2_stack/install/nav_2d_msgs/include/nav_2d_msgs/msg/detail/twist2_d_stamped__functions.h
[1.100s] -- Up-to-date: /home/hossein/navigation2_stack/install/nav_2d_msgs/include/nav_2d_msgs/msg/detail/pose2_d_stamped__functions.h
[1.100s] -- Up-to-date: /home/hossein/navigation2_stack/install/nav_2d_msgs/include/nav_2d_msgs/msg/pose2_d32.h
[1.101s] -- Up-to-date: /home/hossein/navigation2_stack/install/nav_2d_msgs/include/nav_2d_msgs/msg/path2_d.h
[1.101s] -- Up-to-date: /home/hossein/navigation2_stack/install/nav_2d_msgs/include/nav_2d_msgs/msg/twist2_d.h
[1.101s] -- Up-to-date: /home/hossein/navigation2_stack/install/nav_2d_msgs/include/nav_2d_msgs/msg/pose2_d_stamped.h
[1.101s] -- Up-to-date: /home/hossein/navigation2_stack/install/nav_2d_msgs/include/nav_2d_msgs/msg/twist2_d32.h
[1.101s] -- Up-to-date: /home/hossein/navigation2_stack/install/nav_2d_msgs/share/nav_2d_msgs/environment/library_path.sh
[1.101s] -- Up-to-date: /home/hossein/navigation2_stack/install/nav_2d_msgs/share/nav_2d_msgs/environment/library_path.dsv
[1.102s] -- Up-to-date: /home/hossein/navigation2_stack/install/nav_2d_msgs/lib/libnav_2d_msgs__rosidl_generator_c.so
[1.102s] -- Up-to-date: /home/hossein/navigation2_stack/install/nav_2d_msgs/include/nav_2d_msgs
[1.102s] -- Up-to-date: /home/hossein/navigation2_stack/install/nav_2d_msgs/include/nav_2d_msgs/msg
[1.102s] -- Up-to-date: /home/hossein/navigation2_stack/install/nav_2d_msgs/include/nav_2d_msgs/msg/rosidl_typesupport_fastrtps_c__visibility_control.h
[1.102s] -- Up-to-date: /home/hossein/navigation2_stack/install/nav_2d_msgs/include/nav_2d_msgs/msg/detail
[1.102s] -- Up-to-date: /home/hossein/navigation2_stack/install/nav_2d_msgs/include/nav_2d_msgs/msg/detail/path2_d__rosidl_typesupport_fastrtps_c.h
[1.103s] -- Up-to-date: /home/hossein/navigation2_stack/install/nav_2d_msgs/include/nav_2d_msgs/msg/detail/twist2_d_stamped__rosidl_typesupport_fastrtps_c.h
[1.103s] -- Up-to-date: /home/hossein/navigation2_stack/install/nav_2d_msgs/include/nav_2d_msgs/msg/detail/pose2_d_stamped__rosidl_typesupport_fastrtps_c.h
[1.103s] -- Up-to-date: /home/hossein/navigation2_stack/install/nav_2d_msgs/include/nav_2d_msgs/msg/detail/twist2_d32__rosidl_typesupport_fastrtps_c.h
[1.103s] -- Up-to-date: /home/hossein/navigation2_stack/install/nav_2d_msgs/include/nav_2d_msgs/msg/detail/pose2_d32__rosidl_typesupport_fastrtps_c.h
[1.104s] -- Up-to-date: /home/hossein/navigation2_stack/install/nav_2d_msgs/include/nav_2d_msgs/msg/detail/twist2_d__rosidl_typesupport_fastrtps_c.h
[1.104s] -- Up-to-date: /home/hossein/navigation2_stack/install/nav_2d_msgs/lib/libnav_2d_msgs__rosidl_typesupport_fastrtps_c.so
[1.104s] -- Up-to-date: /home/hossein/navigation2_stack/install/nav_2d_msgs/include/nav_2d_msgs
[1.104s] -- Up-to-date: /home/hossein/navigation2_stack/install/nav_2d_msgs/include/nav_2d_msgs/msg
[1.104s] -- Up-to-date: /home/hossein/navigation2_stack/install/nav_2d_msgs/include/nav_2d_msgs/msg/detail
[1.104s] -- Up-to-date: /home/hossein/navigation2_stack/install/nav_2d_msgs/include/nav_2d_msgs/msg/detail/twist2_d__rosidl_typesupport_fastrtps_cpp.hpp
[1.105s] -- Up-to-date: /home/hossein/navigation2_stack/install/nav_2d_msgs/include/nav_2d_msgs/msg/detail/pose2_d_stamped__rosidl_typesupport_fastrtps_cpp.hpp
[1.105s] -- Up-to-date: /home/hossein/navigation2_stack/install/nav_2d_msgs/include/nav_2d_msgs/msg/detail/path2_d__rosidl_typesupport_fastrtps_cpp.hpp
[1.105s] -- Up-to-date: /home/hossein/navigation2_stack/install/nav_2d_msgs/include/nav_2d_msgs/msg/detail/twist2_d32__rosidl_typesupport_fastrtps_cpp.hpp
[1.105s] -- Up-to-date: /home/hossein/navigation2_stack/install/nav_2d_msgs/include/nav_2d_msgs/msg/detail/dds_fastrtps
[1.106s] -- Up-to-date: /home/hossein/navigation2_stack/install/nav_2d_msgs/include/nav_2d_msgs/msg/detail/pose2_d32__rosidl_typesupport_fastrtps_cpp.hpp
[1.106s] -- Up-to-date: /home/hossein/navigation2_stack/install/nav_2d_msgs/include/nav_2d_msgs/msg/detail/twist2_d_stamped__rosidl_typesupport_fastrtps_cpp.hpp
[1.106s] -- Up-to-date: /home/hossein/navigation2_stack/install/nav_2d_msgs/include/nav_2d_msgs/msg/rosidl_typesupport_fastrtps_cpp__visibility_control.h
[1.106s] -- Up-to-date: /home/hossein/navigation2_stack/install/nav_2d_msgs/lib/libnav_2d_msgs__rosidl_typesupport_fastrtps_cpp.so
[1.106s] -- Up-to-date: /home/hossein/navigation2_stack/install/nav_2d_msgs/include/nav_2d_msgs
[1.106s] -- Up-to-date: /home/hossein/navigation2_stack/install/nav_2d_msgs/include/nav_2d_msgs/msg
[1.107s] -- Up-to-date: /home/hossein/navigation2_stack/install/nav_2d_msgs/include/nav_2d_msgs/msg/detail
[1.107s] -- Up-to-date: /home/hossein/navigation2_stack/install/nav_2d_msgs/include/nav_2d_msgs/msg/detail/pose2_d_stamped__rosidl_typesupport_introspection_c.h
[1.107s] -- Up-to-date: /home/hossein/navigation2_stack/install/nav_2d_msgs/include/nav_2d_msgs/msg/detail/path2_d__type_support.c
[1.107s] -- Up-to-date: /home/hossein/navigation2_stack/install/nav_2d_msgs/include/nav_2d_msgs/msg/detail/twist2_d32__type_support.c
[1.107s] -- Up-to-date: /home/hossein/navigation2_stack/install/nav_2d_msgs/include/nav_2d_msgs/msg/detail/pose2_d32__rosidl_typesupport_introspection_c.h
[1.107s] -- Up-to-date: /home/hossein/navigation2_stack/install/nav_2d_msgs/include/nav_2d_msgs/msg/detail/twist2_d__type_support.c
[1.107s] -- Up-to-date: /home/hossein/navigation2_stack/install/nav_2d_msgs/include/nav_2d_msgs/msg/detail/twist2_d_stamped__rosidl_typesupport_introspection_c.h
[1.108s] -- Up-to-date: /home/hossein/navigation2_stack/install/nav_2d_msgs/include/nav_2d_msgs/msg/detail/twist2_d_stamped__type_support.c
[1.108s] -- Up-to-date: /home/hossein/navigation2_stack/install/nav_2d_msgs/include/nav_2d_msgs/msg/detail/twist2_d32__rosidl_typesupport_introspection_c.h
[1.108s] -- Up-to-date: /home/hossein/navigation2_stack/install/nav_2d_msgs/include/nav_2d_msgs/msg/detail/twist2_d__rosidl_typesupport_introspection_c.h
[1.108s] -- Up-to-date: /home/hossein/navigation2_stack/install/nav_2d_msgs/include/nav_2d_msgs/msg/detail/pose2_d32__type_support.c
[1.108s] -- Up-to-date: /home/hossein/navigation2_stack/install/nav_2d_msgs/include/nav_2d_msgs/msg/detail/path2_d__rosidl_typesupport_introspection_c.h
[1.108s] -- Up-to-date: /home/hossein/navigation2_stack/install/nav_2d_msgs/include/nav_2d_msgs/msg/detail/pose2_d_stamped__type_support.c
[1.108s] -- Up-to-date: /home/hossein/navigation2_stack/install/nav_2d_msgs/include/nav_2d_msgs/msg/rosidl_typesupport_introspection_c__visibility_control.h
[1.109s] -- Up-to-date: /home/hossein/navigation2_stack/install/nav_2d_msgs/lib/libnav_2d_msgs__rosidl_typesupport_introspection_c.so
[1.109s] -- Up-to-date: /home/hossein/navigation2_stack/install/nav_2d_msgs/lib/libnav_2d_msgs__rosidl_typesupport_c.so
[1.109s] -- Up-to-date: /home/hossein/navigation2_stack/install/nav_2d_msgs/include/nav_2d_msgs
[1.109s] -- Up-to-date: /home/hossein/navigation2_stack/install/nav_2d_msgs/include/nav_2d_msgs/msg
[1.109s] -- Up-to-date: /home/hossein/navigation2_stack/install/nav_2d_msgs/include/nav_2d_msgs/msg/pose2_d32.hpp
[1.109s] -- Up-to-date: /home/hossein/navigation2_stack/install/nav_2d_msgs/include/nav_2d_msgs/msg/twist2_d.hpp
[1.110s] -- Up-to-date: /home/hossein/navigation2_stack/install/nav_2d_msgs/include/nav_2d_msgs/msg/twist2_d_stamped.hpp
[1.110s] -- Up-to-date: /home/hossein/navigation2_stack/install/nav_2d_msgs/include/nav_2d_msgs/msg/detail
[1.110s] -- Up-to-date: /home/hossein/navigation2_stack/install/nav_2d_msgs/include/nav_2d_msgs/msg/detail/path2_d__struct.hpp
[1.110s] -- Up-to-date: /home/hossein/navigation2_stack/install/nav_2d_msgs/include/nav_2d_msgs/msg/detail/path2_d__builder.hpp
[1.110s] -- Up-to-date: /home/hossein/navigation2_stack/install/nav_2d_msgs/include/nav_2d_msgs/msg/detail/twist2_d32__traits.hpp
[1.110s] -- Up-to-date: /home/hossein/navigation2_stack/install/nav_2d_msgs/include/nav_2d_msgs/msg/detail/pose2_d_stamped__builder.hpp
[1.111s] -- Up-to-date: /home/hossein/navigation2_stack/install/nav_2d_msgs/include/nav_2d_msgs/msg/detail/pose2_d_stamped__struct.hpp
[1.111s] -- Up-to-date: /home/hossein/navigation2_stack/install/nav_2d_msgs/include/nav_2d_msgs/msg/detail/pose2_d_stamped__traits.hpp
[1.111s] -- Up-to-date: /home/hossein/navigation2_stack/install/nav_2d_msgs/include/nav_2d_msgs/msg/detail/twist2_d__struct.hpp
[1.111s] -- Up-to-date: /home/hossein/navigation2_stack/install/nav_2d_msgs/include/nav_2d_msgs/msg/detail/pose2_d32__struct.hpp
[1.111s] -- Up-to-date: /home/hossein/navigation2_stack/install/nav_2d_msgs/include/nav_2d_msgs/msg/detail/twist2_d_stamped__traits.hpp
[1.112s] -- Up-to-date: /home/hossein/navigation2_stack/install/nav_2d_msgs/include/nav_2d_msgs/msg/detail/twist2_d32__struct.hpp
[1.112s] -- Up-to-date: /home/hossein/navigation2_stack/install/nav_2d_msgs/include/nav_2d_msgs/msg/detail/pose2_d32__traits.hpp
[1.112s] -- Up-to-date: /home/hossein/navigation2_stack/install/nav_2d_msgs/include/nav_2d_msgs/msg/detail/twist2_d__builder.hpp
[1.112s] -- Up-to-date: /home/hossein/navigation2_stack/install/nav_2d_msgs/include/nav_2d_msgs/msg/detail/twist2_d32__builder.hpp
[1.112s] -- Up-to-date: /home/hossein/navigation2_stack/install/nav_2d_msgs/include/nav_2d_msgs/msg/detail/twist2_d_stamped__builder.hpp
[1.112s] -- Up-to-date: /home/hossein/navigation2_stack/install/nav_2d_msgs/include/nav_2d_msgs/msg/detail/twist2_d__traits.hpp
[1.113s] -- Up-to-date: /home/hossein/navigation2_stack/install/nav_2d_msgs/include/nav_2d_msgs/msg/detail/pose2_d32__builder.hpp
[1.113s] -- Up-to-date: /home/hossein/navigation2_stack/install/nav_2d_msgs/include/nav_2d_msgs/msg/detail/twist2_d_stamped__struct.hpp
[1.113s] -- Up-to-date: /home/hossein/navigation2_stack/install/nav_2d_msgs/include/nav_2d_msgs/msg/detail/path2_d__traits.hpp
[1.113s] -- Up-to-date: /home/hossein/navigation2_stack/install/nav_2d_msgs/include/nav_2d_msgs/msg/path2_d.hpp
[1.113s] -- Up-to-date: /home/hossein/navigation2_stack/install/nav_2d_msgs/include/nav_2d_msgs/msg/twist2_d32.hpp
[1.113s] -- Up-to-date: /home/hossein/navigation2_stack/install/nav_2d_msgs/include/nav_2d_msgs/msg/pose2_d_stamped.hpp
[1.113s] -- Up-to-date: /home/hossein/navigation2_stack/install/nav_2d_msgs/include/nav_2d_msgs
[1.114s] -- Up-to-date: /home/hossein/navigation2_stack/install/nav_2d_msgs/include/nav_2d_msgs/msg
[1.114s] -- Up-to-date: /home/hossein/navigation2_stack/install/nav_2d_msgs/include/nav_2d_msgs/msg/detail
[1.114s] -- Up-to-date: /home/hossein/navigation2_stack/install/nav_2d_msgs/include/nav_2d_msgs/msg/detail/pose2_d32__rosidl_typesupport_introspection_cpp.hpp
[1.114s] -- Up-to-date: /home/hossein/navigation2_stack/install/nav_2d_msgs/include/nav_2d_msgs/msg/detail/twist2_d__type_support.cpp
[1.114s] -- Up-to-date: /home/hossein/navigation2_stack/install/nav_2d_msgs/include/nav_2d_msgs/msg/detail/pose2_d_stamped__rosidl_typesupport_introspection_cpp.hpp
[1.115s] -- Up-to-date: /home/hossein/navigation2_stack/install/nav_2d_msgs/include/nav_2d_msgs/msg/detail/path2_d__type_support.cpp
[1.115s] -- Up-to-date: /home/hossein/navigation2_stack/install/nav_2d_msgs/include/nav_2d_msgs/msg/detail/pose2_d32__type_support.cpp
[1.115s] -- Up-to-date: /home/hossein/navigation2_stack/install/nav_2d_msgs/include/nav_2d_msgs/msg/detail/twist2_d32__rosidl_typesupport_introspection_cpp.hpp
[1.115s] -- Up-to-date: /home/hossein/navigation2_stack/install/nav_2d_msgs/include/nav_2d_msgs/msg/detail/pose2_d_stamped__type_support.cpp
[1.115s] -- Up-to-date: /home/hossein/navigation2_stack/install/nav_2d_msgs/include/nav_2d_msgs/msg/detail/path2_d__rosidl_typesupport_introspection_cpp.hpp
[1.116s] -- Up-to-date: /home/hossein/navigation2_stack/install/nav_2d_msgs/include/nav_2d_msgs/msg/detail/twist2_d_stamped__type_support.cpp
[1.116s] -- Up-to-date: /home/hossein/navigation2_stack/install/nav_2d_msgs/include/nav_2d_msgs/msg/detail/twist2_d__rosidl_typesupport_introspection_cpp.hpp
[1.116s] -- Up-to-date: /home/hossein/navigation2_stack/install/nav_2d_msgs/include/nav_2d_msgs/msg/detail/twist2_d32__type_support.cpp
[1.116s] -- Up-to-date: /home/hossein/navigation2_stack/install/nav_2d_msgs/include/nav_2d_msgs/msg/detail/twist2_d_stamped__rosidl_typesupport_introspection_cpp.hpp
[1.116s] -- Up-to-date: /home/hossein/navigation2_stack/install/nav_2d_msgs/lib/libnav_2d_msgs__rosidl_typesupport_introspection_cpp.so
[1.116s] -- Up-to-date: /home/hossein/navigation2_stack/install/nav_2d_msgs/lib/libnav_2d_msgs__rosidl_typesupport_cpp.so
[1.116s] -- Up-to-date: /home/hossein/navigation2_stack/install/nav_2d_msgs/share/nav_2d_msgs/environment/pythonpath.sh
[1.117s] -- Up-to-date: /home/hossein/navigation2_stack/install/nav_2d_msgs/share/nav_2d_msgs/environment/pythonpath.dsv
[1.117s] -- Up-to-date: /home/hossein/navigation2_stack/install/nav_2d_msgs/lib/python3.8/site-packages/nav_2d_msgs/__init__.py
[1.175s] -- Up-to-date: /home/hossein/navigation2_stack/install/nav_2d_msgs/lib/python3.8/site-packages/nav_2d_msgs/msg
[1.175s] -- Up-to-date: /home/hossein/navigation2_stack/install/nav_2d_msgs/lib/python3.8/site-packages/nav_2d_msgs/msg/_pose2_d_stamped_s.c
[1.175s] -- Up-to-date: /home/hossein/navigation2_stack/install/nav_2d_msgs/lib/python3.8/site-packages/nav_2d_msgs/msg/_pose2_d32.py
[1.175s] -- Up-to-date: /home/hossein/navigation2_stack/install/nav_2d_msgs/lib/python3.8/site-packages/nav_2d_msgs/msg/_twist2_d.py
[1.175s] -- Up-to-date: /home/hossein/navigation2_stack/install/nav_2d_msgs/lib/python3.8/site-packages/nav_2d_msgs/msg/_pose2_d32_s.c
[1.175s] -- Up-to-date: /home/hossein/navigation2_stack/install/nav_2d_msgs/lib/python3.8/site-packages/nav_2d_msgs/msg/_twist2_d_s.c
[1.175s] -- Up-to-date: /home/hossein/navigation2_stack/install/nav_2d_msgs/lib/python3.8/site-packages/nav_2d_msgs/msg/_twist2_d_stamped_s.c
[1.176s] -- Up-to-date: /home/hossein/navigation2_stack/install/nav_2d_msgs/lib/python3.8/site-packages/nav_2d_msgs/msg/_twist2_d_stamped.py
[1.176s] -- Up-to-date: /home/hossein/navigation2_stack/install/nav_2d_msgs/lib/python3.8/site-packages/nav_2d_msgs/msg/_path2_d_s.c
[1.176s] -- Up-to-date: /home/hossein/navigation2_stack/install/nav_2d_msgs/lib/python3.8/site-packages/nav_2d_msgs/msg/_path2_d.py
[1.176s] -- Up-to-date: /home/hossein/navigation2_stack/install/nav_2d_msgs/lib/python3.8/site-packages/nav_2d_msgs/msg/_pose2_d_stamped.py
[1.176s] -- Up-to-date: /home/hossein/navigation2_stack/install/nav_2d_msgs/lib/python3.8/site-packages/nav_2d_msgs/msg/_twist2_d32_s.c
[1.178s] -- Up-to-date: /home/hossein/navigation2_stack/install/nav_2d_msgs/lib/python3.8/site-packages/nav_2d_msgs/msg/__init__.py
[1.179s] -- Up-to-date: /home/hossein/navigation2_stack/install/nav_2d_msgs/lib/python3.8/site-packages/nav_2d_msgs/msg/_twist2_d32.py
[1.179s] -- Up-to-date: /home/hossein/navigation2_stack/install/nav_2d_msgs/lib/python3.8/site-packages/nav_2d_msgs/nav_2d_msgs_s__rosidl_typesupport_fastrtps_c.cpython-38-x86_64-linux-gnu.so
[1.179s] -- Up-to-date: /home/hossein/navigation2_stack/install/nav_2d_msgs/lib/python3.8/site-packages/nav_2d_msgs/nav_2d_msgs_s__rosidl_typesupport_introspection_c.cpython-38-x86_64-linux-gnu.so
[1.182s] -- Up-to-date: /home/hossein/navigation2_stack/install/nav_2d_msgs/lib/python3.8/site-packages/nav_2d_msgs/nav_2d_msgs_s__rosidl_typesupport_c.cpython-38-x86_64-linux-gnu.so
[1.183s] -- Up-to-date: /home/hossein/navigation2_stack/install/nav_2d_msgs/lib/libnav_2d_msgs__python.so
[1.184s] -- Up-to-date: /home/hossein/navigation2_stack/install/nav_2d_msgs/share/nav_2d_msgs/msg/Path2D.idl
[1.184s] -- Up-to-date: /home/hossein/navigation2_stack/install/nav_2d_msgs/share/nav_2d_msgs/msg/Pose2D32.idl
[1.185s] -- Up-to-date: /home/hossein/navigation2_stack/install/nav_2d_msgs/share/nav_2d_msgs/msg/Pose2DStamped.idl
[1.185s] -- Up-to-date: /home/hossein/navigation2_stack/install/nav_2d_msgs/share/nav_2d_msgs/msg/Twist2D.idl
[1.185s] -- Up-to-date: /home/hossein/navigation2_stack/install/nav_2d_msgs/share/nav_2d_msgs/msg/Twist2D32.idl
[1.185s] -- Up-to-date: /home/hossein/navigation2_stack/install/nav_2d_msgs/share/nav_2d_msgs/msg/Twist2DStamped.idl
[1.186s] -- Up-to-date: /home/hossein/navigation2_stack/install/nav_2d_msgs/share/nav_2d_msgs/msg/Path2D.msg
[1.186s] -- Up-to-date: /home/hossein/navigation2_stack/install/nav_2d_msgs/share/nav_2d_msgs/msg/Pose2D32.msg
[1.186s] -- Up-to-date: /home/hossein/navigation2_stack/install/nav_2d_msgs/share/nav_2d_msgs/msg/Pose2DStamped.msg
[1.186s] -- Up-to-date: /home/hossein/navigation2_stack/install/nav_2d_msgs/share/nav_2d_msgs/msg/Twist2D.msg
[1.186s] -- Up-to-date: /home/hossein/navigation2_stack/install/nav_2d_msgs/share/nav_2d_msgs/msg/Twist2D32.msg
[1.186s] -- Up-to-date: /home/hossein/navigation2_stack/install/nav_2d_msgs/share/nav_2d_msgs/msg/Twist2DStamped.msg
[1.186s] -- Up-to-date: /home/hossein/navigation2_stack/install/nav_2d_msgs/share/ament_index/resource_index/package_run_dependencies/nav_2d_msgs
[1.187s] -- Up-to-date: /home/hossein/navigation2_stack/install/nav_2d_msgs/share/ament_index/resource_index/parent_prefix_path/nav_2d_msgs
[1.187s] -- Up-to-date: /home/hossein/navigation2_stack/install/nav_2d_msgs/share/nav_2d_msgs/environment/ament_prefix_path.sh
[1.187s] -- Up-to-date: /home/hossein/navigation2_stack/install/nav_2d_msgs/share/nav_2d_msgs/environment/ament_prefix_path.dsv
[1.187s] -- Up-to-date: /home/hossein/navigation2_stack/install/nav_2d_msgs/share/nav_2d_msgs/environment/path.sh
[1.188s] -- Up-to-date: /home/hossein/navigation2_stack/install/nav_2d_msgs/share/nav_2d_msgs/environment/path.dsv
[1.188s] -- Up-to-date: /home/hossein/navigation2_stack/install/nav_2d_msgs/share/nav_2d_msgs/local_setup.bash
[1.188s] -- Up-to-date: /home/hossein/navigation2_stack/install/nav_2d_msgs/share/nav_2d_msgs/local_setup.sh
[1.188s] -- Up-to-date: /home/hossein/navigation2_stack/install/nav_2d_msgs/share/nav_2d_msgs/local_setup.zsh
[1.188s] -- Up-to-date: /home/hossein/navigation2_stack/install/nav_2d_msgs/share/nav_2d_msgs/local_setup.dsv
[1.188s] -- Installing: /home/hossein/navigation2_stack/install/nav_2d_msgs/share/nav_2d_msgs/package.dsv
[1.190s] -- Up-to-date: /home/hossein/navigation2_stack/install/nav_2d_msgs/share/ament_index/resource_index/packages/nav_2d_msgs
[1.190s] -- Up-to-date: /home/hossein/navigation2_stack/install/nav_2d_msgs/share/nav_2d_msgs/cmake/nav_2d_msgs__rosidl_generator_cExport.cmake
[1.191s] -- Up-to-date: /home/hossein/navigation2_stack/install/nav_2d_msgs/share/nav_2d_msgs/cmake/nav_2d_msgs__rosidl_generator_cExport-noconfig.cmake
[1.191s] -- Up-to-date: /home/hossein/navigation2_stack/install/nav_2d_msgs/share/nav_2d_msgs/cmake/nav_2d_msgs__rosidl_typesupport_introspection_cExport.cmake
[1.191s] -- Up-to-date: /home/hossein/navigation2_stack/install/nav_2d_msgs/share/nav_2d_msgs/cmake/nav_2d_msgs__rosidl_typesupport_introspection_cExport-noconfig.cmake
[1.191s] -- Up-to-date: /home/hossein/navigation2_stack/install/nav_2d_msgs/share/nav_2d_msgs/cmake/nav_2d_msgs__rosidl_typesupport_cExport.cmake
[1.191s] -- Up-to-date: /home/hossein/navigation2_stack/install/nav_2d_msgs/share/nav_2d_msgs/cmake/nav_2d_msgs__rosidl_typesupport_cExport-noconfig.cmake
[1.191s] -- Up-to-date: /home/hossein/navigation2_stack/install/nav_2d_msgs/share/nav_2d_msgs/cmake/nav_2d_msgs__rosidl_generator_cppExport.cmake
[1.192s] -- Up-to-date: /home/hossein/navigation2_stack/install/nav_2d_msgs/share/nav_2d_msgs/cmake/nav_2d_msgs__rosidl_typesupport_introspection_cppExport.cmake
[1.192s] -- Up-to-date: /home/hossein/navigation2_stack/install/nav_2d_msgs/share/nav_2d_msgs/cmake/nav_2d_msgs__rosidl_typesupport_introspection_cppExport-noconfig.cmake
[1.192s] -- Up-to-date: /home/hossein/navigation2_stack/install/nav_2d_msgs/share/nav_2d_msgs/cmake/nav_2d_msgs__rosidl_typesupport_cppExport.cmake
[1.193s] -- Up-to-date: /home/hossein/navigation2_stack/install/nav_2d_msgs/share/nav_2d_msgs/cmake/nav_2d_msgs__rosidl_typesupport_cppExport-noconfig.cmake
[1.193s] -- Up-to-date: /home/hossein/navigation2_stack/install/nav_2d_msgs/share/nav_2d_msgs/cmake/rosidl_cmake-extras.cmake
[1.193s] -- Up-to-date: /home/hossein/navigation2_stack/install/nav_2d_msgs/share/nav_2d_msgs/cmake/ament_cmake_export_dependencies-extras.cmake
[1.193s] -- Up-to-date: /home/hossein/navigation2_stack/install/nav_2d_msgs/share/nav_2d_msgs/cmake/ament_cmake_export_libraries-extras.cmake
[1.193s] -- Up-to-date: /home/hossein/navigation2_stack/install/nav_2d_msgs/share/nav_2d_msgs/cmake/ament_cmake_export_targets-extras.cmake
[1.193s] -- Up-to-date: /home/hossein/navigation2_stack/install/nav_2d_msgs/share/nav_2d_msgs/cmake/ament_cmake_export_include_directories-extras.cmake
[1.194s] -- Up-to-date: /home/hossein/navigation2_stack/install/nav_2d_msgs/share/nav_2d_msgs/cmake/rosidl_cmake_export_typesupport_libraries-extras.cmake
[1.194s] -- Up-to-date: /home/hossein/navigation2_stack/install/nav_2d_msgs/share/nav_2d_msgs/cmake/rosidl_cmake_export_typesupport_targets-extras.cmake
[1.194s] -- Up-to-date: /home/hossein/navigation2_stack/install/nav_2d_msgs/share/nav_2d_msgs/cmake/nav_2d_msgsConfig.cmake
[1.194s] -- Up-to-date: /home/hossein/navigation2_stack/install/nav_2d_msgs/share/nav_2d_msgs/cmake/nav_2d_msgsConfig-version.cmake
[1.194s] -- Up-to-date: /home/hossein/navigation2_stack/install/nav_2d_msgs/share/nav_2d_msgs/package.xml
[1.207s] Invoked command in '/home/hossein/navigation2_stack/build/nav_2d_msgs' returned '0': CMAKE_PREFIX_PATH=${CMAKE_PREFIX_PATH}:/home/hossein/dev_ws/install/py_pubsub:/home/hossein/dev_ws/install/image_segmentation:/opt/ros/foxy /usr/bin/cmake --install /home/hossein/navigation2_stack/build/nav_2d_msgs
