[0.028s] Invoking command in '/home/hossein/navigation2_stack/build/nav2_bt_navigator': AMENT_PREFIX_PATH=/home/hossein/navigation2_stack/install/nav2_behavior_tree:/home/hossein/navigation2_stack/install/nav2_util:/home/hossein/navigation2_stack/install/nav2_msgs:/home/hossein/navigation2_stack/install/nav2_common:${AMENT_PREFIX_PATH} CMAKE_PREFIX_PATH=/home/hossein/navigation2_stack/install/nav2_behavior_tree:/home/hossein/navigation2_stack/install/nav2_util:/home/hossein/navigation2_stack/install/nav2_msgs:/home/hossein/navigation2_stack/install/nav2_common:/home/hossein/turtlebot3_ws/install/turtlebot3_simulations:/home/hossein/turtlebot3_ws/install/turtlebot3_gazebo:/home/hossein/turtlebot3_ws/install/turtlebot3_fake_node:/home/hossein/dev_ws/install/vad_utils:/home/hossein/dev_ws/install/user_interface:/home/hossein/dev_ws/install/tf_publisher:/home/hossein/dev_ws/install/overhead_camera_service:/home/hossein/dev_ws/install/nf2:/home/hossein/dev_ws/install/global_planner:/home/hossein/dev_ws/install/custom_msg_srv:/home/hossein/dev_ws/install/py_pubsub:/home/hossein/dev_ws/install/image_segmentation:/opt/ros/foxy LD_LIBRARY_PATH=/home/hossein/navigation2_stack/install/nav2_behavior_tree/lib:/home/hossein/navigation2_stack/install/nav2_util/lib:/home/hossein/navigation2_stack/install/nav2_msgs/lib:${LD_LIBRARY_PATH} PYTHONPATH=/home/hossein/navigation2_stack/install/nav2_msgs/lib/python3.8/site-packages:/home/hossein/navigation2_stack/install/nav2_common/lib/python3.8/site-packages:${PYTHONPATH} /usr/bin/cmake --build /home/hossein/navigation2_stack/build/nav2_bt_navigator -- -j8 -l8
[0.140s] [ 60%] Built target bt_navigator_core
[0.206s] [100%] Built target bt_navigator
[0.224s] Invoked command in '/home/hossein/navigation2_stack/build/nav2_bt_navigator' returned '0': AMENT_PREFIX_PATH=/home/hossein/navigation2_stack/install/nav2_behavior_tree:/home/hossein/navigation2_stack/install/nav2_util:/home/hossein/navigation2_stack/install/nav2_msgs:/home/hossein/navigation2_stack/install/nav2_common:${AMENT_PREFIX_PATH} CMAKE_PREFIX_PATH=/home/hossein/navigation2_stack/install/nav2_behavior_tree:/home/hossein/navigation2_stack/install/nav2_util:/home/hossein/navigation2_stack/install/nav2_msgs:/home/hossein/navigation2_stack/install/nav2_common:/home/hossein/turtlebot3_ws/install/turtlebot3_simulations:/home/hossein/turtlebot3_ws/install/turtlebot3_gazebo:/home/hossein/turtlebot3_ws/install/turtlebot3_fake_node:/home/hossein/dev_ws/install/vad_utils:/home/hossein/dev_ws/install/user_interface:/home/hossein/dev_ws/install/tf_publisher:/home/hossein/dev_ws/install/overhead_camera_service:/home/hossein/dev_ws/install/nf2:/home/hossein/dev_ws/install/global_planner:/home/hossein/dev_ws/install/custom_msg_srv:/home/hossein/dev_ws/install/py_pubsub:/home/hossein/dev_ws/install/image_segmentation:/opt/ros/foxy LD_LIBRARY_PATH=/home/hossein/navigation2_stack/install/nav2_behavior_tree/lib:/home/hossein/navigation2_stack/install/nav2_util/lib:/home/hossein/navigation2_stack/install/nav2_msgs/lib:${LD_LIBRARY_PATH} PYTHONPATH=/home/hossein/navigation2_stack/install/nav2_msgs/lib/python3.8/site-packages:/home/hossein/navigation2_stack/install/nav2_common/lib/python3.8/site-packages:${PYTHONPATH} /usr/bin/cmake --build /home/hossein/navigation2_stack/build/nav2_bt_navigator -- -j8 -l8
[0.270s] Invoking command in '/home/hossein/navigation2_stack/build/nav2_bt_navigator': AMENT_PREFIX_PATH=/home/hossein/navigation2_stack/install/nav2_behavior_tree:/home/hossein/navigation2_stack/install/nav2_util:/home/hossein/navigation2_stack/install/nav2_msgs:/home/hossein/navigation2_stack/install/nav2_common:${AMENT_PREFIX_PATH} CMAKE_PREFIX_PATH=/home/hossein/navigation2_stack/install/nav2_behavior_tree:/home/hossein/navigation2_stack/install/nav2_util:/home/hossein/navigation2_stack/install/nav2_msgs:/home/hossein/navigation2_stack/install/nav2_common:/home/hossein/turtlebot3_ws/install/turtlebot3_simulations:/home/hossein/turtlebot3_ws/install/turtlebot3_gazebo:/home/hossein/turtlebot3_ws/install/turtlebot3_fake_node:/home/hossein/dev_ws/install/vad_utils:/home/hossein/dev_ws/install/user_interface:/home/hossein/dev_ws/install/tf_publisher:/home/hossein/dev_ws/install/overhead_camera_service:/home/hossein/dev_ws/install/nf2:/home/hossein/dev_ws/install/global_planner:/home/hossein/dev_ws/install/custom_msg_srv:/home/hossein/dev_ws/install/py_pubsub:/home/hossein/dev_ws/install/image_segmentation:/opt/ros/foxy LD_LIBRARY_PATH=/home/hossein/navigation2_stack/install/nav2_behavior_tree/lib:/home/hossein/navigation2_stack/install/nav2_util/lib:/home/hossein/navigation2_stack/install/nav2_msgs/lib:${LD_LIBRARY_PATH} PYTHONPATH=/home/hossein/navigation2_stack/install/nav2_msgs/lib/python3.8/site-packages:/home/hossein/navigation2_stack/install/nav2_common/lib/python3.8/site-packages:${PYTHONPATH} /usr/bin/cmake --install /home/hossein/navigation2_stack/build/nav2_bt_navigator
[0.283s] -- Install configuration: "Release"
[0.285s] -- Up-to-date: /home/hossein/navigation2_stack/install/nav2_bt_navigator/lib/libbt_navigator_core.so
[0.286s] -- Up-to-date: /home/hossein/navigation2_stack/install/nav2_bt_navigator/lib/nav2_bt_navigator/bt_navigator
[0.287s] -- Up-to-date: /home/hossein/navigation2_stack/install/nav2_bt_navigator/include/
[0.287s] -- Up-to-date: /home/hossein/navigation2_stack/install/nav2_bt_navigator/include//nav2_bt_navigator
[0.288s] -- Up-to-date: /home/hossein/navigation2_stack/install/nav2_bt_navigator/include//nav2_bt_navigator/bt_navigator.hpp
[0.292s] -- Up-to-date: /home/hossein/navigation2_stack/install/nav2_bt_navigator/include//nav2_bt_navigator/ros_topic_logger.hpp
[0.292s] -- Up-to-date: /home/hossein/navigation2_stack/install/nav2_bt_navigator/share/nav2_bt_navigator/behavior_trees
[0.292s] -- Up-to-date: /home/hossein/navigation2_stack/install/nav2_bt_navigator/share/nav2_bt_navigator/behavior_trees/navigate_w_replanning_distance.xml
[0.292s] -- Up-to-date: /home/hossein/navigation2_stack/install/nav2_bt_navigator/share/nav2_bt_navigator/behavior_trees/navigate_w_replanning_speed.xml
[0.292s] -- Up-to-date: /home/hossein/navigation2_stack/install/nav2_bt_navigator/share/nav2_bt_navigator/behavior_trees/navigate_w_replanning_time.xml
[0.293s] -- Up-to-date: /home/hossein/navigation2_stack/install/nav2_bt_navigator/share/nav2_bt_navigator/behavior_trees/navigate_w_replanning_and_recovery.xml
[0.293s] -- Up-to-date: /home/hossein/navigation2_stack/install/nav2_bt_navigator/share/nav2_bt_navigator/behavior_trees/navigate_w_replanning_and_round_robin_recovery.xml
[0.293s] -- Up-to-date: /home/hossein/navigation2_stack/install/nav2_bt_navigator/share/nav2_bt_navigator/behavior_trees/follow_point.xml
[0.293s] -- Up-to-date: /home/hossein/navigation2_stack/install/nav2_bt_navigator/share/ament_index/resource_index/package_run_dependencies/nav2_bt_navigator
[0.293s] -- Up-to-date: /home/hossein/navigation2_stack/install/nav2_bt_navigator/share/ament_index/resource_index/parent_prefix_path/nav2_bt_navigator
[0.293s] -- Up-to-date: /home/hossein/navigation2_stack/install/nav2_bt_navigator/share/nav2_bt_navigator/environment/ament_prefix_path.sh
[0.293s] -- Up-to-date: /home/hossein/navigation2_stack/install/nav2_bt_navigator/share/nav2_bt_navigator/environment/ament_prefix_path.dsv
[0.294s] -- Up-to-date: /home/hossein/navigation2_stack/install/nav2_bt_navigator/share/nav2_bt_navigator/environment/path.sh
[0.294s] -- Up-to-date: /home/hossein/navigation2_stack/install/nav2_bt_navigator/share/nav2_bt_navigator/environment/path.dsv
[0.294s] -- Up-to-date: /home/hossein/navigation2_stack/install/nav2_bt_navigator/share/nav2_bt_navigator/local_setup.bash
[0.294s] -- Up-to-date: /home/hossein/navigation2_stack/install/nav2_bt_navigator/share/nav2_bt_navigator/local_setup.sh
[0.294s] -- Up-to-date: /home/hossein/navigation2_stack/install/nav2_bt_navigator/share/nav2_bt_navigator/local_setup.zsh
[0.294s] -- Up-to-date: /home/hossein/navigation2_stack/install/nav2_bt_navigator/share/nav2_bt_navigator/local_setup.dsv
[0.294s] -- Installing: /home/hossein/navigation2_stack/install/nav2_bt_navigator/share/nav2_bt_navigator/package.dsv
[0.295s] -- Up-to-date: /home/hossein/navigation2_stack/install/nav2_bt_navigator/share/ament_index/resource_index/packages/nav2_bt_navigator
[0.296s] -- Up-to-date: /home/hossein/navigation2_stack/install/nav2_bt_navigator/share/nav2_bt_navigator/cmake/ament_cmake_export_include_directories-extras.cmake
[0.296s] -- Up-to-date: /home/hossein/navigation2_stack/install/nav2_bt_navigator/share/nav2_bt_navigator/cmake/nav2_bt_navigatorConfig.cmake
[0.296s] -- Up-to-date: /home/hossein/navigation2_stack/install/nav2_bt_navigator/share/nav2_bt_navigator/cmake/nav2_bt_navigatorConfig-version.cmake
[0.296s] -- Up-to-date: /home/hossein/navigation2_stack/install/nav2_bt_navigator/share/nav2_bt_navigator/package.xml
[0.342s] Invoked command in '/home/hossein/navigation2_stack/build/nav2_bt_navigator' returned '0': AMENT_PREFIX_PATH=/home/hossein/navigation2_stack/install/nav2_behavior_tree:/home/hossein/navigation2_stack/install/nav2_util:/home/hossein/navigation2_stack/install/nav2_msgs:/home/hossein/navigation2_stack/install/nav2_common:${AMENT_PREFIX_PATH} CMAKE_PREFIX_PATH=/home/hossein/navigation2_stack/install/nav2_behavior_tree:/home/hossein/navigation2_stack/install/nav2_util:/home/hossein/navigation2_stack/install/nav2_msgs:/home/hossein/navigation2_stack/install/nav2_common:/home/hossein/turtlebot3_ws/install/turtlebot3_simulations:/home/hossein/turtlebot3_ws/install/turtlebot3_gazebo:/home/hossein/turtlebot3_ws/install/turtlebot3_fake_node:/home/hossein/dev_ws/install/vad_utils:/home/hossein/dev_ws/install/user_interface:/home/hossein/dev_ws/install/tf_publisher:/home/hossein/dev_ws/install/overhead_camera_service:/home/hossein/dev_ws/install/nf2:/home/hossein/dev_ws/install/global_planner:/home/hossein/dev_ws/install/custom_msg_srv:/home/hossein/dev_ws/install/py_pubsub:/home/hossein/dev_ws/install/image_segmentation:/opt/ros/foxy LD_LIBRARY_PATH=/home/hossein/navigation2_stack/install/nav2_behavior_tree/lib:/home/hossein/navigation2_stack/install/nav2_util/lib:/home/hossein/navigation2_stack/install/nav2_msgs/lib:${LD_LIBRARY_PATH} PYTHONPATH=/home/hossein/navigation2_stack/install/nav2_msgs/lib/python3.8/site-packages:/home/hossein/navigation2_stack/install/nav2_common/lib/python3.8/site-packages:${PYTHONPATH} /usr/bin/cmake --install /home/hossein/navigation2_stack/build/nav2_bt_navigator
