[0.048s] Invoking command in '/home/hossein/navigation2_stack/build/custom_msg_srv': CMAKE_PREFIX_PATH=${CMAKE_PREFIX_PATH}:/home/hossein/navigation2_stack/install/nav2_gazebo_spawner:/home/hossein/navigation2_stack/install/ceiling_segmentation:/home/hossein/nav2_ws/install/nav2_gazebo_spawner:/home/hossein/nav2_ws/install/image_segmentation:/home/hossein/dev_ws/install/py_pubsub:/home/hossein/dev_ws/install/image_segmentation:/opt/ros/foxy /usr/bin/cmake --build /home/hossein/navigation2_stack/build/custom_msg_srv -- -j8 -l8
[0.154s] [  3%] Built target custom_msg_srv__cpp
[0.158s] [ 12%] Built target custom_msg_srv__rosidl_generator_c
[0.226s] [ 22%] Built target custom_msg_srv__rosidl_typesupport_fastrtps_cpp
[0.259s] [ 32%] Built target custom_msg_srv__rosidl_typesupport_cpp
[0.264s] [ 41%] Built target custom_msg_srv__rosidl_typesupport_introspection_cpp
[0.284s] [ 51%] Built target custom_msg_srv__rosidl_typesupport_c
[0.294s] [ 61%] Built target custom_msg_srv__rosidl_typesupport_introspection_c
[0.302s] [ 70%] Built target custom_msg_srv__rosidl_typesupport_fastrtps_c
[0.334s] [ 70%] Built target custom_msg_srv
[0.366s] [ 74%] Built target custom_msg_srv__py
[0.407s] [ 80%] Built target custom_msg_srv__python
[0.467s] [ 87%] Built target custom_msg_srv__rosidl_typesupport_introspection_c__pyext
[0.469s] [ 93%] Built target custom_msg_srv__rosidl_typesupport_c__pyext
[0.486s] [100%] Built target custom_msg_srv__rosidl_typesupport_fastrtps_c__pyext
[0.527s] Invoked command in '/home/hossein/navigation2_stack/build/custom_msg_srv' returned '0': CMAKE_PREFIX_PATH=${CMAKE_PREFIX_PATH}:/home/hossein/navigation2_stack/install/nav2_gazebo_spawner:/home/hossein/navigation2_stack/install/ceiling_segmentation:/home/hossein/nav2_ws/install/nav2_gazebo_spawner:/home/hossein/nav2_ws/install/image_segmentation:/home/hossein/dev_ws/install/py_pubsub:/home/hossein/dev_ws/install/image_segmentation:/opt/ros/foxy /usr/bin/cmake --build /home/hossein/navigation2_stack/build/custom_msg_srv -- -j8 -l8
[0.666s] Invoking command in '/home/hossein/navigation2_stack/build/custom_msg_srv': CMAKE_PREFIX_PATH=${CMAKE_PREFIX_PATH}:/home/hossein/navigation2_stack/install/nav2_gazebo_spawner:/home/hossein/navigation2_stack/install/ceiling_segmentation:/home/hossein/nav2_ws/install/nav2_gazebo_spawner:/home/hossein/nav2_ws/install/image_segmentation:/home/hossein/dev_ws/install/py_pubsub:/home/hossein/dev_ws/install/image_segmentation:/opt/ros/foxy /usr/bin/cmake --install /home/hossein/navigation2_stack/build/custom_msg_srv
[0.701s] -- Install configuration: ""
[0.701s] -- Up-to-date: /home/hossein/navigation2_stack/install/custom_msg_srv/share/ament_index/resource_index/rosidl_interfaces/custom_msg_srv
[0.702s] -- Up-to-date: /home/hossein/navigation2_stack/install/custom_msg_srv/include/custom_msg_srv
[0.702s] -- Up-to-date: /home/hossein/navigation2_stack/install/custom_msg_srv/include/custom_msg_srv/srv
[0.702s] -- Up-to-date: /home/hossein/navigation2_stack/install/custom_msg_srv/include/custom_msg_srv/srv/image_batch.h
[0.703s] -- Up-to-date: /home/hossein/navigation2_stack/install/custom_msg_srv/include/custom_msg_srv/srv/detail
[0.703s] -- Up-to-date: /home/hossein/navigation2_stack/install/custom_msg_srv/include/custom_msg_srv/srv/detail/image_batch__functions.h
[0.703s] -- Up-to-date: /home/hossein/navigation2_stack/install/custom_msg_srv/include/custom_msg_srv/srv/detail/image_batch__functions.c
[0.703s] -- Up-to-date: /home/hossein/navigation2_stack/install/custom_msg_srv/include/custom_msg_srv/srv/detail/image_batch__type_support.h
[0.704s] -- Up-to-date: /home/hossein/navigation2_stack/install/custom_msg_srv/include/custom_msg_srv/srv/detail/image_batch__struct.h
[0.704s] -- Up-to-date: /home/hossein/navigation2_stack/install/custom_msg_srv/include/custom_msg_srv/msg
[0.706s] -- Up-to-date: /home/hossein/navigation2_stack/install/custom_msg_srv/include/custom_msg_srv/msg/rosidl_generator_c__visibility_control.h
[0.706s] -- Up-to-date: /home/hossein/navigation2_stack/install/custom_msg_srv/share/custom_msg_srv/environment/library_path.sh
[0.708s] -- Up-to-date: /home/hossein/navigation2_stack/install/custom_msg_srv/share/custom_msg_srv/environment/library_path.dsv
[0.709s] -- Up-to-date: /home/hossein/navigation2_stack/install/custom_msg_srv/lib/libcustom_msg_srv__rosidl_generator_c.so
[0.709s] -- Up-to-date: /home/hossein/navigation2_stack/install/custom_msg_srv/include/custom_msg_srv
[0.709s] -- Up-to-date: /home/hossein/navigation2_stack/install/custom_msg_srv/include/custom_msg_srv/srv
[0.709s] -- Up-to-date: /home/hossein/navigation2_stack/install/custom_msg_srv/include/custom_msg_srv/srv/detail
[0.710s] -- Up-to-date: /home/hossein/navigation2_stack/install/custom_msg_srv/include/custom_msg_srv/srv/detail/image_batch__rosidl_typesupport_fastrtps_c.h
[0.710s] -- Up-to-date: /home/hossein/navigation2_stack/install/custom_msg_srv/include/custom_msg_srv/msg
[0.710s] -- Up-to-date: /home/hossein/navigation2_stack/install/custom_msg_srv/include/custom_msg_srv/msg/rosidl_typesupport_fastrtps_c__visibility_control.h
[0.710s] -- Up-to-date: /home/hossein/navigation2_stack/install/custom_msg_srv/lib/libcustom_msg_srv__rosidl_typesupport_fastrtps_c.so
[0.710s] -- Up-to-date: /home/hossein/navigation2_stack/install/custom_msg_srv/include/custom_msg_srv
[0.711s] -- Up-to-date: /home/hossein/navigation2_stack/install/custom_msg_srv/include/custom_msg_srv/srv
[0.711s] -- Up-to-date: /home/hossein/navigation2_stack/install/custom_msg_srv/include/custom_msg_srv/srv/detail
[0.711s] -- Up-to-date: /home/hossein/navigation2_stack/install/custom_msg_srv/include/custom_msg_srv/srv/detail/image_batch__rosidl_typesupport_fastrtps_cpp.hpp
[0.711s] -- Up-to-date: /home/hossein/navigation2_stack/install/custom_msg_srv/include/custom_msg_srv/srv/detail/dds_fastrtps
[0.711s] -- Up-to-date: /home/hossein/navigation2_stack/install/custom_msg_srv/include/custom_msg_srv/msg
[0.711s] -- Up-to-date: /home/hossein/navigation2_stack/install/custom_msg_srv/include/custom_msg_srv/msg/rosidl_typesupport_fastrtps_cpp__visibility_control.h
[0.711s] -- Up-to-date: /home/hossein/navigation2_stack/install/custom_msg_srv/lib/libcustom_msg_srv__rosidl_typesupport_fastrtps_cpp.so
[0.712s] -- Up-to-date: /home/hossein/navigation2_stack/install/custom_msg_srv/include/custom_msg_srv
[0.712s] -- Up-to-date: /home/hossein/navigation2_stack/install/custom_msg_srv/include/custom_msg_srv/srv
[0.712s] -- Up-to-date: /home/hossein/navigation2_stack/install/custom_msg_srv/include/custom_msg_srv/srv/detail
[0.712s] -- Up-to-date: /home/hossein/navigation2_stack/install/custom_msg_srv/include/custom_msg_srv/srv/detail/image_batch__type_support.c
[0.712s] -- Up-to-date: /home/hossein/navigation2_stack/install/custom_msg_srv/include/custom_msg_srv/srv/detail/image_batch__rosidl_typesupport_introspection_c.h
[0.712s] -- Up-to-date: /home/hossein/navigation2_stack/install/custom_msg_srv/include/custom_msg_srv/msg
[0.713s] -- Up-to-date: /home/hossein/navigation2_stack/install/custom_msg_srv/include/custom_msg_srv/msg/rosidl_typesupport_introspection_c__visibility_control.h
[0.713s] -- Up-to-date: /home/hossein/navigation2_stack/install/custom_msg_srv/lib/libcustom_msg_srv__rosidl_typesupport_introspection_c.so
[0.713s] -- Up-to-date: /home/hossein/navigation2_stack/install/custom_msg_srv/lib/libcustom_msg_srv__rosidl_typesupport_c.so
[0.713s] -- Up-to-date: /home/hossein/navigation2_stack/install/custom_msg_srv/include/custom_msg_srv
[0.713s] -- Up-to-date: /home/hossein/navigation2_stack/install/custom_msg_srv/include/custom_msg_srv/srv
[0.713s] -- Up-to-date: /home/hossein/navigation2_stack/install/custom_msg_srv/include/custom_msg_srv/srv/detail
[0.713s] -- Up-to-date: /home/hossein/navigation2_stack/install/custom_msg_srv/include/custom_msg_srv/srv/detail/image_batch__struct.hpp
[0.713s] -- Up-to-date: /home/hossein/navigation2_stack/install/custom_msg_srv/include/custom_msg_srv/srv/detail/image_batch__traits.hpp
[0.714s] -- Up-to-date: /home/hossein/navigation2_stack/install/custom_msg_srv/include/custom_msg_srv/srv/detail/image_batch__builder.hpp
[0.714s] -- Up-to-date: /home/hossein/navigation2_stack/install/custom_msg_srv/include/custom_msg_srv/srv/image_batch.hpp
[0.714s] -- Up-to-date: /home/hossein/navigation2_stack/install/custom_msg_srv/include/custom_msg_srv
[0.714s] -- Up-to-date: /home/hossein/navigation2_stack/install/custom_msg_srv/include/custom_msg_srv/srv
[0.714s] -- Up-to-date: /home/hossein/navigation2_stack/install/custom_msg_srv/include/custom_msg_srv/srv/detail
[0.714s] -- Up-to-date: /home/hossein/navigation2_stack/install/custom_msg_srv/include/custom_msg_srv/srv/detail/image_batch__rosidl_typesupport_introspection_cpp.hpp
[0.715s] -- Up-to-date: /home/hossein/navigation2_stack/install/custom_msg_srv/include/custom_msg_srv/srv/detail/image_batch__type_support.cpp
[0.715s] -- Up-to-date: /home/hossein/navigation2_stack/install/custom_msg_srv/lib/libcustom_msg_srv__rosidl_typesupport_introspection_cpp.so
[0.715s] -- Up-to-date: /home/hossein/navigation2_stack/install/custom_msg_srv/lib/libcustom_msg_srv__rosidl_typesupport_cpp.so
[0.715s] -- Up-to-date: /home/hossein/navigation2_stack/install/custom_msg_srv/share/custom_msg_srv/environment/pythonpath.sh
[0.715s] -- Up-to-date: /home/hossein/navigation2_stack/install/custom_msg_srv/share/custom_msg_srv/environment/pythonpath.dsv
[0.715s] -- Up-to-date: /home/hossein/navigation2_stack/install/custom_msg_srv/lib/python3.8/site-packages/custom_msg_srv/__init__.py
[0.733s] -- Up-to-date: /home/hossein/navigation2_stack/install/custom_msg_srv/lib/python3.8/site-packages/custom_msg_srv/srv
[0.733s] -- Up-to-date: /home/hossein/navigation2_stack/install/custom_msg_srv/lib/python3.8/site-packages/custom_msg_srv/srv/_image_batch.py
[0.733s] -- Up-to-date: /home/hossein/navigation2_stack/install/custom_msg_srv/lib/python3.8/site-packages/custom_msg_srv/srv/__init__.py
[0.734s] -- Up-to-date: /home/hossein/navigation2_stack/install/custom_msg_srv/lib/python3.8/site-packages/custom_msg_srv/srv/_image_batch_s.c
[0.734s] -- Up-to-date: /home/hossein/navigation2_stack/install/custom_msg_srv/lib/python3.8/site-packages/custom_msg_srv/custom_msg_srv_s__rosidl_typesupport_fastrtps_c.cpython-38-x86_64-linux-gnu.so
[0.734s] -- Up-to-date: /home/hossein/navigation2_stack/install/custom_msg_srv/lib/python3.8/site-packages/custom_msg_srv/custom_msg_srv_s__rosidl_typesupport_introspection_c.cpython-38-x86_64-linux-gnu.so
[0.736s] -- Up-to-date: /home/hossein/navigation2_stack/install/custom_msg_srv/lib/python3.8/site-packages/custom_msg_srv/custom_msg_srv_s__rosidl_typesupport_c.cpython-38-x86_64-linux-gnu.so
[0.737s] -- Up-to-date: /home/hossein/navigation2_stack/install/custom_msg_srv/lib/libcustom_msg_srv__python.so
[0.737s] -- Up-to-date: /home/hossein/navigation2_stack/install/custom_msg_srv/share/custom_msg_srv/srv/ImageBatch.idl
[0.737s] -- Up-to-date: /home/hossein/navigation2_stack/install/custom_msg_srv/share/custom_msg_srv/srv/ImageBatch.srv
[0.737s] -- Up-to-date: /home/hossein/navigation2_stack/install/custom_msg_srv/share/custom_msg_srv/srv/ImageBatch_Request.msg
[0.739s] -- Up-to-date: /home/hossein/navigation2_stack/install/custom_msg_srv/share/custom_msg_srv/srv/ImageBatch_Response.msg
[0.739s] -- Up-to-date: /home/hossein/navigation2_stack/install/custom_msg_srv/share/ament_index/resource_index/package_run_dependencies/custom_msg_srv
[0.740s] -- Up-to-date: /home/hossein/navigation2_stack/install/custom_msg_srv/share/ament_index/resource_index/parent_prefix_path/custom_msg_srv
[0.740s] -- Up-to-date: /home/hossein/navigation2_stack/install/custom_msg_srv/share/custom_msg_srv/environment/ament_prefix_path.sh
[0.740s] -- Up-to-date: /home/hossein/navigation2_stack/install/custom_msg_srv/share/custom_msg_srv/environment/ament_prefix_path.dsv
[0.740s] -- Up-to-date: /home/hossein/navigation2_stack/install/custom_msg_srv/share/custom_msg_srv/environment/path.sh
[0.741s] -- Up-to-date: /home/hossein/navigation2_stack/install/custom_msg_srv/share/custom_msg_srv/environment/path.dsv
[0.741s] -- Up-to-date: /home/hossein/navigation2_stack/install/custom_msg_srv/share/custom_msg_srv/local_setup.bash
[0.741s] -- Up-to-date: /home/hossein/navigation2_stack/install/custom_msg_srv/share/custom_msg_srv/local_setup.sh
[0.741s] -- Up-to-date: /home/hossein/navigation2_stack/install/custom_msg_srv/share/custom_msg_srv/local_setup.zsh
[0.741s] -- Up-to-date: /home/hossein/navigation2_stack/install/custom_msg_srv/share/custom_msg_srv/local_setup.dsv
[0.742s] -- Installing: /home/hossein/navigation2_stack/install/custom_msg_srv/share/custom_msg_srv/package.dsv
[0.742s] -- Up-to-date: /home/hossein/navigation2_stack/install/custom_msg_srv/share/ament_index/resource_index/packages/custom_msg_srv
[0.742s] -- Up-to-date: /home/hossein/navigation2_stack/install/custom_msg_srv/share/custom_msg_srv/cmake/custom_msg_srv__rosidl_generator_cExport.cmake
[0.743s] -- Up-to-date: /home/hossein/navigation2_stack/install/custom_msg_srv/share/custom_msg_srv/cmake/custom_msg_srv__rosidl_generator_cExport-noconfig.cmake
[0.746s] -- Up-to-date: /home/hossein/navigation2_stack/install/custom_msg_srv/share/custom_msg_srv/cmake/custom_msg_srv__rosidl_typesupport_introspection_cExport.cmake
[0.747s] -- Up-to-date: /home/hossein/navigation2_stack/install/custom_msg_srv/share/custom_msg_srv/cmake/custom_msg_srv__rosidl_typesupport_introspection_cExport-noconfig.cmake
[0.747s] -- Up-to-date: /home/hossein/navigation2_stack/install/custom_msg_srv/share/custom_msg_srv/cmake/custom_msg_srv__rosidl_typesupport_cExport.cmake
[0.748s] -- Up-to-date: /home/hossein/navigation2_stack/install/custom_msg_srv/share/custom_msg_srv/cmake/custom_msg_srv__rosidl_typesupport_cExport-noconfig.cmake
[0.748s] -- Up-to-date: /home/hossein/navigation2_stack/install/custom_msg_srv/share/custom_msg_srv/cmake/custom_msg_srv__rosidl_generator_cppExport.cmake
[0.748s] -- Up-to-date: /home/hossein/navigation2_stack/install/custom_msg_srv/share/custom_msg_srv/cmake/custom_msg_srv__rosidl_typesupport_introspection_cppExport.cmake
[0.748s] -- Up-to-date: /home/hossein/navigation2_stack/install/custom_msg_srv/share/custom_msg_srv/cmake/custom_msg_srv__rosidl_typesupport_introspection_cppExport-noconfig.cmake
[0.749s] -- Up-to-date: /home/hossein/navigation2_stack/install/custom_msg_srv/share/custom_msg_srv/cmake/custom_msg_srv__rosidl_typesupport_cppExport.cmake
[0.749s] -- Up-to-date: /home/hossein/navigation2_stack/install/custom_msg_srv/share/custom_msg_srv/cmake/custom_msg_srv__rosidl_typesupport_cppExport-noconfig.cmake
[0.749s] -- Up-to-date: /home/hossein/navigation2_stack/install/custom_msg_srv/share/custom_msg_srv/cmake/rosidl_cmake-extras.cmake
[0.749s] -- Up-to-date: /home/hossein/navigation2_stack/install/custom_msg_srv/share/custom_msg_srv/cmake/ament_cmake_export_dependencies-extras.cmake
[0.749s] -- Up-to-date: /home/hossein/navigation2_stack/install/custom_msg_srv/share/custom_msg_srv/cmake/ament_cmake_export_libraries-extras.cmake
[0.750s] -- Up-to-date: /home/hossein/navigation2_stack/install/custom_msg_srv/share/custom_msg_srv/cmake/ament_cmake_export_targets-extras.cmake
[0.750s] -- Up-to-date: /home/hossein/navigation2_stack/install/custom_msg_srv/share/custom_msg_srv/cmake/ament_cmake_export_include_directories-extras.cmake
[0.750s] -- Up-to-date: /home/hossein/navigation2_stack/install/custom_msg_srv/share/custom_msg_srv/cmake/rosidl_cmake_export_typesupport_libraries-extras.cmake
[0.750s] -- Up-to-date: /home/hossein/navigation2_stack/install/custom_msg_srv/share/custom_msg_srv/cmake/rosidl_cmake_export_typesupport_targets-extras.cmake
[0.750s] -- Up-to-date: /home/hossein/navigation2_stack/install/custom_msg_srv/share/custom_msg_srv/cmake/custom_msg_srvConfig.cmake
[0.751s] -- Up-to-date: /home/hossein/navigation2_stack/install/custom_msg_srv/share/custom_msg_srv/cmake/custom_msg_srvConfig-version.cmake
[0.751s] -- Up-to-date: /home/hossein/navigation2_stack/install/custom_msg_srv/share/custom_msg_srv/package.xml
[0.758s] Invoked command in '/home/hossein/navigation2_stack/build/custom_msg_srv' returned '0': CMAKE_PREFIX_PATH=${CMAKE_PREFIX_PATH}:/home/hossein/navigation2_stack/install/nav2_gazebo_spawner:/home/hossein/navigation2_stack/install/ceiling_segmentation:/home/hossein/nav2_ws/install/nav2_gazebo_spawner:/home/hossein/nav2_ws/install/image_segmentation:/home/hossein/dev_ws/install/py_pubsub:/home/hossein/dev_ws/install/image_segmentation:/opt/ros/foxy /usr/bin/cmake --install /home/hossein/navigation2_stack/build/custom_msg_srv
