running egg_info
writing ../build/ceiling_segmentation/ceiling_segmentation.egg-info/PKG-INFO
writing dependency_links to ../build/ceiling_segmentation/ceiling_segmentation.egg-info/dependency_links.txt
writing entry points to ../build/ceiling_segmentation/ceiling_segmentation.egg-info/entry_points.txt
writing requirements to ../build/ceiling_segmentation/ceiling_segmentation.egg-info/requires.txt
writing top-level names to ../build/ceiling_segmentation/ceiling_segmentation.egg-info/top_level.txt
reading manifest file '../build/ceiling_segmentation/ceiling_segmentation.egg-info/SOURCES.txt'
writing manifest file '../build/ceiling_segmentation/ceiling_segmentation.egg-info/SOURCES.txt'
running build
running build_py
running install
running install_lib
running install_data
running install_egg_info
removing '/home/hossein/navigation2_stack/install/ceiling_segmentation/lib/python3.8/site-packages/ceiling_segmentation-0.0.0-py3.8.egg-info' (and everything under it)
Copying ../build/ceiling_segmentation/ceiling_segmentation.egg-info to /home/hossein/navigation2_stack/install/ceiling_segmentation/lib/python3.8/site-packages/ceiling_segmentation-0.0.0-py3.8.egg-info
running install_scripts
Installing inference script to /home/hossein/navigation2_stack/install/ceiling_segmentation/lib/ceiling_segmentation
Installing train script to /home/hossein/navigation2_stack/install/ceiling_segmentation/lib/ceiling_segmentation
writing list of installed files to '/home/hossein/navigation2_stack/build/ceiling_segmentation/install.log'
