[ 66%] Built target ceiling_perception
[100%] Built target ceiling_perception_start
-- Install configuration: ""
-- Up-to-date: /home/hossein/navigation2_stack/install/ceiling_perception/share/ceiling_perception//launch
-- Up-to-date: /home/hossein/navigation2_stack/install/ceiling_perception/share/ceiling_perception//launch/ceiling_perception_launch.py
-- Up-to-date: /home/hossein/navigation2_stack/install/ceiling_perception/share/ceiling_perception/config
-- Up-to-date: /home/hossein/navigation2_stack/install/ceiling_perception/share/ceiling_perception/config/ceiling_perception_params.yaml
-- Up-to-date: /home/hossein/navigation2_stack/install/ceiling_perception/lib/ceiling_perception/ceiling_perception_start
-- Up-to-date: /home/hossein/navigation2_stack/install/ceiling_perception/lib/libceiling_perception.so
-- Up-to-date: /home/hossein/navigation2_stack/install/ceiling_perception/include/
-- Up-to-date: /home/hossein/navigation2_stack/install/ceiling_perception/include//ceiling_perception
-- Up-to-date: /home/hossein/navigation2_stack/install/ceiling_perception/include//ceiling_perception/array_parser.h
-- Up-to-date: /home/hossein/navigation2_stack/install/ceiling_perception/include//ceiling_perception/ceiling_perception.h
-- Up-to-date: /home/hossein/navigation2_stack/install/ceiling_perception/include//ceiling_perception/overhead_camera_manager.h
-- Up-to-date: /home/hossein/navigation2_stack/install/ceiling_perception/share/ceiling_perception/environment/library_path.sh
-- Up-to-date: /home/hossein/navigation2_stack/install/ceiling_perception/share/ceiling_perception/environment/library_path.dsv
-- Up-to-date: /home/hossein/navigation2_stack/install/ceiling_perception/share/ament_index/resource_index/package_run_dependencies/ceiling_perception
-- Up-to-date: /home/hossein/navigation2_stack/install/ceiling_perception/share/ament_index/resource_index/parent_prefix_path/ceiling_perception
-- Up-to-date: /home/hossein/navigation2_stack/install/ceiling_perception/share/ceiling_perception/environment/ament_prefix_path.sh
-- Up-to-date: /home/hossein/navigation2_stack/install/ceiling_perception/share/ceiling_perception/environment/ament_prefix_path.dsv
-- Up-to-date: /home/hossein/navigation2_stack/install/ceiling_perception/share/ceiling_perception/environment/path.sh
-- Up-to-date: /home/hossein/navigation2_stack/install/ceiling_perception/share/ceiling_perception/environment/path.dsv
-- Up-to-date: /home/hossein/navigation2_stack/install/ceiling_perception/share/ceiling_perception/local_setup.bash
-- Up-to-date: /home/hossein/navigation2_stack/install/ceiling_perception/share/ceiling_perception/local_setup.sh
-- Up-to-date: /home/hossein/navigation2_stack/install/ceiling_perception/share/ceiling_perception/local_setup.zsh
-- Up-to-date: /home/hossein/navigation2_stack/install/ceiling_perception/share/ceiling_perception/local_setup.dsv
-- Installing: /home/hossein/navigation2_stack/install/ceiling_perception/share/ceiling_perception/package.dsv
-- Up-to-date: /home/hossein/navigation2_stack/install/ceiling_perception/share/ament_index/resource_index/packages/ceiling_perception
-- Up-to-date: /home/hossein/navigation2_stack/install/ceiling_perception/share/ceiling_perception/cmake/ament_cmake_export_include_directories-extras.cmake
-- Up-to-date: /home/hossein/navigation2_stack/install/ceiling_perception/share/ceiling_perception/cmake/ament_cmake_export_libraries-extras.cmake
-- Up-to-date: /home/hossein/navigation2_stack/install/ceiling_perception/share/ceiling_perception/cmake/ament_cmake_export_dependencies-extras.cmake
-- Up-to-date: /home/hossein/navigation2_stack/install/ceiling_perception/share/ceiling_perception/cmake/ceiling_perceptionConfig.cmake
-- Up-to-date: /home/hossein/navigation2_stack/install/ceiling_perception/share/ceiling_perception/cmake/ceiling_perceptionConfig-version.cmake
-- Up-to-date: /home/hossein/navigation2_stack/install/ceiling_perception/share/ceiling_perception/package.xml
