[0.042s] Invoking command in '/home/hossein/navigation2_stack/build/nav_2d_msgs': CMAKE_PREFIX_PATH=${CMAKE_PREFIX_PATH}:/home/hossein/nav2_ws/install/nav2_gazebo_spawner:/home/hossein/nav2_ws/install/image_segmentation:/home/hossein/dev_ws/install/py_pubsub:/home/hossein/dev_ws/install/image_segmentation:/opt/ros/foxy /usr/bin/cmake /home/hossein/navigation2_stack/navigation2/nav2_dwb_controller/nav_2d_msgs -DCMAKE_INSTALL_PREFIX=/home/hossein/navigation2_stack/install/nav_2d_msgs
[0.333s] -- The C compiler identification is GNU 7.5.0
[0.541s] -- The CXX compiler identification is GNU 7.5.0
[0.552s] -- Check for working C compiler: /usr/bin/cc
[0.658s] -- Check for working C compiler: /usr/bin/cc -- works
[0.660s] -- Detecting C compiler ABI info
[0.777s] -- Detecting C compiler ABI info - done
[0.793s] -- Detecting C compile features
[0.794s] -- Detecting C compile features - done
[0.799s] -- Check for working CXX compiler: /usr/bin/c++
[0.934s] -- Check for working CXX compiler: /usr/bin/c++ -- works
[0.934s] -- Detecting CXX compiler ABI info
[1.064s] -- Detecting CXX compiler ABI info - done
[1.079s] -- Detecting CXX compile features
[1.080s] -- Detecting CXX compile features - done
[1.084s] -- Found geometry_msgs: 2.0.4 (/opt/ros/foxy/share/geometry_msgs/cmake)
[1.129s] -- Found PythonInterp: /usr/bin/python3 (found suitable version "3.8.5", minimum required is "3") 
[1.130s] -- Using PYTHON_EXECUTABLE: /usr/bin/python3
[1.681s] -- Using all available rosidl_typesupport_c: rosidl_typesupport_fastrtps_c;rosidl_typesupport_introspection_c
[1.698s] -- Found rosidl_adapter: 1.2.1 (/opt/ros/foxy/share/rosidl_adapter/cmake)
[1.850s] -- Found OpenSSL: /usr/lib/x86_64-linux-gnu/libcrypto.so (found version "1.1.1f")  
[1.902s] -- Found FastRTPS: /opt/ros/foxy/include  
[2.004s] -- Using all available rosidl_typesupport_cpp: rosidl_typesupport_fastrtps_cpp;rosidl_typesupport_introspection_cpp
[2.145s] -- Found rosidl_default_generators: 1.0.1 (/opt/ros/foxy/share/rosidl_default_generators/cmake)
[2.207s] -- Found PythonInterp: /usr/bin/python3 (found version "3.8.5") 
[2.566s] -- Found ament_cmake_ros: 0.9.1 (/opt/ros/foxy/share/ament_cmake_ros/cmake)
[3.093s] -- Using all available rosidl_typesupport_c: rosidl_typesupport_fastrtps_c;rosidl_typesupport_introspection_c
[3.276s] -- Using all available rosidl_typesupport_cpp: rosidl_typesupport_fastrtps_cpp;rosidl_typesupport_introspection_cpp
[3.334s] -- Found PythonInterp: /usr/bin/python3 (found suitable version "3.8.5", minimum required is "3.5") 
[3.338s] -- Found python_cmake_module: 0.8.1 (/opt/ros/foxy/share/python_cmake_module/cmake)
[3.387s] -- Found PythonLibs: /usr/lib/x86_64-linux-gnu/libpython3.8.so (found suitable version "3.8.5", minimum required is "3.5") 
[3.387s] -- Using PYTHON_EXECUTABLE: /usr/bin/python3
[3.387s] -- Using PYTHON_INCLUDE_DIRS: /usr/include/python3.8
[3.387s] -- Using PYTHON_LIBRARIES: /usr/lib/x86_64-linux-gnu/libpython3.8.so
[3.431s] -- Found PythonExtra: .so  
[3.698s] -- Configuring done
[3.989s] -- Generating done
[4.007s] -- Build files have been written to: /home/hossein/navigation2_stack/build/nav_2d_msgs
[4.020s] Invoked command in '/home/hossein/navigation2_stack/build/nav_2d_msgs' returned '0': CMAKE_PREFIX_PATH=${CMAKE_PREFIX_PATH}:/home/hossein/nav2_ws/install/nav2_gazebo_spawner:/home/hossein/nav2_ws/install/image_segmentation:/home/hossein/dev_ws/install/py_pubsub:/home/hossein/dev_ws/install/image_segmentation:/opt/ros/foxy /usr/bin/cmake /home/hossein/navigation2_stack/navigation2/nav2_dwb_controller/nav_2d_msgs -DCMAKE_INSTALL_PREFIX=/home/hossein/navigation2_stack/install/nav_2d_msgs
[4.024s] Invoking command in '/home/hossein/navigation2_stack/build/nav_2d_msgs': CMAKE_PREFIX_PATH=${CMAKE_PREFIX_PATH}:/home/hossein/nav2_ws/install/nav2_gazebo_spawner:/home/hossein/nav2_ws/install/image_segmentation:/home/hossein/dev_ws/install/py_pubsub:/home/hossein/dev_ws/install/image_segmentation:/opt/ros/foxy /usr/bin/cmake --build /home/hossein/navigation2_stack/build/nav_2d_msgs -- -j8 -l8
[4.268s] [35m[1mScanning dependencies of target nav_2d_msgs__cpp[0m
[4.281s] [  1%] [34m[1mGenerating C code for ROS interfaces[0m
[4.350s] [  2%] [34m[1mGenerating C++ code for ROS interfaces[0m
[5.751s] [  2%] Built target nav_2d_msgs__cpp
[5.827s] [  4%] [34m[1mGenerating C++ introspection for ROS interfaces[0m
[5.833s] [  5%] [34m[1mGenerating C++ type support dispatch for ROS interfaces[0m
[5.871s] [  7%] [34m[1mGenerating C++ type support for eProsima Fast-RTPS[0m
[5.913s] [35m[1mScanning dependencies of target nav_2d_msgs__rosidl_generator_c[0m
[6.027s] [  8%] [32mBuilding C object CMakeFiles/nav_2d_msgs__rosidl_generator_c.dir/rosidl_generator_c/nav_2d_msgs/msg/detail/path2_d__functions.c.o[0m
[6.057s] [  9%] [32mBuilding C object CMakeFiles/nav_2d_msgs__rosidl_generator_c.dir/rosidl_generator_c/nav_2d_msgs/msg/detail/pose2_d_stamped__functions.c.o[0m
[6.080s] [ 11%] [32mBuilding C object CMakeFiles/nav_2d_msgs__rosidl_generator_c.dir/rosidl_generator_c/nav_2d_msgs/msg/detail/pose2_d32__functions.c.o[0m
[6.089s] [ 12%] [32mBuilding C object CMakeFiles/nav_2d_msgs__rosidl_generator_c.dir/rosidl_generator_c/nav_2d_msgs/msg/detail/twist2_d__functions.c.o[0m
[6.132s] [ 14%] [32mBuilding C object CMakeFiles/nav_2d_msgs__rosidl_generator_c.dir/rosidl_generator_c/nav_2d_msgs/msg/detail/twist2_d32__functions.c.o[0m
[6.233s] [ 15%] [32mBuilding C object CMakeFiles/nav_2d_msgs__rosidl_generator_c.dir/rosidl_generator_c/nav_2d_msgs/msg/detail/twist2_d_stamped__functions.c.o[0m
[6.417s] [ 16%] [32m[1mLinking C shared library libnav_2d_msgs__rosidl_generator_c.so[0m
[6.644s] [ 16%] Built target nav_2d_msgs__rosidl_generator_c
[6.721s] [ 18%] [34m[1mGenerating C type support dispatch for ROS interfaces[0m
[6.749s] [ 19%] [34m[1mGenerating C introspection for ROS interfaces[0m
[7.066s] [35m[1mScanning dependencies of target nav_2d_msgs__rosidl_typesupport_introspection_cpp[0m
[7.106s] [35m[1mScanning dependencies of target nav_2d_msgs__rosidl_typesupport_cpp[0m
[7.139s] [ 21%] [32mBuilding CXX object CMakeFiles/nav_2d_msgs__rosidl_typesupport_introspection_cpp.dir/rosidl_typesupport_introspection_cpp/nav_2d_msgs/msg/detail/path2_d__type_support.cpp.o[0m
[7.172s] [ 22%] [32mBuilding CXX object CMakeFiles/nav_2d_msgs__rosidl_typesupport_introspection_cpp.dir/rosidl_typesupport_introspection_cpp/nav_2d_msgs/msg/detail/pose2_d32__type_support.cpp.o[0m
[7.178s] [ 23%] [32mBuilding CXX object CMakeFiles/nav_2d_msgs__rosidl_typesupport_introspection_cpp.dir/rosidl_typesupport_introspection_cpp/nav_2d_msgs/msg/detail/pose2_d_stamped__type_support.cpp.o[0m
[7.184s] [ 25%] [32mBuilding CXX object CMakeFiles/nav_2d_msgs__rosidl_typesupport_cpp.dir/rosidl_typesupport_cpp/nav_2d_msgs/msg/path2_d__type_support.cpp.o[0m
[7.210s] [ 26%] [32mBuilding CXX object CMakeFiles/nav_2d_msgs__rosidl_typesupport_introspection_cpp.dir/rosidl_typesupport_introspection_cpp/nav_2d_msgs/msg/detail/twist2_d__type_support.cpp.o[0m
[7.428s] [35m[1mScanning dependencies of target nav_2d_msgs__rosidl_typesupport_fastrtps_cpp[0m
[7.527s] [ 28%] [32mBuilding CXX object CMakeFiles/nav_2d_msgs__rosidl_typesupport_fastrtps_cpp.dir/rosidl_typesupport_fastrtps_cpp/nav_2d_msgs/msg/detail/dds_fastrtps/path2_d__type_support.cpp.o[0m
[7.963s] [ 29%] [32mBuilding CXX object CMakeFiles/nav_2d_msgs__rosidl_typesupport_cpp.dir/rosidl_typesupport_cpp/nav_2d_msgs/msg/pose2_d32__type_support.cpp.o[0m
[8.010s] [35m[1mScanning dependencies of target nav_2d_msgs__rosidl_typesupport_c[0m
[8.063s] [ 30%] [32mBuilding CXX object CMakeFiles/nav_2d_msgs__rosidl_typesupport_fastrtps_cpp.dir/rosidl_typesupport_fastrtps_cpp/nav_2d_msgs/msg/detail/dds_fastrtps/pose2_d32__type_support.cpp.o[0m
[8.089s] [ 32%] [32mBuilding CXX object CMakeFiles/nav_2d_msgs__rosidl_typesupport_c.dir/rosidl_typesupport_c/nav_2d_msgs/msg/path2_d__type_support.cpp.o[0m
[8.104s] [ 33%] [32mBuilding CXX object CMakeFiles/nav_2d_msgs__rosidl_typesupport_c.dir/rosidl_typesupport_c/nav_2d_msgs/msg/pose2_d32__type_support.cpp.o[0m
[8.107s] [ 35%] [32mBuilding CXX object CMakeFiles/nav_2d_msgs__rosidl_typesupport_fastrtps_cpp.dir/rosidl_typesupport_fastrtps_cpp/nav_2d_msgs/msg/detail/dds_fastrtps/pose2_d_stamped__type_support.cpp.o[0m
[8.133s] [35m[1mScanning dependencies of target nav_2d_msgs__rosidl_typesupport_introspection_c[0m
[8.139s] [ 36%] [32mBuilding CXX object CMakeFiles/nav_2d_msgs__rosidl_typesupport_introspection_cpp.dir/rosidl_typesupport_introspection_cpp/nav_2d_msgs/msg/detail/twist2_d32__type_support.cpp.o[0m
[8.216s] [ 38%] [32mBuilding CXX object CMakeFiles/nav_2d_msgs__rosidl_typesupport_introspection_cpp.dir/rosidl_typesupport_introspection_cpp/nav_2d_msgs/msg/detail/twist2_d_stamped__type_support.cpp.o[0m
[8.265s] [ 39%] [32mBuilding CXX object CMakeFiles/nav_2d_msgs__rosidl_typesupport_c.dir/rosidl_typesupport_c/nav_2d_msgs/msg/pose2_d_stamped__type_support.cpp.o[0m
[8.266s] [ 40%] [32mBuilding C object CMakeFiles/nav_2d_msgs__rosidl_typesupport_introspection_c.dir/rosidl_typesupport_introspection_c/nav_2d_msgs/msg/detail/path2_d__type_support.c.o[0m
[8.443s] [ 42%] [32mBuilding CXX object CMakeFiles/nav_2d_msgs__rosidl_typesupport_c.dir/rosidl_typesupport_c/nav_2d_msgs/msg/twist2_d__type_support.cpp.o[0m
[8.477s] [ 43%] [32mBuilding C object CMakeFiles/nav_2d_msgs__rosidl_typesupport_introspection_c.dir/rosidl_typesupport_introspection_c/nav_2d_msgs/msg/detail/pose2_d32__type_support.c.o[0m
[8.612s] [ 45%] [32mBuilding CXX object CMakeFiles/nav_2d_msgs__rosidl_typesupport_c.dir/rosidl_typesupport_c/nav_2d_msgs/msg/twist2_d32__type_support.cpp.o[0m
[8.637s] [ 46%] [32mBuilding C object CMakeFiles/nav_2d_msgs__rosidl_typesupport_introspection_c.dir/rosidl_typesupport_introspection_c/nav_2d_msgs/msg/detail/pose2_d_stamped__type_support.c.o[0m
[8.699s] [ 47%] [32mBuilding CXX object CMakeFiles/nav_2d_msgs__rosidl_typesupport_c.dir/rosidl_typesupport_c/nav_2d_msgs/msg/twist2_d_stamped__type_support.cpp.o[0m
[8.715s] [ 49%] [32mBuilding CXX object CMakeFiles/nav_2d_msgs__rosidl_typesupport_fastrtps_cpp.dir/rosidl_typesupport_fastrtps_cpp/nav_2d_msgs/msg/detail/dds_fastrtps/twist2_d__type_support.cpp.o[0m
[8.719s] [ 50%] [32mBuilding CXX object CMakeFiles/nav_2d_msgs__rosidl_typesupport_fastrtps_cpp.dir/rosidl_typesupport_fastrtps_cpp/nav_2d_msgs/msg/detail/dds_fastrtps/twist2_d32__type_support.cpp.o[0m
[8.813s] [ 52%] [32mBuilding C object CMakeFiles/nav_2d_msgs__rosidl_typesupport_introspection_c.dir/rosidl_typesupport_introspection_c/nav_2d_msgs/msg/detail/twist2_d__type_support.c.o[0m
[8.836s] [ 53%] [32m[1mLinking CXX shared library libnav_2d_msgs__rosidl_typesupport_c.so[0m
[8.882s] [ 54%] [32mBuilding CXX object CMakeFiles/nav_2d_msgs__rosidl_typesupport_cpp.dir/rosidl_typesupport_cpp/nav_2d_msgs/msg/pose2_d_stamped__type_support.cpp.o[0m
[8.914s] [ 56%] [32mBuilding C object CMakeFiles/nav_2d_msgs__rosidl_typesupport_introspection_c.dir/rosidl_typesupport_introspection_c/nav_2d_msgs/msg/detail/twist2_d32__type_support.c.o[0m
[8.914s] [ 57%] [32m[1mLinking CXX shared library libnav_2d_msgs__rosidl_typesupport_introspection_cpp.so[0m
[9.007s] [ 59%] [32mBuilding C object CMakeFiles/nav_2d_msgs__rosidl_typesupport_introspection_c.dir/rosidl_typesupport_introspection_c/nav_2d_msgs/msg/detail/twist2_d_stamped__type_support.c.o[0m
[9.034s] [ 59%] Built target nav_2d_msgs__rosidl_typesupport_c
[9.057s] [ 60%] [32mBuilding CXX object CMakeFiles/nav_2d_msgs__rosidl_typesupport_cpp.dir/rosidl_typesupport_cpp/nav_2d_msgs/msg/twist2_d__type_support.cpp.o[0m
[9.097s] [ 61%] [32mBuilding CXX object CMakeFiles/nav_2d_msgs__rosidl_typesupport_cpp.dir/rosidl_typesupport_cpp/nav_2d_msgs/msg/twist2_d32__type_support.cpp.o[0m
[9.161s] [ 63%] [32m[1mLinking C shared library libnav_2d_msgs__rosidl_typesupport_introspection_c.so[0m
[9.309s] [ 64%] [32mBuilding CXX object CMakeFiles/nav_2d_msgs__rosidl_typesupport_fastrtps_cpp.dir/rosidl_typesupport_fastrtps_cpp/nav_2d_msgs/msg/detail/dds_fastrtps/twist2_d_stamped__type_support.cpp.o[0m
[9.357s] [ 64%] Built target nav_2d_msgs__rosidl_typesupport_introspection_cpp
[9.382s] [ 64%] Built target nav_2d_msgs__rosidl_typesupport_introspection_c
[9.397s] [ 66%] [32mBuilding CXX object CMakeFiles/nav_2d_msgs__rosidl_typesupport_cpp.dir/rosidl_typesupport_cpp/nav_2d_msgs/msg/twist2_d_stamped__type_support.cpp.o[0m
[10.126s] [ 67%] [32m[1mLinking CXX shared library libnav_2d_msgs__rosidl_typesupport_cpp.so[0m
[10.193s] [ 69%] [32m[1mLinking CXX shared library libnav_2d_msgs__rosidl_typesupport_fastrtps_cpp.so[0m
[10.225s] [ 69%] Built target nav_2d_msgs__rosidl_typesupport_cpp
[10.364s] [ 69%] Built target nav_2d_msgs__rosidl_typesupport_fastrtps_cpp
[10.384s] [ 70%] [34m[1mGenerating C type support for eProsima Fast-RTPS[0m
[11.188s] [35m[1mScanning dependencies of target nav_2d_msgs__rosidl_typesupport_fastrtps_c[0m
[11.254s] [ 71%] [32mBuilding CXX object CMakeFiles/nav_2d_msgs__rosidl_typesupport_fastrtps_c.dir/rosidl_typesupport_fastrtps_c/nav_2d_msgs/msg/detail/path2_d__type_support_c.cpp.o[0m
[11.254s] [ 74%] [32mBuilding CXX object CMakeFiles/nav_2d_msgs__rosidl_typesupport_fastrtps_c.dir/rosidl_typesupport_fastrtps_c/nav_2d_msgs/msg/detail/pose2_d32__type_support_c.cpp.o[0m
[11.254s] [ 74%] [32mBuilding CXX object CMakeFiles/nav_2d_msgs__rosidl_typesupport_fastrtps_c.dir/rosidl_typesupport_fastrtps_c/nav_2d_msgs/msg/detail/twist2_d__type_support_c.cpp.o[0m
[11.262s] [ 76%] [32mBuilding CXX object CMakeFiles/nav_2d_msgs__rosidl_typesupport_fastrtps_c.dir/rosidl_typesupport_fastrtps_c/nav_2d_msgs/msg/detail/pose2_d_stamped__type_support_c.cpp.o[0m
[11.271s] [ 77%] [32mBuilding CXX object CMakeFiles/nav_2d_msgs__rosidl_typesupport_fastrtps_c.dir/rosidl_typesupport_fastrtps_c/nav_2d_msgs/msg/detail/twist2_d32__type_support_c.cpp.o[0m
[11.293s] [ 78%] [32mBuilding CXX object CMakeFiles/nav_2d_msgs__rosidl_typesupport_fastrtps_c.dir/rosidl_typesupport_fastrtps_c/nav_2d_msgs/msg/detail/twist2_d_stamped__type_support_c.cpp.o[0m
[12.106s] [ 80%] [32m[1mLinking CXX shared library libnav_2d_msgs__rosidl_typesupport_fastrtps_c.so[0m
[12.272s] [ 80%] Built target nav_2d_msgs__rosidl_typesupport_fastrtps_c
[12.287s] [35m[1mScanning dependencies of target nav_2d_msgs[0m
[12.308s] [ 80%] Built target nav_2d_msgs
[12.325s] [35m[1mScanning dependencies of target nav_2d_msgs__py[0m
[12.340s] [ 81%] [34m[1mGenerating Python code for ROS interfaces[0m
[13.375s] [ 81%] Built target nav_2d_msgs__py
[13.393s] [35m[1mScanning dependencies of target nav_2d_msgs__python[0m
[13.455s] [ 84%] [32mBuilding C object CMakeFiles/nav_2d_msgs__python.dir/rosidl_generator_py/nav_2d_msgs/msg/_pose2_d32_s.c.o[0m
[13.456s] [ 84%] [32mBuilding C object CMakeFiles/nav_2d_msgs__python.dir/rosidl_generator_py/nav_2d_msgs/msg/_path2_d_s.c.o[0m
[13.468s] [ 85%] [32mBuilding C object CMakeFiles/nav_2d_msgs__python.dir/rosidl_generator_py/nav_2d_msgs/msg/_pose2_d_stamped_s.c.o[0m
[13.471s] [ 87%] [32mBuilding C object CMakeFiles/nav_2d_msgs__python.dir/rosidl_generator_py/nav_2d_msgs/msg/_twist2_d_s.c.o[0m
[13.475s] [ 88%] [32mBuilding C object CMakeFiles/nav_2d_msgs__python.dir/rosidl_generator_py/nav_2d_msgs/msg/_twist2_d32_s.c.o[0m
[13.504s] [ 90%] [32mBuilding C object CMakeFiles/nav_2d_msgs__python.dir/rosidl_generator_py/nav_2d_msgs/msg/_twist2_d_stamped_s.c.o[0m
[13.744s] [ 91%] [32m[1mLinking C shared library rosidl_generator_py/nav_2d_msgs/libnav_2d_msgs__python.so[0m
[13.838s] [ 91%] Built target nav_2d_msgs__python
[13.860s] [35m[1mScanning dependencies of target nav_2d_msgs__rosidl_typesupport_c__pyext[0m
[13.860s] [35m[1mScanning dependencies of target nav_2d_msgs__rosidl_typesupport_fastrtps_c__pyext[0m
[13.861s] [35m[1mScanning dependencies of target nav_2d_msgs__rosidl_typesupport_introspection_c__pyext[0m
[13.905s] [ 92%] [32mBuilding C object CMakeFiles/nav_2d_msgs__rosidl_typesupport_introspection_c__pyext.dir/rosidl_generator_py/nav_2d_msgs/_nav_2d_msgs_s.ep.rosidl_typesupport_introspection_c.c.o[0m
[13.913s] [ 94%] [32mBuilding C object CMakeFiles/nav_2d_msgs__rosidl_typesupport_c__pyext.dir/rosidl_generator_py/nav_2d_msgs/_nav_2d_msgs_s.ep.rosidl_typesupport_c.c.o[0m
[13.922s] [ 95%] [32mBuilding C object CMakeFiles/nav_2d_msgs__rosidl_typesupport_fastrtps_c__pyext.dir/rosidl_generator_py/nav_2d_msgs/_nav_2d_msgs_s.ep.rosidl_typesupport_fastrtps_c.c.o[0m
[14.077s] [ 97%] [32m[1mLinking C shared library rosidl_generator_py/nav_2d_msgs/nav_2d_msgs_s__rosidl_typesupport_c.cpython-38-x86_64-linux-gnu.so[0m
[14.103s] [ 98%] [32m[1mLinking CXX shared library rosidl_generator_py/nav_2d_msgs/nav_2d_msgs_s__rosidl_typesupport_fastrtps_c.cpython-38-x86_64-linux-gnu.so[0m
[14.130s] [100%] [32m[1mLinking C shared library rosidl_generator_py/nav_2d_msgs/nav_2d_msgs_s__rosidl_typesupport_introspection_c.cpython-38-x86_64-linux-gnu.so[0m
[14.179s] [100%] Built target nav_2d_msgs__rosidl_typesupport_c__pyext
[14.236s] [100%] Built target nav_2d_msgs__rosidl_typesupport_introspection_c__pyext
[14.254s] [100%] Built target nav_2d_msgs__rosidl_typesupport_fastrtps_c__pyext
[14.283s] Invoked command in '/home/hossein/navigation2_stack/build/nav_2d_msgs' returned '0': CMAKE_PREFIX_PATH=${CMAKE_PREFIX_PATH}:/home/hossein/nav2_ws/install/nav2_gazebo_spawner:/home/hossein/nav2_ws/install/image_segmentation:/home/hossein/dev_ws/install/py_pubsub:/home/hossein/dev_ws/install/image_segmentation:/opt/ros/foxy /usr/bin/cmake --build /home/hossein/navigation2_stack/build/nav_2d_msgs -- -j8 -l8
[14.675s] Invoking command in '/home/hossein/navigation2_stack/build/nav_2d_msgs': CMAKE_PREFIX_PATH=${CMAKE_PREFIX_PATH}:/home/hossein/nav2_ws/install/nav2_gazebo_spawner:/home/hossein/nav2_ws/install/image_segmentation:/home/hossein/dev_ws/install/py_pubsub:/home/hossein/dev_ws/install/image_segmentation:/opt/ros/foxy /usr/bin/cmake --install /home/hossein/navigation2_stack/build/nav_2d_msgs
[14.702s] -- Install configuration: ""
[14.703s] -- Installing: /home/hossein/navigation2_stack/install/nav_2d_msgs/share/ament_index/resource_index/rosidl_interfaces/nav_2d_msgs
[14.703s] -- Installing: /home/hossein/navigation2_stack/install/nav_2d_msgs/include/nav_2d_msgs
[14.703s] -- Installing: /home/hossein/navigation2_stack/install/nav_2d_msgs/include/nav_2d_msgs/msg
[14.703s] -- Installing: /home/hossein/navigation2_stack/install/nav_2d_msgs/include/nav_2d_msgs/msg/twist2_d_stamped.h
[14.704s] -- Installing: /home/hossein/navigation2_stack/install/nav_2d_msgs/include/nav_2d_msgs/msg/rosidl_generator_c__visibility_control.h
[14.704s] -- Installing: /home/hossein/navigation2_stack/install/nav_2d_msgs/include/nav_2d_msgs/msg/detail
[14.704s] -- Installing: /home/hossein/navigation2_stack/install/nav_2d_msgs/include/nav_2d_msgs/msg/detail/twist2_d__type_support.h
[14.704s] -- Installing: /home/hossein/navigation2_stack/install/nav_2d_msgs/include/nav_2d_msgs/msg/detail/pose2_d32__functions.c
[14.704s] -- Installing: /home/hossein/navigation2_stack/install/nav_2d_msgs/include/nav_2d_msgs/msg/detail/pose2_d32__functions.h
[14.704s] -- Installing: /home/hossein/navigation2_stack/install/nav_2d_msgs/include/nav_2d_msgs/msg/detail/twist2_d32__struct.h
[14.705s] -- Installing: /home/hossein/navigation2_stack/install/nav_2d_msgs/include/nav_2d_msgs/msg/detail/twist2_d_stamped__type_support.h
[14.705s] -- Installing: /home/hossein/navigation2_stack/install/nav_2d_msgs/include/nav_2d_msgs/msg/detail/twist2_d_stamped__struct.h
[14.705s] -- Installing: /home/hossein/navigation2_stack/install/nav_2d_msgs/include/nav_2d_msgs/msg/detail/twist2_d__struct.h
[14.705s] -- Installing: /home/hossein/navigation2_stack/install/nav_2d_msgs/include/nav_2d_msgs/msg/detail/pose2_d_stamped__type_support.h
[14.705s] -- Installing: /home/hossein/navigation2_stack/install/nav_2d_msgs/include/nav_2d_msgs/msg/detail/twist2_d32__functions.c
[14.705s] -- Installing: /home/hossein/navigation2_stack/install/nav_2d_msgs/include/nav_2d_msgs/msg/detail/path2_d__functions.h
[14.706s] -- Installing: /home/hossein/navigation2_stack/install/nav_2d_msgs/include/nav_2d_msgs/msg/detail/pose2_d32__struct.h
[14.706s] -- Installing: /home/hossein/navigation2_stack/install/nav_2d_msgs/include/nav_2d_msgs/msg/detail/pose2_d_stamped__functions.c
[14.706s] -- Installing: /home/hossein/navigation2_stack/install/nav_2d_msgs/include/nav_2d_msgs/msg/detail/pose2_d32__type_support.h
[14.706s] -- Installing: /home/hossein/navigation2_stack/install/nav_2d_msgs/include/nav_2d_msgs/msg/detail/path2_d__functions.c
[14.706s] -- Installing: /home/hossein/navigation2_stack/install/nav_2d_msgs/include/nav_2d_msgs/msg/detail/pose2_d_stamped__struct.h
[14.706s] -- Installing: /home/hossein/navigation2_stack/install/nav_2d_msgs/include/nav_2d_msgs/msg/detail/path2_d__struct.h
[14.706s] -- Installing: /home/hossein/navigation2_stack/install/nav_2d_msgs/include/nav_2d_msgs/msg/detail/twist2_d__functions.c
[14.707s] -- Installing: /home/hossein/navigation2_stack/install/nav_2d_msgs/include/nav_2d_msgs/msg/detail/twist2_d32__type_support.h
[14.707s] -- Installing: /home/hossein/navigation2_stack/install/nav_2d_msgs/include/nav_2d_msgs/msg/detail/twist2_d32__functions.h
[14.707s] -- Installing: /home/hossein/navigation2_stack/install/nav_2d_msgs/include/nav_2d_msgs/msg/detail/path2_d__type_support.h
[14.707s] -- Installing: /home/hossein/navigation2_stack/install/nav_2d_msgs/include/nav_2d_msgs/msg/detail/twist2_d_stamped__functions.c
[14.707s] -- Installing: /home/hossein/navigation2_stack/install/nav_2d_msgs/include/nav_2d_msgs/msg/detail/twist2_d__functions.h
[14.707s] -- Installing: /home/hossein/navigation2_stack/install/nav_2d_msgs/include/nav_2d_msgs/msg/detail/twist2_d_stamped__functions.h
[14.708s] -- Installing: /home/hossein/navigation2_stack/install/nav_2d_msgs/include/nav_2d_msgs/msg/detail/pose2_d_stamped__functions.h
[14.708s] -- Installing: /home/hossein/navigation2_stack/install/nav_2d_msgs/include/nav_2d_msgs/msg/pose2_d32.h
[14.708s] -- Installing: /home/hossein/navigation2_stack/install/nav_2d_msgs/include/nav_2d_msgs/msg/path2_d.h
[14.708s] -- Installing: /home/hossein/navigation2_stack/install/nav_2d_msgs/include/nav_2d_msgs/msg/twist2_d.h
[14.708s] -- Installing: /home/hossein/navigation2_stack/install/nav_2d_msgs/include/nav_2d_msgs/msg/pose2_d_stamped.h
[14.708s] -- Installing: /home/hossein/navigation2_stack/install/nav_2d_msgs/include/nav_2d_msgs/msg/twist2_d32.h
[14.708s] -- Installing: /home/hossein/navigation2_stack/install/nav_2d_msgs/share/nav_2d_msgs/environment/library_path.sh
[14.709s] -- Installing: /home/hossein/navigation2_stack/install/nav_2d_msgs/share/nav_2d_msgs/environment/library_path.dsv
[14.709s] -- Installing: /home/hossein/navigation2_stack/install/nav_2d_msgs/lib/libnav_2d_msgs__rosidl_generator_c.so
[14.709s] -- Set runtime path of "/home/hossein/navigation2_stack/install/nav_2d_msgs/lib/libnav_2d_msgs__rosidl_generator_c.so" to ""
[14.709s] -- Up-to-date: /home/hossein/navigation2_stack/install/nav_2d_msgs/include/nav_2d_msgs
[14.709s] -- Up-to-date: /home/hossein/navigation2_stack/install/nav_2d_msgs/include/nav_2d_msgs/msg
[14.710s] -- Installing: /home/hossein/navigation2_stack/install/nav_2d_msgs/include/nav_2d_msgs/msg/rosidl_typesupport_fastrtps_c__visibility_control.h
[14.710s] -- Up-to-date: /home/hossein/navigation2_stack/install/nav_2d_msgs/include/nav_2d_msgs/msg/detail
[14.710s] -- Installing: /home/hossein/navigation2_stack/install/nav_2d_msgs/include/nav_2d_msgs/msg/detail/path2_d__rosidl_typesupport_fastrtps_c.h
[14.710s] -- Installing: /home/hossein/navigation2_stack/install/nav_2d_msgs/include/nav_2d_msgs/msg/detail/twist2_d_stamped__rosidl_typesupport_fastrtps_c.h
[14.710s] -- Installing: /home/hossein/navigation2_stack/install/nav_2d_msgs/include/nav_2d_msgs/msg/detail/pose2_d_stamped__rosidl_typesupport_fastrtps_c.h
[14.710s] -- Installing: /home/hossein/navigation2_stack/install/nav_2d_msgs/include/nav_2d_msgs/msg/detail/twist2_d32__rosidl_typesupport_fastrtps_c.h
[14.711s] -- Installing: /home/hossein/navigation2_stack/install/nav_2d_msgs/include/nav_2d_msgs/msg/detail/pose2_d32__rosidl_typesupport_fastrtps_c.h
[14.711s] -- Installing: /home/hossein/navigation2_stack/install/nav_2d_msgs/include/nav_2d_msgs/msg/detail/twist2_d__rosidl_typesupport_fastrtps_c.h
[14.711s] -- Installing: /home/hossein/navigation2_stack/install/nav_2d_msgs/lib/libnav_2d_msgs__rosidl_typesupport_fastrtps_c.so
[14.711s] -- Set runtime path of "/home/hossein/navigation2_stack/install/nav_2d_msgs/lib/libnav_2d_msgs__rosidl_typesupport_fastrtps_c.so" to ""
[14.712s] -- Up-to-date: /home/hossein/navigation2_stack/install/nav_2d_msgs/include/nav_2d_msgs
[14.712s] -- Up-to-date: /home/hossein/navigation2_stack/install/nav_2d_msgs/include/nav_2d_msgs/msg
[14.712s] -- Up-to-date: /home/hossein/navigation2_stack/install/nav_2d_msgs/include/nav_2d_msgs/msg/detail
[14.712s] -- Installing: /home/hossein/navigation2_stack/install/nav_2d_msgs/include/nav_2d_msgs/msg/detail/twist2_d__rosidl_typesupport_fastrtps_cpp.hpp
[14.712s] -- Installing: /home/hossein/navigation2_stack/install/nav_2d_msgs/include/nav_2d_msgs/msg/detail/pose2_d_stamped__rosidl_typesupport_fastrtps_cpp.hpp
[14.712s] -- Installing: /home/hossein/navigation2_stack/install/nav_2d_msgs/include/nav_2d_msgs/msg/detail/path2_d__rosidl_typesupport_fastrtps_cpp.hpp
[14.714s] -- Installing: /home/hossein/navigation2_stack/install/nav_2d_msgs/include/nav_2d_msgs/msg/detail/twist2_d32__rosidl_typesupport_fastrtps_cpp.hpp
[14.714s] -- Installing: /home/hossein/navigation2_stack/install/nav_2d_msgs/include/nav_2d_msgs/msg/detail/dds_fastrtps
[14.714s] -- Installing: /home/hossein/navigation2_stack/install/nav_2d_msgs/include/nav_2d_msgs/msg/detail/pose2_d32__rosidl_typesupport_fastrtps_cpp.hpp
[14.714s] -- Installing: /home/hossein/navigation2_stack/install/nav_2d_msgs/include/nav_2d_msgs/msg/detail/twist2_d_stamped__rosidl_typesupport_fastrtps_cpp.hpp
[14.719s] -- Installing: /home/hossein/navigation2_stack/install/nav_2d_msgs/include/nav_2d_msgs/msg/rosidl_typesupport_fastrtps_cpp__visibility_control.h
[14.719s] -- Installing: /home/hossein/navigation2_stack/install/nav_2d_msgs/lib/libnav_2d_msgs__rosidl_typesupport_fastrtps_cpp.so
[14.720s] -- Set runtime path of "/home/hossein/navigation2_stack/install/nav_2d_msgs/lib/libnav_2d_msgs__rosidl_typesupport_fastrtps_cpp.so" to ""
[14.720s] -- Up-to-date: /home/hossein/navigation2_stack/install/nav_2d_msgs/include/nav_2d_msgs
[14.720s] -- Up-to-date: /home/hossein/navigation2_stack/install/nav_2d_msgs/include/nav_2d_msgs/msg
[14.720s] -- Up-to-date: /home/hossein/navigation2_stack/install/nav_2d_msgs/include/nav_2d_msgs/msg/detail
[14.721s] -- Installing: /home/hossein/navigation2_stack/install/nav_2d_msgs/include/nav_2d_msgs/msg/detail/pose2_d_stamped__rosidl_typesupport_introspection_c.h
[14.721s] -- Installing: /home/hossein/navigation2_stack/install/nav_2d_msgs/include/nav_2d_msgs/msg/detail/path2_d__type_support.c
[14.721s] -- Installing: /home/hossein/navigation2_stack/install/nav_2d_msgs/include/nav_2d_msgs/msg/detail/twist2_d32__type_support.c
[14.721s] -- Installing: /home/hossein/navigation2_stack/install/nav_2d_msgs/include/nav_2d_msgs/msg/detail/pose2_d32__rosidl_typesupport_introspection_c.h
[14.721s] -- Installing: /home/hossein/navigation2_stack/install/nav_2d_msgs/include/nav_2d_msgs/msg/detail/twist2_d__type_support.c
[14.722s] -- Installing: /home/hossein/navigation2_stack/install/nav_2d_msgs/include/nav_2d_msgs/msg/detail/twist2_d_stamped__rosidl_typesupport_introspection_c.h
[14.722s] -- Installing: /home/hossein/navigation2_stack/install/nav_2d_msgs/include/nav_2d_msgs/msg/detail/twist2_d_stamped__type_support.c
[14.722s] -- Installing: /home/hossein/navigation2_stack/install/nav_2d_msgs/include/nav_2d_msgs/msg/detail/twist2_d32__rosidl_typesupport_introspection_c.h
[14.722s] -- Installing: /home/hossein/navigation2_stack/install/nav_2d_msgs/include/nav_2d_msgs/msg/detail/twist2_d__rosidl_typesupport_introspection_c.h
[14.722s] -- Installing: /home/hossein/navigation2_stack/install/nav_2d_msgs/include/nav_2d_msgs/msg/detail/pose2_d32__type_support.c
[14.722s] -- Installing: /home/hossein/navigation2_stack/install/nav_2d_msgs/include/nav_2d_msgs/msg/detail/path2_d__rosidl_typesupport_introspection_c.h
[14.722s] -- Installing: /home/hossein/navigation2_stack/install/nav_2d_msgs/include/nav_2d_msgs/msg/detail/pose2_d_stamped__type_support.c
[14.723s] -- Installing: /home/hossein/navigation2_stack/install/nav_2d_msgs/include/nav_2d_msgs/msg/rosidl_typesupport_introspection_c__visibility_control.h
[14.730s] -- Installing: /home/hossein/navigation2_stack/install/nav_2d_msgs/lib/libnav_2d_msgs__rosidl_typesupport_introspection_c.so
[14.730s] -- Set runtime path of "/home/hossein/navigation2_stack/install/nav_2d_msgs/lib/libnav_2d_msgs__rosidl_typesupport_introspection_c.so" to ""
[14.730s] -- Installing: /home/hossein/navigation2_stack/install/nav_2d_msgs/lib/libnav_2d_msgs__rosidl_typesupport_c.so
[14.730s] -- Set runtime path of "/home/hossein/navigation2_stack/install/nav_2d_msgs/lib/libnav_2d_msgs__rosidl_typesupport_c.so" to ""
[14.730s] -- Up-to-date: /home/hossein/navigation2_stack/install/nav_2d_msgs/include/nav_2d_msgs
[14.730s] -- Up-to-date: /home/hossein/navigation2_stack/install/nav_2d_msgs/include/nav_2d_msgs/msg
[14.730s] -- Installing: /home/hossein/navigation2_stack/install/nav_2d_msgs/include/nav_2d_msgs/msg/pose2_d32.hpp
[14.731s] -- Installing: /home/hossein/navigation2_stack/install/nav_2d_msgs/include/nav_2d_msgs/msg/twist2_d.hpp
[14.731s] -- Installing: /home/hossein/navigation2_stack/install/nav_2d_msgs/include/nav_2d_msgs/msg/twist2_d_stamped.hpp
[14.731s] -- Up-to-date: /home/hossein/navigation2_stack/install/nav_2d_msgs/include/nav_2d_msgs/msg/detail
[14.731s] -- Installing: /home/hossein/navigation2_stack/install/nav_2d_msgs/include/nav_2d_msgs/msg/detail/path2_d__struct.hpp
[14.731s] -- Installing: /home/hossein/navigation2_stack/install/nav_2d_msgs/include/nav_2d_msgs/msg/detail/path2_d__builder.hpp
[14.731s] -- Installing: /home/hossein/navigation2_stack/install/nav_2d_msgs/include/nav_2d_msgs/msg/detail/twist2_d32__traits.hpp
[14.732s] -- Installing: /home/hossein/navigation2_stack/install/nav_2d_msgs/include/nav_2d_msgs/msg/detail/pose2_d_stamped__builder.hpp
[14.732s] -- Installing: /home/hossein/navigation2_stack/install/nav_2d_msgs/include/nav_2d_msgs/msg/detail/pose2_d_stamped__struct.hpp
[14.732s] -- Installing: /home/hossein/navigation2_stack/install/nav_2d_msgs/include/nav_2d_msgs/msg/detail/pose2_d_stamped__traits.hpp
[14.732s] -- Installing: /home/hossein/navigation2_stack/install/nav_2d_msgs/include/nav_2d_msgs/msg/detail/twist2_d__struct.hpp
[14.732s] -- Installing: /home/hossein/navigation2_stack/install/nav_2d_msgs/include/nav_2d_msgs/msg/detail/pose2_d32__struct.hpp
[14.732s] -- Installing: /home/hossein/navigation2_stack/install/nav_2d_msgs/include/nav_2d_msgs/msg/detail/twist2_d_stamped__traits.hpp
[14.732s] -- Installing: /home/hossein/navigation2_stack/install/nav_2d_msgs/include/nav_2d_msgs/msg/detail/twist2_d32__struct.hpp
[14.733s] -- Installing: /home/hossein/navigation2_stack/install/nav_2d_msgs/include/nav_2d_msgs/msg/detail/pose2_d32__traits.hpp
[14.733s] -- Installing: /home/hossein/navigation2_stack/install/nav_2d_msgs/include/nav_2d_msgs/msg/detail/twist2_d__builder.hpp
[14.733s] -- Installing: /home/hossein/navigation2_stack/install/nav_2d_msgs/include/nav_2d_msgs/msg/detail/twist2_d32__builder.hpp
[14.733s] -- Installing: /home/hossein/navigation2_stack/install/nav_2d_msgs/include/nav_2d_msgs/msg/detail/twist2_d_stamped__builder.hpp
[14.733s] -- Installing: /home/hossein/navigation2_stack/install/nav_2d_msgs/include/nav_2d_msgs/msg/detail/twist2_d__traits.hpp
[14.733s] -- Installing: /home/hossein/navigation2_stack/install/nav_2d_msgs/include/nav_2d_msgs/msg/detail/pose2_d32__builder.hpp
[14.733s] -- Installing: /home/hossein/navigation2_stack/install/nav_2d_msgs/include/nav_2d_msgs/msg/detail/twist2_d_stamped__struct.hpp
[14.733s] -- Installing: /home/hossein/navigation2_stack/install/nav_2d_msgs/include/nav_2d_msgs/msg/detail/path2_d__traits.hpp
[14.734s] -- Installing: /home/hossein/navigation2_stack/install/nav_2d_msgs/include/nav_2d_msgs/msg/path2_d.hpp
[14.734s] -- Installing: /home/hossein/navigation2_stack/install/nav_2d_msgs/include/nav_2d_msgs/msg/twist2_d32.hpp
[14.734s] -- Installing: /home/hossein/navigation2_stack/install/nav_2d_msgs/include/nav_2d_msgs/msg/pose2_d_stamped.hpp
[14.734s] -- Up-to-date: /home/hossein/navigation2_stack/install/nav_2d_msgs/include/nav_2d_msgs
[14.734s] -- Up-to-date: /home/hossein/navigation2_stack/install/nav_2d_msgs/include/nav_2d_msgs/msg
[14.734s] -- Up-to-date: /home/hossein/navigation2_stack/install/nav_2d_msgs/include/nav_2d_msgs/msg/detail
[14.734s] -- Installing: /home/hossein/navigation2_stack/install/nav_2d_msgs/include/nav_2d_msgs/msg/detail/pose2_d32__rosidl_typesupport_introspection_cpp.hpp
[14.735s] -- Installing: /home/hossein/navigation2_stack/install/nav_2d_msgs/include/nav_2d_msgs/msg/detail/twist2_d__type_support.cpp
[14.735s] -- Installing: /home/hossein/navigation2_stack/install/nav_2d_msgs/include/nav_2d_msgs/msg/detail/pose2_d_stamped__rosidl_typesupport_introspection_cpp.hpp
[14.735s] -- Installing: /home/hossein/navigation2_stack/install/nav_2d_msgs/include/nav_2d_msgs/msg/detail/path2_d__type_support.cpp
[14.735s] -- Installing: /home/hossein/navigation2_stack/install/nav_2d_msgs/include/nav_2d_msgs/msg/detail/pose2_d32__type_support.cpp
[14.735s] -- Installing: /home/hossein/navigation2_stack/install/nav_2d_msgs/include/nav_2d_msgs/msg/detail/twist2_d32__rosidl_typesupport_introspection_cpp.hpp
[14.735s] -- Installing: /home/hossein/navigation2_stack/install/nav_2d_msgs/include/nav_2d_msgs/msg/detail/pose2_d_stamped__type_support.cpp
[14.735s] -- Installing: /home/hossein/navigation2_stack/install/nav_2d_msgs/include/nav_2d_msgs/msg/detail/path2_d__rosidl_typesupport_introspection_cpp.hpp
[14.735s] -- Installing: /home/hossein/navigation2_stack/install/nav_2d_msgs/include/nav_2d_msgs/msg/detail/twist2_d_stamped__type_support.cpp
[14.736s] -- Installing: /home/hossein/navigation2_stack/install/nav_2d_msgs/include/nav_2d_msgs/msg/detail/twist2_d__rosidl_typesupport_introspection_cpp.hpp
[14.736s] -- Installing: /home/hossein/navigation2_stack/install/nav_2d_msgs/include/nav_2d_msgs/msg/detail/twist2_d32__type_support.cpp
[14.736s] -- Installing: /home/hossein/navigation2_stack/install/nav_2d_msgs/include/nav_2d_msgs/msg/detail/twist2_d_stamped__rosidl_typesupport_introspection_cpp.hpp
[14.736s] -- Installing: /home/hossein/navigation2_stack/install/nav_2d_msgs/lib/libnav_2d_msgs__rosidl_typesupport_introspection_cpp.so
[14.736s] -- Set runtime path of "/home/hossein/navigation2_stack/install/nav_2d_msgs/lib/libnav_2d_msgs__rosidl_typesupport_introspection_cpp.so" to ""
[14.736s] -- Installing: /home/hossein/navigation2_stack/install/nav_2d_msgs/lib/libnav_2d_msgs__rosidl_typesupport_cpp.so
[14.736s] -- Set runtime path of "/home/hossein/navigation2_stack/install/nav_2d_msgs/lib/libnav_2d_msgs__rosidl_typesupport_cpp.so" to ""
[14.736s] -- Installing: /home/hossein/navigation2_stack/install/nav_2d_msgs/share/nav_2d_msgs/environment/pythonpath.sh
[14.737s] -- Installing: /home/hossein/navigation2_stack/install/nav_2d_msgs/share/nav_2d_msgs/environment/pythonpath.dsv
[14.737s] -- Installing: /home/hossein/navigation2_stack/install/nav_2d_msgs/lib/python3.8/site-packages/nav_2d_msgs/__init__.py
[14.791s] Compiling '/home/hossein/navigation2_stack/install/nav_2d_msgs/lib/python3.8/site-packages/nav_2d_msgs/__init__.py'...
[14.799s] -- Installing: /home/hossein/navigation2_stack/install/nav_2d_msgs/lib/python3.8/site-packages/nav_2d_msgs/msg
[14.799s] -- Installing: /home/hossein/navigation2_stack/install/nav_2d_msgs/lib/python3.8/site-packages/nav_2d_msgs/msg/_pose2_d_stamped_s.c
[14.800s] -- Installing: /home/hossein/navigation2_stack/install/nav_2d_msgs/lib/python3.8/site-packages/nav_2d_msgs/msg/_pose2_d32.py
[14.800s] -- Installing: /home/hossein/navigation2_stack/install/nav_2d_msgs/lib/python3.8/site-packages/nav_2d_msgs/msg/_twist2_d.py
[14.800s] -- Installing: /home/hossein/navigation2_stack/install/nav_2d_msgs/lib/python3.8/site-packages/nav_2d_msgs/msg/_pose2_d32_s.c
[14.800s] -- Installing: /home/hossein/navigation2_stack/install/nav_2d_msgs/lib/python3.8/site-packages/nav_2d_msgs/msg/_twist2_d_s.c
[14.800s] -- Installing: /home/hossein/navigation2_stack/install/nav_2d_msgs/lib/python3.8/site-packages/nav_2d_msgs/msg/_twist2_d_stamped_s.c
[14.800s] -- Installing: /home/hossein/navigation2_stack/install/nav_2d_msgs/lib/python3.8/site-packages/nav_2d_msgs/msg/_twist2_d_stamped.py
[14.801s] -- Installing: /home/hossein/navigation2_stack/install/nav_2d_msgs/lib/python3.8/site-packages/nav_2d_msgs/msg/_path2_d_s.c
[14.801s] -- Installing: /home/hossein/navigation2_stack/install/nav_2d_msgs/lib/python3.8/site-packages/nav_2d_msgs/msg/_path2_d.py
[14.801s] -- Installing: /home/hossein/navigation2_stack/install/nav_2d_msgs/lib/python3.8/site-packages/nav_2d_msgs/msg/_pose2_d_stamped.py
[14.801s] -- Installing: /home/hossein/navigation2_stack/install/nav_2d_msgs/lib/python3.8/site-packages/nav_2d_msgs/msg/_twist2_d32_s.c
[14.802s] -- Installing: /home/hossein/navigation2_stack/install/nav_2d_msgs/lib/python3.8/site-packages/nav_2d_msgs/msg/__init__.py
[14.802s] -- Installing: /home/hossein/navigation2_stack/install/nav_2d_msgs/lib/python3.8/site-packages/nav_2d_msgs/msg/_twist2_d32.py
[14.802s] -- Installing: /home/hossein/navigation2_stack/install/nav_2d_msgs/lib/python3.8/site-packages/nav_2d_msgs/nav_2d_msgs_s__rosidl_typesupport_fastrtps_c.cpython-38-x86_64-linux-gnu.so
[14.809s] -- Set runtime path of "/home/hossein/navigation2_stack/install/nav_2d_msgs/lib/python3.8/site-packages/nav_2d_msgs/nav_2d_msgs_s__rosidl_typesupport_fastrtps_c.cpython-38-x86_64-linux-gnu.so" to ""
[14.810s] -- Installing: /home/hossein/navigation2_stack/install/nav_2d_msgs/lib/python3.8/site-packages/nav_2d_msgs/nav_2d_msgs_s__rosidl_typesupport_introspection_c.cpython-38-x86_64-linux-gnu.so
[14.810s] -- Set runtime path of "/home/hossein/navigation2_stack/install/nav_2d_msgs/lib/python3.8/site-packages/nav_2d_msgs/nav_2d_msgs_s__rosidl_typesupport_introspection_c.cpython-38-x86_64-linux-gnu.so" to ""
[14.810s] -- Installing: /home/hossein/navigation2_stack/install/nav_2d_msgs/lib/python3.8/site-packages/nav_2d_msgs/nav_2d_msgs_s__rosidl_typesupport_c.cpython-38-x86_64-linux-gnu.so
[14.810s] -- Set runtime path of "/home/hossein/navigation2_stack/install/nav_2d_msgs/lib/python3.8/site-packages/nav_2d_msgs/nav_2d_msgs_s__rosidl_typesupport_c.cpython-38-x86_64-linux-gnu.so" to ""
[14.810s] -- Installing: /home/hossein/navigation2_stack/install/nav_2d_msgs/lib/libnav_2d_msgs__python.so
[14.810s] -- Set runtime path of "/home/hossein/navigation2_stack/install/nav_2d_msgs/lib/libnav_2d_msgs__python.so" to ""
[14.810s] -- Installing: /home/hossein/navigation2_stack/install/nav_2d_msgs/share/nav_2d_msgs/msg/Path2D.idl
[14.811s] -- Installing: /home/hossein/navigation2_stack/install/nav_2d_msgs/share/nav_2d_msgs/msg/Pose2D32.idl
[14.811s] -- Installing: /home/hossein/navigation2_stack/install/nav_2d_msgs/share/nav_2d_msgs/msg/Pose2DStamped.idl
[14.811s] -- Installing: /home/hossein/navigation2_stack/install/nav_2d_msgs/share/nav_2d_msgs/msg/Twist2D.idl
[14.811s] -- Installing: /home/hossein/navigation2_stack/install/nav_2d_msgs/share/nav_2d_msgs/msg/Twist2D32.idl
[14.811s] -- Installing: /home/hossein/navigation2_stack/install/nav_2d_msgs/share/nav_2d_msgs/msg/Twist2DStamped.idl
[14.811s] -- Installing: /home/hossein/navigation2_stack/install/nav_2d_msgs/share/nav_2d_msgs/msg/Path2D.msg
[14.811s] -- Installing: /home/hossein/navigation2_stack/install/nav_2d_msgs/share/nav_2d_msgs/msg/Pose2D32.msg
[14.811s] -- Installing: /home/hossein/navigation2_stack/install/nav_2d_msgs/share/nav_2d_msgs/msg/Pose2DStamped.msg
[14.812s] -- Installing: /home/hossein/navigation2_stack/install/nav_2d_msgs/share/nav_2d_msgs/msg/Twist2D.msg
[14.812s] -- Installing: /home/hossein/navigation2_stack/install/nav_2d_msgs/share/nav_2d_msgs/msg/Twist2D32.msg
[14.812s] -- Installing: /home/hossein/navigation2_stack/install/nav_2d_msgs/share/nav_2d_msgs/msg/Twist2DStamped.msg
[14.812s] -- Installing: /home/hossein/navigation2_stack/install/nav_2d_msgs/share/ament_index/resource_index/package_run_dependencies/nav_2d_msgs
[14.812s] -- Installing: /home/hossein/navigation2_stack/install/nav_2d_msgs/share/ament_index/resource_index/parent_prefix_path/nav_2d_msgs
[14.812s] -- Installing: /home/hossein/navigation2_stack/install/nav_2d_msgs/share/nav_2d_msgs/environment/ament_prefix_path.sh
[14.812s] -- Installing: /home/hossein/navigation2_stack/install/nav_2d_msgs/share/nav_2d_msgs/environment/ament_prefix_path.dsv
[14.813s] -- Installing: /home/hossein/navigation2_stack/install/nav_2d_msgs/share/nav_2d_msgs/environment/path.sh
[14.813s] -- Installing: /home/hossein/navigation2_stack/install/nav_2d_msgs/share/nav_2d_msgs/environment/path.dsv
[14.813s] -- Installing: /home/hossein/navigation2_stack/install/nav_2d_msgs/share/nav_2d_msgs/local_setup.bash
[14.813s] -- Installing: /home/hossein/navigation2_stack/install/nav_2d_msgs/share/nav_2d_msgs/local_setup.sh
[14.814s] -- Installing: /home/hossein/navigation2_stack/install/nav_2d_msgs/share/nav_2d_msgs/local_setup.zsh
[14.814s] -- Installing: /home/hossein/navigation2_stack/install/nav_2d_msgs/share/nav_2d_msgs/local_setup.dsv
[14.814s] -- Installing: /home/hossein/navigation2_stack/install/nav_2d_msgs/share/nav_2d_msgs/package.dsv
[14.814s] -- Installing: /home/hossein/navigation2_stack/install/nav_2d_msgs/share/ament_index/resource_index/packages/nav_2d_msgs
[14.822s] -- Installing: /home/hossein/navigation2_stack/install/nav_2d_msgs/share/nav_2d_msgs/cmake/nav_2d_msgs__rosidl_generator_cExport.cmake
[14.823s] -- Installing: /home/hossein/navigation2_stack/install/nav_2d_msgs/share/nav_2d_msgs/cmake/nav_2d_msgs__rosidl_generator_cExport-noconfig.cmake
[14.823s] -- Installing: /home/hossein/navigation2_stack/install/nav_2d_msgs/share/nav_2d_msgs/cmake/nav_2d_msgs__rosidl_typesupport_introspection_cExport.cmake
[14.823s] -- Installing: /home/hossein/navigation2_stack/install/nav_2d_msgs/share/nav_2d_msgs/cmake/nav_2d_msgs__rosidl_typesupport_introspection_cExport-noconfig.cmake
[14.824s] -- Installing: /home/hossein/navigation2_stack/install/nav_2d_msgs/share/nav_2d_msgs/cmake/nav_2d_msgs__rosidl_typesupport_cExport.cmake
[14.824s] -- Installing: /home/hossein/navigation2_stack/install/nav_2d_msgs/share/nav_2d_msgs/cmake/nav_2d_msgs__rosidl_typesupport_cExport-noconfig.cmake
[14.824s] -- Installing: /home/hossein/navigation2_stack/install/nav_2d_msgs/share/nav_2d_msgs/cmake/nav_2d_msgs__rosidl_generator_cppExport.cmake
[14.824s] -- Installing: /home/hossein/navigation2_stack/install/nav_2d_msgs/share/nav_2d_msgs/cmake/nav_2d_msgs__rosidl_typesupport_introspection_cppExport.cmake
[14.825s] -- Installing: /home/hossein/navigation2_stack/install/nav_2d_msgs/share/nav_2d_msgs/cmake/nav_2d_msgs__rosidl_typesupport_introspection_cppExport-noconfig.cmake
[14.825s] -- Installing: /home/hossein/navigation2_stack/install/nav_2d_msgs/share/nav_2d_msgs/cmake/nav_2d_msgs__rosidl_typesupport_cppExport.cmake
[14.825s] -- Installing: /home/hossein/navigation2_stack/install/nav_2d_msgs/share/nav_2d_msgs/cmake/nav_2d_msgs__rosidl_typesupport_cppExport-noconfig.cmake
[14.826s] -- Installing: /home/hossein/navigation2_stack/install/nav_2d_msgs/share/nav_2d_msgs/cmake/rosidl_cmake-extras.cmake
[14.826s] -- Installing: /home/hossein/navigation2_stack/install/nav_2d_msgs/share/nav_2d_msgs/cmake/ament_cmake_export_dependencies-extras.cmake
[14.826s] -- Installing: /home/hossein/navigation2_stack/install/nav_2d_msgs/share/nav_2d_msgs/cmake/ament_cmake_export_libraries-extras.cmake
[14.826s] -- Installing: /home/hossein/navigation2_stack/install/nav_2d_msgs/share/nav_2d_msgs/cmake/ament_cmake_export_targets-extras.cmake
[14.827s] -- Installing: /home/hossein/navigation2_stack/install/nav_2d_msgs/share/nav_2d_msgs/cmake/ament_cmake_export_include_directories-extras.cmake
[14.827s] -- Installing: /home/hossein/navigation2_stack/install/nav_2d_msgs/share/nav_2d_msgs/cmake/rosidl_cmake_export_typesupport_libraries-extras.cmake
[14.827s] -- Installing: /home/hossein/navigation2_stack/install/nav_2d_msgs/share/nav_2d_msgs/cmake/rosidl_cmake_export_typesupport_targets-extras.cmake
[14.828s] -- Installing: /home/hossein/navigation2_stack/install/nav_2d_msgs/share/nav_2d_msgs/cmake/nav_2d_msgsConfig.cmake
[14.828s] -- Installing: /home/hossein/navigation2_stack/install/nav_2d_msgs/share/nav_2d_msgs/cmake/nav_2d_msgsConfig-version.cmake
[14.828s] -- Installing: /home/hossein/navigation2_stack/install/nav_2d_msgs/share/nav_2d_msgs/package.xml
[14.838s] Invoked command in '/home/hossein/navigation2_stack/build/nav_2d_msgs' returned '0': CMAKE_PREFIX_PATH=${CMAKE_PREFIX_PATH}:/home/hossein/nav2_ws/install/nav2_gazebo_spawner:/home/hossein/nav2_ws/install/image_segmentation:/home/hossein/dev_ws/install/py_pubsub:/home/hossein/dev_ws/install/image_segmentation:/opt/ros/foxy /usr/bin/cmake --install /home/hossein/navigation2_stack/build/nav_2d_msgs
