[0.061s] Invoking command in '/home/hossein/navigation2_stack/build/nav2_common': CMAKE_PREFIX_PATH=${CMAKE_PREFIX_PATH}:/home/hossein/dev_ws/install/py_pubsub:/home/hossein/dev_ws/install/image_segmentation:/opt/ros/foxy /usr/bin/cmake --build /home/hossein/navigation2_stack/build/nav2_common -- -j8 -l8
[0.704s] Invoked command in '/home/hossein/navigation2_stack/build/nav2_common' returned '0': CMAKE_PREFIX_PATH=${CMAKE_PREFIX_PATH}:/home/hossein/dev_ws/install/py_pubsub:/home/hossein/dev_ws/install/image_segmentation:/opt/ros/foxy /usr/bin/cmake --build /home/hossein/navigation2_stack/build/nav2_common -- -j8 -l8
[0.750s] Invoking command in '/home/hossein/navigation2_stack/build/nav2_common': CMAKE_PREFIX_PATH=${CMAKE_PREFIX_PATH}:/home/hossein/dev_ws/install/py_pubsub:/home/hossein/dev_ws/install/image_segmentation:/opt/ros/foxy /usr/bin/cmake --install /home/hossein/navigation2_stack/build/nav2_common
[0.767s] -- Install configuration: ""
[0.768s] -- Up-to-date: /home/hossein/navigation2_stack/install/nav2_common/share/nav2_common/environment/pythonpath.sh
[0.768s] -- Up-to-date: /home/hossein/navigation2_stack/install/nav2_common/share/nav2_common/environment/pythonpath.dsv
[0.768s] -- Up-to-date: /home/hossein/navigation2_stack/install/nav2_common/lib/python3.8/site-packages/nav2_common
[0.769s] -- Up-to-date: /home/hossein/navigation2_stack/install/nav2_common/lib/python3.8/site-packages/nav2_common/launch
[0.769s] -- Up-to-date: /home/hossein/navigation2_stack/install/nav2_common/lib/python3.8/site-packages/nav2_common/launch/rewritten_yaml.py
[0.769s] -- Up-to-date: /home/hossein/navigation2_stack/install/nav2_common/lib/python3.8/site-packages/nav2_common/launch/replace_string.py
[0.769s] -- Up-to-date: /home/hossein/navigation2_stack/install/nav2_common/lib/python3.8/site-packages/nav2_common/launch/__init__.py
[0.769s] -- Up-to-date: /home/hossein/navigation2_stack/install/nav2_common/lib/python3.8/site-packages/nav2_common/__init__.py
[0.827s] Listing '/home/hossein/navigation2_stack/install/nav2_common/lib/python3.8/site-packages/nav2_common'...
[0.827s] Listing '/home/hossein/navigation2_stack/install/nav2_common/lib/python3.8/site-packages/nav2_common/launch'...
[0.840s] -- Up-to-date: /home/hossein/navigation2_stack/install/nav2_common/share/ament_index/resource_index/package_run_dependencies/nav2_common
[0.840s] -- Up-to-date: /home/hossein/navigation2_stack/install/nav2_common/share/ament_index/resource_index/parent_prefix_path/nav2_common
[0.841s] -- Up-to-date: /home/hossein/navigation2_stack/install/nav2_common/share/nav2_common/environment/ament_prefix_path.sh
[0.841s] -- Up-to-date: /home/hossein/navigation2_stack/install/nav2_common/share/nav2_common/environment/ament_prefix_path.dsv
[0.841s] -- Up-to-date: /home/hossein/navigation2_stack/install/nav2_common/share/nav2_common/environment/path.sh
[0.842s] -- Up-to-date: /home/hossein/navigation2_stack/install/nav2_common/share/nav2_common/environment/path.dsv
[0.842s] -- Up-to-date: /home/hossein/navigation2_stack/install/nav2_common/share/nav2_common/local_setup.bash
[0.842s] -- Up-to-date: /home/hossein/navigation2_stack/install/nav2_common/share/nav2_common/local_setup.sh
[0.844s] -- Up-to-date: /home/hossein/navigation2_stack/install/nav2_common/share/nav2_common/local_setup.zsh
[0.845s] -- Up-to-date: /home/hossein/navigation2_stack/install/nav2_common/share/nav2_common/local_setup.dsv
[0.845s] -- Installing: /home/hossein/navigation2_stack/install/nav2_common/share/nav2_common/package.dsv
[0.845s] -- Up-to-date: /home/hossein/navigation2_stack/install/nav2_common/share/ament_index/resource_index/packages/nav2_common
[0.846s] -- Up-to-date: /home/hossein/navigation2_stack/install/nav2_common/share/nav2_common/cmake/nav2_common-extras.cmake
[0.846s] -- Up-to-date: /home/hossein/navigation2_stack/install/nav2_common/share/nav2_common/cmake/nav2_commonConfig.cmake
[0.846s] -- Up-to-date: /home/hossein/navigation2_stack/install/nav2_common/share/nav2_common/cmake/nav2_commonConfig-version.cmake
[0.846s] -- Up-to-date: /home/hossein/navigation2_stack/install/nav2_common/share/nav2_common/package.xml
[0.846s] -- Up-to-date: /home/hossein/navigation2_stack/install/nav2_common/share/nav2_common/cmake
[0.846s] -- Up-to-date: /home/hossein/navigation2_stack/install/nav2_common/share/nav2_common/cmake/nav2_package.cmake
[0.853s] Invoked command in '/home/hossein/navigation2_stack/build/nav2_common' returned '0': CMAKE_PREFIX_PATH=${CMAKE_PREFIX_PATH}:/home/hossein/dev_ws/install/py_pubsub:/home/hossein/dev_ws/install/image_segmentation:/opt/ros/foxy /usr/bin/cmake --install /home/hossein/navigation2_stack/build/nav2_common
