-- The C compiler identification is GNU 7.5.0
-- The CXX compiler identification is GNU 7.5.0
-- Check for working C compiler: /usr/bin/cc
-- Check for working C compiler: /usr/bin/cc -- works
-- Detecting C compiler ABI info
-- Detecting C compiler ABI info - done
-- Detecting C compile features
-- Detecting C compile features - done
-- Check for working CXX compiler: /usr/bin/c++
-- Check for working CXX compiler: /usr/bin/c++ -- works
-- Detecting CXX compiler ABI info
-- Detecting CXX compiler ABI info - done
-- Detecting CXX compile features
-- Detecting CXX compile features - done
-- Found ament_cmake: 0.9.8 (/opt/ros/foxy/share/ament_cmake/cmake)
-- Found PythonInterp: /usr/bin/python3 (found suitable version "3.8.5", minimum required is "3") 
-- Using PYTHON_EXECUTABLE: /usr/bin/python3
-- Found nav2_common: 0.4.5 (/home/hossein/navigation2_stack/install/nav2_common/share/nav2_common/cmake)
-- Found rclcpp: 2.3.1 (/opt/ros/foxy/share/rclcpp/cmake)
-- Using all available rosidl_typesupport_c: rosidl_typesupport_fastrtps_c;rosidl_typesupport_introspection_c
-- Found rosidl_adapter: 1.2.1 (/opt/ros/foxy/share/rosidl_adapter/cmake)
-- Found OpenSSL: /usr/lib/x86_64-linux-gnu/libcrypto.so (found version "1.1.1f")  
-- Found FastRTPS: /opt/ros/foxy/include  
-- Using all available rosidl_typesupport_cpp: rosidl_typesupport_fastrtps_cpp;rosidl_typesupport_introspection_cpp
-- Found rmw_implementation_cmake: 1.0.3 (/opt/ros/foxy/share/rmw_implementation_cmake/cmake)
-- Using RMW implementation 'rmw_fastrtps_cpp' as default
-- Looking for pthread.h
-- Looking for pthread.h - found
-- Performing Test CMAKE_HAVE_LIBC_PTHREAD
-- Performing Test CMAKE_HAVE_LIBC_PTHREAD - Failed
-- Looking for pthread_create in pthreads
-- Looking for pthread_create in pthreads - not found
-- Looking for pthread_create in pthread
-- Looking for pthread_create in pthread - found
-- Found Threads: TRUE  
-- Found rclcpp_lifecycle: 2.3.1 (/opt/ros/foxy/share/rclcpp_lifecycle/cmake)
-- Found message_filters: 3.2.5 (/opt/ros/foxy/share/message_filters/cmake)
-- Found tf2_geometry_msgs: 0.13.10 (/opt/ros/foxy/share/tf2_geometry_msgs/cmake)
-- Found eigen3_cmake_module: 0.1.1 (/opt/ros/foxy/share/eigen3_cmake_module/cmake)
-- Found Eigen3: TRUE (found version "3.3.7") 
-- Found nav_msgs: 2.0.4 (/opt/ros/foxy/share/nav_msgs/cmake)
-- Found sensor_msgs: 2.0.4 (/opt/ros/foxy/share/sensor_msgs/cmake)
-- Found std_srvs: 2.0.4 (/opt/ros/foxy/share/std_srvs/cmake)
-- Found nav2_util: 0.4.5 (/home/hossein/navigation2_stack/install/nav2_util/share/nav2_util/cmake)
-- Setting build type to Release as none was specified.
-- Looking for drand48
-- Looking for drand48 - found
-- Found ament_lint_auto: 0.9.6 (/opt/ros/foxy/share/ament_lint_auto/cmake)
-- Added test 'cppcheck' to perform static code analysis on C / C++ code
-- Configured cppcheck include dirs: /home/hossein/navigation2_stack/navigation2/nav2_amcl/include;/home/hossein/navigation2_stack/navigation2/nav2_amcl/src/include
-- Configured cppcheck exclude dirs and/or files: 
-- Added test 'lint_cmake' to check CMake code style
-- Added test 'uncrustify' to check C / C++ code style
-- Configured uncrustify additional arguments: 
-- Added test 'xmllint' to check XML markup files
-- Configuring done
-- Generating done
-- Build files have been written to: /home/hossein/navigation2_stack/build/nav2_amcl
[35m[1mScanning dependencies of target map_lib[0m
[35m[1mScanning dependencies of target pf_lib[0m
[  3%] [32mBuilding C object src/map/CMakeFiles/map_lib.dir/map.c.o[0m
[  7%] [32mBuilding C object src/map/CMakeFiles/map_lib.dir/map_store.c.o[0m
[ 11%] [32mBuilding C object src/map/CMakeFiles/map_lib.dir/map_draw.c.o[0m
[ 15%] [32mBuilding C object src/pf/CMakeFiles/pf_lib.dir/pf.c.o[0m
[ 19%] [32mBuilding C object src/map/CMakeFiles/map_lib.dir/map_range.c.o[0m
[ 26%] [32mBuilding CXX object src/map/CMakeFiles/map_lib.dir/map_cspace.cpp.o[0m
[ 26%] [32mBuilding C object src/pf/CMakeFiles/pf_lib.dir/pf_pdf.c.o[0m
[ 30%] [32mBuilding C object src/pf/CMakeFiles/pf_lib.dir/pf_kdtree.c.o[0m
[ 34%] [32mBuilding C object src/pf/CMakeFiles/pf_lib.dir/pf_vector.c.o[0m
[ 38%] [32mBuilding C object src/pf/CMakeFiles/pf_lib.dir/pf_draw.c.o[0m
[ 42%] [32mBuilding C object src/pf/CMakeFiles/pf_lib.dir/eig3.c.o[0m
[ 46%] [32m[1mLinking C shared library libpf_lib.so[0m
[ 50%] [32m[1mLinking CXX shared library libmap_lib.so[0m
[ 50%] Built target pf_lib
[35m[1mScanning dependencies of target motions_lib[0m
[ 50%] Built target map_lib
[ 53%] [32mBuilding CXX object src/motion_model/CMakeFiles/motions_lib.dir/omni_motion_model.cpp.o[0m
[ 57%] [32mBuilding CXX object src/motion_model/CMakeFiles/motions_lib.dir/differential_motion_model.cpp.o[0m
[ 61%] [32mBuilding CXX object src/motion_model/CMakeFiles/motions_lib.dir/motion_model.cpp.o[0m
[35m[1mScanning dependencies of target sensors_lib[0m
[ 65%] [32mBuilding CXX object src/sensors/CMakeFiles/sensors_lib.dir/laser/laser.cpp.o[0m
[ 69%] [32mBuilding CXX object src/sensors/CMakeFiles/sensors_lib.dir/laser/beam_model.cpp.o[0m
[ 73%] [32mBuilding CXX object src/sensors/CMakeFiles/sensors_lib.dir/laser/likelihood_field_model.cpp.o[0m
[ 76%] [32mBuilding CXX object src/sensors/CMakeFiles/sensors_lib.dir/laser/likelihood_field_model_prob.cpp.o[0m
[ 80%] [32m[1mLinking CXX shared library libmotions_lib.so[0m
[ 84%] [32m[1mLinking CXX shared library libsensors_lib.so[0m
[ 84%] Built target motions_lib
[ 84%] Built target sensors_lib
[35m[1mScanning dependencies of target amcl_core[0m
[ 88%] [32mBuilding CXX object CMakeFiles/amcl_core.dir/src/amcl_node.cpp.o[0m
[ 92%] [32m[1mLinking CXX shared library libamcl_core.so[0m
[ 92%] Built target amcl_core
[35m[1mScanning dependencies of target amcl[0m
[ 96%] [32mBuilding CXX object CMakeFiles/amcl.dir/src/main.cpp.o[0m
[100%] [32m[1mLinking CXX executable amcl[0m
[100%] Built target amcl
