[0.060s] Invoking command in '/home/hossein/navigation2_stack/build/nav2_behavior_tree': CMAKE_PREFIX_PATH=/home/hossein/navigation2_stack/install/nav2_util:/home/hossein/navigation2_stack/install/nav2_msgs:/home/hossein/navigation2_stack/install/nav2_common:/home/hossein/navigation2_stack/install/nav_2d_utils:/home/hossein/navigation2_stack/install/dwb_msgs:/home/hossein/navigation2_stack/install/nav_2d_msgs:/home/hossein/navigation2_stack/install/nav2_waypoint_follower:/home/hossein/navigation2_stack/install/nav2_voxel_grid:/home/hossein/navigation2_stack/install/nav2_map_server:/home/hossein/navigation2_stack/install/nav2_lifecycle_manager:/home/hossein/navigation2_stack/install/custom_roi_srv:/home/hossein/navigation2_stack/install/custom_msg_srv:/home/hossein/turtlebot3_ws/install/turtlebot3_simulations:/home/hossein/turtlebot3_ws/install/turtlebot3_gazebo:/home/hossein/turtlebot3_ws/install/turtlebot3_fake_node:/home/hossein/nav2_ws/install/nav2_system_tests:/home/hossein/nav2_ws/install/nav2_bringup:/home/hossein/nav2_ws/install/navigation2:/home/hossein/nav2_ws/install/smac_planner:/home/hossein/nav2_ws/install/nav2_dwb_controller:/home/hossein/nav2_ws/install/nav2_controller:/home/hossein/nav2_ws/install/dwb_plugins:/home/hossein/nav2_ws/install/dwb_critics:/home/hossein/nav2_ws/install/dwb_core:/home/hossein/nav2_ws/install/nav_2d_utils:/home/hossein/nav2_ws/install/dwb_msgs:/home/hossein/nav2_ws/install/nav_2d_msgs:/home/hossein/nav2_ws/install/nav2_waypoint_follower:/home/hossein/nav2_ws/install/nav2_recoveries:/home/hossein/nav2_ws/install/nav2_planner:/home/hossein/nav2_ws/install/nav2_navfn_planner:/home/hossein/nav2_ws/install/nav2_gradient_costmap_plugin:/home/hossein/nav2_ws/install/nav2_core:/home/hossein/nav2_ws/install/costmap_queue:/home/hossein/nav2_ws/install/nav2_costmap_2d:/home/hossein/nav2_ws/install/nav2_voxel_grid:/home/hossein/nav2_ws/install/nav2_rviz_plugins:/home/hossein/nav2_ws/install/nav2_map_server:/home/hossein/nav2_ws/install/nav2_lifecycle_manager:/home/hossein/nav2_ws/install/nav2_bt_navigator:/home/hossein/nav2_ws/install/nav2_behavior_tree:/home/hossein/nav2_ws/install/nav2_amcl:/home/hossein/nav2_ws/install/nav2_util:/home/hossein/nav2_ws/install/nav2_msgs:/home/hossein/nav2_ws/install/nav2_common:/home/hossein/nav2_ws/install/custom_msg_srv:/home/hossein/dev_ws/install/vad_utils:/home/hossein/dev_ws/install/user_interface:/home/hossein/dev_ws/install/tf_publisher:/home/hossein/dev_ws/install/overhead_camera_service:/home/hossein/dev_ws/install/nf2:/home/hossein/dev_ws/install/global_planner:/home/hossein/dev_ws/install/custom_msg_srv:/home/hossein/navigation2_stack/install/nav2_gazebo_spawner:/home/hossein/navigation2_stack/install/ceiling_segmentation:/home/hossein/nav2_ws/install/nav2_gazebo_spawner:/home/hossein/nav2_ws/install/image_segmentation:/home/hossein/dev_ws/install/py_pubsub:/home/hossein/dev_ws/install/image_segmentation:/opt/ros/foxy LD_LIBRARY_PATH=/home/hossein/navigation2_stack/install/nav2_util/lib:/home/hossein/navigation2_stack/install/nav2_msgs/lib:/home/hossein/navigation2_stack/install/nav_2d_utils/lib:/home/hossein/navigation2_stack/install/dwb_msgs/lib:/home/hossein/navigation2_stack/install/nav_2d_msgs/lib:/home/hossein/navigation2_stack/install/nav2_waypoint_follower/lib:/home/hossein/navigation2_stack/install/nav2_voxel_grid/lib:/home/hossein/navigation2_stack/install/nav2_map_server/lib:/home/hossein/navigation2_stack/install/nav2_lifecycle_manager/lib:/home/hossein/navigation2_stack/install/custom_roi_srv/lib:/home/hossein/navigation2_stack/install/custom_msg_srv/lib:/home/hossein/nav2_ws/install/smac_planner/lib:/home/hossein/nav2_ws/install/nav2_controller/lib:/home/hossein/nav2_ws/install/dwb_plugins/lib:/home/hossein/nav2_ws/install/dwb_critics/lib:/home/hossein/nav2_ws/install/dwb_core/lib:/home/hossein/nav2_ws/install/nav_2d_utils/lib:/home/hossein/nav2_ws/install/dwb_msgs/lib:/home/hossein/nav2_ws/install/nav_2d_msgs/lib:/home/hossein/nav2_ws/install/nav2_waypoint_follower/lib:/home/hossein/nav2_ws/install/nav2_recoveries/lib:/home/hossein/nav2_ws/install/nav2_planner/lib:/home/hossein/nav2_ws/install/nav2_navfn_planner/lib:/home/hossein/nav2_ws/install/nav2_gradient_costmap_plugin/lib:/home/hossein/nav2_ws/install/costmap_queue/lib:/home/hossein/nav2_ws/install/nav2_costmap_2d/lib:/home/hossein/nav2_ws/install/nav2_voxel_grid/lib:/home/hossein/nav2_ws/install/nav2_rviz_plugins/lib:/home/hossein/nav2_ws/install/nav2_map_server/lib:/home/hossein/nav2_ws/install/nav2_lifecycle_manager/lib:/home/hossein/nav2_ws/install/nav2_bt_navigator/lib:/home/hossein/nav2_ws/install/nav2_behavior_tree/lib:/home/hossein/nav2_ws/install/nav2_amcl/lib:/home/hossein/nav2_ws/install/nav2_util/lib:/home/hossein/nav2_ws/install/nav2_msgs/lib:/home/hossein/nav2_ws/install/custom_msg_srv/lib:/home/hossein/dev_ws/install/user_interface/lib:/home/hossein/dev_ws/install/tf_publisher/lib:/home/hossein/dev_ws/install/overhead_camera_service/lib:/home/hossein/dev_ws/install/global_planner/lib:/home/hossein/dev_ws/install/custom_msg_srv/lib:/usr/lib/x86_64-linux-gnu/gazebo-11/plugins:/opt/ros/foxy/opt/yaml_cpp_vendor/lib:/opt/ros/foxy/opt/rviz_ogre_vendor/lib:/opt/ros/foxy/lib/x86_64-linux-gnu:/opt/ros/foxy/lib:/home/hossein/.mujoco/mujoco200/bin PYTHONPATH=/home/hossein/navigation2_stack/install/nav2_msgs/lib/python3.8/site-packages:/home/hossein/navigation2_stack/install/nav2_common/lib/python3.8/site-packages:/home/hossein/navigation2_stack/install/dwb_msgs/lib/python3.8/site-packages:/home/hossein/navigation2_stack/install/nav_2d_msgs/lib/python3.8/site-packages:/home/hossein/navigation2_stack/install/nav2_gazebo_spawner/lib/python3.8/site-packages:/home/hossein/navigation2_stack/install/custom_roi_srv/lib/python3.8/site-packages:/home/hossein/navigation2_stack/install/ceiling_segmentation/lib/python3.8/site-packages:/home/hossein/navigation2_stack/install/custom_msg_srv/lib/python3.8/site-packages:/home/hossein/nav2_ws/install/dwb_msgs/lib/python3.8/site-packages:/home/hossein/nav2_ws/install/nav_2d_msgs/lib/python3.8/site-packages:/home/hossein/nav2_ws/install/nav2_msgs/lib/python3.8/site-packages:/home/hossein/nav2_ws/install/nav2_gazebo_spawner/lib/python3.8/site-packages:/home/hossein/nav2_ws/install/nav2_common/lib/python3.8/site-packages:/home/hossein/nav2_ws/build/image_segmentation:/home/hossein/nav2_ws/install/image_segmentation/lib/python3.8/site-packages:/home/hossein/nav2_ws/install/custom_msg_srv/lib/python3.8/site-packages:/home/hossein/dev_ws/install/py_pubsub/lib/python3.8/site-packages:/home/hossein/dev_ws/install/image_segmentation/lib/python3.8/site-packages:/home/hossein/dev_ws/install/custom_msg_srv/lib/python3.8/site-packages:/opt/ros/foxy/lib/python3.8/site-packages /usr/bin/cmake --build /home/hossein/navigation2_stack/build/nav2_behavior_tree -- -j8 -l8
[0.291s] [  2%] Built target nav2_wait_action_bt_node
[0.295s] [  4%] Built target nav2_transform_available_condition_bt_node
[0.308s] [  6%] Built target nav2_pipeline_sequence_bt_node
[0.316s] [  8%] Built target nav2_compute_path_to_pose_action_bt_node
[0.316s] [ 10%] Built target nav2_spin_action_bt_node
[0.316s] [ 12%] Built target nav2_goal_updated_condition_bt_node
[0.336s] [ 14%] Built target nav2_behavior_tree
[0.350s] [ 16%] Built target nav2_is_stuck_condition_bt_node
[0.452s] [ 18%] Built target nav2_goal_reached_condition_bt_node
[0.453s] [ 20%] Built target nav2_goal_updater_node_bt_node
[0.472s] [ 22%] Built target nav2_initial_pose_received_condition_bt_node
[0.484s] [ 24%] Built target nav2_follow_path_action_bt_node
[0.498s] [ 26%] Built target nav2_time_expired_condition_bt_node
[0.499s] [ 28%] Built target nav2_reinitialize_global_localization_service_bt_node
[0.505s] [ 30%] Built target nav2_is_battery_low_condition_bt_node
[0.521s] [ 32%] Built target nav2_distance_traveled_condition_bt_node
[0.618s] [ 34%] Built target nav2_rate_controller_bt_node
[0.627s] [ 36%] Built target nav2_round_robin_node_bt_node
[0.631s] [ 38%] Built target nav2_distance_controller_bt_node
[0.638s] [ 40%] Built target nav2_speed_controller_bt_node
[0.645s] [ 42%] Built target nav2_clear_costmap_service_bt_node
[0.654s] [ 44%] Built target nav2_navigate_to_pose_action_bt_node
[0.661s] [ 46%] Built target nav2_truncate_path_action_bt_node
[0.673s] [ 48%] Built target nav2_back_up_action_bt_node
[0.686s] [ 51%] Built target gtest
[0.687s] [ 53%] Built target nav2_recovery_node_bt_node
[0.695s] [ 55%] Built target gtest_main
[0.818s] [ 57%] Built target test_bt_conversions
[0.818s] [ 59%] Built target test_condition_distance_traveled
[0.823s] [ 61%] Built target test_condition_time_expired
[0.828s] [ 65%] Built target test_condition_initial_pose_received
[0.828s] [ 65%] Built target test_condition_goal_updated
[0.833s] [ 67%] Built target test_condition_is_battery_low
[0.840s] [ 69%] Built target test_condition_transform_available
[0.840s] [ 71%] Built target test_condition_is_stuck
[0.902s] [ 73%] Built target test_condition_goal_reached
[0.910s] [ 75%] Built target test_goal_updater_node
[0.931s] [ 77%] Built target test_decorator_rate_controller
[0.937s] [ 79%] Built target test_decorator_distance_controller
[0.944s] [ 81%] Built target test_control_recovery_node
[0.947s] [ 83%] Built target test_decorator_speed_controller
[0.956s] [ 85%] Built target test_control_pipeline_sequence
[0.965s] [ 87%] Built target test_control_round_robin_node
[1.006s] [ 89%] Built target test_truncate_path_action
[1.008s] [ 91%] Built target test_action_navigate_to_pose_action
[1.025s] [ 93%] Built target test_action_follow_path_action
[1.030s] [ 95%] Built target test_action_reinitialize_global_localization_service
[1.038s] [ 97%] Built target test_action_compute_path_to_pose_action
[1.042s] [100%] Built target test_action_clear_costmap_service
[1.066s] Invoked command in '/home/hossein/navigation2_stack/build/nav2_behavior_tree' returned '0': CMAKE_PREFIX_PATH=/home/hossein/navigation2_stack/install/nav2_util:/home/hossein/navigation2_stack/install/nav2_msgs:/home/hossein/navigation2_stack/install/nav2_common:/home/hossein/navigation2_stack/install/nav_2d_utils:/home/hossein/navigation2_stack/install/dwb_msgs:/home/hossein/navigation2_stack/install/nav_2d_msgs:/home/hossein/navigation2_stack/install/nav2_waypoint_follower:/home/hossein/navigation2_stack/install/nav2_voxel_grid:/home/hossein/navigation2_stack/install/nav2_map_server:/home/hossein/navigation2_stack/install/nav2_lifecycle_manager:/home/hossein/navigation2_stack/install/custom_roi_srv:/home/hossein/navigation2_stack/install/custom_msg_srv:/home/hossein/turtlebot3_ws/install/turtlebot3_simulations:/home/hossein/turtlebot3_ws/install/turtlebot3_gazebo:/home/hossein/turtlebot3_ws/install/turtlebot3_fake_node:/home/hossein/nav2_ws/install/nav2_system_tests:/home/hossein/nav2_ws/install/nav2_bringup:/home/hossein/nav2_ws/install/navigation2:/home/hossein/nav2_ws/install/smac_planner:/home/hossein/nav2_ws/install/nav2_dwb_controller:/home/hossein/nav2_ws/install/nav2_controller:/home/hossein/nav2_ws/install/dwb_plugins:/home/hossein/nav2_ws/install/dwb_critics:/home/hossein/nav2_ws/install/dwb_core:/home/hossein/nav2_ws/install/nav_2d_utils:/home/hossein/nav2_ws/install/dwb_msgs:/home/hossein/nav2_ws/install/nav_2d_msgs:/home/hossein/nav2_ws/install/nav2_waypoint_follower:/home/hossein/nav2_ws/install/nav2_recoveries:/home/hossein/nav2_ws/install/nav2_planner:/home/hossein/nav2_ws/install/nav2_navfn_planner:/home/hossein/nav2_ws/install/nav2_gradient_costmap_plugin:/home/hossein/nav2_ws/install/nav2_core:/home/hossein/nav2_ws/install/costmap_queue:/home/hossein/nav2_ws/install/nav2_costmap_2d:/home/hossein/nav2_ws/install/nav2_voxel_grid:/home/hossein/nav2_ws/install/nav2_rviz_plugins:/home/hossein/nav2_ws/install/nav2_map_server:/home/hossein/nav2_ws/install/nav2_lifecycle_manager:/home/hossein/nav2_ws/install/nav2_bt_navigator:/home/hossein/nav2_ws/install/nav2_behavior_tree:/home/hossein/nav2_ws/install/nav2_amcl:/home/hossein/nav2_ws/install/nav2_util:/home/hossein/nav2_ws/install/nav2_msgs:/home/hossein/nav2_ws/install/nav2_common:/home/hossein/nav2_ws/install/custom_msg_srv:/home/hossein/dev_ws/install/vad_utils:/home/hossein/dev_ws/install/user_interface:/home/hossein/dev_ws/install/tf_publisher:/home/hossein/dev_ws/install/overhead_camera_service:/home/hossein/dev_ws/install/nf2:/home/hossein/dev_ws/install/global_planner:/home/hossein/dev_ws/install/custom_msg_srv:/home/hossein/navigation2_stack/install/nav2_gazebo_spawner:/home/hossein/navigation2_stack/install/ceiling_segmentation:/home/hossein/nav2_ws/install/nav2_gazebo_spawner:/home/hossein/nav2_ws/install/image_segmentation:/home/hossein/dev_ws/install/py_pubsub:/home/hossein/dev_ws/install/image_segmentation:/opt/ros/foxy LD_LIBRARY_PATH=/home/hossein/navigation2_stack/install/nav2_util/lib:/home/hossein/navigation2_stack/install/nav2_msgs/lib:/home/hossein/navigation2_stack/install/nav_2d_utils/lib:/home/hossein/navigation2_stack/install/dwb_msgs/lib:/home/hossein/navigation2_stack/install/nav_2d_msgs/lib:/home/hossein/navigation2_stack/install/nav2_waypoint_follower/lib:/home/hossein/navigation2_stack/install/nav2_voxel_grid/lib:/home/hossein/navigation2_stack/install/nav2_map_server/lib:/home/hossein/navigation2_stack/install/nav2_lifecycle_manager/lib:/home/hossein/navigation2_stack/install/custom_roi_srv/lib:/home/hossein/navigation2_stack/install/custom_msg_srv/lib:/home/hossein/nav2_ws/install/smac_planner/lib:/home/hossein/nav2_ws/install/nav2_controller/lib:/home/hossein/nav2_ws/install/dwb_plugins/lib:/home/hossein/nav2_ws/install/dwb_critics/lib:/home/hossein/nav2_ws/install/dwb_core/lib:/home/hossein/nav2_ws/install/nav_2d_utils/lib:/home/hossein/nav2_ws/install/dwb_msgs/lib:/home/hossein/nav2_ws/install/nav_2d_msgs/lib:/home/hossein/nav2_ws/install/nav2_waypoint_follower/lib:/home/hossein/nav2_ws/install/nav2_recoveries/lib:/home/hossein/nav2_ws/install/nav2_planner/lib:/home/hossein/nav2_ws/install/nav2_navfn_planner/lib:/home/hossein/nav2_ws/install/nav2_gradient_costmap_plugin/lib:/home/hossein/nav2_ws/install/costmap_queue/lib:/home/hossein/nav2_ws/install/nav2_costmap_2d/lib:/home/hossein/nav2_ws/install/nav2_voxel_grid/lib:/home/hossein/nav2_ws/install/nav2_rviz_plugins/lib:/home/hossein/nav2_ws/install/nav2_map_server/lib:/home/hossein/nav2_ws/install/nav2_lifecycle_manager/lib:/home/hossein/nav2_ws/install/nav2_bt_navigator/lib:/home/hossein/nav2_ws/install/nav2_behavior_tree/lib:/home/hossein/nav2_ws/install/nav2_amcl/lib:/home/hossein/nav2_ws/install/nav2_util/lib:/home/hossein/nav2_ws/install/nav2_msgs/lib:/home/hossein/nav2_ws/install/custom_msg_srv/lib:/home/hossein/dev_ws/install/user_interface/lib:/home/hossein/dev_ws/install/tf_publisher/lib:/home/hossein/dev_ws/install/overhead_camera_service/lib:/home/hossein/dev_ws/install/global_planner/lib:/home/hossein/dev_ws/install/custom_msg_srv/lib:/usr/lib/x86_64-linux-gnu/gazebo-11/plugins:/opt/ros/foxy/opt/yaml_cpp_vendor/lib:/opt/ros/foxy/opt/rviz_ogre_vendor/lib:/opt/ros/foxy/lib/x86_64-linux-gnu:/opt/ros/foxy/lib:/home/hossein/.mujoco/mujoco200/bin PYTHONPATH=/home/hossein/navigation2_stack/install/nav2_msgs/lib/python3.8/site-packages:/home/hossein/navigation2_stack/install/nav2_common/lib/python3.8/site-packages:/home/hossein/navigation2_stack/install/dwb_msgs/lib/python3.8/site-packages:/home/hossein/navigation2_stack/install/nav_2d_msgs/lib/python3.8/site-packages:/home/hossein/navigation2_stack/install/nav2_gazebo_spawner/lib/python3.8/site-packages:/home/hossein/navigation2_stack/install/custom_roi_srv/lib/python3.8/site-packages:/home/hossein/navigation2_stack/install/ceiling_segmentation/lib/python3.8/site-packages:/home/hossein/navigation2_stack/install/custom_msg_srv/lib/python3.8/site-packages:/home/hossein/nav2_ws/install/dwb_msgs/lib/python3.8/site-packages:/home/hossein/nav2_ws/install/nav_2d_msgs/lib/python3.8/site-packages:/home/hossein/nav2_ws/install/nav2_msgs/lib/python3.8/site-packages:/home/hossein/nav2_ws/install/nav2_gazebo_spawner/lib/python3.8/site-packages:/home/hossein/nav2_ws/install/nav2_common/lib/python3.8/site-packages:/home/hossein/nav2_ws/build/image_segmentation:/home/hossein/nav2_ws/install/image_segmentation/lib/python3.8/site-packages:/home/hossein/nav2_ws/install/custom_msg_srv/lib/python3.8/site-packages:/home/hossein/dev_ws/install/py_pubsub/lib/python3.8/site-packages:/home/hossein/dev_ws/install/image_segmentation/lib/python3.8/site-packages:/home/hossein/dev_ws/install/custom_msg_srv/lib/python3.8/site-packages:/opt/ros/foxy/lib/python3.8/site-packages /usr/bin/cmake --build /home/hossein/navigation2_stack/build/nav2_behavior_tree -- -j8 -l8
[1.284s] Invoking command in '/home/hossein/navigation2_stack/build/nav2_behavior_tree': CMAKE_PREFIX_PATH=/home/hossein/navigation2_stack/install/nav2_util:/home/hossein/navigation2_stack/install/nav2_msgs:/home/hossein/navigation2_stack/install/nav2_common:/home/hossein/navigation2_stack/install/nav_2d_utils:/home/hossein/navigation2_stack/install/dwb_msgs:/home/hossein/navigation2_stack/install/nav_2d_msgs:/home/hossein/navigation2_stack/install/nav2_waypoint_follower:/home/hossein/navigation2_stack/install/nav2_voxel_grid:/home/hossein/navigation2_stack/install/nav2_map_server:/home/hossein/navigation2_stack/install/nav2_lifecycle_manager:/home/hossein/navigation2_stack/install/custom_roi_srv:/home/hossein/navigation2_stack/install/custom_msg_srv:/home/hossein/turtlebot3_ws/install/turtlebot3_simulations:/home/hossein/turtlebot3_ws/install/turtlebot3_gazebo:/home/hossein/turtlebot3_ws/install/turtlebot3_fake_node:/home/hossein/nav2_ws/install/nav2_system_tests:/home/hossein/nav2_ws/install/nav2_bringup:/home/hossein/nav2_ws/install/navigation2:/home/hossein/nav2_ws/install/smac_planner:/home/hossein/nav2_ws/install/nav2_dwb_controller:/home/hossein/nav2_ws/install/nav2_controller:/home/hossein/nav2_ws/install/dwb_plugins:/home/hossein/nav2_ws/install/dwb_critics:/home/hossein/nav2_ws/install/dwb_core:/home/hossein/nav2_ws/install/nav_2d_utils:/home/hossein/nav2_ws/install/dwb_msgs:/home/hossein/nav2_ws/install/nav_2d_msgs:/home/hossein/nav2_ws/install/nav2_waypoint_follower:/home/hossein/nav2_ws/install/nav2_recoveries:/home/hossein/nav2_ws/install/nav2_planner:/home/hossein/nav2_ws/install/nav2_navfn_planner:/home/hossein/nav2_ws/install/nav2_gradient_costmap_plugin:/home/hossein/nav2_ws/install/nav2_core:/home/hossein/nav2_ws/install/costmap_queue:/home/hossein/nav2_ws/install/nav2_costmap_2d:/home/hossein/nav2_ws/install/nav2_voxel_grid:/home/hossein/nav2_ws/install/nav2_rviz_plugins:/home/hossein/nav2_ws/install/nav2_map_server:/home/hossein/nav2_ws/install/nav2_lifecycle_manager:/home/hossein/nav2_ws/install/nav2_bt_navigator:/home/hossein/nav2_ws/install/nav2_behavior_tree:/home/hossein/nav2_ws/install/nav2_amcl:/home/hossein/nav2_ws/install/nav2_util:/home/hossein/nav2_ws/install/nav2_msgs:/home/hossein/nav2_ws/install/nav2_common:/home/hossein/nav2_ws/install/custom_msg_srv:/home/hossein/dev_ws/install/vad_utils:/home/hossein/dev_ws/install/user_interface:/home/hossein/dev_ws/install/tf_publisher:/home/hossein/dev_ws/install/overhead_camera_service:/home/hossein/dev_ws/install/nf2:/home/hossein/dev_ws/install/global_planner:/home/hossein/dev_ws/install/custom_msg_srv:/home/hossein/navigation2_stack/install/nav2_gazebo_spawner:/home/hossein/navigation2_stack/install/ceiling_segmentation:/home/hossein/nav2_ws/install/nav2_gazebo_spawner:/home/hossein/nav2_ws/install/image_segmentation:/home/hossein/dev_ws/install/py_pubsub:/home/hossein/dev_ws/install/image_segmentation:/opt/ros/foxy LD_LIBRARY_PATH=/home/hossein/navigation2_stack/install/nav2_util/lib:/home/hossein/navigation2_stack/install/nav2_msgs/lib:/home/hossein/navigation2_stack/install/nav_2d_utils/lib:/home/hossein/navigation2_stack/install/dwb_msgs/lib:/home/hossein/navigation2_stack/install/nav_2d_msgs/lib:/home/hossein/navigation2_stack/install/nav2_waypoint_follower/lib:/home/hossein/navigation2_stack/install/nav2_voxel_grid/lib:/home/hossein/navigation2_stack/install/nav2_map_server/lib:/home/hossein/navigation2_stack/install/nav2_lifecycle_manager/lib:/home/hossein/navigation2_stack/install/custom_roi_srv/lib:/home/hossein/navigation2_stack/install/custom_msg_srv/lib:/home/hossein/nav2_ws/install/smac_planner/lib:/home/hossein/nav2_ws/install/nav2_controller/lib:/home/hossein/nav2_ws/install/dwb_plugins/lib:/home/hossein/nav2_ws/install/dwb_critics/lib:/home/hossein/nav2_ws/install/dwb_core/lib:/home/hossein/nav2_ws/install/nav_2d_utils/lib:/home/hossein/nav2_ws/install/dwb_msgs/lib:/home/hossein/nav2_ws/install/nav_2d_msgs/lib:/home/hossein/nav2_ws/install/nav2_waypoint_follower/lib:/home/hossein/nav2_ws/install/nav2_recoveries/lib:/home/hossein/nav2_ws/install/nav2_planner/lib:/home/hossein/nav2_ws/install/nav2_navfn_planner/lib:/home/hossein/nav2_ws/install/nav2_gradient_costmap_plugin/lib:/home/hossein/nav2_ws/install/costmap_queue/lib:/home/hossein/nav2_ws/install/nav2_costmap_2d/lib:/home/hossein/nav2_ws/install/nav2_voxel_grid/lib:/home/hossein/nav2_ws/install/nav2_rviz_plugins/lib:/home/hossein/nav2_ws/install/nav2_map_server/lib:/home/hossein/nav2_ws/install/nav2_lifecycle_manager/lib:/home/hossein/nav2_ws/install/nav2_bt_navigator/lib:/home/hossein/nav2_ws/install/nav2_behavior_tree/lib:/home/hossein/nav2_ws/install/nav2_amcl/lib:/home/hossein/nav2_ws/install/nav2_util/lib:/home/hossein/nav2_ws/install/nav2_msgs/lib:/home/hossein/nav2_ws/install/custom_msg_srv/lib:/home/hossein/dev_ws/install/user_interface/lib:/home/hossein/dev_ws/install/tf_publisher/lib:/home/hossein/dev_ws/install/overhead_camera_service/lib:/home/hossein/dev_ws/install/global_planner/lib:/home/hossein/dev_ws/install/custom_msg_srv/lib:/usr/lib/x86_64-linux-gnu/gazebo-11/plugins:/opt/ros/foxy/opt/yaml_cpp_vendor/lib:/opt/ros/foxy/opt/rviz_ogre_vendor/lib:/opt/ros/foxy/lib/x86_64-linux-gnu:/opt/ros/foxy/lib:/home/hossein/.mujoco/mujoco200/bin PYTHONPATH=/home/hossein/navigation2_stack/install/nav2_msgs/lib/python3.8/site-packages:/home/hossein/navigation2_stack/install/nav2_common/lib/python3.8/site-packages:/home/hossein/navigation2_stack/install/dwb_msgs/lib/python3.8/site-packages:/home/hossein/navigation2_stack/install/nav_2d_msgs/lib/python3.8/site-packages:/home/hossein/navigation2_stack/install/nav2_gazebo_spawner/lib/python3.8/site-packages:/home/hossein/navigation2_stack/install/custom_roi_srv/lib/python3.8/site-packages:/home/hossein/navigation2_stack/install/ceiling_segmentation/lib/python3.8/site-packages:/home/hossein/navigation2_stack/install/custom_msg_srv/lib/python3.8/site-packages:/home/hossein/nav2_ws/install/dwb_msgs/lib/python3.8/site-packages:/home/hossein/nav2_ws/install/nav_2d_msgs/lib/python3.8/site-packages:/home/hossein/nav2_ws/install/nav2_msgs/lib/python3.8/site-packages:/home/hossein/nav2_ws/install/nav2_gazebo_spawner/lib/python3.8/site-packages:/home/hossein/nav2_ws/install/nav2_common/lib/python3.8/site-packages:/home/hossein/nav2_ws/build/image_segmentation:/home/hossein/nav2_ws/install/image_segmentation/lib/python3.8/site-packages:/home/hossein/nav2_ws/install/custom_msg_srv/lib/python3.8/site-packages:/home/hossein/dev_ws/install/py_pubsub/lib/python3.8/site-packages:/home/hossein/dev_ws/install/image_segmentation/lib/python3.8/site-packages:/home/hossein/dev_ws/install/custom_msg_srv/lib/python3.8/site-packages:/opt/ros/foxy/lib/python3.8/site-packages /usr/bin/cmake --install /home/hossein/navigation2_stack/build/nav2_behavior_tree
[1.300s] -- Install configuration: "Release"
[1.302s] -- Installing: /home/hossein/navigation2_stack/install/nav2_behavior_tree/lib/libnav2_behavior_tree.so
[1.302s] -- Set runtime path of "/home/hossein/navigation2_stack/install/nav2_behavior_tree/lib/libnav2_behavior_tree.so" to ""
[1.302s] -- Installing: /home/hossein/navigation2_stack/install/nav2_behavior_tree/lib/libnav2_compute_path_to_pose_action_bt_node.so
[1.303s] -- Set runtime path of "/home/hossein/navigation2_stack/install/nav2_behavior_tree/lib/libnav2_compute_path_to_pose_action_bt_node.so" to ""
[1.303s] -- Installing: /home/hossein/navigation2_stack/install/nav2_behavior_tree/lib/libnav2_follow_path_action_bt_node.so
[1.303s] -- Set runtime path of "/home/hossein/navigation2_stack/install/nav2_behavior_tree/lib/libnav2_follow_path_action_bt_node.so" to ""
[1.303s] -- Installing: /home/hossein/navigation2_stack/install/nav2_behavior_tree/lib/libnav2_back_up_action_bt_node.so
[1.304s] -- Set runtime path of "/home/hossein/navigation2_stack/install/nav2_behavior_tree/lib/libnav2_back_up_action_bt_node.so" to ""
[1.304s] -- Installing: /home/hossein/navigation2_stack/install/nav2_behavior_tree/lib/libnav2_spin_action_bt_node.so
[1.305s] -- Set runtime path of "/home/hossein/navigation2_stack/install/nav2_behavior_tree/lib/libnav2_spin_action_bt_node.so" to ""
[1.306s] -- Installing: /home/hossein/navigation2_stack/install/nav2_behavior_tree/lib/libnav2_wait_action_bt_node.so
[1.306s] -- Set runtime path of "/home/hossein/navigation2_stack/install/nav2_behavior_tree/lib/libnav2_wait_action_bt_node.so" to ""
[1.306s] -- Installing: /home/hossein/navigation2_stack/install/nav2_behavior_tree/lib/libnav2_clear_costmap_service_bt_node.so
[1.307s] -- Set runtime path of "/home/hossein/navigation2_stack/install/nav2_behavior_tree/lib/libnav2_clear_costmap_service_bt_node.so" to ""
[1.307s] -- Installing: /home/hossein/navigation2_stack/install/nav2_behavior_tree/lib/libnav2_is_stuck_condition_bt_node.so
[1.308s] -- Set runtime path of "/home/hossein/navigation2_stack/install/nav2_behavior_tree/lib/libnav2_is_stuck_condition_bt_node.so" to ""
[1.308s] -- Installing: /home/hossein/navigation2_stack/install/nav2_behavior_tree/lib/libnav2_transform_available_condition_bt_node.so
[1.308s] -- Set runtime path of "/home/hossein/navigation2_stack/install/nav2_behavior_tree/lib/libnav2_transform_available_condition_bt_node.so" to ""
[1.309s] -- Installing: /home/hossein/navigation2_stack/install/nav2_behavior_tree/lib/libnav2_goal_reached_condition_bt_node.so
[1.310s] -- Set runtime path of "/home/hossein/navigation2_stack/install/nav2_behavior_tree/lib/libnav2_goal_reached_condition_bt_node.so" to ""
[1.310s] -- Installing: /home/hossein/navigation2_stack/install/nav2_behavior_tree/lib/libnav2_goal_updated_condition_bt_node.so
[1.311s] -- Set runtime path of "/home/hossein/navigation2_stack/install/nav2_behavior_tree/lib/libnav2_goal_updated_condition_bt_node.so" to ""
[1.311s] -- Installing: /home/hossein/navigation2_stack/install/nav2_behavior_tree/lib/libnav2_time_expired_condition_bt_node.so
[1.312s] -- Set runtime path of "/home/hossein/navigation2_stack/install/nav2_behavior_tree/lib/libnav2_time_expired_condition_bt_node.so" to ""
[1.312s] -- Installing: /home/hossein/navigation2_stack/install/nav2_behavior_tree/lib/libnav2_distance_traveled_condition_bt_node.so
[1.312s] -- Set runtime path of "/home/hossein/navigation2_stack/install/nav2_behavior_tree/lib/libnav2_distance_traveled_condition_bt_node.so" to ""
[1.314s] -- Installing: /home/hossein/navigation2_stack/install/nav2_behavior_tree/lib/libnav2_initial_pose_received_condition_bt_node.so
[1.314s] -- Set runtime path of "/home/hossein/navigation2_stack/install/nav2_behavior_tree/lib/libnav2_initial_pose_received_condition_bt_node.so" to ""
[1.314s] -- Installing: /home/hossein/navigation2_stack/install/nav2_behavior_tree/lib/libnav2_is_battery_low_condition_bt_node.so
[1.315s] -- Set runtime path of "/home/hossein/navigation2_stack/install/nav2_behavior_tree/lib/libnav2_is_battery_low_condition_bt_node.so" to ""
[1.315s] -- Installing: /home/hossein/navigation2_stack/install/nav2_behavior_tree/lib/libnav2_reinitialize_global_localization_service_bt_node.so
[1.316s] -- Set runtime path of "/home/hossein/navigation2_stack/install/nav2_behavior_tree/lib/libnav2_reinitialize_global_localization_service_bt_node.so" to ""
[1.316s] -- Installing: /home/hossein/navigation2_stack/install/nav2_behavior_tree/lib/libnav2_rate_controller_bt_node.so
[1.317s] -- Set runtime path of "/home/hossein/navigation2_stack/install/nav2_behavior_tree/lib/libnav2_rate_controller_bt_node.so" to ""
[1.317s] -- Installing: /home/hossein/navigation2_stack/install/nav2_behavior_tree/lib/libnav2_distance_controller_bt_node.so
[1.317s] -- Set runtime path of "/home/hossein/navigation2_stack/install/nav2_behavior_tree/lib/libnav2_distance_controller_bt_node.so" to ""
[1.318s] -- Installing: /home/hossein/navigation2_stack/install/nav2_behavior_tree/lib/libnav2_speed_controller_bt_node.so
[1.318s] -- Set runtime path of "/home/hossein/navigation2_stack/install/nav2_behavior_tree/lib/libnav2_speed_controller_bt_node.so" to ""
[1.318s] -- Installing: /home/hossein/navigation2_stack/install/nav2_behavior_tree/lib/libnav2_truncate_path_action_bt_node.so
[1.320s] -- Set runtime path of "/home/hossein/navigation2_stack/install/nav2_behavior_tree/lib/libnav2_truncate_path_action_bt_node.so" to ""
[1.321s] -- Installing: /home/hossein/navigation2_stack/install/nav2_behavior_tree/lib/libnav2_goal_updater_node_bt_node.so
[1.322s] -- Set runtime path of "/home/hossein/navigation2_stack/install/nav2_behavior_tree/lib/libnav2_goal_updater_node_bt_node.so" to ""
[1.322s] -- Installing: /home/hossein/navigation2_stack/install/nav2_behavior_tree/lib/libnav2_recovery_node_bt_node.so
[1.323s] -- Set runtime path of "/home/hossein/navigation2_stack/install/nav2_behavior_tree/lib/libnav2_recovery_node_bt_node.so" to ""
[1.323s] -- Installing: /home/hossein/navigation2_stack/install/nav2_behavior_tree/lib/libnav2_navigate_to_pose_action_bt_node.so
[1.323s] -- Set runtime path of "/home/hossein/navigation2_stack/install/nav2_behavior_tree/lib/libnav2_navigate_to_pose_action_bt_node.so" to ""
[1.323s] -- Installing: /home/hossein/navigation2_stack/install/nav2_behavior_tree/lib/libnav2_pipeline_sequence_bt_node.so
[1.323s] -- Set runtime path of "/home/hossein/navigation2_stack/install/nav2_behavior_tree/lib/libnav2_pipeline_sequence_bt_node.so" to ""
[1.323s] -- Installing: /home/hossein/navigation2_stack/install/nav2_behavior_tree/lib/libnav2_round_robin_node_bt_node.so
[1.324s] -- Set runtime path of "/home/hossein/navigation2_stack/install/nav2_behavior_tree/lib/libnav2_round_robin_node_bt_node.so" to ""
[1.324s] -- Installing: /home/hossein/navigation2_stack/install/nav2_behavior_tree/include/
[1.324s] -- Installing: /home/hossein/navigation2_stack/install/nav2_behavior_tree/include//nav2_behavior_tree
[1.324s] -- Installing: /home/hossein/navigation2_stack/install/nav2_behavior_tree/include//nav2_behavior_tree/behavior_tree_engine.hpp
[1.324s] -- Installing: /home/hossein/navigation2_stack/install/nav2_behavior_tree/include//nav2_behavior_tree/bt_service_node.hpp
[1.324s] -- Installing: /home/hossein/navigation2_stack/install/nav2_behavior_tree/include//nav2_behavior_tree/bt_conversions.hpp
[1.325s] -- Installing: /home/hossein/navigation2_stack/install/nav2_behavior_tree/include//nav2_behavior_tree/bt_action_node.hpp
[1.325s] -- Installing: /home/hossein/navigation2_stack/install/nav2_behavior_tree/include//nav2_behavior_tree/plugins
[1.325s] -- Installing: /home/hossein/navigation2_stack/install/nav2_behavior_tree/include//nav2_behavior_tree/plugins/condition
[1.325s] -- Installing: /home/hossein/navigation2_stack/install/nav2_behavior_tree/include//nav2_behavior_tree/plugins/condition/distance_traveled_condition.hpp
[1.325s] -- Installing: /home/hossein/navigation2_stack/install/nav2_behavior_tree/include//nav2_behavior_tree/plugins/condition/is_battery_low_condition.hpp
[1.325s] -- Installing: /home/hossein/navigation2_stack/install/nav2_behavior_tree/include//nav2_behavior_tree/plugins/condition/goal_reached_condition.hpp
[1.325s] -- Installing: /home/hossein/navigation2_stack/install/nav2_behavior_tree/include//nav2_behavior_tree/plugins/condition/transform_available_condition.hpp
[1.326s] -- Installing: /home/hossein/navigation2_stack/install/nav2_behavior_tree/include//nav2_behavior_tree/plugins/condition/is_stuck_condition.hpp
[1.326s] -- Installing: /home/hossein/navigation2_stack/install/nav2_behavior_tree/include//nav2_behavior_tree/plugins/condition/time_expired_condition.hpp
[1.326s] -- Installing: /home/hossein/navigation2_stack/install/nav2_behavior_tree/include//nav2_behavior_tree/plugins/condition/initial_pose_received_condition.hpp
[1.326s] -- Installing: /home/hossein/navigation2_stack/install/nav2_behavior_tree/include//nav2_behavior_tree/plugins/condition/goal_updated_condition.hpp
[1.326s] -- Installing: /home/hossein/navigation2_stack/install/nav2_behavior_tree/include//nav2_behavior_tree/plugins/action
[1.326s] -- Installing: /home/hossein/navigation2_stack/install/nav2_behavior_tree/include//nav2_behavior_tree/plugins/action/back_up_action.hpp
[1.327s] -- Installing: /home/hossein/navigation2_stack/install/nav2_behavior_tree/include//nav2_behavior_tree/plugins/action/reinitialize_global_localization_service.hpp
[1.327s] -- Installing: /home/hossein/navigation2_stack/install/nav2_behavior_tree/include//nav2_behavior_tree/plugins/action/navigate_to_pose_action.hpp
[1.327s] -- Installing: /home/hossein/navigation2_stack/install/nav2_behavior_tree/include//nav2_behavior_tree/plugins/action/follow_path_action.hpp
[1.327s] -- Installing: /home/hossein/navigation2_stack/install/nav2_behavior_tree/include//nav2_behavior_tree/plugins/action/wait_action.hpp
[1.327s] -- Installing: /home/hossein/navigation2_stack/install/nav2_behavior_tree/include//nav2_behavior_tree/plugins/action/truncate_path_action.hpp
[1.327s] -- Installing: /home/hossein/navigation2_stack/install/nav2_behavior_tree/include//nav2_behavior_tree/plugins/action/compute_path_to_pose_action.hpp
[1.327s] -- Installing: /home/hossein/navigation2_stack/install/nav2_behavior_tree/include//nav2_behavior_tree/plugins/action/spin_action.hpp
[1.328s] -- Installing: /home/hossein/navigation2_stack/install/nav2_behavior_tree/include//nav2_behavior_tree/plugins/action/clear_costmap_service.hpp
[1.328s] -- Installing: /home/hossein/navigation2_stack/install/nav2_behavior_tree/include//nav2_behavior_tree/plugins/control
[1.328s] -- Installing: /home/hossein/navigation2_stack/install/nav2_behavior_tree/include//nav2_behavior_tree/plugins/control/recovery_node.hpp
[1.328s] -- Installing: /home/hossein/navigation2_stack/install/nav2_behavior_tree/include//nav2_behavior_tree/plugins/control/pipeline_sequence.hpp
[1.328s] -- Installing: /home/hossein/navigation2_stack/install/nav2_behavior_tree/include//nav2_behavior_tree/plugins/control/round_robin_node.hpp
[1.328s] -- Installing: /home/hossein/navigation2_stack/install/nav2_behavior_tree/include//nav2_behavior_tree/plugins/decorator
[1.328s] -- Installing: /home/hossein/navigation2_stack/install/nav2_behavior_tree/include//nav2_behavior_tree/plugins/decorator/speed_controller.hpp
[1.329s] -- Installing: /home/hossein/navigation2_stack/install/nav2_behavior_tree/include//nav2_behavior_tree/plugins/decorator/distance_controller.hpp
[1.329s] -- Installing: /home/hossein/navigation2_stack/install/nav2_behavior_tree/include//nav2_behavior_tree/plugins/decorator/goal_updater_node.hpp
[1.329s] -- Installing: /home/hossein/navigation2_stack/install/nav2_behavior_tree/include//nav2_behavior_tree/plugins/decorator/rate_controller.hpp
[1.329s] -- Installing: /home/hossein/navigation2_stack/install/nav2_behavior_tree/share/nav2_behavior_tree/nav2_tree_nodes.xml
[1.329s] -- Installing: /home/hossein/navigation2_stack/install/nav2_behavior_tree/share/nav2_behavior_tree/environment/library_path.sh
[1.329s] -- Installing: /home/hossein/navigation2_stack/install/nav2_behavior_tree/share/nav2_behavior_tree/environment/library_path.dsv
[1.329s] -- Installing: /home/hossein/navigation2_stack/install/nav2_behavior_tree/share/ament_index/resource_index/package_run_dependencies/nav2_behavior_tree
[1.330s] -- Installing: /home/hossein/navigation2_stack/install/nav2_behavior_tree/share/ament_index/resource_index/parent_prefix_path/nav2_behavior_tree
[1.330s] -- Installing: /home/hossein/navigation2_stack/install/nav2_behavior_tree/share/nav2_behavior_tree/environment/ament_prefix_path.sh
[1.330s] -- Installing: /home/hossein/navigation2_stack/install/nav2_behavior_tree/share/nav2_behavior_tree/environment/ament_prefix_path.dsv
[1.330s] -- Installing: /home/hossein/navigation2_stack/install/nav2_behavior_tree/share/nav2_behavior_tree/environment/path.sh
[1.330s] -- Installing: /home/hossein/navigation2_stack/install/nav2_behavior_tree/share/nav2_behavior_tree/environment/path.dsv
[1.330s] -- Installing: /home/hossein/navigation2_stack/install/nav2_behavior_tree/share/nav2_behavior_tree/local_setup.bash
[1.330s] -- Installing: /home/hossein/navigation2_stack/install/nav2_behavior_tree/share/nav2_behavior_tree/local_setup.sh
[1.331s] -- Installing: /home/hossein/navigation2_stack/install/nav2_behavior_tree/share/nav2_behavior_tree/local_setup.zsh
[1.331s] -- Installing: /home/hossein/navigation2_stack/install/nav2_behavior_tree/share/nav2_behavior_tree/local_setup.dsv
[1.331s] -- Installing: /home/hossein/navigation2_stack/install/nav2_behavior_tree/share/nav2_behavior_tree/package.dsv
[1.331s] -- Installing: /home/hossein/navigation2_stack/install/nav2_behavior_tree/share/ament_index/resource_index/packages/nav2_behavior_tree
[1.331s] -- Installing: /home/hossein/navigation2_stack/install/nav2_behavior_tree/share/nav2_behavior_tree/cmake/ament_cmake_export_include_directories-extras.cmake
[1.331s] -- Installing: /home/hossein/navigation2_stack/install/nav2_behavior_tree/share/nav2_behavior_tree/cmake/ament_cmake_export_libraries-extras.cmake
[1.332s] -- Installing: /home/hossein/navigation2_stack/install/nav2_behavior_tree/share/nav2_behavior_tree/cmake/ament_cmake_export_dependencies-extras.cmake
[1.332s] -- Installing: /home/hossein/navigation2_stack/install/nav2_behavior_tree/share/nav2_behavior_tree/cmake/nav2_behavior_treeConfig.cmake
[1.332s] -- Installing: /home/hossein/navigation2_stack/install/nav2_behavior_tree/share/nav2_behavior_tree/cmake/nav2_behavior_treeConfig-version.cmake
[1.332s] -- Installing: /home/hossein/navigation2_stack/install/nav2_behavior_tree/share/nav2_behavior_tree/package.xml
[1.335s] Invoked command in '/home/hossein/navigation2_stack/build/nav2_behavior_tree' returned '0': CMAKE_PREFIX_PATH=/home/hossein/navigation2_stack/install/nav2_util:/home/hossein/navigation2_stack/install/nav2_msgs:/home/hossein/navigation2_stack/install/nav2_common:/home/hossein/navigation2_stack/install/nav_2d_utils:/home/hossein/navigation2_stack/install/dwb_msgs:/home/hossein/navigation2_stack/install/nav_2d_msgs:/home/hossein/navigation2_stack/install/nav2_waypoint_follower:/home/hossein/navigation2_stack/install/nav2_voxel_grid:/home/hossein/navigation2_stack/install/nav2_map_server:/home/hossein/navigation2_stack/install/nav2_lifecycle_manager:/home/hossein/navigation2_stack/install/custom_roi_srv:/home/hossein/navigation2_stack/install/custom_msg_srv:/home/hossein/turtlebot3_ws/install/turtlebot3_simulations:/home/hossein/turtlebot3_ws/install/turtlebot3_gazebo:/home/hossein/turtlebot3_ws/install/turtlebot3_fake_node:/home/hossein/nav2_ws/install/nav2_system_tests:/home/hossein/nav2_ws/install/nav2_bringup:/home/hossein/nav2_ws/install/navigation2:/home/hossein/nav2_ws/install/smac_planner:/home/hossein/nav2_ws/install/nav2_dwb_controller:/home/hossein/nav2_ws/install/nav2_controller:/home/hossein/nav2_ws/install/dwb_plugins:/home/hossein/nav2_ws/install/dwb_critics:/home/hossein/nav2_ws/install/dwb_core:/home/hossein/nav2_ws/install/nav_2d_utils:/home/hossein/nav2_ws/install/dwb_msgs:/home/hossein/nav2_ws/install/nav_2d_msgs:/home/hossein/nav2_ws/install/nav2_waypoint_follower:/home/hossein/nav2_ws/install/nav2_recoveries:/home/hossein/nav2_ws/install/nav2_planner:/home/hossein/nav2_ws/install/nav2_navfn_planner:/home/hossein/nav2_ws/install/nav2_gradient_costmap_plugin:/home/hossein/nav2_ws/install/nav2_core:/home/hossein/nav2_ws/install/costmap_queue:/home/hossein/nav2_ws/install/nav2_costmap_2d:/home/hossein/nav2_ws/install/nav2_voxel_grid:/home/hossein/nav2_ws/install/nav2_rviz_plugins:/home/hossein/nav2_ws/install/nav2_map_server:/home/hossein/nav2_ws/install/nav2_lifecycle_manager:/home/hossein/nav2_ws/install/nav2_bt_navigator:/home/hossein/nav2_ws/install/nav2_behavior_tree:/home/hossein/nav2_ws/install/nav2_amcl:/home/hossein/nav2_ws/install/nav2_util:/home/hossein/nav2_ws/install/nav2_msgs:/home/hossein/nav2_ws/install/nav2_common:/home/hossein/nav2_ws/install/custom_msg_srv:/home/hossein/dev_ws/install/vad_utils:/home/hossein/dev_ws/install/user_interface:/home/hossein/dev_ws/install/tf_publisher:/home/hossein/dev_ws/install/overhead_camera_service:/home/hossein/dev_ws/install/nf2:/home/hossein/dev_ws/install/global_planner:/home/hossein/dev_ws/install/custom_msg_srv:/home/hossein/navigation2_stack/install/nav2_gazebo_spawner:/home/hossein/navigation2_stack/install/ceiling_segmentation:/home/hossein/nav2_ws/install/nav2_gazebo_spawner:/home/hossein/nav2_ws/install/image_segmentation:/home/hossein/dev_ws/install/py_pubsub:/home/hossein/dev_ws/install/image_segmentation:/opt/ros/foxy LD_LIBRARY_PATH=/home/hossein/navigation2_stack/install/nav2_util/lib:/home/hossein/navigation2_stack/install/nav2_msgs/lib:/home/hossein/navigation2_stack/install/nav_2d_utils/lib:/home/hossein/navigation2_stack/install/dwb_msgs/lib:/home/hossein/navigation2_stack/install/nav_2d_msgs/lib:/home/hossein/navigation2_stack/install/nav2_waypoint_follower/lib:/home/hossein/navigation2_stack/install/nav2_voxel_grid/lib:/home/hossein/navigation2_stack/install/nav2_map_server/lib:/home/hossein/navigation2_stack/install/nav2_lifecycle_manager/lib:/home/hossein/navigation2_stack/install/custom_roi_srv/lib:/home/hossein/navigation2_stack/install/custom_msg_srv/lib:/home/hossein/nav2_ws/install/smac_planner/lib:/home/hossein/nav2_ws/install/nav2_controller/lib:/home/hossein/nav2_ws/install/dwb_plugins/lib:/home/hossein/nav2_ws/install/dwb_critics/lib:/home/hossein/nav2_ws/install/dwb_core/lib:/home/hossein/nav2_ws/install/nav_2d_utils/lib:/home/hossein/nav2_ws/install/dwb_msgs/lib:/home/hossein/nav2_ws/install/nav_2d_msgs/lib:/home/hossein/nav2_ws/install/nav2_waypoint_follower/lib:/home/hossein/nav2_ws/install/nav2_recoveries/lib:/home/hossein/nav2_ws/install/nav2_planner/lib:/home/hossein/nav2_ws/install/nav2_navfn_planner/lib:/home/hossein/nav2_ws/install/nav2_gradient_costmap_plugin/lib:/home/hossein/nav2_ws/install/costmap_queue/lib:/home/hossein/nav2_ws/install/nav2_costmap_2d/lib:/home/hossein/nav2_ws/install/nav2_voxel_grid/lib:/home/hossein/nav2_ws/install/nav2_rviz_plugins/lib:/home/hossein/nav2_ws/install/nav2_map_server/lib:/home/hossein/nav2_ws/install/nav2_lifecycle_manager/lib:/home/hossein/nav2_ws/install/nav2_bt_navigator/lib:/home/hossein/nav2_ws/install/nav2_behavior_tree/lib:/home/hossein/nav2_ws/install/nav2_amcl/lib:/home/hossein/nav2_ws/install/nav2_util/lib:/home/hossein/nav2_ws/install/nav2_msgs/lib:/home/hossein/nav2_ws/install/custom_msg_srv/lib:/home/hossein/dev_ws/install/user_interface/lib:/home/hossein/dev_ws/install/tf_publisher/lib:/home/hossein/dev_ws/install/overhead_camera_service/lib:/home/hossein/dev_ws/install/global_planner/lib:/home/hossein/dev_ws/install/custom_msg_srv/lib:/usr/lib/x86_64-linux-gnu/gazebo-11/plugins:/opt/ros/foxy/opt/yaml_cpp_vendor/lib:/opt/ros/foxy/opt/rviz_ogre_vendor/lib:/opt/ros/foxy/lib/x86_64-linux-gnu:/opt/ros/foxy/lib:/home/hossein/.mujoco/mujoco200/bin PYTHONPATH=/home/hossein/navigation2_stack/install/nav2_msgs/lib/python3.8/site-packages:/home/hossein/navigation2_stack/install/nav2_common/lib/python3.8/site-packages:/home/hossein/navigation2_stack/install/dwb_msgs/lib/python3.8/site-packages:/home/hossein/navigation2_stack/install/nav_2d_msgs/lib/python3.8/site-packages:/home/hossein/navigation2_stack/install/nav2_gazebo_spawner/lib/python3.8/site-packages:/home/hossein/navigation2_stack/install/custom_roi_srv/lib/python3.8/site-packages:/home/hossein/navigation2_stack/install/ceiling_segmentation/lib/python3.8/site-packages:/home/hossein/navigation2_stack/install/custom_msg_srv/lib/python3.8/site-packages:/home/hossein/nav2_ws/install/dwb_msgs/lib/python3.8/site-packages:/home/hossein/nav2_ws/install/nav_2d_msgs/lib/python3.8/site-packages:/home/hossein/nav2_ws/install/nav2_msgs/lib/python3.8/site-packages:/home/hossein/nav2_ws/install/nav2_gazebo_spawner/lib/python3.8/site-packages:/home/hossein/nav2_ws/install/nav2_common/lib/python3.8/site-packages:/home/hossein/nav2_ws/build/image_segmentation:/home/hossein/nav2_ws/install/image_segmentation/lib/python3.8/site-packages:/home/hossein/nav2_ws/install/custom_msg_srv/lib/python3.8/site-packages:/home/hossein/dev_ws/install/py_pubsub/lib/python3.8/site-packages:/home/hossein/dev_ws/install/image_segmentation/lib/python3.8/site-packages:/home/hossein/dev_ws/install/custom_msg_srv/lib/python3.8/site-packages:/opt/ros/foxy/lib/python3.8/site-packages /usr/bin/cmake --install /home/hossein/navigation2_stack/build/nav2_behavior_tree
