[0.526s] Invoking command in '/home/hossein/navigation2_stack/navigation2/nav2_bringup/nav2_gazebo_spawner': PYTHONPATH=/home/hossein/navigation2_stack/install/nav2_gazebo_spawner/lib/python3.8/site-packages:${PYTHONPATH} /usr/bin/python3 setup.py egg_info --egg-base ../../../build/nav2_gazebo_spawner build --build-base /home/hossein/navigation2_stack/build/nav2_gazebo_spawner/build install --prefix /home/hossein/navigation2_stack/install/nav2_gazebo_spawner --record /home/hossein/navigation2_stack/build/nav2_gazebo_spawner/install.log --single-version-externally-managed
[0.915s] running egg_info
[0.925s] writing ../../../build/nav2_gazebo_spawner/nav2_gazebo_spawner.egg-info/PKG-INFO
[0.925s] writing dependency_links to ../../../build/nav2_gazebo_spawner/nav2_gazebo_spawner.egg-info/dependency_links.txt
[0.925s] writing entry points to ../../../build/nav2_gazebo_spawner/nav2_gazebo_spawner.egg-info/entry_points.txt
[0.926s] writing requirements to ../../../build/nav2_gazebo_spawner/nav2_gazebo_spawner.egg-info/requires.txt
[0.926s] writing top-level names to ../../../build/nav2_gazebo_spawner/nav2_gazebo_spawner.egg-info/top_level.txt
[0.990s] reading manifest file '../../../build/nav2_gazebo_spawner/nav2_gazebo_spawner.egg-info/SOURCES.txt'
[0.991s] writing manifest file '../../../build/nav2_gazebo_spawner/nav2_gazebo_spawner.egg-info/SOURCES.txt'
[0.991s] running build
[0.991s] running build_py
[0.992s] running install
[0.993s] running install_lib
[0.996s] running install_data
[0.997s] running install_egg_info
[1.000s] removing '/home/hossein/navigation2_stack/install/nav2_gazebo_spawner/lib/python3.8/site-packages/nav2_gazebo_spawner-0.3.0-py3.8.egg-info' (and everything under it)
[1.001s] Copying ../../../build/nav2_gazebo_spawner/nav2_gazebo_spawner.egg-info to /home/hossein/navigation2_stack/install/nav2_gazebo_spawner/lib/python3.8/site-packages/nav2_gazebo_spawner-0.3.0-py3.8.egg-info
[1.002s] running install_scripts
[1.034s] Installing nav2_gazebo_spawner script to /home/hossein/navigation2_stack/install/nav2_gazebo_spawner/lib/nav2_gazebo_spawner
[1.035s] writing list of installed files to '/home/hossein/navigation2_stack/build/nav2_gazebo_spawner/install.log'
[1.365s] Invoked command in '/home/hossein/navigation2_stack/navigation2/nav2_bringup/nav2_gazebo_spawner' returned '0': PYTHONPATH=/home/hossein/navigation2_stack/install/nav2_gazebo_spawner/lib/python3.8/site-packages:${PYTHONPATH} /usr/bin/python3 setup.py egg_info --egg-base ../../../build/nav2_gazebo_spawner build --build-base /home/hossein/navigation2_stack/build/nav2_gazebo_spawner/build install --prefix /home/hossein/navigation2_stack/install/nav2_gazebo_spawner --record /home/hossein/navigation2_stack/build/nav2_gazebo_spawner/install.log --single-version-externally-managed
