-- The C compiler identification is GNU 7.5.0
-- The CXX compiler identification is GNU 7.5.0
-- Check for working C compiler: /usr/bin/cc
-- Check for working C compiler: /usr/bin/cc -- works
-- Detecting C compiler ABI info
-- Detecting C compiler ABI info - done
-- Detecting C compile features
-- Detecting C compile features - done
-- Check for working CXX compiler: /usr/bin/c++
-- Check for working CXX compiler: /usr/bin/c++ -- works
-- Detecting CXX compiler ABI info
-- Detecting CXX compiler ABI info - done
-- Detecting CXX compile features
-- Detecting CXX compile features - done
-- Found ament_cmake: 0.9.8 (/opt/ros/foxy/share/ament_cmake/cmake)
-- Found PythonInterp: /usr/bin/python3 (found suitable version "3.8.5", minimum required is "3") 
-- Using PYTHON_EXECUTABLE: /usr/bin/python3
-- Found rclcpp: 2.3.1 (/opt/ros/foxy/share/rclcpp/cmake)
-- Using all available rosidl_typesupport_c: rosidl_typesupport_fastrtps_c;rosidl_typesupport_introspection_c
-- Found rosidl_adapter: 1.2.1 (/opt/ros/foxy/share/rosidl_adapter/cmake)
-- Found OpenSSL: /usr/lib/x86_64-linux-gnu/libcrypto.so (found version "1.1.1f")  
-- Found FastRTPS: /opt/ros/foxy/include  
-- Using all available rosidl_typesupport_cpp: rosidl_typesupport_fastrtps_cpp;rosidl_typesupport_introspection_cpp
-- Found rmw_implementation_cmake: 1.0.3 (/opt/ros/foxy/share/rmw_implementation_cmake/cmake)
-- Using RMW implementation 'rmw_fastrtps_cpp' as default
-- Looking for pthread.h
-- Looking for pthread.h - found
-- Performing Test CMAKE_HAVE_LIBC_PTHREAD
-- Performing Test CMAKE_HAVE_LIBC_PTHREAD - Failed
-- Looking for pthread_create in pthreads
-- Looking for pthread_create in pthreads - not found
-- Looking for pthread_create in pthread
-- Looking for pthread_create in pthread - found
-- Found Threads: TRUE  
-- Found nav2_costmap_2d: 0.4.5 (/home/hossein/navigation2_stack/install/nav2_costmap_2d/share/nav2_costmap_2d/cmake)
-- Found Eigen3: TRUE (found version "3.3.7") 
-- Found CUDA: /usr (found suitable exact version "10.1") 
-- Found OpenCV: /usr/local (found version "4.2.0") 
-- Found cv_bridge: 2.2.1 (/opt/ros/foxy/share/cv_bridge/cmake)
-- Configuring done
-- Generating done
-- Build files have been written to: /home/hossein/navigation2_stack/build/nav2_ceiling_perception_plugin
[35m[1mScanning dependencies of target nav2_ceiling_perception_plugin_core[0m
[ 50%] [32mBuilding CXX object CMakeFiles/nav2_ceiling_perception_plugin_core.dir/src/ceiling_layer.cpp.o[0m
[01m[K/home/hossein/navigation2_stack/navigation2/nav2_ceiling_perception_plugin/src/ceiling_layer.cpp:[m[K In member function ‘[01m[Kvoid nav2_ceiling_perception_plugin::CeilingLayer::handle_ceiling_roi_service(std::shared_ptr<custom_roi_srv::srv::ROI_Request_<std::allocator<void> > >, std::shared_ptr<custom_roi_srv::srv::ROI_Response_<std::allocator<void> > >)[m[K’:
[01m[K/home/hossein/navigation2_stack/navigation2/nav2_ceiling_perception_plugin/src/ceiling_layer.cpp:49:130:[m[K [01;35m[Kwarning: [m[Kunused parameter ‘[01m[Krequest[m[K’ [[01;35m[K-Wunused-parameter[m[K]
 eption_plugin::CeilingLayer::handle_ceiling_roi_service(std::shared_ptr<custom_roi_srv::srv::ROI::Request> [01;35m[Krequest[m[K,
                                                                                                            [01;35m[K^~~~~~~[m[K
[01m[K/home/hossein/navigation2_stack/navigation2/nav2_ceiling_perception_plugin/src/ceiling_layer.cpp:[m[K In member function ‘[01m[Kvirtual void nav2_ceiling_perception_plugin::CeilingLayer::updateCosts(nav2_costmap_2d::Costmap2D&, int, int, int, int)[m[K’:
[01m[K/home/hossein/navigation2_stack/navigation2/nav2_ceiling_perception_plugin/src/ceiling_layer.cpp:128:16:[m[K [01;35m[Kwarning: [m[Kunused variable ‘[01m[Kbiased_index[m[K’ [[01;35m[K-Wunused-variable[m[K]
   unsigned int [01;35m[Kbiased_index[m[K = master_grid.getIndex(biased_x, biased_y);
                [01;35m[K^~~~~~~~~~~~[m[K
[01m[K/home/hossein/navigation2_stack/navigation2/nav2_ceiling_perception_plugin/src/ceiling_layer.cpp:105:49:[m[K [01;35m[Kwarning: [m[Kunused parameter ‘[01m[Kmin_i[m[K’ [[01;35m[K-Wunused-parameter[m[K]
   nav2_costmap_2d::Costmap2D & master_grid, int [01;35m[Kmin_i[m[K, int min_j,
                                                 [01;35m[K^~~~~[m[K
[01m[K/home/hossein/navigation2_stack/navigation2/nav2_ceiling_perception_plugin/src/ceiling_layer.cpp:105:60:[m[K [01;35m[Kwarning: [m[Kunused parameter ‘[01m[Kmin_j[m[K’ [[01;35m[K-Wunused-parameter[m[K]
   nav2_costmap_2d::Costmap2D & master_grid, int min_i, int [01;35m[Kmin_j[m[K,
                                                            [01;35m[K^~~~~[m[K
[01m[K/home/hossein/navigation2_stack/navigation2/nav2_ceiling_perception_plugin/src/ceiling_layer.cpp:106:7:[m[K [01;35m[Kwarning: [m[Kunused parameter ‘[01m[Kmax_i[m[K’ [[01;35m[K-Wunused-parameter[m[K]
   int [01;35m[Kmax_i[m[K,
       [01;35m[K^~~~~[m[K
[01m[K/home/hossein/navigation2_stack/navigation2/nav2_ceiling_perception_plugin/src/ceiling_layer.cpp:107:7:[m[K [01;35m[Kwarning: [m[Kunused parameter ‘[01m[Kmax_j[m[K’ [[01;35m[K-Wunused-parameter[m[K]
   int [01;35m[Kmax_j[m[K)
       [01;35m[K^~~~~[m[K
[100%] [32m[1mLinking CXX shared library libnav2_ceiling_perception_plugin_core.so[0m
[100%] Built target nav2_ceiling_perception_plugin_core
-- Install configuration: ""
-- Installing: /home/hossein/navigation2_stack/install/nav2_ceiling_perception_plugin/lib/libnav2_ceiling_perception_plugin_core.so
-- Set runtime path of "/home/hossein/navigation2_stack/install/nav2_ceiling_perception_plugin/lib/libnav2_ceiling_perception_plugin_core.so" to ""
-- Installing: /home/hossein/navigation2_stack/install/nav2_ceiling_perception_plugin/include/
-- Installing: /home/hossein/navigation2_stack/install/nav2_ceiling_perception_plugin/include//nav2_ceiling_perception_plugin
-- Installing: /home/hossein/navigation2_stack/install/nav2_ceiling_perception_plugin/include//nav2_ceiling_perception_plugin/ceiling_layer.hpp
-- Installing: /home/hossein/navigation2_stack/install/nav2_ceiling_perception_plugin/share/nav2_ceiling_perception_plugin/ceiling_layer.xml
-- Installing: /home/hossein/navigation2_stack/install/nav2_ceiling_perception_plugin/share/ament_index/resource_index/package_run_dependencies/nav2_ceiling_perception_plugin
-- Installing: /home/hossein/navigation2_stack/install/nav2_ceiling_perception_plugin/share/ament_index/resource_index/parent_prefix_path/nav2_ceiling_perception_plugin
-- Installing: /home/hossein/navigation2_stack/install/nav2_ceiling_perception_plugin/share/nav2_ceiling_perception_plugin/environment/ament_prefix_path.sh
-- Installing: /home/hossein/navigation2_stack/install/nav2_ceiling_perception_plugin/share/nav2_ceiling_perception_plugin/environment/ament_prefix_path.dsv
-- Installing: /home/hossein/navigation2_stack/install/nav2_ceiling_perception_plugin/share/nav2_ceiling_perception_plugin/environment/path.sh
-- Installing: /home/hossein/navigation2_stack/install/nav2_ceiling_perception_plugin/share/nav2_ceiling_perception_plugin/environment/path.dsv
-- Installing: /home/hossein/navigation2_stack/install/nav2_ceiling_perception_plugin/share/nav2_ceiling_perception_plugin/local_setup.bash
-- Installing: /home/hossein/navigation2_stack/install/nav2_ceiling_perception_plugin/share/nav2_ceiling_perception_plugin/local_setup.sh
-- Installing: /home/hossein/navigation2_stack/install/nav2_ceiling_perception_plugin/share/nav2_ceiling_perception_plugin/local_setup.zsh
-- Installing: /home/hossein/navigation2_stack/install/nav2_ceiling_perception_plugin/share/nav2_ceiling_perception_plugin/local_setup.dsv
-- Installing: /home/hossein/navigation2_stack/install/nav2_ceiling_perception_plugin/share/nav2_ceiling_perception_plugin/package.dsv
-- Installing: /home/hossein/navigation2_stack/install/nav2_ceiling_perception_plugin/share/ament_index/resource_index/packages/nav2_ceiling_perception_plugin
-- Installing: /home/hossein/navigation2_stack/install/nav2_ceiling_perception_plugin/share/ament_index/resource_index/nav2_costmap_2d__pluginlib__plugin/nav2_ceiling_perception_plugin
-- Installing: /home/hossein/navigation2_stack/install/nav2_ceiling_perception_plugin/share/nav2_ceiling_perception_plugin/cmake/ament_cmake_export_include_directories-extras.cmake
-- Installing: /home/hossein/navigation2_stack/install/nav2_ceiling_perception_plugin/share/nav2_ceiling_perception_plugin/cmake/nav2_ceiling_perception_pluginConfig.cmake
-- Installing: /home/hossein/navigation2_stack/install/nav2_ceiling_perception_plugin/share/nav2_ceiling_perception_plugin/cmake/nav2_ceiling_perception_pluginConfig-version.cmake
-- Installing: /home/hossein/navigation2_stack/install/nav2_ceiling_perception_plugin/share/nav2_ceiling_perception_plugin/package.xml
