[0.066s] Invoking command in '/home/hossein/navigation2_stack/build/nav2_rviz_plugins': AMENT_PREFIX_PATH=/home/hossein/navigation2_stack/install/nav2_lifecycle_manager:/home/hossein/navigation2_stack/install/nav2_util:/home/hossein/navigation2_stack/install/nav2_msgs:/home/hossein/navigation2_stack/install/nav2_common:${AMENT_PREFIX_PATH} CMAKE_PREFIX_PATH=/home/hossein/navigation2_stack/install/nav2_lifecycle_manager:/home/hossein/navigation2_stack/install/nav2_util:/home/hossein/navigation2_stack/install/nav2_msgs:/home/hossein/navigation2_stack/install/nav2_common:/home/hossein/turtlebot3_ws/install/turtlebot3_simulations:/home/hossein/turtlebot3_ws/install/turtlebot3_gazebo:/home/hossein/turtlebot3_ws/install/turtlebot3_fake_node:/home/hossein/nav2_ws/install/nav2_system_tests:/home/hossein/nav2_ws/install/nav2_bringup:/home/hossein/nav2_ws/install/navigation2:/home/hossein/nav2_ws/install/smac_planner:/home/hossein/nav2_ws/install/nav2_dwb_controller:/home/hossein/nav2_ws/install/nav2_controller:/home/hossein/nav2_ws/install/dwb_plugins:/home/hossein/nav2_ws/install/dwb_critics:/home/hossein/nav2_ws/install/dwb_core:/home/hossein/nav2_ws/install/nav_2d_utils:/home/hossein/nav2_ws/install/dwb_msgs:/home/hossein/nav2_ws/install/nav_2d_msgs:/home/hossein/nav2_ws/install/nav2_waypoint_follower:/home/hossein/nav2_ws/install/nav2_recoveries:/home/hossein/nav2_ws/install/nav2_planner:/home/hossein/nav2_ws/install/nav2_navfn_planner:/home/hossein/nav2_ws/install/nav2_gradient_costmap_plugin:/home/hossein/nav2_ws/install/nav2_core:/home/hossein/nav2_ws/install/costmap_queue:/home/hossein/nav2_ws/install/nav2_costmap_2d:/home/hossein/nav2_ws/install/nav2_voxel_grid:/home/hossein/nav2_ws/install/nav2_rviz_plugins:/home/hossein/nav2_ws/install/nav2_map_server:/home/hossein/nav2_ws/install/nav2_lifecycle_manager:/home/hossein/nav2_ws/install/nav2_bt_navigator:/home/hossein/nav2_ws/install/nav2_behavior_tree:/home/hossein/nav2_ws/install/nav2_amcl:/home/hossein/nav2_ws/install/nav2_util:/home/hossein/nav2_ws/install/nav2_msgs:/home/hossein/nav2_ws/install/nav2_common:/home/hossein/nav2_ws/install/custom_msg_srv:/home/hossein/dev_ws/install/vad_utils:/home/hossein/dev_ws/install/user_interface:/home/hossein/dev_ws/install/tf_publisher:/home/hossein/dev_ws/install/overhead_camera_service:/home/hossein/dev_ws/install/nf2:/home/hossein/dev_ws/install/global_planner:/home/hossein/dev_ws/install/custom_msg_srv:/home/hossein/nav2_ws/install/nav2_gazebo_spawner:/home/hossein/nav2_ws/install/image_segmentation:/home/hossein/dev_ws/install/py_pubsub:/home/hossein/dev_ws/install/image_segmentation:/opt/ros/foxy LD_LIBRARY_PATH=/home/hossein/navigation2_stack/install/nav2_lifecycle_manager/lib:/home/hossein/navigation2_stack/install/nav2_util/lib:/home/hossein/navigation2_stack/install/nav2_msgs/lib:${LD_LIBRARY_PATH} PYTHONPATH=/home/hossein/navigation2_stack/install/nav2_msgs/lib/python3.8/site-packages:/home/hossein/navigation2_stack/install/nav2_common/lib/python3.8/site-packages:${PYTHONPATH} /usr/bin/cmake /home/hossein/navigation2_stack/navigation2/nav2_rviz_plugins -DCMAKE_INSTALL_PREFIX=/home/hossein/navigation2_stack/install/nav2_rviz_plugins
[0.208s] -- The C compiler identification is GNU 7.5.0
[0.359s] -- The CXX compiler identification is GNU 7.5.0
[0.402s] -- Check for working C compiler: /usr/bin/cc
[0.728s] -- Check for working C compiler: /usr/bin/cc -- works
[0.730s] -- Detecting C compiler ABI info
[0.911s] -- Detecting C compiler ABI info - done
[0.942s] -- Detecting C compile features
[0.943s] -- Detecting C compile features - done
[0.952s] -- Check for working CXX compiler: /usr/bin/c++
[1.268s] -- Check for working CXX compiler: /usr/bin/c++ -- works
[1.268s] -- Detecting CXX compiler ABI info
[1.486s] -- Detecting CXX compiler ABI info - done
[1.540s] -- Detecting CXX compile features
[1.542s] -- Detecting CXX compile features - done
[1.550s] -- Found ament_cmake: 0.9.8 (/opt/ros/foxy/share/ament_cmake/cmake)
[1.640s] -- Found PythonInterp: /usr/bin/python3 (found suitable version "3.8.5", minimum required is "3") 
[1.641s] -- Using PYTHON_EXECUTABLE: /usr/bin/python3
[2.478s] -- Found geometry_msgs: 2.0.4 (/opt/ros/foxy/share/geometry_msgs/cmake)
[2.630s] -- Using all available rosidl_typesupport_c: rosidl_typesupport_fastrtps_c;rosidl_typesupport_introspection_c
[2.660s] -- Found rosidl_adapter: 1.2.1 (/opt/ros/foxy/share/rosidl_adapter/cmake)
[2.956s] -- Found OpenSSL: /usr/lib/x86_64-linux-gnu/libcrypto.so (found version "1.1.1f")  
[3.023s] -- Found FastRTPS: /opt/ros/foxy/include  
[3.200s] -- Using all available rosidl_typesupport_cpp: rosidl_typesupport_fastrtps_cpp;rosidl_typesupport_introspection_cpp
[3.386s] -- Found nav2_util: 0.4.5 (/home/hossein/navigation2_stack/install/nav2_util/share/nav2_util/cmake)
[4.269s] -- Found rmw_implementation_cmake: 1.0.3 (/opt/ros/foxy/share/rmw_implementation_cmake/cmake)
[4.274s] -- Using RMW implementation 'rmw_fastrtps_cpp' as default
[4.275s] -- Looking for pthread.h
[4.388s] -- Looking for pthread.h - found
[4.392s] -- Performing Test CMAKE_HAVE_LIBC_PTHREAD
[4.522s] -- Performing Test CMAKE_HAVE_LIBC_PTHREAD - Failed
[4.522s] -- Looking for pthread_create in pthreads
[4.610s] -- Looking for pthread_create in pthreads - not found
[4.610s] -- Looking for pthread_create in pthread
[4.721s] -- Looking for pthread_create in pthread - found
[4.723s] -- Found Threads: TRUE  
[5.420s] -- Found eigen3_cmake_module: 0.1.1 (/opt/ros/foxy/share/eigen3_cmake_module/cmake)
[5.427s] -- Found Eigen3: TRUE (found version "3.3.7") 
[5.816s] -- Found nav2_lifecycle_manager: 0.4.5 (/home/hossein/navigation2_stack/install/nav2_lifecycle_manager/share/nav2_lifecycle_manager/cmake)
[6.552s] -- Found pluginlib: 2.5.3 (/opt/ros/foxy/share/pluginlib/cmake)
[6.721s] -- Found rviz_common: 8.2.1 (/opt/ros/foxy/share/rviz_common/cmake)
[6.747s] -- Setting OGRE_DIR to: '/opt/ros/foxy/share/rviz_ogre_vendor/cmake/../../../opt/rviz_ogre_vendor/lib/OGRE/cmake'
[6.756s] -- Found OGRE
[6.757s] --   static     : OFF
[6.757s] --   components : HLMS;MeshLodGenerator;Overlay;Paging;Property;RTShaderSystem;Terrain;Volume
[6.757s] --   plugins    : Plugin_BSPSceneManager;Plugin_OctreeSceneManager;Plugin_PCZSceneManager;Plugin_ParticleFX;RenderSystem_GL;RenderSystem_GL3Plus;Codec_STBI
[6.757s] --   media      : /opt/ros/foxy/opt/rviz_ogre_vendor/share/OGRE/Media
[6.757s] -- OGRE_LIBRARIES: OgreHLMS;OgreMeshLodGenerator;OgreOverlay;OgrePaging;OgreProperty;OgreRTShaderSystem;OgreTerrain;OgreVolume;OgreMain
[6.758s] -- OGRE_LIBRARY_DIRS: /opt/ros/foxy/opt/rviz_ogre_vendor/lib
[6.758s] -- OGRE_PLUGINS: Plugin_BSPSceneManager;Plugin_OctreeSceneManager;Plugin_PCZSceneManager;Plugin_ParticleFX;RenderSystem_GL;RenderSystem_GL3Plus;Codec_STBI
[6.758s] -- OGRE_PLUGIN_DIR: /opt/ros/foxy/opt/rviz_ogre_vendor/lib/OGRE
[6.758s] -- rviz_ogre_vendor::OgreOverlay for IMPORTED_LOCATION_RELEASE: /opt/ros/foxy/opt/rviz_ogre_vendor/lib/libOgreOverlay.so
[6.758s] -- rviz_ogre_vendor::OgreOverlay for IMPORTED_LOCATION_DEBUG: /opt/ros/foxy/opt/rviz_ogre_vendor/lib/libOgreOverlay.so
[6.759s] -- rviz_ogre_vendor::OgreMain for IMPORTED_LOCATION_RELEASE: /opt/ros/foxy/opt/rviz_ogre_vendor/lib/libOgreMain.so
[6.759s] -- rviz_ogre_vendor::OgreMain for IMPORTED_LOCATION_DEBUG: /opt/ros/foxy/opt/rviz_ogre_vendor/lib/libOgreMain.so
[6.856s] -- Found ZLIB: /usr/lib/x86_64-linux-gnu/libz.so (found version "1.2.11") 
[6.900s] -- Found OpenGL: /usr/lib/x86_64-linux-gnu/libOpenGL.so   
[7.745s] -- Found X11: /usr/include   
[7.758s] -- Looking for XOpenDisplay in /usr/lib/x86_64-linux-gnu/libX11.so;/usr/lib/x86_64-linux-gnu/libXext.so
[8.326s] -- Looking for XOpenDisplay in /usr/lib/x86_64-linux-gnu/libX11.so;/usr/lib/x86_64-linux-gnu/libXext.so - found
[8.327s] -- Looking for gethostbyname
[8.820s] -- Looking for gethostbyname - found
[8.820s] -- Looking for connect
[9.238s] -- Looking for connect - found
[9.239s] -- Looking for remove
[9.700s] -- Looking for remove - found
[9.700s] -- Looking for shmat
[10.192s] -- Looking for shmat - found
[10.193s] -- Looking for IceConnectionNumber in ICE
[10.722s] -- Looking for IceConnectionNumber in ICE - found
[10.732s] -- rviz_ogre_vendor::RenderSystem_GL for IMPORTED_LOCATION_RELEASE: _render_system_gl_static_library_abs-NOTFOUND
[10.732s] -- rviz_ogre_vendor::RenderSystem_GL for IMPORTED_LOCATION_DEBUG: _render_system_gl_static_library_abs-NOTFOUND
[11.473s] -- library: /usr/lib/x86_64-linux-gnu/libcurl.so
[12.300s] -- Setting yaml-cpp_DIR to: '/opt/ros/foxy/share/yaml_cpp_vendor/cmake/../../../opt/yaml_cpp_vendor/lib/cmake/yaml-cpp'
[12.329s] -- Found rviz_default_plugins: 8.2.1 (/opt/ros/foxy/share/rviz_default_plugins/cmake)
[17.566s] -- Found ament_lint_auto: 0.9.6 (/opt/ros/foxy/share/ament_lint_auto/cmake)
[17.883s] -- Added test 'copyright' to check source files copyright and LICENSE
[17.887s] -- Added test 'cppcheck' to perform static code analysis on C / C++ code
[17.888s] -- Configured cppcheck include dirs: /home/hossein/navigation2_stack/navigation2/nav2_rviz_plugins/include
[17.888s] -- Configured cppcheck exclude dirs and/or files: 
[17.891s] -- Added test 'cpplint' to check C / C++ code against the Google style
[17.891s] -- Configured cpplint exclude dirs and/or files: 
[17.894s] -- Added test 'lint_cmake' to check CMake code style
[17.897s] -- Added test 'uncrustify' to check C / C++ code style
[17.898s] -- Configured uncrustify additional arguments: 
[17.900s] -- Added test 'xmllint' to check XML markup files
[17.946s] -- Configuring done
[18.237s] -- Generating done
[18.243s] -- Build files have been written to: /home/hossein/navigation2_stack/build/nav2_rviz_plugins
[18.277s] Invoked command in '/home/hossein/navigation2_stack/build/nav2_rviz_plugins' returned '0': AMENT_PREFIX_PATH=/home/hossein/navigation2_stack/install/nav2_lifecycle_manager:/home/hossein/navigation2_stack/install/nav2_util:/home/hossein/navigation2_stack/install/nav2_msgs:/home/hossein/navigation2_stack/install/nav2_common:${AMENT_PREFIX_PATH} CMAKE_PREFIX_PATH=/home/hossein/navigation2_stack/install/nav2_lifecycle_manager:/home/hossein/navigation2_stack/install/nav2_util:/home/hossein/navigation2_stack/install/nav2_msgs:/home/hossein/navigation2_stack/install/nav2_common:/home/hossein/turtlebot3_ws/install/turtlebot3_simulations:/home/hossein/turtlebot3_ws/install/turtlebot3_gazebo:/home/hossein/turtlebot3_ws/install/turtlebot3_fake_node:/home/hossein/nav2_ws/install/nav2_system_tests:/home/hossein/nav2_ws/install/nav2_bringup:/home/hossein/nav2_ws/install/navigation2:/home/hossein/nav2_ws/install/smac_planner:/home/hossein/nav2_ws/install/nav2_dwb_controller:/home/hossein/nav2_ws/install/nav2_controller:/home/hossein/nav2_ws/install/dwb_plugins:/home/hossein/nav2_ws/install/dwb_critics:/home/hossein/nav2_ws/install/dwb_core:/home/hossein/nav2_ws/install/nav_2d_utils:/home/hossein/nav2_ws/install/dwb_msgs:/home/hossein/nav2_ws/install/nav_2d_msgs:/home/hossein/nav2_ws/install/nav2_waypoint_follower:/home/hossein/nav2_ws/install/nav2_recoveries:/home/hossein/nav2_ws/install/nav2_planner:/home/hossein/nav2_ws/install/nav2_navfn_planner:/home/hossein/nav2_ws/install/nav2_gradient_costmap_plugin:/home/hossein/nav2_ws/install/nav2_core:/home/hossein/nav2_ws/install/costmap_queue:/home/hossein/nav2_ws/install/nav2_costmap_2d:/home/hossein/nav2_ws/install/nav2_voxel_grid:/home/hossein/nav2_ws/install/nav2_rviz_plugins:/home/hossein/nav2_ws/install/nav2_map_server:/home/hossein/nav2_ws/install/nav2_lifecycle_manager:/home/hossein/nav2_ws/install/nav2_bt_navigator:/home/hossein/nav2_ws/install/nav2_behavior_tree:/home/hossein/nav2_ws/install/nav2_amcl:/home/hossein/nav2_ws/install/nav2_util:/home/hossein/nav2_ws/install/nav2_msgs:/home/hossein/nav2_ws/install/nav2_common:/home/hossein/nav2_ws/install/custom_msg_srv:/home/hossein/dev_ws/install/vad_utils:/home/hossein/dev_ws/install/user_interface:/home/hossein/dev_ws/install/tf_publisher:/home/hossein/dev_ws/install/overhead_camera_service:/home/hossein/dev_ws/install/nf2:/home/hossein/dev_ws/install/global_planner:/home/hossein/dev_ws/install/custom_msg_srv:/home/hossein/nav2_ws/install/nav2_gazebo_spawner:/home/hossein/nav2_ws/install/image_segmentation:/home/hossein/dev_ws/install/py_pubsub:/home/hossein/dev_ws/install/image_segmentation:/opt/ros/foxy LD_LIBRARY_PATH=/home/hossein/navigation2_stack/install/nav2_lifecycle_manager/lib:/home/hossein/navigation2_stack/install/nav2_util/lib:/home/hossein/navigation2_stack/install/nav2_msgs/lib:${LD_LIBRARY_PATH} PYTHONPATH=/home/hossein/navigation2_stack/install/nav2_msgs/lib/python3.8/site-packages:/home/hossein/navigation2_stack/install/nav2_common/lib/python3.8/site-packages:${PYTHONPATH} /usr/bin/cmake /home/hossein/navigation2_stack/navigation2/nav2_rviz_plugins -DCMAKE_INSTALL_PREFIX=/home/hossein/navigation2_stack/install/nav2_rviz_plugins
[18.279s] Invoking command in '/home/hossein/navigation2_stack/build/nav2_rviz_plugins': AMENT_PREFIX_PATH=/home/hossein/navigation2_stack/install/nav2_lifecycle_manager:/home/hossein/navigation2_stack/install/nav2_util:/home/hossein/navigation2_stack/install/nav2_msgs:/home/hossein/navigation2_stack/install/nav2_common:${AMENT_PREFIX_PATH} CMAKE_PREFIX_PATH=/home/hossein/navigation2_stack/install/nav2_lifecycle_manager:/home/hossein/navigation2_stack/install/nav2_util:/home/hossein/navigation2_stack/install/nav2_msgs:/home/hossein/navigation2_stack/install/nav2_common:/home/hossein/turtlebot3_ws/install/turtlebot3_simulations:/home/hossein/turtlebot3_ws/install/turtlebot3_gazebo:/home/hossein/turtlebot3_ws/install/turtlebot3_fake_node:/home/hossein/nav2_ws/install/nav2_system_tests:/home/hossein/nav2_ws/install/nav2_bringup:/home/hossein/nav2_ws/install/navigation2:/home/hossein/nav2_ws/install/smac_planner:/home/hossein/nav2_ws/install/nav2_dwb_controller:/home/hossein/nav2_ws/install/nav2_controller:/home/hossein/nav2_ws/install/dwb_plugins:/home/hossein/nav2_ws/install/dwb_critics:/home/hossein/nav2_ws/install/dwb_core:/home/hossein/nav2_ws/install/nav_2d_utils:/home/hossein/nav2_ws/install/dwb_msgs:/home/hossein/nav2_ws/install/nav_2d_msgs:/home/hossein/nav2_ws/install/nav2_waypoint_follower:/home/hossein/nav2_ws/install/nav2_recoveries:/home/hossein/nav2_ws/install/nav2_planner:/home/hossein/nav2_ws/install/nav2_navfn_planner:/home/hossein/nav2_ws/install/nav2_gradient_costmap_plugin:/home/hossein/nav2_ws/install/nav2_core:/home/hossein/nav2_ws/install/costmap_queue:/home/hossein/nav2_ws/install/nav2_costmap_2d:/home/hossein/nav2_ws/install/nav2_voxel_grid:/home/hossein/nav2_ws/install/nav2_rviz_plugins:/home/hossein/nav2_ws/install/nav2_map_server:/home/hossein/nav2_ws/install/nav2_lifecycle_manager:/home/hossein/nav2_ws/install/nav2_bt_navigator:/home/hossein/nav2_ws/install/nav2_behavior_tree:/home/hossein/nav2_ws/install/nav2_amcl:/home/hossein/nav2_ws/install/nav2_util:/home/hossein/nav2_ws/install/nav2_msgs:/home/hossein/nav2_ws/install/nav2_common:/home/hossein/nav2_ws/install/custom_msg_srv:/home/hossein/dev_ws/install/vad_utils:/home/hossein/dev_ws/install/user_interface:/home/hossein/dev_ws/install/tf_publisher:/home/hossein/dev_ws/install/overhead_camera_service:/home/hossein/dev_ws/install/nf2:/home/hossein/dev_ws/install/global_planner:/home/hossein/dev_ws/install/custom_msg_srv:/home/hossein/nav2_ws/install/nav2_gazebo_spawner:/home/hossein/nav2_ws/install/image_segmentation:/home/hossein/dev_ws/install/py_pubsub:/home/hossein/dev_ws/install/image_segmentation:/opt/ros/foxy LD_LIBRARY_PATH=/home/hossein/navigation2_stack/install/nav2_lifecycle_manager/lib:/home/hossein/navigation2_stack/install/nav2_util/lib:/home/hossein/navigation2_stack/install/nav2_msgs/lib:${LD_LIBRARY_PATH} PYTHONPATH=/home/hossein/navigation2_stack/install/nav2_msgs/lib/python3.8/site-packages:/home/hossein/navigation2_stack/install/nav2_common/lib/python3.8/site-packages:${PYTHONPATH} /usr/bin/cmake --build /home/hossein/navigation2_stack/build/nav2_rviz_plugins -- -j8 -l8
[18.385s] [35m[1mScanning dependencies of target nav2_rviz_plugins_autogen[0m
[18.410s] [ 20%] [34m[1mAutomatic MOC for target nav2_rviz_plugins[0m
[20.545s] [ 20%] Built target nav2_rviz_plugins_autogen
[20.648s] [35m[1mScanning dependencies of target nav2_rviz_plugins[0m
[21.170s] [ 40%] [32mBuilding CXX object CMakeFiles/nav2_rviz_plugins.dir/nav2_rviz_plugins_autogen/mocs_compilation.cpp.o[0m
[28.879s] [ 80%] [32mBuilding CXX object CMakeFiles/nav2_rviz_plugins.dir/src/goal_tool.cpp.o[0m
[28.879s] [ 80%] [32mBuilding CXX object CMakeFiles/nav2_rviz_plugins.dir/src/nav2_panel.cpp.o[0m
[46.288s] [100%] [32m[1mLinking CXX shared library libnav2_rviz_plugins.so[0m
[50.407s] [100%] Built target nav2_rviz_plugins
