[0.071s] Invoking command in '/home/hossein/navigation2_stack/build/nav2_lifecycle_manager': AMENT_PREFIX_PATH=/home/hossein/navigation2_stack/install/nav2_util:/home/hossein/navigation2_stack/install/nav2_msgs:/home/hossein/navigation2_stack/install/nav2_common:${AMENT_PREFIX_PATH} CMAKE_PREFIX_PATH=/home/hossein/navigation2_stack/install/nav2_util:/home/hossein/navigation2_stack/install/nav2_msgs:/home/hossein/navigation2_stack/install/nav2_common:/home/hossein/turtlebot3_ws/install/turtlebot3_simulations:/home/hossein/turtlebot3_ws/install/turtlebot3_gazebo:/home/hossein/turtlebot3_ws/install/turtlebot3_fake_node:/home/hossein/dev_ws/install/vad_utils:/home/hossein/dev_ws/install/user_interface:/home/hossein/dev_ws/install/tf_publisher:/home/hossein/dev_ws/install/overhead_camera_service:/home/hossein/dev_ws/install/nf2:/home/hossein/dev_ws/install/global_planner:/home/hossein/dev_ws/install/custom_msg_srv:/home/hossein/dev_ws/install/py_pubsub:/home/hossein/dev_ws/install/image_segmentation:/opt/ros/foxy LD_LIBRARY_PATH=/home/hossein/navigation2_stack/install/nav2_util/lib:/home/hossein/navigation2_stack/install/nav2_msgs/lib:${LD_LIBRARY_PATH} PYTHONPATH=/home/hossein/navigation2_stack/install/nav2_msgs/lib/python3.8/site-packages:/home/hossein/navigation2_stack/install/nav2_common/lib/python3.8/site-packages:${PYTHONPATH} /usr/bin/cmake --build /home/hossein/navigation2_stack/build/nav2_lifecycle_manager -- -j8 -l8
[0.346s] [ 18%] Built target gtest
[0.364s] [ 36%] Built target gtest_main
[0.391s] [ 63%] Built target nav2_lifecycle_manager_core
[0.531s] [ 81%] Built target test_lifecycle_gtest
[0.539s] [100%] Built target lifecycle_manager
[0.613s] Invoked command in '/home/hossein/navigation2_stack/build/nav2_lifecycle_manager' returned '0': AMENT_PREFIX_PATH=/home/hossein/navigation2_stack/install/nav2_util:/home/hossein/navigation2_stack/install/nav2_msgs:/home/hossein/navigation2_stack/install/nav2_common:${AMENT_PREFIX_PATH} CMAKE_PREFIX_PATH=/home/hossein/navigation2_stack/install/nav2_util:/home/hossein/navigation2_stack/install/nav2_msgs:/home/hossein/navigation2_stack/install/nav2_common:/home/hossein/turtlebot3_ws/install/turtlebot3_simulations:/home/hossein/turtlebot3_ws/install/turtlebot3_gazebo:/home/hossein/turtlebot3_ws/install/turtlebot3_fake_node:/home/hossein/dev_ws/install/vad_utils:/home/hossein/dev_ws/install/user_interface:/home/hossein/dev_ws/install/tf_publisher:/home/hossein/dev_ws/install/overhead_camera_service:/home/hossein/dev_ws/install/nf2:/home/hossein/dev_ws/install/global_planner:/home/hossein/dev_ws/install/custom_msg_srv:/home/hossein/dev_ws/install/py_pubsub:/home/hossein/dev_ws/install/image_segmentation:/opt/ros/foxy LD_LIBRARY_PATH=/home/hossein/navigation2_stack/install/nav2_util/lib:/home/hossein/navigation2_stack/install/nav2_msgs/lib:${LD_LIBRARY_PATH} PYTHONPATH=/home/hossein/navigation2_stack/install/nav2_msgs/lib/python3.8/site-packages:/home/hossein/navigation2_stack/install/nav2_common/lib/python3.8/site-packages:${PYTHONPATH} /usr/bin/cmake --build /home/hossein/navigation2_stack/build/nav2_lifecycle_manager -- -j8 -l8
[0.836s] Invoking command in '/home/hossein/navigation2_stack/build/nav2_lifecycle_manager': AMENT_PREFIX_PATH=/home/hossein/navigation2_stack/install/nav2_util:/home/hossein/navigation2_stack/install/nav2_msgs:/home/hossein/navigation2_stack/install/nav2_common:${AMENT_PREFIX_PATH} CMAKE_PREFIX_PATH=/home/hossein/navigation2_stack/install/nav2_util:/home/hossein/navigation2_stack/install/nav2_msgs:/home/hossein/navigation2_stack/install/nav2_common:/home/hossein/turtlebot3_ws/install/turtlebot3_simulations:/home/hossein/turtlebot3_ws/install/turtlebot3_gazebo:/home/hossein/turtlebot3_ws/install/turtlebot3_fake_node:/home/hossein/dev_ws/install/vad_utils:/home/hossein/dev_ws/install/user_interface:/home/hossein/dev_ws/install/tf_publisher:/home/hossein/dev_ws/install/overhead_camera_service:/home/hossein/dev_ws/install/nf2:/home/hossein/dev_ws/install/global_planner:/home/hossein/dev_ws/install/custom_msg_srv:/home/hossein/dev_ws/install/py_pubsub:/home/hossein/dev_ws/install/image_segmentation:/opt/ros/foxy LD_LIBRARY_PATH=/home/hossein/navigation2_stack/install/nav2_util/lib:/home/hossein/navigation2_stack/install/nav2_msgs/lib:${LD_LIBRARY_PATH} PYTHONPATH=/home/hossein/navigation2_stack/install/nav2_msgs/lib/python3.8/site-packages:/home/hossein/navigation2_stack/install/nav2_common/lib/python3.8/site-packages:${PYTHONPATH} /usr/bin/cmake --install /home/hossein/navigation2_stack/build/nav2_lifecycle_manager
[0.850s] -- Install configuration: "Release"
[0.851s] -- Up-to-date: /home/hossein/navigation2_stack/install/nav2_lifecycle_manager/lib/libnav2_lifecycle_manager_core.so
[0.851s] -- Up-to-date: /home/hossein/navigation2_stack/install/nav2_lifecycle_manager/lib/nav2_lifecycle_manager/lifecycle_manager
[0.851s] -- Up-to-date: /home/hossein/navigation2_stack/install/nav2_lifecycle_manager/include/
[0.851s] -- Up-to-date: /home/hossein/navigation2_stack/install/nav2_lifecycle_manager/include//nav2_lifecycle_manager
[0.851s] -- Up-to-date: /home/hossein/navigation2_stack/install/nav2_lifecycle_manager/include//nav2_lifecycle_manager/lifecycle_manager.hpp
[0.851s] -- Up-to-date: /home/hossein/navigation2_stack/install/nav2_lifecycle_manager/include//nav2_lifecycle_manager/lifecycle_manager_client.hpp
[0.852s] -- Up-to-date: /home/hossein/navigation2_stack/install/nav2_lifecycle_manager/share/nav2_lifecycle_manager/environment/library_path.sh
[0.852s] -- Up-to-date: /home/hossein/navigation2_stack/install/nav2_lifecycle_manager/share/nav2_lifecycle_manager/environment/library_path.dsv
[0.852s] -- Up-to-date: /home/hossein/navigation2_stack/install/nav2_lifecycle_manager/share/ament_index/resource_index/package_run_dependencies/nav2_lifecycle_manager
[0.852s] -- Up-to-date: /home/hossein/navigation2_stack/install/nav2_lifecycle_manager/share/ament_index/resource_index/parent_prefix_path/nav2_lifecycle_manager
[0.852s] -- Up-to-date: /home/hossein/navigation2_stack/install/nav2_lifecycle_manager/share/nav2_lifecycle_manager/environment/ament_prefix_path.sh
[0.852s] -- Up-to-date: /home/hossein/navigation2_stack/install/nav2_lifecycle_manager/share/nav2_lifecycle_manager/environment/ament_prefix_path.dsv
[0.854s] -- Up-to-date: /home/hossein/navigation2_stack/install/nav2_lifecycle_manager/share/nav2_lifecycle_manager/environment/path.sh
[0.854s] -- Up-to-date: /home/hossein/navigation2_stack/install/nav2_lifecycle_manager/share/nav2_lifecycle_manager/environment/path.dsv
[0.854s] -- Up-to-date: /home/hossein/navigation2_stack/install/nav2_lifecycle_manager/share/nav2_lifecycle_manager/local_setup.bash
[0.854s] -- Up-to-date: /home/hossein/navigation2_stack/install/nav2_lifecycle_manager/share/nav2_lifecycle_manager/local_setup.sh
[0.854s] -- Up-to-date: /home/hossein/navigation2_stack/install/nav2_lifecycle_manager/share/nav2_lifecycle_manager/local_setup.zsh
[0.854s] -- Up-to-date: /home/hossein/navigation2_stack/install/nav2_lifecycle_manager/share/nav2_lifecycle_manager/local_setup.dsv
[0.855s] -- Installing: /home/hossein/navigation2_stack/install/nav2_lifecycle_manager/share/nav2_lifecycle_manager/package.dsv
[0.855s] -- Up-to-date: /home/hossein/navigation2_stack/install/nav2_lifecycle_manager/share/ament_index/resource_index/packages/nav2_lifecycle_manager
[0.856s] -- Up-to-date: /home/hossein/navigation2_stack/install/nav2_lifecycle_manager/share/nav2_lifecycle_manager/cmake/ament_cmake_export_include_directories-extras.cmake
[0.862s] -- Up-to-date: /home/hossein/navigation2_stack/install/nav2_lifecycle_manager/share/nav2_lifecycle_manager/cmake/ament_cmake_export_libraries-extras.cmake
[0.862s] -- Up-to-date: /home/hossein/navigation2_stack/install/nav2_lifecycle_manager/share/nav2_lifecycle_manager/cmake/ament_cmake_export_dependencies-extras.cmake
[0.862s] -- Up-to-date: /home/hossein/navigation2_stack/install/nav2_lifecycle_manager/share/nav2_lifecycle_manager/cmake/nav2_lifecycle_managerConfig.cmake
[0.862s] -- Up-to-date: /home/hossein/navigation2_stack/install/nav2_lifecycle_manager/share/nav2_lifecycle_manager/cmake/nav2_lifecycle_managerConfig-version.cmake
[0.862s] -- Up-to-date: /home/hossein/navigation2_stack/install/nav2_lifecycle_manager/share/nav2_lifecycle_manager/package.xml
[0.946s] Invoked command in '/home/hossein/navigation2_stack/build/nav2_lifecycle_manager' returned '0': AMENT_PREFIX_PATH=/home/hossein/navigation2_stack/install/nav2_util:/home/hossein/navigation2_stack/install/nav2_msgs:/home/hossein/navigation2_stack/install/nav2_common:${AMENT_PREFIX_PATH} CMAKE_PREFIX_PATH=/home/hossein/navigation2_stack/install/nav2_util:/home/hossein/navigation2_stack/install/nav2_msgs:/home/hossein/navigation2_stack/install/nav2_common:/home/hossein/turtlebot3_ws/install/turtlebot3_simulations:/home/hossein/turtlebot3_ws/install/turtlebot3_gazebo:/home/hossein/turtlebot3_ws/install/turtlebot3_fake_node:/home/hossein/dev_ws/install/vad_utils:/home/hossein/dev_ws/install/user_interface:/home/hossein/dev_ws/install/tf_publisher:/home/hossein/dev_ws/install/overhead_camera_service:/home/hossein/dev_ws/install/nf2:/home/hossein/dev_ws/install/global_planner:/home/hossein/dev_ws/install/custom_msg_srv:/home/hossein/dev_ws/install/py_pubsub:/home/hossein/dev_ws/install/image_segmentation:/opt/ros/foxy LD_LIBRARY_PATH=/home/hossein/navigation2_stack/install/nav2_util/lib:/home/hossein/navigation2_stack/install/nav2_msgs/lib:${LD_LIBRARY_PATH} PYTHONPATH=/home/hossein/navigation2_stack/install/nav2_msgs/lib/python3.8/site-packages:/home/hossein/navigation2_stack/install/nav2_common/lib/python3.8/site-packages:${PYTHONPATH} /usr/bin/cmake --install /home/hossein/navigation2_stack/build/nav2_lifecycle_manager
