[0.310s] Invoking command in '/home/hossein/navigation2_stack/build/smac_planner': AMENT_PREFIX_PATH=/home/hossein/navigation2_stack/install/nav2_core:/home/hossein/navigation2_stack/install/nav2_costmap_2d:${AMENT_PREFIX_PATH} CMAKE_PREFIX_PATH=/home/hossein/navigation2_stack/install/nav2_core:/home/hossein/navigation2_stack/install/nav2_costmap_2d:/home/hossein/navigation2_stack/install/nav2_util:/home/hossein/navigation2_stack/install/nav2_voxel_grid:/home/hossein/navigation2_stack/install/nav2_msgs:/home/hossein/navigation2_stack/install/nav2_common:/home/hossein/navigation2_stack/install/nav_2d_utils:/home/hossein/navigation2_stack/install/dwb_msgs:/home/hossein/navigation2_stack/install/nav_2d_msgs:/home/hossein/navigation2_stack/install/nav2_waypoint_follower:/home/hossein/navigation2_stack/install/nav2_map_server:/home/hossein/navigation2_stack/install/nav2_lifecycle_manager:/home/hossein/navigation2_stack/install/custom_roi_srv:/home/hossein/navigation2_stack/install/custom_msg_srv:/home/hossein/turtlebot3_ws/install/turtlebot3_simulations:/home/hossein/turtlebot3_ws/install/turtlebot3_gazebo:/home/hossein/turtlebot3_ws/install/turtlebot3_fake_node:/home/hossein/nav2_ws/install/nav2_system_tests:/home/hossein/nav2_ws/install/nav2_bringup:/home/hossein/nav2_ws/install/navigation2:/home/hossein/nav2_ws/install/smac_planner:/home/hossein/nav2_ws/install/nav2_dwb_controller:/home/hossein/nav2_ws/install/nav2_controller:/home/hossein/nav2_ws/install/dwb_plugins:/home/hossein/nav2_ws/install/dwb_critics:/home/hossein/nav2_ws/install/dwb_core:/home/hossein/nav2_ws/install/nav_2d_utils:/home/hossein/nav2_ws/install/dwb_msgs:/home/hossein/nav2_ws/install/nav_2d_msgs:/home/hossein/nav2_ws/install/nav2_waypoint_follower:/home/hossein/nav2_ws/install/nav2_recoveries:/home/hossein/nav2_ws/install/nav2_planner:/home/hossein/nav2_ws/install/nav2_navfn_planner:/home/hossein/nav2_ws/install/nav2_gradient_costmap_plugin:/home/hossein/nav2_ws/install/nav2_core:/home/hossein/nav2_ws/install/costmap_queue:/home/hossein/nav2_ws/install/nav2_costmap_2d:/home/hossein/nav2_ws/install/nav2_voxel_grid:/home/hossein/nav2_ws/install/nav2_rviz_plugins:/home/hossein/nav2_ws/install/nav2_map_server:/home/hossein/nav2_ws/install/nav2_lifecycle_manager:/home/hossein/nav2_ws/install/nav2_bt_navigator:/home/hossein/nav2_ws/install/nav2_behavior_tree:/home/hossein/nav2_ws/install/nav2_amcl:/home/hossein/nav2_ws/install/nav2_util:/home/hossein/nav2_ws/install/nav2_msgs:/home/hossein/nav2_ws/install/nav2_common:/home/hossein/nav2_ws/install/custom_msg_srv:/home/hossein/dev_ws/install/vad_utils:/home/hossein/dev_ws/install/user_interface:/home/hossein/dev_ws/install/tf_publisher:/home/hossein/dev_ws/install/overhead_camera_service:/home/hossein/dev_ws/install/nf2:/home/hossein/dev_ws/install/global_planner:/home/hossein/dev_ws/install/custom_msg_srv:/home/hossein/navigation2_stack/install/nav2_gazebo_spawner:/home/hossein/navigation2_stack/install/ceiling_segmentation:/home/hossein/nav2_ws/install/nav2_gazebo_spawner:/home/hossein/nav2_ws/install/image_segmentation:/home/hossein/dev_ws/install/py_pubsub:/home/hossein/dev_ws/install/image_segmentation:/opt/ros/foxy LD_LIBRARY_PATH=/home/hossein/navigation2_stack/install/nav2_costmap_2d/lib:/home/hossein/navigation2_stack/install/nav2_util/lib:/home/hossein/navigation2_stack/install/nav2_voxel_grid/lib:/home/hossein/navigation2_stack/install/nav2_msgs/lib:/home/hossein/navigation2_stack/install/nav_2d_utils/lib:/home/hossein/navigation2_stack/install/dwb_msgs/lib:/home/hossein/navigation2_stack/install/nav_2d_msgs/lib:/home/hossein/navigation2_stack/install/nav2_waypoint_follower/lib:/home/hossein/navigation2_stack/install/nav2_map_server/lib:/home/hossein/navigation2_stack/install/nav2_lifecycle_manager/lib:/home/hossein/navigation2_stack/install/custom_roi_srv/lib:/home/hossein/navigation2_stack/install/custom_msg_srv/lib:/home/hossein/nav2_ws/install/smac_planner/lib:/home/hossein/nav2_ws/install/nav2_controller/lib:/home/hossein/nav2_ws/install/dwb_plugins/lib:/home/hossein/nav2_ws/install/dwb_critics/lib:/home/hossein/nav2_ws/install/dwb_core/lib:/home/hossein/nav2_ws/install/nav_2d_utils/lib:/home/hossein/nav2_ws/install/dwb_msgs/lib:/home/hossein/nav2_ws/install/nav_2d_msgs/lib:/home/hossein/nav2_ws/install/nav2_waypoint_follower/lib:/home/hossein/nav2_ws/install/nav2_recoveries/lib:/home/hossein/nav2_ws/install/nav2_planner/lib:/home/hossein/nav2_ws/install/nav2_navfn_planner/lib:/home/hossein/nav2_ws/install/nav2_gradient_costmap_plugin/lib:/home/hossein/nav2_ws/install/costmap_queue/lib:/home/hossein/nav2_ws/install/nav2_costmap_2d/lib:/home/hossein/nav2_ws/install/nav2_voxel_grid/lib:/home/hossein/nav2_ws/install/nav2_rviz_plugins/lib:/home/hossein/nav2_ws/install/nav2_map_server/lib:/home/hossein/nav2_ws/install/nav2_lifecycle_manager/lib:/home/hossein/nav2_ws/install/nav2_bt_navigator/lib:/home/hossein/nav2_ws/install/nav2_behavior_tree/lib:/home/hossein/nav2_ws/install/nav2_amcl/lib:/home/hossein/nav2_ws/install/nav2_util/lib:/home/hossein/nav2_ws/install/nav2_msgs/lib:/home/hossein/nav2_ws/install/custom_msg_srv/lib:/home/hossein/dev_ws/install/user_interface/lib:/home/hossein/dev_ws/install/tf_publisher/lib:/home/hossein/dev_ws/install/overhead_camera_service/lib:/home/hossein/dev_ws/install/global_planner/lib:/home/hossein/dev_ws/install/custom_msg_srv/lib:/usr/lib/x86_64-linux-gnu/gazebo-11/plugins:/opt/ros/foxy/opt/yaml_cpp_vendor/lib:/opt/ros/foxy/opt/rviz_ogre_vendor/lib:/opt/ros/foxy/lib/x86_64-linux-gnu:/opt/ros/foxy/lib:/home/hossein/.mujoco/mujoco200/bin PYTHONPATH=/home/hossein/navigation2_stack/install/nav2_msgs/lib/python3.8/site-packages:/home/hossein/navigation2_stack/install/nav2_common/lib/python3.8/site-packages:/home/hossein/navigation2_stack/install/dwb_msgs/lib/python3.8/site-packages:/home/hossein/navigation2_stack/install/nav_2d_msgs/lib/python3.8/site-packages:/home/hossein/navigation2_stack/install/nav2_gazebo_spawner/lib/python3.8/site-packages:/home/hossein/navigation2_stack/install/custom_roi_srv/lib/python3.8/site-packages:/home/hossein/navigation2_stack/install/ceiling_segmentation/lib/python3.8/site-packages:/home/hossein/navigation2_stack/install/custom_msg_srv/lib/python3.8/site-packages:/home/hossein/nav2_ws/install/dwb_msgs/lib/python3.8/site-packages:/home/hossein/nav2_ws/install/nav_2d_msgs/lib/python3.8/site-packages:/home/hossein/nav2_ws/install/nav2_msgs/lib/python3.8/site-packages:/home/hossein/nav2_ws/install/nav2_gazebo_spawner/lib/python3.8/site-packages:/home/hossein/nav2_ws/install/nav2_common/lib/python3.8/site-packages:/home/hossein/nav2_ws/build/image_segmentation:/home/hossein/nav2_ws/install/image_segmentation/lib/python3.8/site-packages:/home/hossein/nav2_ws/install/custom_msg_srv/lib/python3.8/site-packages:/home/hossein/dev_ws/install/py_pubsub/lib/python3.8/site-packages:/home/hossein/dev_ws/install/image_segmentation/lib/python3.8/site-packages:/home/hossein/dev_ws/install/custom_msg_srv/lib/python3.8/site-packages:/opt/ros/foxy/lib/python3.8/site-packages /usr/bin/cmake /home/hossein/navigation2_stack/navigation2/smac_planner -DCMAKE_INSTALL_PREFIX=/home/hossein/navigation2_stack/install/smac_planner
[5.795s] -- The C compiler identification is GNU 7.5.0
[5.795s] -- The CXX compiler identification is GNU 7.5.0
[5.795s] -- Check for working C compiler: /usr/bin/cc
[5.795s] -- Check for working C compiler: /usr/bin/cc -- works
[5.795s] -- Detecting C compiler ABI info
[5.796s] -- Detecting C compiler ABI info - done
[5.796s] -- Detecting C compile features
[5.796s] -- Detecting C compile features - done
[5.796s] -- Check for working CXX compiler: /usr/bin/c++
[5.796s] -- Check for working CXX compiler: /usr/bin/c++ -- works
[5.796s] -- Detecting CXX compiler ABI info
[5.796s] -- Detecting CXX compiler ABI info - done
[5.797s] -- Detecting CXX compile features
[5.797s] -- Detecting CXX compile features - done
[5.797s] -- Found ament_cmake: 0.9.8 (/opt/ros/foxy/share/ament_cmake/cmake)
[5.797s] -- Found PythonInterp: /usr/bin/python3 (found suitable version "3.8.5", minimum required is "3") 
[5.797s] -- Using PYTHON_EXECUTABLE: /usr/bin/python3
[5.797s] -- Found nav2_common: 0.4.5 (/home/hossein/navigation2_stack/install/nav2_common/share/nav2_common/cmake)
[5.797s] -- Found rclcpp: 2.3.1 (/opt/ros/foxy/share/rclcpp/cmake)
[5.798s] -- Using all available rosidl_typesupport_c: rosidl_typesupport_fastrtps_c;rosidl_typesupport_introspection_c
[5.798s] -- Found rosidl_adapter: 1.2.1 (/opt/ros/foxy/share/rosidl_adapter/cmake)
[5.798s] -- Found OpenSSL: /usr/lib/x86_64-linux-gnu/libcrypto.so (found version "1.1.1f")  
[5.798s] -- Found FastRTPS: /opt/ros/foxy/include  
[5.798s] -- Using all available rosidl_typesupport_cpp: rosidl_typesupport_fastrtps_cpp;rosidl_typesupport_introspection_cpp
[5.798s] -- Found rmw_implementation_cmake: 1.0.3 (/opt/ros/foxy/share/rmw_implementation_cmake/cmake)
[5.798s] -- Using RMW implementation 'rmw_fastrtps_cpp' as default
[5.799s] -- Looking for pthread.h
[5.799s] -- Looking for pthread.h - found
[5.799s] -- Performing Test CMAKE_HAVE_LIBC_PTHREAD
[5.799s] -- Performing Test CMAKE_HAVE_LIBC_PTHREAD - Failed
[5.799s] -- Looking for pthread_create in pthreads
[6.002s] -- Looking for pthread_create in pthreads - not found
[6.003s] -- Looking for pthread_create in pthread
[6.208s] -- Looking for pthread_create in pthread - found
[6.211s] -- Found Threads: TRUE  
[6.608s] -- Found rclcpp_action: 2.3.1 (/opt/ros/foxy/share/rclcpp_action/cmake)
[6.810s] -- Found rclcpp_lifecycle: 2.3.1 (/opt/ros/foxy/share/rclcpp_lifecycle/cmake)
[6.895s] -- Found visualization_msgs: 2.0.4 (/opt/ros/foxy/share/visualization_msgs/cmake)
[7.179s] -- Found nav2_util: 0.4.5 (/home/hossein/navigation2_stack/install/nav2_util/share/nav2_util/cmake)
[8.823s] -- Found eigen3_cmake_module: 0.1.1 (/opt/ros/foxy/share/eigen3_cmake_module/cmake)
[8.834s] -- Found Eigen3: TRUE (found version "3.3.7") 
[9.207s] -- Found nav2_core: 0.4.5 (/home/hossein/navigation2_stack/install/nav2_core/share/nav2_core/cmake)
[12.500s] -- Found installed version of Eigen: /usr/lib/cmake/eigen3
[12.502s] -- Found required Ceres dependency: Eigen version 3.3.7 in /usr/include/eigen3
[12.529s] -- Found required Ceres dependency: glog
[12.549s] -- Found installed version of gflags: /usr/lib/x86_64-linux-gnu/cmake/gflags
[12.549s] -- Detected gflags version: 2.2.2
[12.553s] -- Found required Ceres dependency: gflags
[12.555s] -- Found Ceres version: 1.14.0 installed in: /usr with components: [EigenSparse, SparseLinearAlgebraLibrary, LAPACK, SuiteSparse, CXSparse, SchurSpecializations, OpenMP, Multithreading]
[12.590s] -- Found ompl: /opt/ros/foxy/include/ompl-1.5;/usr/include/eigen3  
[13.992s] -- Found OpenMP_C: -fopenmp (found version "4.5") 
[14.482s] -- Found OpenMP_CXX: -fopenmp (found version "4.5") 
[14.482s] -- Found OpenMP: TRUE (found version "4.5")  
[26.047s] -- Found ament_lint_auto: 0.9.6 (/opt/ros/foxy/share/ament_lint_auto/cmake)
[26.259s] -- Found ament_cmake_gtest: 0.9.8 (/opt/ros/foxy/share/ament_cmake_gtest/cmake)
[26.272s] -- Found gtest sources under '/opt/ros/foxy/src/gtest_vendor': C++ tests using 'Google Test' will be built
[26.277s] -- Check if compiler accepts -pthread
[26.453s] -- Check if compiler accepts -pthread - yes
[71.102s] -- Added test 'copyright' to check source files copyright and LICENSE
[71.105s] -- Added test 'cppcheck' to perform static code analysis on C / C++ code
[71.106s] -- Configured cppcheck include dirs: /home/hossein/navigation2_stack/navigation2/smac_planner/include
[71.106s] -- Configured cppcheck exclude dirs and/or files: 
[71.109s] -- Added test 'cpplint' to check C / C++ code against the Google style
[71.110s] -- Configured cpplint exclude dirs and/or files: 
[71.112s] -- Added test 'lint_cmake' to check CMake code style
[71.115s] -- Added test 'uncrustify' to check C / C++ code style
[71.115s] -- Configured uncrustify additional arguments: 
[71.117s] -- Added test 'xmllint' to check XML markup files
[71.126s] -- Configuring done
[71.929s] -- Generating done
[71.933s] -- Build files have been written to: /home/hossein/navigation2_stack/build/smac_planner
[71.951s] Invoked command in '/home/hossein/navigation2_stack/build/smac_planner' returned '0': AMENT_PREFIX_PATH=/home/hossein/navigation2_stack/install/nav2_core:/home/hossein/navigation2_stack/install/nav2_costmap_2d:${AMENT_PREFIX_PATH} CMAKE_PREFIX_PATH=/home/hossein/navigation2_stack/install/nav2_core:/home/hossein/navigation2_stack/install/nav2_costmap_2d:/home/hossein/navigation2_stack/install/nav2_util:/home/hossein/navigation2_stack/install/nav2_voxel_grid:/home/hossein/navigation2_stack/install/nav2_msgs:/home/hossein/navigation2_stack/install/nav2_common:/home/hossein/navigation2_stack/install/nav_2d_utils:/home/hossein/navigation2_stack/install/dwb_msgs:/home/hossein/navigation2_stack/install/nav_2d_msgs:/home/hossein/navigation2_stack/install/nav2_waypoint_follower:/home/hossein/navigation2_stack/install/nav2_map_server:/home/hossein/navigation2_stack/install/nav2_lifecycle_manager:/home/hossein/navigation2_stack/install/custom_roi_srv:/home/hossein/navigation2_stack/install/custom_msg_srv:/home/hossein/turtlebot3_ws/install/turtlebot3_simulations:/home/hossein/turtlebot3_ws/install/turtlebot3_gazebo:/home/hossein/turtlebot3_ws/install/turtlebot3_fake_node:/home/hossein/nav2_ws/install/nav2_system_tests:/home/hossein/nav2_ws/install/nav2_bringup:/home/hossein/nav2_ws/install/navigation2:/home/hossein/nav2_ws/install/smac_planner:/home/hossein/nav2_ws/install/nav2_dwb_controller:/home/hossein/nav2_ws/install/nav2_controller:/home/hossein/nav2_ws/install/dwb_plugins:/home/hossein/nav2_ws/install/dwb_critics:/home/hossein/nav2_ws/install/dwb_core:/home/hossein/nav2_ws/install/nav_2d_utils:/home/hossein/nav2_ws/install/dwb_msgs:/home/hossein/nav2_ws/install/nav_2d_msgs:/home/hossein/nav2_ws/install/nav2_waypoint_follower:/home/hossein/nav2_ws/install/nav2_recoveries:/home/hossein/nav2_ws/install/nav2_planner:/home/hossein/nav2_ws/install/nav2_navfn_planner:/home/hossein/nav2_ws/install/nav2_gradient_costmap_plugin:/home/hossein/nav2_ws/install/nav2_core:/home/hossein/nav2_ws/install/costmap_queue:/home/hossein/nav2_ws/install/nav2_costmap_2d:/home/hossein/nav2_ws/install/nav2_voxel_grid:/home/hossein/nav2_ws/install/nav2_rviz_plugins:/home/hossein/nav2_ws/install/nav2_map_server:/home/hossein/nav2_ws/install/nav2_lifecycle_manager:/home/hossein/nav2_ws/install/nav2_bt_navigator:/home/hossein/nav2_ws/install/nav2_behavior_tree:/home/hossein/nav2_ws/install/nav2_amcl:/home/hossein/nav2_ws/install/nav2_util:/home/hossein/nav2_ws/install/nav2_msgs:/home/hossein/nav2_ws/install/nav2_common:/home/hossein/nav2_ws/install/custom_msg_srv:/home/hossein/dev_ws/install/vad_utils:/home/hossein/dev_ws/install/user_interface:/home/hossein/dev_ws/install/tf_publisher:/home/hossein/dev_ws/install/overhead_camera_service:/home/hossein/dev_ws/install/nf2:/home/hossein/dev_ws/install/global_planner:/home/hossein/dev_ws/install/custom_msg_srv:/home/hossein/navigation2_stack/install/nav2_gazebo_spawner:/home/hossein/navigation2_stack/install/ceiling_segmentation:/home/hossein/nav2_ws/install/nav2_gazebo_spawner:/home/hossein/nav2_ws/install/image_segmentation:/home/hossein/dev_ws/install/py_pubsub:/home/hossein/dev_ws/install/image_segmentation:/opt/ros/foxy LD_LIBRARY_PATH=/home/hossein/navigation2_stack/install/nav2_costmap_2d/lib:/home/hossein/navigation2_stack/install/nav2_util/lib:/home/hossein/navigation2_stack/install/nav2_voxel_grid/lib:/home/hossein/navigation2_stack/install/nav2_msgs/lib:/home/hossein/navigation2_stack/install/nav_2d_utils/lib:/home/hossein/navigation2_stack/install/dwb_msgs/lib:/home/hossein/navigation2_stack/install/nav_2d_msgs/lib:/home/hossein/navigation2_stack/install/nav2_waypoint_follower/lib:/home/hossein/navigation2_stack/install/nav2_map_server/lib:/home/hossein/navigation2_stack/install/nav2_lifecycle_manager/lib:/home/hossein/navigation2_stack/install/custom_roi_srv/lib:/home/hossein/navigation2_stack/install/custom_msg_srv/lib:/home/hossein/nav2_ws/install/smac_planner/lib:/home/hossein/nav2_ws/install/nav2_controller/lib:/home/hossein/nav2_ws/install/dwb_plugins/lib:/home/hossein/nav2_ws/install/dwb_critics/lib:/home/hossein/nav2_ws/install/dwb_core/lib:/home/hossein/nav2_ws/install/nav_2d_utils/lib:/home/hossein/nav2_ws/install/dwb_msgs/lib:/home/hossein/nav2_ws/install/nav_2d_msgs/lib:/home/hossein/nav2_ws/install/nav2_waypoint_follower/lib:/home/hossein/nav2_ws/install/nav2_recoveries/lib:/home/hossein/nav2_ws/install/nav2_planner/lib:/home/hossein/nav2_ws/install/nav2_navfn_planner/lib:/home/hossein/nav2_ws/install/nav2_gradient_costmap_plugin/lib:/home/hossein/nav2_ws/install/costmap_queue/lib:/home/hossein/nav2_ws/install/nav2_costmap_2d/lib:/home/hossein/nav2_ws/install/nav2_voxel_grid/lib:/home/hossein/nav2_ws/install/nav2_rviz_plugins/lib:/home/hossein/nav2_ws/install/nav2_map_server/lib:/home/hossein/nav2_ws/install/nav2_lifecycle_manager/lib:/home/hossein/nav2_ws/install/nav2_bt_navigator/lib:/home/hossein/nav2_ws/install/nav2_behavior_tree/lib:/home/hossein/nav2_ws/install/nav2_amcl/lib:/home/hossein/nav2_ws/install/nav2_util/lib:/home/hossein/nav2_ws/install/nav2_msgs/lib:/home/hossein/nav2_ws/install/custom_msg_srv/lib:/home/hossein/dev_ws/install/user_interface/lib:/home/hossein/dev_ws/install/tf_publisher/lib:/home/hossein/dev_ws/install/overhead_camera_service/lib:/home/hossein/dev_ws/install/global_planner/lib:/home/hossein/dev_ws/install/custom_msg_srv/lib:/usr/lib/x86_64-linux-gnu/gazebo-11/plugins:/opt/ros/foxy/opt/yaml_cpp_vendor/lib:/opt/ros/foxy/opt/rviz_ogre_vendor/lib:/opt/ros/foxy/lib/x86_64-linux-gnu:/opt/ros/foxy/lib:/home/hossein/.mujoco/mujoco200/bin PYTHONPATH=/home/hossein/navigation2_stack/install/nav2_msgs/lib/python3.8/site-packages:/home/hossein/navigation2_stack/install/nav2_common/lib/python3.8/site-packages:/home/hossein/navigation2_stack/install/dwb_msgs/lib/python3.8/site-packages:/home/hossein/navigation2_stack/install/nav_2d_msgs/lib/python3.8/site-packages:/home/hossein/navigation2_stack/install/nav2_gazebo_spawner/lib/python3.8/site-packages:/home/hossein/navigation2_stack/install/custom_roi_srv/lib/python3.8/site-packages:/home/hossein/navigation2_stack/install/ceiling_segmentation/lib/python3.8/site-packages:/home/hossein/navigation2_stack/install/custom_msg_srv/lib/python3.8/site-packages:/home/hossein/nav2_ws/install/dwb_msgs/lib/python3.8/site-packages:/home/hossein/nav2_ws/install/nav_2d_msgs/lib/python3.8/site-packages:/home/hossein/nav2_ws/install/nav2_msgs/lib/python3.8/site-packages:/home/hossein/nav2_ws/install/nav2_gazebo_spawner/lib/python3.8/site-packages:/home/hossein/nav2_ws/install/nav2_common/lib/python3.8/site-packages:/home/hossein/nav2_ws/build/image_segmentation:/home/hossein/nav2_ws/install/image_segmentation/lib/python3.8/site-packages:/home/hossein/nav2_ws/install/custom_msg_srv/lib/python3.8/site-packages:/home/hossein/dev_ws/install/py_pubsub/lib/python3.8/site-packages:/home/hossein/dev_ws/install/image_segmentation/lib/python3.8/site-packages:/home/hossein/dev_ws/install/custom_msg_srv/lib/python3.8/site-packages:/opt/ros/foxy/lib/python3.8/site-packages /usr/bin/cmake /home/hossein/navigation2_stack/navigation2/smac_planner -DCMAKE_INSTALL_PREFIX=/home/hossein/navigation2_stack/install/smac_planner
[71.955s] Invoking command in '/home/hossein/navigation2_stack/build/smac_planner': AMENT_PREFIX_PATH=/home/hossein/navigation2_stack/install/nav2_core:/home/hossein/navigation2_stack/install/nav2_costmap_2d:${AMENT_PREFIX_PATH} CMAKE_PREFIX_PATH=/home/hossein/navigation2_stack/install/nav2_core:/home/hossein/navigation2_stack/install/nav2_costmap_2d:/home/hossein/navigation2_stack/install/nav2_util:/home/hossein/navigation2_stack/install/nav2_voxel_grid:/home/hossein/navigation2_stack/install/nav2_msgs:/home/hossein/navigation2_stack/install/nav2_common:/home/hossein/navigation2_stack/install/nav_2d_utils:/home/hossein/navigation2_stack/install/dwb_msgs:/home/hossein/navigation2_stack/install/nav_2d_msgs:/home/hossein/navigation2_stack/install/nav2_waypoint_follower:/home/hossein/navigation2_stack/install/nav2_map_server:/home/hossein/navigation2_stack/install/nav2_lifecycle_manager:/home/hossein/navigation2_stack/install/custom_roi_srv:/home/hossein/navigation2_stack/install/custom_msg_srv:/home/hossein/turtlebot3_ws/install/turtlebot3_simulations:/home/hossein/turtlebot3_ws/install/turtlebot3_gazebo:/home/hossein/turtlebot3_ws/install/turtlebot3_fake_node:/home/hossein/nav2_ws/install/nav2_system_tests:/home/hossein/nav2_ws/install/nav2_bringup:/home/hossein/nav2_ws/install/navigation2:/home/hossein/nav2_ws/install/smac_planner:/home/hossein/nav2_ws/install/nav2_dwb_controller:/home/hossein/nav2_ws/install/nav2_controller:/home/hossein/nav2_ws/install/dwb_plugins:/home/hossein/nav2_ws/install/dwb_critics:/home/hossein/nav2_ws/install/dwb_core:/home/hossein/nav2_ws/install/nav_2d_utils:/home/hossein/nav2_ws/install/dwb_msgs:/home/hossein/nav2_ws/install/nav_2d_msgs:/home/hossein/nav2_ws/install/nav2_waypoint_follower:/home/hossein/nav2_ws/install/nav2_recoveries:/home/hossein/nav2_ws/install/nav2_planner:/home/hossein/nav2_ws/install/nav2_navfn_planner:/home/hossein/nav2_ws/install/nav2_gradient_costmap_plugin:/home/hossein/nav2_ws/install/nav2_core:/home/hossein/nav2_ws/install/costmap_queue:/home/hossein/nav2_ws/install/nav2_costmap_2d:/home/hossein/nav2_ws/install/nav2_voxel_grid:/home/hossein/nav2_ws/install/nav2_rviz_plugins:/home/hossein/nav2_ws/install/nav2_map_server:/home/hossein/nav2_ws/install/nav2_lifecycle_manager:/home/hossein/nav2_ws/install/nav2_bt_navigator:/home/hossein/nav2_ws/install/nav2_behavior_tree:/home/hossein/nav2_ws/install/nav2_amcl:/home/hossein/nav2_ws/install/nav2_util:/home/hossein/nav2_ws/install/nav2_msgs:/home/hossein/nav2_ws/install/nav2_common:/home/hossein/nav2_ws/install/custom_msg_srv:/home/hossein/dev_ws/install/vad_utils:/home/hossein/dev_ws/install/user_interface:/home/hossein/dev_ws/install/tf_publisher:/home/hossein/dev_ws/install/overhead_camera_service:/home/hossein/dev_ws/install/nf2:/home/hossein/dev_ws/install/global_planner:/home/hossein/dev_ws/install/custom_msg_srv:/home/hossein/navigation2_stack/install/nav2_gazebo_spawner:/home/hossein/navigation2_stack/install/ceiling_segmentation:/home/hossein/nav2_ws/install/nav2_gazebo_spawner:/home/hossein/nav2_ws/install/image_segmentation:/home/hossein/dev_ws/install/py_pubsub:/home/hossein/dev_ws/install/image_segmentation:/opt/ros/foxy LD_LIBRARY_PATH=/home/hossein/navigation2_stack/install/nav2_costmap_2d/lib:/home/hossein/navigation2_stack/install/nav2_util/lib:/home/hossein/navigation2_stack/install/nav2_voxel_grid/lib:/home/hossein/navigation2_stack/install/nav2_msgs/lib:/home/hossein/navigation2_stack/install/nav_2d_utils/lib:/home/hossein/navigation2_stack/install/dwb_msgs/lib:/home/hossein/navigation2_stack/install/nav_2d_msgs/lib:/home/hossein/navigation2_stack/install/nav2_waypoint_follower/lib:/home/hossein/navigation2_stack/install/nav2_map_server/lib:/home/hossein/navigation2_stack/install/nav2_lifecycle_manager/lib:/home/hossein/navigation2_stack/install/custom_roi_srv/lib:/home/hossein/navigation2_stack/install/custom_msg_srv/lib:/home/hossein/nav2_ws/install/smac_planner/lib:/home/hossein/nav2_ws/install/nav2_controller/lib:/home/hossein/nav2_ws/install/dwb_plugins/lib:/home/hossein/nav2_ws/install/dwb_critics/lib:/home/hossein/nav2_ws/install/dwb_core/lib:/home/hossein/nav2_ws/install/nav_2d_utils/lib:/home/hossein/nav2_ws/install/dwb_msgs/lib:/home/hossein/nav2_ws/install/nav_2d_msgs/lib:/home/hossein/nav2_ws/install/nav2_waypoint_follower/lib:/home/hossein/nav2_ws/install/nav2_recoveries/lib:/home/hossein/nav2_ws/install/nav2_planner/lib:/home/hossein/nav2_ws/install/nav2_navfn_planner/lib:/home/hossein/nav2_ws/install/nav2_gradient_costmap_plugin/lib:/home/hossein/nav2_ws/install/costmap_queue/lib:/home/hossein/nav2_ws/install/nav2_costmap_2d/lib:/home/hossein/nav2_ws/install/nav2_voxel_grid/lib:/home/hossein/nav2_ws/install/nav2_rviz_plugins/lib:/home/hossein/nav2_ws/install/nav2_map_server/lib:/home/hossein/nav2_ws/install/nav2_lifecycle_manager/lib:/home/hossein/nav2_ws/install/nav2_bt_navigator/lib:/home/hossein/nav2_ws/install/nav2_behavior_tree/lib:/home/hossein/nav2_ws/install/nav2_amcl/lib:/home/hossein/nav2_ws/install/nav2_util/lib:/home/hossein/nav2_ws/install/nav2_msgs/lib:/home/hossein/nav2_ws/install/custom_msg_srv/lib:/home/hossein/dev_ws/install/user_interface/lib:/home/hossein/dev_ws/install/tf_publisher/lib:/home/hossein/dev_ws/install/overhead_camera_service/lib:/home/hossein/dev_ws/install/global_planner/lib:/home/hossein/dev_ws/install/custom_msg_srv/lib:/usr/lib/x86_64-linux-gnu/gazebo-11/plugins:/opt/ros/foxy/opt/yaml_cpp_vendor/lib:/opt/ros/foxy/opt/rviz_ogre_vendor/lib:/opt/ros/foxy/lib/x86_64-linux-gnu:/opt/ros/foxy/lib:/home/hossein/.mujoco/mujoco200/bin PYTHONPATH=/home/hossein/navigation2_stack/install/nav2_msgs/lib/python3.8/site-packages:/home/hossein/navigation2_stack/install/nav2_common/lib/python3.8/site-packages:/home/hossein/navigation2_stack/install/dwb_msgs/lib/python3.8/site-packages:/home/hossein/navigation2_stack/install/nav_2d_msgs/lib/python3.8/site-packages:/home/hossein/navigation2_stack/install/nav2_gazebo_spawner/lib/python3.8/site-packages:/home/hossein/navigation2_stack/install/custom_roi_srv/lib/python3.8/site-packages:/home/hossein/navigation2_stack/install/ceiling_segmentation/lib/python3.8/site-packages:/home/hossein/navigation2_stack/install/custom_msg_srv/lib/python3.8/site-packages:/home/hossein/nav2_ws/install/dwb_msgs/lib/python3.8/site-packages:/home/hossein/nav2_ws/install/nav_2d_msgs/lib/python3.8/site-packages:/home/hossein/nav2_ws/install/nav2_msgs/lib/python3.8/site-packages:/home/hossein/nav2_ws/install/nav2_gazebo_spawner/lib/python3.8/site-packages:/home/hossein/nav2_ws/install/nav2_common/lib/python3.8/site-packages:/home/hossein/nav2_ws/build/image_segmentation:/home/hossein/nav2_ws/install/image_segmentation/lib/python3.8/site-packages:/home/hossein/nav2_ws/install/custom_msg_srv/lib/python3.8/site-packages:/home/hossein/dev_ws/install/py_pubsub/lib/python3.8/site-packages:/home/hossein/dev_ws/install/image_segmentation/lib/python3.8/site-packages:/home/hossein/dev_ws/install/custom_msg_srv/lib/python3.8/site-packages:/opt/ros/foxy/lib/python3.8/site-packages /usr/bin/cmake --build /home/hossein/navigation2_stack/build/smac_planner -- -j8 -l8
[72.020s] [35m[1mScanning dependencies of target smac_planner[0m
[72.020s] [35m[1mScanning dependencies of target smac_planner_2d[0m
[72.158s] [  2%] [32mBuilding CXX object CMakeFiles/smac_planner.dir/src/a_star.cpp.o[0m
[72.162s] [ 11%] [32mBuilding CXX object CMakeFiles/smac_planner.dir/src/smac_planner.cpp.o[0m
[72.162s] [ 11%] [32mBuilding CXX object CMakeFiles/smac_planner_2d.dir/src/a_star.cpp.o[0m
[72.163s] [ 11%] [32mBuilding CXX object CMakeFiles/smac_planner_2d.dir/src/smac_planner_2d.cpp.o[0m
[73.184s] [ 17%] [32mBuilding CXX object CMakeFiles/smac_planner.dir/src/node_se2.cpp.o[0m
[73.184s] [ 17%] [32mBuilding CXX object CMakeFiles/smac_planner_2d.dir/src/node_se2.cpp.o[0m
[82.010s] [ 20%] [32mBuilding CXX object CMakeFiles/smac_planner_2d.dir/src/costmap_downsampler.cpp.o[0m
[85.358s] [ 23%] [32mBuilding CXX object CMakeFiles/smac_planner.dir/src/node_2d.cpp.o[0m
[86.161s] [ 26%] [32mBuilding CXX object CMakeFiles/smac_planner_2d.dir/src/node_2d.cpp.o[0m
[87.639s] [ 29%] [32mBuilding CXX object CMakeFiles/smac_planner.dir/src/costmap_downsampler.cpp.o[0m
[88.397s] [ 32%] [32m[1mLinking CXX shared library libsmac_planner_2d.so[0m
[89.271s] [ 32%] Built target smac_planner_2d
[89.288s] [35m[1mScanning dependencies of target gtest[0m
[89.288s] [35m[1mScanning dependencies of target gtest_main[0m
[89.310s] [ 35%] [32mBuilding CXX object gtest/CMakeFiles/gtest_main.dir/src/gtest_main.cc.o[0m
[89.314s] [ 38%] [32mBuilding CXX object gtest/CMakeFiles/gtest.dir/src/gtest-all.cc.o[0m
[90.015s] [ 41%] [32m[1mLinking CXX static library libgtest_main.a[0m
[90.065s] [ 41%] Built target gtest_main
[91.501s] [ 44%] [32m[1mLinking CXX shared library libsmac_planner.so[0m
[92.370s] [ 44%] Built target smac_planner
[95.284s] [ 47%] [32m[1mLinking CXX static library libgtest.a[0m
[95.333s] [ 47%] Built target gtest
[95.350s] [35m[1mScanning dependencies of target test_node2d[0m
[95.350s] [35m[1mScanning dependencies of target test_a_star[0m
[95.350s] [35m[1mScanning dependencies of target test_nodese2[0m
[95.355s] [35m[1mScanning dependencies of target test_costmap_downsampler[0m
[95.357s] [35m[1mScanning dependencies of target test_smac_se2[0m
[95.415s] [ 50%] [32mBuilding CXX object test/CMakeFiles/test_node2d.dir/test_node2d.cpp.o[0m
[95.433s] [ 52%] [32mBuilding CXX object test/CMakeFiles/test_nodese2.dir/test_nodese2.cpp.o[0m
[95.434s] [ 55%] [32mBuilding CXX object test/CMakeFiles/test_a_star.dir/test_a_star.cpp.o[0m
[95.472s] [ 58%] [32mBuilding CXX object test/CMakeFiles/test_costmap_downsampler.dir/test_costmap_downsampler.cpp.o[0m
[95.495s] [ 61%] [32mBuilding CXX object test/CMakeFiles/test_smac_se2.dir/test_smac_se2.cpp.o[0m
[96.483s] [35m[1mScanning dependencies of target test_collision_checker[0m
[96.483s] [35m[1mScanning dependencies of target test_smac_2d[0m
[96.483s] [35m[1mScanning dependencies of target test_nodebasic[0m
[96.616s] [ 64%] [32mBuilding CXX object test/CMakeFiles/test_collision_checker.dir/test_collision_checker.cpp.o[0m
[96.655s] [ 67%] [32mBuilding CXX object test/CMakeFiles/test_smac_2d.dir/test_smac_2d.cpp.o[0m
[96.667s] [ 70%] [32mBuilding CXX object test/CMakeFiles/test_nodebasic.dir/test_nodebasic.cpp.o[0m
[100.912s] [ 73%] [32m[1mLinking CXX executable test_node2d[0m
[101.798s] [ 76%] [32m[1mLinking CXX executable test_collision_checker[0m
[102.119s] [ 76%] Built target test_node2d
[102.150s] [35m[1mScanning dependencies of target test_smoother[0m
[102.317s] [ 79%] [32mBuilding CXX object test/CMakeFiles/test_smoother.dir/test_smoother.cpp.o[0m
[102.499s] [ 79%] Built target test_collision_checker
[103.276s] [ 82%] [32m[1mLinking CXX executable test_nodebasic[0m
[103.479s] [ 85%] [32m[1mLinking CXX executable test_nodese2[0m
[103.865s] [ 88%] [32m[1mLinking CXX executable test_costmap_downsampler[0m
[103.871s] [ 88%] Built target test_nodebasic
[104.293s] [ 91%] [32m[1mLinking CXX executable test_a_star[0m
[104.868s] [ 91%] Built target test_nodese2
[104.898s] [ 91%] Built target test_costmap_downsampler
[105.130s] [ 91%] Built target test_a_star
[105.737s] [ 94%] [32m[1mLinking CXX executable test_smac_se2[0m
[106.294s] [ 94%] Built target test_smac_se2
[106.640s] [ 97%] [32m[1mLinking CXX executable test_smac_2d[0m
[107.166s] [ 97%] Built target test_smac_2d
[109.160s] [100%] [32m[1mLinking CXX executable test_smoother[0m
[109.642s] [100%] Built target test_smoother
[109.658s] Invoked command in '/home/hossein/navigation2_stack/build/smac_planner' returned '0': AMENT_PREFIX_PATH=/home/hossein/navigation2_stack/install/nav2_core:/home/hossein/navigation2_stack/install/nav2_costmap_2d:${AMENT_PREFIX_PATH} CMAKE_PREFIX_PATH=/home/hossein/navigation2_stack/install/nav2_core:/home/hossein/navigation2_stack/install/nav2_costmap_2d:/home/hossein/navigation2_stack/install/nav2_util:/home/hossein/navigation2_stack/install/nav2_voxel_grid:/home/hossein/navigation2_stack/install/nav2_msgs:/home/hossein/navigation2_stack/install/nav2_common:/home/hossein/navigation2_stack/install/nav_2d_utils:/home/hossein/navigation2_stack/install/dwb_msgs:/home/hossein/navigation2_stack/install/nav_2d_msgs:/home/hossein/navigation2_stack/install/nav2_waypoint_follower:/home/hossein/navigation2_stack/install/nav2_map_server:/home/hossein/navigation2_stack/install/nav2_lifecycle_manager:/home/hossein/navigation2_stack/install/custom_roi_srv:/home/hossein/navigation2_stack/install/custom_msg_srv:/home/hossein/turtlebot3_ws/install/turtlebot3_simulations:/home/hossein/turtlebot3_ws/install/turtlebot3_gazebo:/home/hossein/turtlebot3_ws/install/turtlebot3_fake_node:/home/hossein/nav2_ws/install/nav2_system_tests:/home/hossein/nav2_ws/install/nav2_bringup:/home/hossein/nav2_ws/install/navigation2:/home/hossein/nav2_ws/install/smac_planner:/home/hossein/nav2_ws/install/nav2_dwb_controller:/home/hossein/nav2_ws/install/nav2_controller:/home/hossein/nav2_ws/install/dwb_plugins:/home/hossein/nav2_ws/install/dwb_critics:/home/hossein/nav2_ws/install/dwb_core:/home/hossein/nav2_ws/install/nav_2d_utils:/home/hossein/nav2_ws/install/dwb_msgs:/home/hossein/nav2_ws/install/nav_2d_msgs:/home/hossein/nav2_ws/install/nav2_waypoint_follower:/home/hossein/nav2_ws/install/nav2_recoveries:/home/hossein/nav2_ws/install/nav2_planner:/home/hossein/nav2_ws/install/nav2_navfn_planner:/home/hossein/nav2_ws/install/nav2_gradient_costmap_plugin:/home/hossein/nav2_ws/install/nav2_core:/home/hossein/nav2_ws/install/costmap_queue:/home/hossein/nav2_ws/install/nav2_costmap_2d:/home/hossein/nav2_ws/install/nav2_voxel_grid:/home/hossein/nav2_ws/install/nav2_rviz_plugins:/home/hossein/nav2_ws/install/nav2_map_server:/home/hossein/nav2_ws/install/nav2_lifecycle_manager:/home/hossein/nav2_ws/install/nav2_bt_navigator:/home/hossein/nav2_ws/install/nav2_behavior_tree:/home/hossein/nav2_ws/install/nav2_amcl:/home/hossein/nav2_ws/install/nav2_util:/home/hossein/nav2_ws/install/nav2_msgs:/home/hossein/nav2_ws/install/nav2_common:/home/hossein/nav2_ws/install/custom_msg_srv:/home/hossein/dev_ws/install/vad_utils:/home/hossein/dev_ws/install/user_interface:/home/hossein/dev_ws/install/tf_publisher:/home/hossein/dev_ws/install/overhead_camera_service:/home/hossein/dev_ws/install/nf2:/home/hossein/dev_ws/install/global_planner:/home/hossein/dev_ws/install/custom_msg_srv:/home/hossein/navigation2_stack/install/nav2_gazebo_spawner:/home/hossein/navigation2_stack/install/ceiling_segmentation:/home/hossein/nav2_ws/install/nav2_gazebo_spawner:/home/hossein/nav2_ws/install/image_segmentation:/home/hossein/dev_ws/install/py_pubsub:/home/hossein/dev_ws/install/image_segmentation:/opt/ros/foxy LD_LIBRARY_PATH=/home/hossein/navigation2_stack/install/nav2_costmap_2d/lib:/home/hossein/navigation2_stack/install/nav2_util/lib:/home/hossein/navigation2_stack/install/nav2_voxel_grid/lib:/home/hossein/navigation2_stack/install/nav2_msgs/lib:/home/hossein/navigation2_stack/install/nav_2d_utils/lib:/home/hossein/navigation2_stack/install/dwb_msgs/lib:/home/hossein/navigation2_stack/install/nav_2d_msgs/lib:/home/hossein/navigation2_stack/install/nav2_waypoint_follower/lib:/home/hossein/navigation2_stack/install/nav2_map_server/lib:/home/hossein/navigation2_stack/install/nav2_lifecycle_manager/lib:/home/hossein/navigation2_stack/install/custom_roi_srv/lib:/home/hossein/navigation2_stack/install/custom_msg_srv/lib:/home/hossein/nav2_ws/install/smac_planner/lib:/home/hossein/nav2_ws/install/nav2_controller/lib:/home/hossein/nav2_ws/install/dwb_plugins/lib:/home/hossein/nav2_ws/install/dwb_critics/lib:/home/hossein/nav2_ws/install/dwb_core/lib:/home/hossein/nav2_ws/install/nav_2d_utils/lib:/home/hossein/nav2_ws/install/dwb_msgs/lib:/home/hossein/nav2_ws/install/nav_2d_msgs/lib:/home/hossein/nav2_ws/install/nav2_waypoint_follower/lib:/home/hossein/nav2_ws/install/nav2_recoveries/lib:/home/hossein/nav2_ws/install/nav2_planner/lib:/home/hossein/nav2_ws/install/nav2_navfn_planner/lib:/home/hossein/nav2_ws/install/nav2_gradient_costmap_plugin/lib:/home/hossein/nav2_ws/install/costmap_queue/lib:/home/hossein/nav2_ws/install/nav2_costmap_2d/lib:/home/hossein/nav2_ws/install/nav2_voxel_grid/lib:/home/hossein/nav2_ws/install/nav2_rviz_plugins/lib:/home/hossein/nav2_ws/install/nav2_map_server/lib:/home/hossein/nav2_ws/install/nav2_lifecycle_manager/lib:/home/hossein/nav2_ws/install/nav2_bt_navigator/lib:/home/hossein/nav2_ws/install/nav2_behavior_tree/lib:/home/hossein/nav2_ws/install/nav2_amcl/lib:/home/hossein/nav2_ws/install/nav2_util/lib:/home/hossein/nav2_ws/install/nav2_msgs/lib:/home/hossein/nav2_ws/install/custom_msg_srv/lib:/home/hossein/dev_ws/install/user_interface/lib:/home/hossein/dev_ws/install/tf_publisher/lib:/home/hossein/dev_ws/install/overhead_camera_service/lib:/home/hossein/dev_ws/install/global_planner/lib:/home/hossein/dev_ws/install/custom_msg_srv/lib:/usr/lib/x86_64-linux-gnu/gazebo-11/plugins:/opt/ros/foxy/opt/yaml_cpp_vendor/lib:/opt/ros/foxy/opt/rviz_ogre_vendor/lib:/opt/ros/foxy/lib/x86_64-linux-gnu:/opt/ros/foxy/lib:/home/hossein/.mujoco/mujoco200/bin PYTHONPATH=/home/hossein/navigation2_stack/install/nav2_msgs/lib/python3.8/site-packages:/home/hossein/navigation2_stack/install/nav2_common/lib/python3.8/site-packages:/home/hossein/navigation2_stack/install/dwb_msgs/lib/python3.8/site-packages:/home/hossein/navigation2_stack/install/nav_2d_msgs/lib/python3.8/site-packages:/home/hossein/navigation2_stack/install/nav2_gazebo_spawner/lib/python3.8/site-packages:/home/hossein/navigation2_stack/install/custom_roi_srv/lib/python3.8/site-packages:/home/hossein/navigation2_stack/install/ceiling_segmentation/lib/python3.8/site-packages:/home/hossein/navigation2_stack/install/custom_msg_srv/lib/python3.8/site-packages:/home/hossein/nav2_ws/install/dwb_msgs/lib/python3.8/site-packages:/home/hossein/nav2_ws/install/nav_2d_msgs/lib/python3.8/site-packages:/home/hossein/nav2_ws/install/nav2_msgs/lib/python3.8/site-packages:/home/hossein/nav2_ws/install/nav2_gazebo_spawner/lib/python3.8/site-packages:/home/hossein/nav2_ws/install/nav2_common/lib/python3.8/site-packages:/home/hossein/nav2_ws/build/image_segmentation:/home/hossein/nav2_ws/install/image_segmentation/lib/python3.8/site-packages:/home/hossein/nav2_ws/install/custom_msg_srv/lib/python3.8/site-packages:/home/hossein/dev_ws/install/py_pubsub/lib/python3.8/site-packages:/home/hossein/dev_ws/install/image_segmentation/lib/python3.8/site-packages:/home/hossein/dev_ws/install/custom_msg_srv/lib/python3.8/site-packages:/opt/ros/foxy/lib/python3.8/site-packages /usr/bin/cmake --build /home/hossein/navigation2_stack/build/smac_planner -- -j8 -l8
[109.736s] Invoking command in '/home/hossein/navigation2_stack/build/smac_planner': AMENT_PREFIX_PATH=/home/hossein/navigation2_stack/install/nav2_core:/home/hossein/navigation2_stack/install/nav2_costmap_2d:${AMENT_PREFIX_PATH} CMAKE_PREFIX_PATH=/home/hossein/navigation2_stack/install/nav2_core:/home/hossein/navigation2_stack/install/nav2_costmap_2d:/home/hossein/navigation2_stack/install/nav2_util:/home/hossein/navigation2_stack/install/nav2_voxel_grid:/home/hossein/navigation2_stack/install/nav2_msgs:/home/hossein/navigation2_stack/install/nav2_common:/home/hossein/navigation2_stack/install/nav_2d_utils:/home/hossein/navigation2_stack/install/dwb_msgs:/home/hossein/navigation2_stack/install/nav_2d_msgs:/home/hossein/navigation2_stack/install/nav2_waypoint_follower:/home/hossein/navigation2_stack/install/nav2_map_server:/home/hossein/navigation2_stack/install/nav2_lifecycle_manager:/home/hossein/navigation2_stack/install/custom_roi_srv:/home/hossein/navigation2_stack/install/custom_msg_srv:/home/hossein/turtlebot3_ws/install/turtlebot3_simulations:/home/hossein/turtlebot3_ws/install/turtlebot3_gazebo:/home/hossein/turtlebot3_ws/install/turtlebot3_fake_node:/home/hossein/nav2_ws/install/nav2_system_tests:/home/hossein/nav2_ws/install/nav2_bringup:/home/hossein/nav2_ws/install/navigation2:/home/hossein/nav2_ws/install/smac_planner:/home/hossein/nav2_ws/install/nav2_dwb_controller:/home/hossein/nav2_ws/install/nav2_controller:/home/hossein/nav2_ws/install/dwb_plugins:/home/hossein/nav2_ws/install/dwb_critics:/home/hossein/nav2_ws/install/dwb_core:/home/hossein/nav2_ws/install/nav_2d_utils:/home/hossein/nav2_ws/install/dwb_msgs:/home/hossein/nav2_ws/install/nav_2d_msgs:/home/hossein/nav2_ws/install/nav2_waypoint_follower:/home/hossein/nav2_ws/install/nav2_recoveries:/home/hossein/nav2_ws/install/nav2_planner:/home/hossein/nav2_ws/install/nav2_navfn_planner:/home/hossein/nav2_ws/install/nav2_gradient_costmap_plugin:/home/hossein/nav2_ws/install/nav2_core:/home/hossein/nav2_ws/install/costmap_queue:/home/hossein/nav2_ws/install/nav2_costmap_2d:/home/hossein/nav2_ws/install/nav2_voxel_grid:/home/hossein/nav2_ws/install/nav2_rviz_plugins:/home/hossein/nav2_ws/install/nav2_map_server:/home/hossein/nav2_ws/install/nav2_lifecycle_manager:/home/hossein/nav2_ws/install/nav2_bt_navigator:/home/hossein/nav2_ws/install/nav2_behavior_tree:/home/hossein/nav2_ws/install/nav2_amcl:/home/hossein/nav2_ws/install/nav2_util:/home/hossein/nav2_ws/install/nav2_msgs:/home/hossein/nav2_ws/install/nav2_common:/home/hossein/nav2_ws/install/custom_msg_srv:/home/hossein/dev_ws/install/vad_utils:/home/hossein/dev_ws/install/user_interface:/home/hossein/dev_ws/install/tf_publisher:/home/hossein/dev_ws/install/overhead_camera_service:/home/hossein/dev_ws/install/nf2:/home/hossein/dev_ws/install/global_planner:/home/hossein/dev_ws/install/custom_msg_srv:/home/hossein/navigation2_stack/install/nav2_gazebo_spawner:/home/hossein/navigation2_stack/install/ceiling_segmentation:/home/hossein/nav2_ws/install/nav2_gazebo_spawner:/home/hossein/nav2_ws/install/image_segmentation:/home/hossein/dev_ws/install/py_pubsub:/home/hossein/dev_ws/install/image_segmentation:/opt/ros/foxy LD_LIBRARY_PATH=/home/hossein/navigation2_stack/install/nav2_costmap_2d/lib:/home/hossein/navigation2_stack/install/nav2_util/lib:/home/hossein/navigation2_stack/install/nav2_voxel_grid/lib:/home/hossein/navigation2_stack/install/nav2_msgs/lib:/home/hossein/navigation2_stack/install/nav_2d_utils/lib:/home/hossein/navigation2_stack/install/dwb_msgs/lib:/home/hossein/navigation2_stack/install/nav_2d_msgs/lib:/home/hossein/navigation2_stack/install/nav2_waypoint_follower/lib:/home/hossein/navigation2_stack/install/nav2_map_server/lib:/home/hossein/navigation2_stack/install/nav2_lifecycle_manager/lib:/home/hossein/navigation2_stack/install/custom_roi_srv/lib:/home/hossein/navigation2_stack/install/custom_msg_srv/lib:/home/hossein/nav2_ws/install/smac_planner/lib:/home/hossein/nav2_ws/install/nav2_controller/lib:/home/hossein/nav2_ws/install/dwb_plugins/lib:/home/hossein/nav2_ws/install/dwb_critics/lib:/home/hossein/nav2_ws/install/dwb_core/lib:/home/hossein/nav2_ws/install/nav_2d_utils/lib:/home/hossein/nav2_ws/install/dwb_msgs/lib:/home/hossein/nav2_ws/install/nav_2d_msgs/lib:/home/hossein/nav2_ws/install/nav2_waypoint_follower/lib:/home/hossein/nav2_ws/install/nav2_recoveries/lib:/home/hossein/nav2_ws/install/nav2_planner/lib:/home/hossein/nav2_ws/install/nav2_navfn_planner/lib:/home/hossein/nav2_ws/install/nav2_gradient_costmap_plugin/lib:/home/hossein/nav2_ws/install/costmap_queue/lib:/home/hossein/nav2_ws/install/nav2_costmap_2d/lib:/home/hossein/nav2_ws/install/nav2_voxel_grid/lib:/home/hossein/nav2_ws/install/nav2_rviz_plugins/lib:/home/hossein/nav2_ws/install/nav2_map_server/lib:/home/hossein/nav2_ws/install/nav2_lifecycle_manager/lib:/home/hossein/nav2_ws/install/nav2_bt_navigator/lib:/home/hossein/nav2_ws/install/nav2_behavior_tree/lib:/home/hossein/nav2_ws/install/nav2_amcl/lib:/home/hossein/nav2_ws/install/nav2_util/lib:/home/hossein/nav2_ws/install/nav2_msgs/lib:/home/hossein/nav2_ws/install/custom_msg_srv/lib:/home/hossein/dev_ws/install/user_interface/lib:/home/hossein/dev_ws/install/tf_publisher/lib:/home/hossein/dev_ws/install/overhead_camera_service/lib:/home/hossein/dev_ws/install/global_planner/lib:/home/hossein/dev_ws/install/custom_msg_srv/lib:/usr/lib/x86_64-linux-gnu/gazebo-11/plugins:/opt/ros/foxy/opt/yaml_cpp_vendor/lib:/opt/ros/foxy/opt/rviz_ogre_vendor/lib:/opt/ros/foxy/lib/x86_64-linux-gnu:/opt/ros/foxy/lib:/home/hossein/.mujoco/mujoco200/bin PYTHONPATH=/home/hossein/navigation2_stack/install/nav2_msgs/lib/python3.8/site-packages:/home/hossein/navigation2_stack/install/nav2_common/lib/python3.8/site-packages:/home/hossein/navigation2_stack/install/dwb_msgs/lib/python3.8/site-packages:/home/hossein/navigation2_stack/install/nav_2d_msgs/lib/python3.8/site-packages:/home/hossein/navigation2_stack/install/nav2_gazebo_spawner/lib/python3.8/site-packages:/home/hossein/navigation2_stack/install/custom_roi_srv/lib/python3.8/site-packages:/home/hossein/navigation2_stack/install/ceiling_segmentation/lib/python3.8/site-packages:/home/hossein/navigation2_stack/install/custom_msg_srv/lib/python3.8/site-packages:/home/hossein/nav2_ws/install/dwb_msgs/lib/python3.8/site-packages:/home/hossein/nav2_ws/install/nav_2d_msgs/lib/python3.8/site-packages:/home/hossein/nav2_ws/install/nav2_msgs/lib/python3.8/site-packages:/home/hossein/nav2_ws/install/nav2_gazebo_spawner/lib/python3.8/site-packages:/home/hossein/nav2_ws/install/nav2_common/lib/python3.8/site-packages:/home/hossein/nav2_ws/build/image_segmentation:/home/hossein/nav2_ws/install/image_segmentation/lib/python3.8/site-packages:/home/hossein/nav2_ws/install/custom_msg_srv/lib/python3.8/site-packages:/home/hossein/dev_ws/install/py_pubsub/lib/python3.8/site-packages:/home/hossein/dev_ws/install/image_segmentation/lib/python3.8/site-packages:/home/hossein/dev_ws/install/custom_msg_srv/lib/python3.8/site-packages:/opt/ros/foxy/lib/python3.8/site-packages /usr/bin/cmake --install /home/hossein/navigation2_stack/build/smac_planner
[109.749s] -- Install configuration: "Release"
[109.749s] -- Installing: /home/hossein/navigation2_stack/install/smac_planner/share/smac_planner/smac_plugin.xml
[109.749s] -- Installing: /home/hossein/navigation2_stack/install/smac_planner/share/smac_planner/smac_plugin_2d.xml
[109.749s] -- Installing: /home/hossein/navigation2_stack/install/smac_planner/lib/libsmac_planner.so
[109.750s] -- Set runtime path of "/home/hossein/navigation2_stack/install/smac_planner/lib/libsmac_planner.so" to ""
[109.750s] -- Installing: /home/hossein/navigation2_stack/install/smac_planner/lib/libsmac_planner_2d.so
[109.751s] -- Set runtime path of "/home/hossein/navigation2_stack/install/smac_planner/lib/libsmac_planner_2d.so" to ""
[109.751s] -- Installing: /home/hossein/navigation2_stack/install/smac_planner/include/
[109.751s] -- Installing: /home/hossein/navigation2_stack/install/smac_planner/include//smac_planner
[109.751s] -- Installing: /home/hossein/navigation2_stack/install/smac_planner/include//smac_planner/smoother.hpp
[109.751s] -- Installing: /home/hossein/navigation2_stack/install/smac_planner/include//smac_planner/costmap_downsampler.hpp
[109.752s] -- Installing: /home/hossein/navigation2_stack/install/smac_planner/include//smac_planner/constants.hpp
[109.752s] -- Installing: /home/hossein/navigation2_stack/install/smac_planner/include//smac_planner/node_basic.hpp
[109.752s] -- Installing: /home/hossein/navigation2_stack/install/smac_planner/include//smac_planner/smac_planner_2d.hpp
[109.752s] -- Installing: /home/hossein/navigation2_stack/install/smac_planner/include//smac_planner/collision_checker.hpp
[109.752s] -- Installing: /home/hossein/navigation2_stack/install/smac_planner/include//smac_planner/options.hpp
[109.752s] -- Installing: /home/hossein/navigation2_stack/install/smac_planner/include//smac_planner/a_star.hpp
[109.752s] -- Installing: /home/hossein/navigation2_stack/install/smac_planner/include//smac_planner/smoother_cost_function.hpp
[109.752s] -- Installing: /home/hossein/navigation2_stack/install/smac_planner/include//smac_planner/node_se2.hpp
[109.752s] -- Installing: /home/hossein/navigation2_stack/install/smac_planner/include//smac_planner/types.hpp
[109.752s] -- Installing: /home/hossein/navigation2_stack/install/smac_planner/include//smac_planner/smac_planner.hpp
[109.752s] -- Installing: /home/hossein/navigation2_stack/install/smac_planner/include//smac_planner/node_2d.hpp
[109.753s] -- Installing: /home/hossein/navigation2_stack/install/smac_planner/share/smac_planner/environment/library_path.sh
[109.753s] -- Installing: /home/hossein/navigation2_stack/install/smac_planner/share/smac_planner/environment/library_path.dsv
[109.753s] -- Installing: /home/hossein/navigation2_stack/install/smac_planner/share/ament_index/resource_index/package_run_dependencies/smac_planner
[109.753s] -- Installing: /home/hossein/navigation2_stack/install/smac_planner/share/ament_index/resource_index/parent_prefix_path/smac_planner
[109.753s] -- Installing: /home/hossein/navigation2_stack/install/smac_planner/share/smac_planner/environment/ament_prefix_path.sh
[109.753s] -- Installing: /home/hossein/navigation2_stack/install/smac_planner/share/smac_planner/environment/ament_prefix_path.dsv
[109.753s] -- Installing: /home/hossein/navigation2_stack/install/smac_planner/share/smac_planner/environment/path.sh
[109.754s] -- Installing: /home/hossein/navigation2_stack/install/smac_planner/share/smac_planner/environment/path.dsv
[109.754s] -- Installing: /home/hossein/navigation2_stack/install/smac_planner/share/smac_planner/local_setup.bash
[109.754s] -- Installing: /home/hossein/navigation2_stack/install/smac_planner/share/smac_planner/local_setup.sh
[109.754s] -- Installing: /home/hossein/navigation2_stack/install/smac_planner/share/smac_planner/local_setup.zsh
[109.754s] -- Installing: /home/hossein/navigation2_stack/install/smac_planner/share/smac_planner/local_setup.dsv
[109.754s] -- Installing: /home/hossein/navigation2_stack/install/smac_planner/share/smac_planner/package.dsv
[109.754s] -- Installing: /home/hossein/navigation2_stack/install/smac_planner/share/ament_index/resource_index/packages/smac_planner
[109.755s] -- Installing: /home/hossein/navigation2_stack/install/smac_planner/share/ament_index/resource_index/nav2_core__pluginlib__plugin/smac_planner
[109.755s] -- Installing: /home/hossein/navigation2_stack/install/smac_planner/share/smac_planner/cmake/ament_cmake_export_include_directories-extras.cmake
[109.755s] -- Installing: /home/hossein/navigation2_stack/install/smac_planner/share/smac_planner/cmake/ament_cmake_export_libraries-extras.cmake
[109.755s] -- Installing: /home/hossein/navigation2_stack/install/smac_planner/share/smac_planner/cmake/ament_cmake_export_dependencies-extras.cmake
[109.755s] -- Installing: /home/hossein/navigation2_stack/install/smac_planner/share/smac_planner/cmake/smac_plannerConfig.cmake
[109.755s] -- Installing: /home/hossein/navigation2_stack/install/smac_planner/share/smac_planner/cmake/smac_plannerConfig-version.cmake
[109.755s] -- Installing: /home/hossein/navigation2_stack/install/smac_planner/share/smac_planner/package.xml
[109.759s] Invoked command in '/home/hossein/navigation2_stack/build/smac_planner' returned '0': AMENT_PREFIX_PATH=/home/hossein/navigation2_stack/install/nav2_core:/home/hossein/navigation2_stack/install/nav2_costmap_2d:${AMENT_PREFIX_PATH} CMAKE_PREFIX_PATH=/home/hossein/navigation2_stack/install/nav2_core:/home/hossein/navigation2_stack/install/nav2_costmap_2d:/home/hossein/navigation2_stack/install/nav2_util:/home/hossein/navigation2_stack/install/nav2_voxel_grid:/home/hossein/navigation2_stack/install/nav2_msgs:/home/hossein/navigation2_stack/install/nav2_common:/home/hossein/navigation2_stack/install/nav_2d_utils:/home/hossein/navigation2_stack/install/dwb_msgs:/home/hossein/navigation2_stack/install/nav_2d_msgs:/home/hossein/navigation2_stack/install/nav2_waypoint_follower:/home/hossein/navigation2_stack/install/nav2_map_server:/home/hossein/navigation2_stack/install/nav2_lifecycle_manager:/home/hossein/navigation2_stack/install/custom_roi_srv:/home/hossein/navigation2_stack/install/custom_msg_srv:/home/hossein/turtlebot3_ws/install/turtlebot3_simulations:/home/hossein/turtlebot3_ws/install/turtlebot3_gazebo:/home/hossein/turtlebot3_ws/install/turtlebot3_fake_node:/home/hossein/nav2_ws/install/nav2_system_tests:/home/hossein/nav2_ws/install/nav2_bringup:/home/hossein/nav2_ws/install/navigation2:/home/hossein/nav2_ws/install/smac_planner:/home/hossein/nav2_ws/install/nav2_dwb_controller:/home/hossein/nav2_ws/install/nav2_controller:/home/hossein/nav2_ws/install/dwb_plugins:/home/hossein/nav2_ws/install/dwb_critics:/home/hossein/nav2_ws/install/dwb_core:/home/hossein/nav2_ws/install/nav_2d_utils:/home/hossein/nav2_ws/install/dwb_msgs:/home/hossein/nav2_ws/install/nav_2d_msgs:/home/hossein/nav2_ws/install/nav2_waypoint_follower:/home/hossein/nav2_ws/install/nav2_recoveries:/home/hossein/nav2_ws/install/nav2_planner:/home/hossein/nav2_ws/install/nav2_navfn_planner:/home/hossein/nav2_ws/install/nav2_gradient_costmap_plugin:/home/hossein/nav2_ws/install/nav2_core:/home/hossein/nav2_ws/install/costmap_queue:/home/hossein/nav2_ws/install/nav2_costmap_2d:/home/hossein/nav2_ws/install/nav2_voxel_grid:/home/hossein/nav2_ws/install/nav2_rviz_plugins:/home/hossein/nav2_ws/install/nav2_map_server:/home/hossein/nav2_ws/install/nav2_lifecycle_manager:/home/hossein/nav2_ws/install/nav2_bt_navigator:/home/hossein/nav2_ws/install/nav2_behavior_tree:/home/hossein/nav2_ws/install/nav2_amcl:/home/hossein/nav2_ws/install/nav2_util:/home/hossein/nav2_ws/install/nav2_msgs:/home/hossein/nav2_ws/install/nav2_common:/home/hossein/nav2_ws/install/custom_msg_srv:/home/hossein/dev_ws/install/vad_utils:/home/hossein/dev_ws/install/user_interface:/home/hossein/dev_ws/install/tf_publisher:/home/hossein/dev_ws/install/overhead_camera_service:/home/hossein/dev_ws/install/nf2:/home/hossein/dev_ws/install/global_planner:/home/hossein/dev_ws/install/custom_msg_srv:/home/hossein/navigation2_stack/install/nav2_gazebo_spawner:/home/hossein/navigation2_stack/install/ceiling_segmentation:/home/hossein/nav2_ws/install/nav2_gazebo_spawner:/home/hossein/nav2_ws/install/image_segmentation:/home/hossein/dev_ws/install/py_pubsub:/home/hossein/dev_ws/install/image_segmentation:/opt/ros/foxy LD_LIBRARY_PATH=/home/hossein/navigation2_stack/install/nav2_costmap_2d/lib:/home/hossein/navigation2_stack/install/nav2_util/lib:/home/hossein/navigation2_stack/install/nav2_voxel_grid/lib:/home/hossein/navigation2_stack/install/nav2_msgs/lib:/home/hossein/navigation2_stack/install/nav_2d_utils/lib:/home/hossein/navigation2_stack/install/dwb_msgs/lib:/home/hossein/navigation2_stack/install/nav_2d_msgs/lib:/home/hossein/navigation2_stack/install/nav2_waypoint_follower/lib:/home/hossein/navigation2_stack/install/nav2_map_server/lib:/home/hossein/navigation2_stack/install/nav2_lifecycle_manager/lib:/home/hossein/navigation2_stack/install/custom_roi_srv/lib:/home/hossein/navigation2_stack/install/custom_msg_srv/lib:/home/hossein/nav2_ws/install/smac_planner/lib:/home/hossein/nav2_ws/install/nav2_controller/lib:/home/hossein/nav2_ws/install/dwb_plugins/lib:/home/hossein/nav2_ws/install/dwb_critics/lib:/home/hossein/nav2_ws/install/dwb_core/lib:/home/hossein/nav2_ws/install/nav_2d_utils/lib:/home/hossein/nav2_ws/install/dwb_msgs/lib:/home/hossein/nav2_ws/install/nav_2d_msgs/lib:/home/hossein/nav2_ws/install/nav2_waypoint_follower/lib:/home/hossein/nav2_ws/install/nav2_recoveries/lib:/home/hossein/nav2_ws/install/nav2_planner/lib:/home/hossein/nav2_ws/install/nav2_navfn_planner/lib:/home/hossein/nav2_ws/install/nav2_gradient_costmap_plugin/lib:/home/hossein/nav2_ws/install/costmap_queue/lib:/home/hossein/nav2_ws/install/nav2_costmap_2d/lib:/home/hossein/nav2_ws/install/nav2_voxel_grid/lib:/home/hossein/nav2_ws/install/nav2_rviz_plugins/lib:/home/hossein/nav2_ws/install/nav2_map_server/lib:/home/hossein/nav2_ws/install/nav2_lifecycle_manager/lib:/home/hossein/nav2_ws/install/nav2_bt_navigator/lib:/home/hossein/nav2_ws/install/nav2_behavior_tree/lib:/home/hossein/nav2_ws/install/nav2_amcl/lib:/home/hossein/nav2_ws/install/nav2_util/lib:/home/hossein/nav2_ws/install/nav2_msgs/lib:/home/hossein/nav2_ws/install/custom_msg_srv/lib:/home/hossein/dev_ws/install/user_interface/lib:/home/hossein/dev_ws/install/tf_publisher/lib:/home/hossein/dev_ws/install/overhead_camera_service/lib:/home/hossein/dev_ws/install/global_planner/lib:/home/hossein/dev_ws/install/custom_msg_srv/lib:/usr/lib/x86_64-linux-gnu/gazebo-11/plugins:/opt/ros/foxy/opt/yaml_cpp_vendor/lib:/opt/ros/foxy/opt/rviz_ogre_vendor/lib:/opt/ros/foxy/lib/x86_64-linux-gnu:/opt/ros/foxy/lib:/home/hossein/.mujoco/mujoco200/bin PYTHONPATH=/home/hossein/navigation2_stack/install/nav2_msgs/lib/python3.8/site-packages:/home/hossein/navigation2_stack/install/nav2_common/lib/python3.8/site-packages:/home/hossein/navigation2_stack/install/dwb_msgs/lib/python3.8/site-packages:/home/hossein/navigation2_stack/install/nav_2d_msgs/lib/python3.8/site-packages:/home/hossein/navigation2_stack/install/nav2_gazebo_spawner/lib/python3.8/site-packages:/home/hossein/navigation2_stack/install/custom_roi_srv/lib/python3.8/site-packages:/home/hossein/navigation2_stack/install/ceiling_segmentation/lib/python3.8/site-packages:/home/hossein/navigation2_stack/install/custom_msg_srv/lib/python3.8/site-packages:/home/hossein/nav2_ws/install/dwb_msgs/lib/python3.8/site-packages:/home/hossein/nav2_ws/install/nav_2d_msgs/lib/python3.8/site-packages:/home/hossein/nav2_ws/install/nav2_msgs/lib/python3.8/site-packages:/home/hossein/nav2_ws/install/nav2_gazebo_spawner/lib/python3.8/site-packages:/home/hossein/nav2_ws/install/nav2_common/lib/python3.8/site-packages:/home/hossein/nav2_ws/build/image_segmentation:/home/hossein/nav2_ws/install/image_segmentation/lib/python3.8/site-packages:/home/hossein/nav2_ws/install/custom_msg_srv/lib/python3.8/site-packages:/home/hossein/dev_ws/install/py_pubsub/lib/python3.8/site-packages:/home/hossein/dev_ws/install/image_segmentation/lib/python3.8/site-packages:/home/hossein/dev_ws/install/custom_msg_srv/lib/python3.8/site-packages:/opt/ros/foxy/lib/python3.8/site-packages /usr/bin/cmake --install /home/hossein/navigation2_stack/build/smac_planner
