[0.039s] Invoking command in '/home/hossein/navigation2_stack/build/nav2_costmap_2d': AMENT_PREFIX_PATH=/home/hossein/navigation2_stack/install/nav2_map_server:/home/hossein/navigation2_stack/install/nav2_lifecycle_manager:/home/hossein/navigation2_stack/install/nav2_util:/home/hossein/navigation2_stack/install/nav2_voxel_grid:/home/hossein/navigation2_stack/install/nav2_msgs:/home/hossein/navigation2_stack/install/nav2_common:${AMENT_PREFIX_PATH} CMAKE_PREFIX_PATH=/home/hossein/navigation2_stack/install/nav2_map_server:/home/hossein/navigation2_stack/install/nav2_lifecycle_manager:/home/hossein/navigation2_stack/install/nav2_util:/home/hossein/navigation2_stack/install/nav2_voxel_grid:/home/hossein/navigation2_stack/install/nav2_msgs:/home/hossein/navigation2_stack/install/nav2_common:/home/hossein/turtlebot3_ws/install/turtlebot3_simulations:/home/hossein/turtlebot3_ws/install/turtlebot3_gazebo:/home/hossein/turtlebot3_ws/install/turtlebot3_fake_node:/home/hossein/dev_ws/install/vad_utils:/home/hossein/dev_ws/install/user_interface:/home/hossein/dev_ws/install/tf_publisher:/home/hossein/dev_ws/install/overhead_camera_service:/home/hossein/dev_ws/install/nf2:/home/hossein/dev_ws/install/global_planner:/home/hossein/dev_ws/install/custom_msg_srv:/home/hossein/dev_ws/install/py_pubsub:/home/hossein/dev_ws/install/image_segmentation:/opt/ros/foxy LD_LIBRARY_PATH=/home/hossein/navigation2_stack/install/nav2_map_server/lib:/home/hossein/navigation2_stack/install/nav2_lifecycle_manager/lib:/home/hossein/navigation2_stack/install/nav2_util/lib:/home/hossein/navigation2_stack/install/nav2_voxel_grid/lib:/home/hossein/navigation2_stack/install/nav2_msgs/lib:${LD_LIBRARY_PATH} PYTHONPATH=/home/hossein/navigation2_stack/install/nav2_msgs/lib/python3.8/site-packages:/home/hossein/navigation2_stack/install/nav2_common/lib/python3.8/site-packages:${PYTHONPATH} /usr/bin/cmake --build /home/hossein/navigation2_stack/build/nav2_costmap_2d -- -j8 -l8
[0.145s] [  8%] Built target gtest_main
[0.145s] [  8%] Built target gtest
[0.221s] [ 35%] Built target nav2_costmap_2d_core
[0.281s] [ 39%] Built target array_parser_test
[0.305s] [ 43%] Built target nav2_costmap_2d_cloud
[0.309s] [ 47%] Built target collision_footprint_test
[0.329s] [ 56%] Built target nav2_costmap_2d_client
[0.331s] [ 60%] Built target nav2_costmap_2d_markers
[0.366s] [ 75%] Built target layers
[0.451s] [ 79%] Built target nav2_costmap_2d
[0.458s] [ 83%] Built target range_tests_exec
[0.476s] [ 87%] Built target obstacle_tests_exec
[0.483s] [ 91%] Built target inflation_tests_exec
[0.484s] [ 95%] Built target footprint_tests_exec
[0.497s] [100%] Built target test_collision_checker_exec
[0.545s] Invoked command in '/home/hossein/navigation2_stack/build/nav2_costmap_2d' returned '0': AMENT_PREFIX_PATH=/home/hossein/navigation2_stack/install/nav2_map_server:/home/hossein/navigation2_stack/install/nav2_lifecycle_manager:/home/hossein/navigation2_stack/install/nav2_util:/home/hossein/navigation2_stack/install/nav2_voxel_grid:/home/hossein/navigation2_stack/install/nav2_msgs:/home/hossein/navigation2_stack/install/nav2_common:${AMENT_PREFIX_PATH} CMAKE_PREFIX_PATH=/home/hossein/navigation2_stack/install/nav2_map_server:/home/hossein/navigation2_stack/install/nav2_lifecycle_manager:/home/hossein/navigation2_stack/install/nav2_util:/home/hossein/navigation2_stack/install/nav2_voxel_grid:/home/hossein/navigation2_stack/install/nav2_msgs:/home/hossein/navigation2_stack/install/nav2_common:/home/hossein/turtlebot3_ws/install/turtlebot3_simulations:/home/hossein/turtlebot3_ws/install/turtlebot3_gazebo:/home/hossein/turtlebot3_ws/install/turtlebot3_fake_node:/home/hossein/dev_ws/install/vad_utils:/home/hossein/dev_ws/install/user_interface:/home/hossein/dev_ws/install/tf_publisher:/home/hossein/dev_ws/install/overhead_camera_service:/home/hossein/dev_ws/install/nf2:/home/hossein/dev_ws/install/global_planner:/home/hossein/dev_ws/install/custom_msg_srv:/home/hossein/dev_ws/install/py_pubsub:/home/hossein/dev_ws/install/image_segmentation:/opt/ros/foxy LD_LIBRARY_PATH=/home/hossein/navigation2_stack/install/nav2_map_server/lib:/home/hossein/navigation2_stack/install/nav2_lifecycle_manager/lib:/home/hossein/navigation2_stack/install/nav2_util/lib:/home/hossein/navigation2_stack/install/nav2_voxel_grid/lib:/home/hossein/navigation2_stack/install/nav2_msgs/lib:${LD_LIBRARY_PATH} PYTHONPATH=/home/hossein/navigation2_stack/install/nav2_msgs/lib/python3.8/site-packages:/home/hossein/navigation2_stack/install/nav2_common/lib/python3.8/site-packages:${PYTHONPATH} /usr/bin/cmake --build /home/hossein/navigation2_stack/build/nav2_costmap_2d -- -j8 -l8
[0.658s] Invoking command in '/home/hossein/navigation2_stack/build/nav2_costmap_2d': AMENT_PREFIX_PATH=/home/hossein/navigation2_stack/install/nav2_map_server:/home/hossein/navigation2_stack/install/nav2_lifecycle_manager:/home/hossein/navigation2_stack/install/nav2_util:/home/hossein/navigation2_stack/install/nav2_voxel_grid:/home/hossein/navigation2_stack/install/nav2_msgs:/home/hossein/navigation2_stack/install/nav2_common:${AMENT_PREFIX_PATH} CMAKE_PREFIX_PATH=/home/hossein/navigation2_stack/install/nav2_map_server:/home/hossein/navigation2_stack/install/nav2_lifecycle_manager:/home/hossein/navigation2_stack/install/nav2_util:/home/hossein/navigation2_stack/install/nav2_voxel_grid:/home/hossein/navigation2_stack/install/nav2_msgs:/home/hossein/navigation2_stack/install/nav2_common:/home/hossein/turtlebot3_ws/install/turtlebot3_simulations:/home/hossein/turtlebot3_ws/install/turtlebot3_gazebo:/home/hossein/turtlebot3_ws/install/turtlebot3_fake_node:/home/hossein/dev_ws/install/vad_utils:/home/hossein/dev_ws/install/user_interface:/home/hossein/dev_ws/install/tf_publisher:/home/hossein/dev_ws/install/overhead_camera_service:/home/hossein/dev_ws/install/nf2:/home/hossein/dev_ws/install/global_planner:/home/hossein/dev_ws/install/custom_msg_srv:/home/hossein/dev_ws/install/py_pubsub:/home/hossein/dev_ws/install/image_segmentation:/opt/ros/foxy LD_LIBRARY_PATH=/home/hossein/navigation2_stack/install/nav2_map_server/lib:/home/hossein/navigation2_stack/install/nav2_lifecycle_manager/lib:/home/hossein/navigation2_stack/install/nav2_util/lib:/home/hossein/navigation2_stack/install/nav2_voxel_grid/lib:/home/hossein/navigation2_stack/install/nav2_msgs/lib:${LD_LIBRARY_PATH} PYTHONPATH=/home/hossein/navigation2_stack/install/nav2_msgs/lib/python3.8/site-packages:/home/hossein/navigation2_stack/install/nav2_common/lib/python3.8/site-packages:${PYTHONPATH} /usr/bin/cmake --install /home/hossein/navigation2_stack/build/nav2_costmap_2d
[0.672s] -- Install configuration: "Release"
[0.673s] -- Up-to-date: /home/hossein/navigation2_stack/install/nav2_costmap_2d/lib/libnav2_costmap_2d_core.so
[0.675s] -- Up-to-date: /home/hossein/navigation2_stack/install/nav2_costmap_2d/lib/liblayers.so
[0.677s] -- Up-to-date: /home/hossein/navigation2_stack/install/nav2_costmap_2d/lib/libnav2_costmap_2d_client.so
[0.678s] -- Up-to-date: /home/hossein/navigation2_stack/install/nav2_costmap_2d/lib/nav2_costmap_2d/nav2_costmap_2d
[0.680s] -- Up-to-date: /home/hossein/navigation2_stack/install/nav2_costmap_2d/lib/nav2_costmap_2d/nav2_costmap_2d_markers
[0.681s] -- Up-to-date: /home/hossein/navigation2_stack/install/nav2_costmap_2d/lib/nav2_costmap_2d/nav2_costmap_2d_cloud
[0.681s] -- Up-to-date: /home/hossein/navigation2_stack/install/nav2_costmap_2d/share/nav2_costmap_2d/costmap_plugins.xml
[0.682s] -- Up-to-date: /home/hossein/navigation2_stack/install/nav2_costmap_2d/include/
[0.682s] -- Up-to-date: /home/hossein/navigation2_stack/install/nav2_costmap_2d/include//nav2_costmap_2d
[0.682s] -- Up-to-date: /home/hossein/navigation2_stack/install/nav2_costmap_2d/include//nav2_costmap_2d/cost_values.hpp
[0.682s] -- Up-to-date: /home/hossein/navigation2_stack/install/nav2_costmap_2d/include//nav2_costmap_2d/layered_costmap.hpp
[0.682s] -- Up-to-date: /home/hossein/navigation2_stack/install/nav2_costmap_2d/include//nav2_costmap_2d/exceptions.hpp
[0.682s] -- Up-to-date: /home/hossein/navigation2_stack/install/nav2_costmap_2d/include//nav2_costmap_2d/footprint_collision_checker.hpp
[0.683s] -- Up-to-date: /home/hossein/navigation2_stack/install/nav2_costmap_2d/include//nav2_costmap_2d/voxel_layer.hpp
[0.683s] -- Up-to-date: /home/hossein/navigation2_stack/install/nav2_costmap_2d/include//nav2_costmap_2d/obstacle_layer.hpp
[0.683s] -- Up-to-date: /home/hossein/navigation2_stack/install/nav2_costmap_2d/include//nav2_costmap_2d/costmap_2d_ros.hpp
[0.683s] -- Up-to-date: /home/hossein/navigation2_stack/install/nav2_costmap_2d/include//nav2_costmap_2d/costmap_subscriber.hpp
[0.683s] -- Up-to-date: /home/hossein/navigation2_stack/install/nav2_costmap_2d/include//nav2_costmap_2d/costmap_topic_collision_checker.hpp
[0.683s] -- Up-to-date: /home/hossein/navigation2_stack/install/nav2_costmap_2d/include//nav2_costmap_2d/costmap_2d_publisher.hpp
[0.683s] -- Up-to-date: /home/hossein/navigation2_stack/install/nav2_costmap_2d/include//nav2_costmap_2d/inflation_layer.hpp
[0.684s] -- Up-to-date: /home/hossein/navigation2_stack/install/nav2_costmap_2d/include//nav2_costmap_2d/range_sensor_layer.hpp
[0.684s] -- Up-to-date: /home/hossein/navigation2_stack/install/nav2_costmap_2d/include//nav2_costmap_2d/costmap_math.hpp
[0.684s] -- Up-to-date: /home/hossein/navigation2_stack/install/nav2_costmap_2d/include//nav2_costmap_2d/costmap_2d.hpp
[0.684s] -- Up-to-date: /home/hossein/navigation2_stack/install/nav2_costmap_2d/include//nav2_costmap_2d/static_layer.hpp
[0.684s] -- Up-to-date: /home/hossein/navigation2_stack/install/nav2_costmap_2d/include//nav2_costmap_2d/costmap_layer.hpp
[0.684s] -- Up-to-date: /home/hossein/navigation2_stack/install/nav2_costmap_2d/include//nav2_costmap_2d/array_parser.hpp
[0.684s] -- Up-to-date: /home/hossein/navigation2_stack/install/nav2_costmap_2d/include//nav2_costmap_2d/observation.hpp
[0.685s] -- Up-to-date: /home/hossein/navigation2_stack/install/nav2_costmap_2d/include//nav2_costmap_2d/observation_buffer.hpp
[0.685s] -- Up-to-date: /home/hossein/navigation2_stack/install/nav2_costmap_2d/include//nav2_costmap_2d/footprint.hpp
[0.685s] -- Up-to-date: /home/hossein/navigation2_stack/install/nav2_costmap_2d/include//nav2_costmap_2d/layer.hpp
[0.685s] -- Up-to-date: /home/hossein/navigation2_stack/install/nav2_costmap_2d/include//nav2_costmap_2d/clear_costmap_service.hpp
[0.685s] -- Up-to-date: /home/hossein/navigation2_stack/install/nav2_costmap_2d/include//nav2_costmap_2d/footprint_subscriber.hpp
[0.685s] -- Up-to-date: /home/hossein/navigation2_stack/install/nav2_costmap_2d/share/nav2_costmap_2d/environment/library_path.sh
[0.685s] -- Up-to-date: /home/hossein/navigation2_stack/install/nav2_costmap_2d/share/nav2_costmap_2d/environment/library_path.dsv
[0.685s] -- Up-to-date: /home/hossein/navigation2_stack/install/nav2_costmap_2d/share/nav2_costmap_2d/costmap_plugins.xml
[0.685s] -- Up-to-date: /home/hossein/navigation2_stack/install/nav2_costmap_2d/share/ament_index/resource_index/package_run_dependencies/nav2_costmap_2d
[0.686s] -- Up-to-date: /home/hossein/navigation2_stack/install/nav2_costmap_2d/share/ament_index/resource_index/parent_prefix_path/nav2_costmap_2d
[0.686s] -- Up-to-date: /home/hossein/navigation2_stack/install/nav2_costmap_2d/share/nav2_costmap_2d/environment/ament_prefix_path.sh
[0.686s] -- Up-to-date: /home/hossein/navigation2_stack/install/nav2_costmap_2d/share/nav2_costmap_2d/environment/ament_prefix_path.dsv
[0.686s] -- Up-to-date: /home/hossein/navigation2_stack/install/nav2_costmap_2d/share/nav2_costmap_2d/environment/path.sh
[0.686s] -- Up-to-date: /home/hossein/navigation2_stack/install/nav2_costmap_2d/share/nav2_costmap_2d/environment/path.dsv
[0.686s] -- Up-to-date: /home/hossein/navigation2_stack/install/nav2_costmap_2d/share/nav2_costmap_2d/local_setup.bash
[0.686s] -- Up-to-date: /home/hossein/navigation2_stack/install/nav2_costmap_2d/share/nav2_costmap_2d/local_setup.sh
[0.687s] -- Up-to-date: /home/hossein/navigation2_stack/install/nav2_costmap_2d/share/nav2_costmap_2d/local_setup.zsh
[0.687s] -- Up-to-date: /home/hossein/navigation2_stack/install/nav2_costmap_2d/share/nav2_costmap_2d/local_setup.dsv
[0.687s] -- Installing: /home/hossein/navigation2_stack/install/nav2_costmap_2d/share/nav2_costmap_2d/package.dsv
[0.687s] -- Up-to-date: /home/hossein/navigation2_stack/install/nav2_costmap_2d/share/ament_index/resource_index/packages/nav2_costmap_2d
[0.687s] -- Up-to-date: /home/hossein/navigation2_stack/install/nav2_costmap_2d/share/ament_index/resource_index/nav2_costmap_2d__pluginlib__plugin/nav2_costmap_2d
[0.687s] -- Up-to-date: /home/hossein/navigation2_stack/install/nav2_costmap_2d/share/nav2_costmap_2d/cmake/ament_cmake_export_include_directories-extras.cmake
[0.687s] -- Up-to-date: /home/hossein/navigation2_stack/install/nav2_costmap_2d/share/nav2_costmap_2d/cmake/ament_cmake_export_libraries-extras.cmake
[0.687s] -- Up-to-date: /home/hossein/navigation2_stack/install/nav2_costmap_2d/share/nav2_costmap_2d/cmake/ament_cmake_export_dependencies-extras.cmake
[0.687s] -- Up-to-date: /home/hossein/navigation2_stack/install/nav2_costmap_2d/share/nav2_costmap_2d/cmake/nav2_costmap_2dConfig.cmake
[0.687s] -- Up-to-date: /home/hossein/navigation2_stack/install/nav2_costmap_2d/share/nav2_costmap_2d/cmake/nav2_costmap_2dConfig-version.cmake
[0.688s] -- Up-to-date: /home/hossein/navigation2_stack/install/nav2_costmap_2d/share/nav2_costmap_2d/package.xml
[0.691s] Invoked command in '/home/hossein/navigation2_stack/build/nav2_costmap_2d' returned '0': AMENT_PREFIX_PATH=/home/hossein/navigation2_stack/install/nav2_map_server:/home/hossein/navigation2_stack/install/nav2_lifecycle_manager:/home/hossein/navigation2_stack/install/nav2_util:/home/hossein/navigation2_stack/install/nav2_voxel_grid:/home/hossein/navigation2_stack/install/nav2_msgs:/home/hossein/navigation2_stack/install/nav2_common:${AMENT_PREFIX_PATH} CMAKE_PREFIX_PATH=/home/hossein/navigation2_stack/install/nav2_map_server:/home/hossein/navigation2_stack/install/nav2_lifecycle_manager:/home/hossein/navigation2_stack/install/nav2_util:/home/hossein/navigation2_stack/install/nav2_voxel_grid:/home/hossein/navigation2_stack/install/nav2_msgs:/home/hossein/navigation2_stack/install/nav2_common:/home/hossein/turtlebot3_ws/install/turtlebot3_simulations:/home/hossein/turtlebot3_ws/install/turtlebot3_gazebo:/home/hossein/turtlebot3_ws/install/turtlebot3_fake_node:/home/hossein/dev_ws/install/vad_utils:/home/hossein/dev_ws/install/user_interface:/home/hossein/dev_ws/install/tf_publisher:/home/hossein/dev_ws/install/overhead_camera_service:/home/hossein/dev_ws/install/nf2:/home/hossein/dev_ws/install/global_planner:/home/hossein/dev_ws/install/custom_msg_srv:/home/hossein/dev_ws/install/py_pubsub:/home/hossein/dev_ws/install/image_segmentation:/opt/ros/foxy LD_LIBRARY_PATH=/home/hossein/navigation2_stack/install/nav2_map_server/lib:/home/hossein/navigation2_stack/install/nav2_lifecycle_manager/lib:/home/hossein/navigation2_stack/install/nav2_util/lib:/home/hossein/navigation2_stack/install/nav2_voxel_grid/lib:/home/hossein/navigation2_stack/install/nav2_msgs/lib:${LD_LIBRARY_PATH} PYTHONPATH=/home/hossein/navigation2_stack/install/nav2_msgs/lib/python3.8/site-packages:/home/hossein/navigation2_stack/install/nav2_common/lib/python3.8/site-packages:${PYTHONPATH} /usr/bin/cmake --install /home/hossein/navigation2_stack/build/nav2_costmap_2d
