[0.046s] Invoking command in '/home/hossein/navigation2_stack/build/nav2_rviz_plugins': AMENT_PREFIX_PATH=/home/hossein/navigation2_stack/install/nav2_lifecycle_manager:/home/hossein/navigation2_stack/install/nav2_util:/home/hossein/navigation2_stack/install/nav2_msgs:/home/hossein/navigation2_stack/install/nav2_common:${AMENT_PREFIX_PATH} CMAKE_PREFIX_PATH=/home/hossein/navigation2_stack/install/nav2_lifecycle_manager:/home/hossein/navigation2_stack/install/nav2_util:/home/hossein/navigation2_stack/install/nav2_msgs:/home/hossein/navigation2_stack/install/nav2_common:/home/hossein/turtlebot3_ws/install/turtlebot3_simulations:/home/hossein/turtlebot3_ws/install/turtlebot3_gazebo:/home/hossein/turtlebot3_ws/install/turtlebot3_fake_node:/home/hossein/dev_ws/install/vad_utils:/home/hossein/dev_ws/install/user_interface:/home/hossein/dev_ws/install/tf_publisher:/home/hossein/dev_ws/install/overhead_camera_service:/home/hossein/dev_ws/install/nf2:/home/hossein/dev_ws/install/global_planner:/home/hossein/dev_ws/install/custom_msg_srv:/home/hossein/dev_ws/install/py_pubsub:/home/hossein/dev_ws/install/image_segmentation:/opt/ros/foxy LD_LIBRARY_PATH=/home/hossein/navigation2_stack/install/nav2_lifecycle_manager/lib:/home/hossein/navigation2_stack/install/nav2_util/lib:/home/hossein/navigation2_stack/install/nav2_msgs/lib:${LD_LIBRARY_PATH} PYTHONPATH=/home/hossein/navigation2_stack/install/nav2_msgs/lib/python3.8/site-packages:/home/hossein/navigation2_stack/install/nav2_common/lib/python3.8/site-packages:${PYTHONPATH} /usr/bin/cmake --build /home/hossein/navigation2_stack/build/nav2_rviz_plugins -- -j8 -l8
[0.153s] [ 20%] [34m[1mAutomatic MOC for target nav2_rviz_plugins[0m
[0.186s] [ 20%] Built target nav2_rviz_plugins_autogen
[0.319s] [100%] Built target nav2_rviz_plugins
[0.335s] Invoked command in '/home/hossein/navigation2_stack/build/nav2_rviz_plugins' returned '0': AMENT_PREFIX_PATH=/home/hossein/navigation2_stack/install/nav2_lifecycle_manager:/home/hossein/navigation2_stack/install/nav2_util:/home/hossein/navigation2_stack/install/nav2_msgs:/home/hossein/navigation2_stack/install/nav2_common:${AMENT_PREFIX_PATH} CMAKE_PREFIX_PATH=/home/hossein/navigation2_stack/install/nav2_lifecycle_manager:/home/hossein/navigation2_stack/install/nav2_util:/home/hossein/navigation2_stack/install/nav2_msgs:/home/hossein/navigation2_stack/install/nav2_common:/home/hossein/turtlebot3_ws/install/turtlebot3_simulations:/home/hossein/turtlebot3_ws/install/turtlebot3_gazebo:/home/hossein/turtlebot3_ws/install/turtlebot3_fake_node:/home/hossein/dev_ws/install/vad_utils:/home/hossein/dev_ws/install/user_interface:/home/hossein/dev_ws/install/tf_publisher:/home/hossein/dev_ws/install/overhead_camera_service:/home/hossein/dev_ws/install/nf2:/home/hossein/dev_ws/install/global_planner:/home/hossein/dev_ws/install/custom_msg_srv:/home/hossein/dev_ws/install/py_pubsub:/home/hossein/dev_ws/install/image_segmentation:/opt/ros/foxy LD_LIBRARY_PATH=/home/hossein/navigation2_stack/install/nav2_lifecycle_manager/lib:/home/hossein/navigation2_stack/install/nav2_util/lib:/home/hossein/navigation2_stack/install/nav2_msgs/lib:${LD_LIBRARY_PATH} PYTHONPATH=/home/hossein/navigation2_stack/install/nav2_msgs/lib/python3.8/site-packages:/home/hossein/navigation2_stack/install/nav2_common/lib/python3.8/site-packages:${PYTHONPATH} /usr/bin/cmake --build /home/hossein/navigation2_stack/build/nav2_rviz_plugins -- -j8 -l8
[0.434s] Invoking command in '/home/hossein/navigation2_stack/build/nav2_rviz_plugins': AMENT_PREFIX_PATH=/home/hossein/navigation2_stack/install/nav2_lifecycle_manager:/home/hossein/navigation2_stack/install/nav2_util:/home/hossein/navigation2_stack/install/nav2_msgs:/home/hossein/navigation2_stack/install/nav2_common:${AMENT_PREFIX_PATH} CMAKE_PREFIX_PATH=/home/hossein/navigation2_stack/install/nav2_lifecycle_manager:/home/hossein/navigation2_stack/install/nav2_util:/home/hossein/navigation2_stack/install/nav2_msgs:/home/hossein/navigation2_stack/install/nav2_common:/home/hossein/turtlebot3_ws/install/turtlebot3_simulations:/home/hossein/turtlebot3_ws/install/turtlebot3_gazebo:/home/hossein/turtlebot3_ws/install/turtlebot3_fake_node:/home/hossein/dev_ws/install/vad_utils:/home/hossein/dev_ws/install/user_interface:/home/hossein/dev_ws/install/tf_publisher:/home/hossein/dev_ws/install/overhead_camera_service:/home/hossein/dev_ws/install/nf2:/home/hossein/dev_ws/install/global_planner:/home/hossein/dev_ws/install/custom_msg_srv:/home/hossein/dev_ws/install/py_pubsub:/home/hossein/dev_ws/install/image_segmentation:/opt/ros/foxy LD_LIBRARY_PATH=/home/hossein/navigation2_stack/install/nav2_lifecycle_manager/lib:/home/hossein/navigation2_stack/install/nav2_util/lib:/home/hossein/navigation2_stack/install/nav2_msgs/lib:${LD_LIBRARY_PATH} PYTHONPATH=/home/hossein/navigation2_stack/install/nav2_msgs/lib/python3.8/site-packages:/home/hossein/navigation2_stack/install/nav2_common/lib/python3.8/site-packages:${PYTHONPATH} /usr/bin/cmake --install /home/hossein/navigation2_stack/build/nav2_rviz_plugins
[0.456s] -- Install configuration: ""
[0.456s] -- Up-to-date: /home/hossein/navigation2_stack/install/nav2_rviz_plugins/share/nav2_rviz_plugins/plugins_description.xml
[0.456s] -- Up-to-date: /home/hossein/navigation2_stack/install/nav2_rviz_plugins/lib/libnav2_rviz_plugins.so
[0.456s] -- Up-to-date: /home/hossein/navigation2_stack/install/nav2_rviz_plugins/include/
[0.456s] -- Up-to-date: /home/hossein/navigation2_stack/install/nav2_rviz_plugins/include//nav2_rviz_plugins
[0.456s] -- Up-to-date: /home/hossein/navigation2_stack/install/nav2_rviz_plugins/include//nav2_rviz_plugins/ros_action_qevent.hpp
[0.457s] -- Up-to-date: /home/hossein/navigation2_stack/install/nav2_rviz_plugins/include//nav2_rviz_plugins/goal_common.hpp
[0.457s] -- Up-to-date: /home/hossein/navigation2_stack/install/nav2_rviz_plugins/include//nav2_rviz_plugins/goal_pose_updater.hpp
[0.457s] -- Up-to-date: /home/hossein/navigation2_stack/install/nav2_rviz_plugins/include//nav2_rviz_plugins/nav2_panel.hpp
[0.457s] -- Up-to-date: /home/hossein/navigation2_stack/install/nav2_rviz_plugins/include//nav2_rviz_plugins/goal_tool.hpp
[0.457s] -- Up-to-date: /home/hossein/navigation2_stack/install/nav2_rviz_plugins/share/nav2_rviz_plugins/environment/library_path.sh
[0.457s] -- Up-to-date: /home/hossein/navigation2_stack/install/nav2_rviz_plugins/share/nav2_rviz_plugins/environment/library_path.dsv
[0.458s] -- Up-to-date: /home/hossein/navigation2_stack/install/nav2_rviz_plugins/share/ament_index/resource_index/package_run_dependencies/nav2_rviz_plugins
[0.458s] -- Up-to-date: /home/hossein/navigation2_stack/install/nav2_rviz_plugins/share/ament_index/resource_index/parent_prefix_path/nav2_rviz_plugins
[0.458s] -- Up-to-date: /home/hossein/navigation2_stack/install/nav2_rviz_plugins/share/nav2_rviz_plugins/environment/ament_prefix_path.sh
[0.459s] -- Up-to-date: /home/hossein/navigation2_stack/install/nav2_rviz_plugins/share/nav2_rviz_plugins/environment/ament_prefix_path.dsv
[0.460s] -- Up-to-date: /home/hossein/navigation2_stack/install/nav2_rviz_plugins/share/nav2_rviz_plugins/environment/path.sh
[0.462s] -- Up-to-date: /home/hossein/navigation2_stack/install/nav2_rviz_plugins/share/nav2_rviz_plugins/environment/path.dsv
[0.462s] -- Up-to-date: /home/hossein/navigation2_stack/install/nav2_rviz_plugins/share/nav2_rviz_plugins/local_setup.bash
[0.462s] -- Up-to-date: /home/hossein/navigation2_stack/install/nav2_rviz_plugins/share/nav2_rviz_plugins/local_setup.sh
[0.463s] -- Up-to-date: /home/hossein/navigation2_stack/install/nav2_rviz_plugins/share/nav2_rviz_plugins/local_setup.zsh
[0.463s] -- Up-to-date: /home/hossein/navigation2_stack/install/nav2_rviz_plugins/share/nav2_rviz_plugins/local_setup.dsv
[0.463s] -- Installing: /home/hossein/navigation2_stack/install/nav2_rviz_plugins/share/nav2_rviz_plugins/package.dsv
[0.463s] -- Up-to-date: /home/hossein/navigation2_stack/install/nav2_rviz_plugins/share/ament_index/resource_index/packages/nav2_rviz_plugins
[0.463s] -- Up-to-date: /home/hossein/navigation2_stack/install/nav2_rviz_plugins/share/ament_index/resource_index/rviz_common__pluginlib__plugin/nav2_rviz_plugins
[0.464s] -- Up-to-date: /home/hossein/navigation2_stack/install/nav2_rviz_plugins/share/nav2_rviz_plugins/cmake/nav2_rviz_pluginsExport.cmake
[0.464s] -- Up-to-date: /home/hossein/navigation2_stack/install/nav2_rviz_plugins/share/nav2_rviz_plugins/cmake/nav2_rviz_pluginsExport-noconfig.cmake
[0.464s] -- Up-to-date: /home/hossein/navigation2_stack/install/nav2_rviz_plugins/share/nav2_rviz_plugins/cmake/ament_cmake_export_include_directories-extras.cmake
[0.464s] -- Up-to-date: /home/hossein/navigation2_stack/install/nav2_rviz_plugins/share/nav2_rviz_plugins/cmake/ament_cmake_export_targets-extras.cmake
[0.464s] -- Up-to-date: /home/hossein/navigation2_stack/install/nav2_rviz_plugins/share/nav2_rviz_plugins/cmake/ament_cmake_export_dependencies-extras.cmake
[0.465s] -- Up-to-date: /home/hossein/navigation2_stack/install/nav2_rviz_plugins/share/nav2_rviz_plugins/cmake/nav2_rviz_pluginsConfig.cmake
[0.465s] -- Up-to-date: /home/hossein/navigation2_stack/install/nav2_rviz_plugins/share/nav2_rviz_plugins/cmake/nav2_rviz_pluginsConfig-version.cmake
[0.465s] -- Up-to-date: /home/hossein/navigation2_stack/install/nav2_rviz_plugins/share/nav2_rviz_plugins/package.xml
[0.465s] Invoked command in '/home/hossein/navigation2_stack/build/nav2_rviz_plugins' returned '0': AMENT_PREFIX_PATH=/home/hossein/navigation2_stack/install/nav2_lifecycle_manager:/home/hossein/navigation2_stack/install/nav2_util:/home/hossein/navigation2_stack/install/nav2_msgs:/home/hossein/navigation2_stack/install/nav2_common:${AMENT_PREFIX_PATH} CMAKE_PREFIX_PATH=/home/hossein/navigation2_stack/install/nav2_lifecycle_manager:/home/hossein/navigation2_stack/install/nav2_util:/home/hossein/navigation2_stack/install/nav2_msgs:/home/hossein/navigation2_stack/install/nav2_common:/home/hossein/turtlebot3_ws/install/turtlebot3_simulations:/home/hossein/turtlebot3_ws/install/turtlebot3_gazebo:/home/hossein/turtlebot3_ws/install/turtlebot3_fake_node:/home/hossein/dev_ws/install/vad_utils:/home/hossein/dev_ws/install/user_interface:/home/hossein/dev_ws/install/tf_publisher:/home/hossein/dev_ws/install/overhead_camera_service:/home/hossein/dev_ws/install/nf2:/home/hossein/dev_ws/install/global_planner:/home/hossein/dev_ws/install/custom_msg_srv:/home/hossein/dev_ws/install/py_pubsub:/home/hossein/dev_ws/install/image_segmentation:/opt/ros/foxy LD_LIBRARY_PATH=/home/hossein/navigation2_stack/install/nav2_lifecycle_manager/lib:/home/hossein/navigation2_stack/install/nav2_util/lib:/home/hossein/navigation2_stack/install/nav2_msgs/lib:${LD_LIBRARY_PATH} PYTHONPATH=/home/hossein/navigation2_stack/install/nav2_msgs/lib/python3.8/site-packages:/home/hossein/navigation2_stack/install/nav2_common/lib/python3.8/site-packages:${PYTHONPATH} /usr/bin/cmake --install /home/hossein/navigation2_stack/build/nav2_rviz_plugins
