[100%] Built target nav2_ceiling_perception_plugin_core
-- Install configuration: ""
-- Up-to-date: /home/hossein/navigation2_stack/install/nav2_ceiling_perception_plugin/lib/libnav2_ceiling_perception_plugin_core.so
-- Up-to-date: /home/hossein/navigation2_stack/install/nav2_ceiling_perception_plugin/include/
-- Up-to-date: /home/hossein/navigation2_stack/install/nav2_ceiling_perception_plugin/include//nav2_ceiling_perception_plugin
-- Up-to-date: /home/hossein/navigation2_stack/install/nav2_ceiling_perception_plugin/include//nav2_ceiling_perception_plugin/ceiling_layer.hpp
-- Up-to-date: /home/hossein/navigation2_stack/install/nav2_ceiling_perception_plugin/share/nav2_ceiling_perception_plugin/ceiling_layer.xml
-- Up-to-date: /home/hossein/navigation2_stack/install/nav2_ceiling_perception_plugin/share/ament_index/resource_index/package_run_dependencies/nav2_ceiling_perception_plugin
-- Up-to-date: /home/hossein/navigation2_stack/install/nav2_ceiling_perception_plugin/share/ament_index/resource_index/parent_prefix_path/nav2_ceiling_perception_plugin
-- Up-to-date: /home/hossein/navigation2_stack/install/nav2_ceiling_perception_plugin/share/nav2_ceiling_perception_plugin/environment/ament_prefix_path.sh
-- Up-to-date: /home/hossein/navigation2_stack/install/nav2_ceiling_perception_plugin/share/nav2_ceiling_perception_plugin/environment/ament_prefix_path.dsv
-- Up-to-date: /home/hossein/navigation2_stack/install/nav2_ceiling_perception_plugin/share/nav2_ceiling_perception_plugin/environment/path.sh
-- Up-to-date: /home/hossein/navigation2_stack/install/nav2_ceiling_perception_plugin/share/nav2_ceiling_perception_plugin/environment/path.dsv
-- Up-to-date: /home/hossein/navigation2_stack/install/nav2_ceiling_perception_plugin/share/nav2_ceiling_perception_plugin/local_setup.bash
-- Up-to-date: /home/hossein/navigation2_stack/install/nav2_ceiling_perception_plugin/share/nav2_ceiling_perception_plugin/local_setup.sh
-- Up-to-date: /home/hossein/navigation2_stack/install/nav2_ceiling_perception_plugin/share/nav2_ceiling_perception_plugin/local_setup.zsh
-- Up-to-date: /home/hossein/navigation2_stack/install/nav2_ceiling_perception_plugin/share/nav2_ceiling_perception_plugin/local_setup.dsv
-- Installing: /home/hossein/navigation2_stack/install/nav2_ceiling_perception_plugin/share/nav2_ceiling_perception_plugin/package.dsv
-- Up-to-date: /home/hossein/navigation2_stack/install/nav2_ceiling_perception_plugin/share/ament_index/resource_index/packages/nav2_ceiling_perception_plugin
-- Up-to-date: /home/hossein/navigation2_stack/install/nav2_ceiling_perception_plugin/share/ament_index/resource_index/nav2_costmap_2d__pluginlib__plugin/nav2_ceiling_perception_plugin
-- Up-to-date: /home/hossein/navigation2_stack/install/nav2_ceiling_perception_plugin/share/nav2_ceiling_perception_plugin/cmake/ament_cmake_export_include_directories-extras.cmake
-- Up-to-date: /home/hossein/navigation2_stack/install/nav2_ceiling_perception_plugin/share/nav2_ceiling_perception_plugin/cmake/nav2_ceiling_perception_pluginConfig.cmake
-- Up-to-date: /home/hossein/navigation2_stack/install/nav2_ceiling_perception_plugin/share/nav2_ceiling_perception_plugin/cmake/nav2_ceiling_perception_pluginConfig-version.cmake
-- Up-to-date: /home/hossein/navigation2_stack/install/nav2_ceiling_perception_plugin/share/nav2_ceiling_perception_plugin/package.xml
