[0.053s] Invoking command in '/home/hossein/navigation2_stack/build/nav_2d_msgs': CMAKE_PREFIX_PATH=${CMAKE_PREFIX_PATH}:/home/hossein/navigation2_stack/install/nav2_gazebo_spawner:/home/hossein/navigation2_stack/install/ceiling_segmentation:/home/hossein/nav2_ws/install/nav2_gazebo_spawner:/home/hossein/nav2_ws/install/image_segmentation:/home/hossein/dev_ws/install/py_pubsub:/home/hossein/dev_ws/install/image_segmentation:/opt/ros/foxy /usr/bin/cmake --build /home/hossein/navigation2_stack/build/nav_2d_msgs -- -j8 -l8
[0.151s] [  1%] Built target nav_2d_msgs__cpp
[0.158s] [ 12%] Built target nav_2d_msgs__rosidl_generator_c
[0.230s] [ 23%] Built target nav_2d_msgs__rosidl_typesupport_introspection_cpp
[0.232s] [ 35%] Built target nav_2d_msgs__rosidl_typesupport_c
[0.236s] [ 46%] Built target nav_2d_msgs__rosidl_typesupport_cpp
[0.246s] [ 57%] Built target nav_2d_msgs__rosidl_typesupport_introspection_c
[0.248s] [ 69%] Built target nav_2d_msgs__rosidl_typesupport_fastrtps_cpp
[0.316s] [ 80%] Built target nav_2d_msgs__rosidl_typesupport_fastrtps_c
[0.348s] [ 80%] Built target nav_2d_msgs
[0.380s] [ 81%] Built target nav_2d_msgs__py
[0.427s] [ 91%] Built target nav_2d_msgs__python
[0.496s] [ 94%] Built target nav_2d_msgs__rosidl_typesupport_introspection_c__pyext
[0.499s] [ 97%] Built target nav_2d_msgs__rosidl_typesupport_fastrtps_c__pyext
[0.512s] [100%] Built target nav_2d_msgs__rosidl_typesupport_c__pyext
[0.542s] Invoked command in '/home/hossein/navigation2_stack/build/nav_2d_msgs' returned '0': CMAKE_PREFIX_PATH=${CMAKE_PREFIX_PATH}:/home/hossein/navigation2_stack/install/nav2_gazebo_spawner:/home/hossein/navigation2_stack/install/ceiling_segmentation:/home/hossein/nav2_ws/install/nav2_gazebo_spawner:/home/hossein/nav2_ws/install/image_segmentation:/home/hossein/dev_ws/install/py_pubsub:/home/hossein/dev_ws/install/image_segmentation:/opt/ros/foxy /usr/bin/cmake --build /home/hossein/navigation2_stack/build/nav_2d_msgs -- -j8 -l8
[0.881s] Invoking command in '/home/hossein/navigation2_stack/build/nav_2d_msgs': CMAKE_PREFIX_PATH=${CMAKE_PREFIX_PATH}:/home/hossein/navigation2_stack/install/nav2_gazebo_spawner:/home/hossein/navigation2_stack/install/ceiling_segmentation:/home/hossein/nav2_ws/install/nav2_gazebo_spawner:/home/hossein/nav2_ws/install/image_segmentation:/home/hossein/dev_ws/install/py_pubsub:/home/hossein/dev_ws/install/image_segmentation:/opt/ros/foxy /usr/bin/cmake --install /home/hossein/navigation2_stack/build/nav_2d_msgs
[0.897s] -- Install configuration: ""
[0.897s] -- Up-to-date: /home/hossein/navigation2_stack/install/nav_2d_msgs/share/ament_index/resource_index/rosidl_interfaces/nav_2d_msgs
[0.898s] -- Up-to-date: /home/hossein/navigation2_stack/install/nav_2d_msgs/include/nav_2d_msgs
[0.898s] -- Up-to-date: /home/hossein/navigation2_stack/install/nav_2d_msgs/include/nav_2d_msgs/msg
[0.898s] -- Up-to-date: /home/hossein/navigation2_stack/install/nav_2d_msgs/include/nav_2d_msgs/msg/twist2_d_stamped.h
[0.898s] -- Up-to-date: /home/hossein/navigation2_stack/install/nav_2d_msgs/include/nav_2d_msgs/msg/rosidl_generator_c__visibility_control.h
[0.899s] -- Up-to-date: /home/hossein/navigation2_stack/install/nav_2d_msgs/include/nav_2d_msgs/msg/detail
[0.899s] -- Up-to-date: /home/hossein/navigation2_stack/install/nav_2d_msgs/include/nav_2d_msgs/msg/detail/twist2_d__type_support.h
[0.899s] -- Up-to-date: /home/hossein/navigation2_stack/install/nav_2d_msgs/include/nav_2d_msgs/msg/detail/pose2_d32__functions.c
[0.899s] -- Up-to-date: /home/hossein/navigation2_stack/install/nav_2d_msgs/include/nav_2d_msgs/msg/detail/pose2_d32__functions.h
[0.900s] -- Up-to-date: /home/hossein/navigation2_stack/install/nav_2d_msgs/include/nav_2d_msgs/msg/detail/twist2_d32__struct.h
[0.900s] -- Up-to-date: /home/hossein/navigation2_stack/install/nav_2d_msgs/include/nav_2d_msgs/msg/detail/twist2_d_stamped__type_support.h
[0.900s] -- Up-to-date: /home/hossein/navigation2_stack/install/nav_2d_msgs/include/nav_2d_msgs/msg/detail/twist2_d_stamped__struct.h
[0.900s] -- Up-to-date: /home/hossein/navigation2_stack/install/nav_2d_msgs/include/nav_2d_msgs/msg/detail/twist2_d__struct.h
[0.900s] -- Up-to-date: /home/hossein/navigation2_stack/install/nav_2d_msgs/include/nav_2d_msgs/msg/detail/pose2_d_stamped__type_support.h
[0.901s] -- Up-to-date: /home/hossein/navigation2_stack/install/nav_2d_msgs/include/nav_2d_msgs/msg/detail/twist2_d32__functions.c
[0.901s] -- Up-to-date: /home/hossein/navigation2_stack/install/nav_2d_msgs/include/nav_2d_msgs/msg/detail/path2_d__functions.h
[0.901s] -- Up-to-date: /home/hossein/navigation2_stack/install/nav_2d_msgs/include/nav_2d_msgs/msg/detail/pose2_d32__struct.h
[0.901s] -- Up-to-date: /home/hossein/navigation2_stack/install/nav_2d_msgs/include/nav_2d_msgs/msg/detail/pose2_d_stamped__functions.c
[0.902s] -- Up-to-date: /home/hossein/navigation2_stack/install/nav_2d_msgs/include/nav_2d_msgs/msg/detail/pose2_d32__type_support.h
[0.902s] -- Up-to-date: /home/hossein/navigation2_stack/install/nav_2d_msgs/include/nav_2d_msgs/msg/detail/path2_d__functions.c
[0.902s] -- Up-to-date: /home/hossein/navigation2_stack/install/nav_2d_msgs/include/nav_2d_msgs/msg/detail/pose2_d_stamped__struct.h
[0.902s] -- Up-to-date: /home/hossein/navigation2_stack/install/nav_2d_msgs/include/nav_2d_msgs/msg/detail/path2_d__struct.h
[0.903s] -- Up-to-date: /home/hossein/navigation2_stack/install/nav_2d_msgs/include/nav_2d_msgs/msg/detail/twist2_d__functions.c
[0.903s] -- Up-to-date: /home/hossein/navigation2_stack/install/nav_2d_msgs/include/nav_2d_msgs/msg/detail/twist2_d32__type_support.h
[0.903s] -- Up-to-date: /home/hossein/navigation2_stack/install/nav_2d_msgs/include/nav_2d_msgs/msg/detail/twist2_d32__functions.h
[0.903s] -- Up-to-date: /home/hossein/navigation2_stack/install/nav_2d_msgs/include/nav_2d_msgs/msg/detail/path2_d__type_support.h
[0.903s] -- Up-to-date: /home/hossein/navigation2_stack/install/nav_2d_msgs/include/nav_2d_msgs/msg/detail/twist2_d_stamped__functions.c
[0.904s] -- Up-to-date: /home/hossein/navigation2_stack/install/nav_2d_msgs/include/nav_2d_msgs/msg/detail/twist2_d__functions.h
[0.907s] -- Up-to-date: /home/hossein/navigation2_stack/install/nav_2d_msgs/include/nav_2d_msgs/msg/detail/twist2_d_stamped__functions.h
[0.910s] -- Up-to-date: /home/hossein/navigation2_stack/install/nav_2d_msgs/include/nav_2d_msgs/msg/detail/pose2_d_stamped__functions.h
[0.910s] -- Up-to-date: /home/hossein/navigation2_stack/install/nav_2d_msgs/include/nav_2d_msgs/msg/pose2_d32.h
[0.910s] -- Up-to-date: /home/hossein/navigation2_stack/install/nav_2d_msgs/include/nav_2d_msgs/msg/path2_d.h
[0.910s] -- Up-to-date: /home/hossein/navigation2_stack/install/nav_2d_msgs/include/nav_2d_msgs/msg/twist2_d.h
[0.910s] -- Up-to-date: /home/hossein/navigation2_stack/install/nav_2d_msgs/include/nav_2d_msgs/msg/pose2_d_stamped.h
[0.911s] -- Up-to-date: /home/hossein/navigation2_stack/install/nav_2d_msgs/include/nav_2d_msgs/msg/twist2_d32.h
[0.911s] -- Up-to-date: /home/hossein/navigation2_stack/install/nav_2d_msgs/share/nav_2d_msgs/environment/library_path.sh
[0.911s] -- Up-to-date: /home/hossein/navigation2_stack/install/nav_2d_msgs/share/nav_2d_msgs/environment/library_path.dsv
[0.911s] -- Up-to-date: /home/hossein/navigation2_stack/install/nav_2d_msgs/lib/libnav_2d_msgs__rosidl_generator_c.so
[0.911s] -- Up-to-date: /home/hossein/navigation2_stack/install/nav_2d_msgs/include/nav_2d_msgs
[0.911s] -- Up-to-date: /home/hossein/navigation2_stack/install/nav_2d_msgs/include/nav_2d_msgs/msg
[0.911s] -- Up-to-date: /home/hossein/navigation2_stack/install/nav_2d_msgs/include/nav_2d_msgs/msg/rosidl_typesupport_fastrtps_c__visibility_control.h
[0.911s] -- Up-to-date: /home/hossein/navigation2_stack/install/nav_2d_msgs/include/nav_2d_msgs/msg/detail
[0.912s] -- Up-to-date: /home/hossein/navigation2_stack/install/nav_2d_msgs/include/nav_2d_msgs/msg/detail/path2_d__rosidl_typesupport_fastrtps_c.h
[0.912s] -- Up-to-date: /home/hossein/navigation2_stack/install/nav_2d_msgs/include/nav_2d_msgs/msg/detail/twist2_d_stamped__rosidl_typesupport_fastrtps_c.h
[0.912s] -- Up-to-date: /home/hossein/navigation2_stack/install/nav_2d_msgs/include/nav_2d_msgs/msg/detail/pose2_d_stamped__rosidl_typesupport_fastrtps_c.h
[0.912s] -- Up-to-date: /home/hossein/navigation2_stack/install/nav_2d_msgs/include/nav_2d_msgs/msg/detail/twist2_d32__rosidl_typesupport_fastrtps_c.h
[0.912s] -- Up-to-date: /home/hossein/navigation2_stack/install/nav_2d_msgs/include/nav_2d_msgs/msg/detail/pose2_d32__rosidl_typesupport_fastrtps_c.h
[0.912s] -- Up-to-date: /home/hossein/navigation2_stack/install/nav_2d_msgs/include/nav_2d_msgs/msg/detail/twist2_d__rosidl_typesupport_fastrtps_c.h
[0.912s] -- Up-to-date: /home/hossein/navigation2_stack/install/nav_2d_msgs/lib/libnav_2d_msgs__rosidl_typesupport_fastrtps_c.so
[0.912s] -- Up-to-date: /home/hossein/navigation2_stack/install/nav_2d_msgs/include/nav_2d_msgs
[0.913s] -- Up-to-date: /home/hossein/navigation2_stack/install/nav_2d_msgs/include/nav_2d_msgs/msg
[0.913s] -- Up-to-date: /home/hossein/navigation2_stack/install/nav_2d_msgs/include/nav_2d_msgs/msg/detail
[0.913s] -- Up-to-date: /home/hossein/navigation2_stack/install/nav_2d_msgs/include/nav_2d_msgs/msg/detail/twist2_d__rosidl_typesupport_fastrtps_cpp.hpp
[0.913s] -- Up-to-date: /home/hossein/navigation2_stack/install/nav_2d_msgs/include/nav_2d_msgs/msg/detail/pose2_d_stamped__rosidl_typesupport_fastrtps_cpp.hpp
[0.913s] -- Up-to-date: /home/hossein/navigation2_stack/install/nav_2d_msgs/include/nav_2d_msgs/msg/detail/path2_d__rosidl_typesupport_fastrtps_cpp.hpp
[0.913s] -- Up-to-date: /home/hossein/navigation2_stack/install/nav_2d_msgs/include/nav_2d_msgs/msg/detail/twist2_d32__rosidl_typesupport_fastrtps_cpp.hpp
[0.913s] -- Up-to-date: /home/hossein/navigation2_stack/install/nav_2d_msgs/include/nav_2d_msgs/msg/detail/dds_fastrtps
[0.913s] -- Up-to-date: /home/hossein/navigation2_stack/install/nav_2d_msgs/include/nav_2d_msgs/msg/detail/pose2_d32__rosidl_typesupport_fastrtps_cpp.hpp
[0.913s] -- Up-to-date: /home/hossein/navigation2_stack/install/nav_2d_msgs/include/nav_2d_msgs/msg/detail/twist2_d_stamped__rosidl_typesupport_fastrtps_cpp.hpp
[0.914s] -- Up-to-date: /home/hossein/navigation2_stack/install/nav_2d_msgs/include/nav_2d_msgs/msg/rosidl_typesupport_fastrtps_cpp__visibility_control.h
[0.914s] -- Up-to-date: /home/hossein/navigation2_stack/install/nav_2d_msgs/lib/libnav_2d_msgs__rosidl_typesupport_fastrtps_cpp.so
[0.914s] -- Up-to-date: /home/hossein/navigation2_stack/install/nav_2d_msgs/include/nav_2d_msgs
[0.914s] -- Up-to-date: /home/hossein/navigation2_stack/install/nav_2d_msgs/include/nav_2d_msgs/msg
[0.914s] -- Up-to-date: /home/hossein/navigation2_stack/install/nav_2d_msgs/include/nav_2d_msgs/msg/detail
[0.914s] -- Up-to-date: /home/hossein/navigation2_stack/install/nav_2d_msgs/include/nav_2d_msgs/msg/detail/pose2_d_stamped__rosidl_typesupport_introspection_c.h
[0.915s] -- Up-to-date: /home/hossein/navigation2_stack/install/nav_2d_msgs/include/nav_2d_msgs/msg/detail/path2_d__type_support.c
[0.915s] -- Up-to-date: /home/hossein/navigation2_stack/install/nav_2d_msgs/include/nav_2d_msgs/msg/detail/twist2_d32__type_support.c
[0.915s] -- Up-to-date: /home/hossein/navigation2_stack/install/nav_2d_msgs/include/nav_2d_msgs/msg/detail/pose2_d32__rosidl_typesupport_introspection_c.h
[0.915s] -- Up-to-date: /home/hossein/navigation2_stack/install/nav_2d_msgs/include/nav_2d_msgs/msg/detail/twist2_d__type_support.c
[0.915s] -- Up-to-date: /home/hossein/navigation2_stack/install/nav_2d_msgs/include/nav_2d_msgs/msg/detail/twist2_d_stamped__rosidl_typesupport_introspection_c.h
[0.915s] -- Up-to-date: /home/hossein/navigation2_stack/install/nav_2d_msgs/include/nav_2d_msgs/msg/detail/twist2_d_stamped__type_support.c
[0.915s] -- Up-to-date: /home/hossein/navigation2_stack/install/nav_2d_msgs/include/nav_2d_msgs/msg/detail/twist2_d32__rosidl_typesupport_introspection_c.h
[0.915s] -- Up-to-date: /home/hossein/navigation2_stack/install/nav_2d_msgs/include/nav_2d_msgs/msg/detail/twist2_d__rosidl_typesupport_introspection_c.h
[0.915s] -- Up-to-date: /home/hossein/navigation2_stack/install/nav_2d_msgs/include/nav_2d_msgs/msg/detail/pose2_d32__type_support.c
[0.916s] -- Up-to-date: /home/hossein/navigation2_stack/install/nav_2d_msgs/include/nav_2d_msgs/msg/detail/path2_d__rosidl_typesupport_introspection_c.h
[0.916s] -- Up-to-date: /home/hossein/navigation2_stack/install/nav_2d_msgs/include/nav_2d_msgs/msg/detail/pose2_d_stamped__type_support.c
[0.916s] -- Up-to-date: /home/hossein/navigation2_stack/install/nav_2d_msgs/include/nav_2d_msgs/msg/rosidl_typesupport_introspection_c__visibility_control.h
[0.916s] -- Up-to-date: /home/hossein/navigation2_stack/install/nav_2d_msgs/lib/libnav_2d_msgs__rosidl_typesupport_introspection_c.so
[0.916s] -- Up-to-date: /home/hossein/navigation2_stack/install/nav_2d_msgs/lib/libnav_2d_msgs__rosidl_typesupport_c.so
[0.916s] -- Up-to-date: /home/hossein/navigation2_stack/install/nav_2d_msgs/include/nav_2d_msgs
[0.916s] -- Up-to-date: /home/hossein/navigation2_stack/install/nav_2d_msgs/include/nav_2d_msgs/msg
[0.916s] -- Up-to-date: /home/hossein/navigation2_stack/install/nav_2d_msgs/include/nav_2d_msgs/msg/pose2_d32.hpp
[0.917s] -- Up-to-date: /home/hossein/navigation2_stack/install/nav_2d_msgs/include/nav_2d_msgs/msg/twist2_d.hpp
[0.917s] -- Up-to-date: /home/hossein/navigation2_stack/install/nav_2d_msgs/include/nav_2d_msgs/msg/twist2_d_stamped.hpp
[0.917s] -- Up-to-date: /home/hossein/navigation2_stack/install/nav_2d_msgs/include/nav_2d_msgs/msg/detail
[0.917s] -- Up-to-date: /home/hossein/navigation2_stack/install/nav_2d_msgs/include/nav_2d_msgs/msg/detail/path2_d__struct.hpp
[0.917s] -- Up-to-date: /home/hossein/navigation2_stack/install/nav_2d_msgs/include/nav_2d_msgs/msg/detail/path2_d__builder.hpp
[0.917s] -- Up-to-date: /home/hossein/navigation2_stack/install/nav_2d_msgs/include/nav_2d_msgs/msg/detail/twist2_d32__traits.hpp
[0.917s] -- Up-to-date: /home/hossein/navigation2_stack/install/nav_2d_msgs/include/nav_2d_msgs/msg/detail/pose2_d_stamped__builder.hpp
[0.917s] -- Up-to-date: /home/hossein/navigation2_stack/install/nav_2d_msgs/include/nav_2d_msgs/msg/detail/pose2_d_stamped__struct.hpp
[0.918s] -- Up-to-date: /home/hossein/navigation2_stack/install/nav_2d_msgs/include/nav_2d_msgs/msg/detail/pose2_d_stamped__traits.hpp
[0.918s] -- Up-to-date: /home/hossein/navigation2_stack/install/nav_2d_msgs/include/nav_2d_msgs/msg/detail/twist2_d__struct.hpp
[0.918s] -- Up-to-date: /home/hossein/navigation2_stack/install/nav_2d_msgs/include/nav_2d_msgs/msg/detail/pose2_d32__struct.hpp
[0.918s] -- Up-to-date: /home/hossein/navigation2_stack/install/nav_2d_msgs/include/nav_2d_msgs/msg/detail/twist2_d_stamped__traits.hpp
[0.918s] -- Up-to-date: /home/hossein/navigation2_stack/install/nav_2d_msgs/include/nav_2d_msgs/msg/detail/twist2_d32__struct.hpp
[0.918s] -- Up-to-date: /home/hossein/navigation2_stack/install/nav_2d_msgs/include/nav_2d_msgs/msg/detail/pose2_d32__traits.hpp
[0.918s] -- Up-to-date: /home/hossein/navigation2_stack/install/nav_2d_msgs/include/nav_2d_msgs/msg/detail/twist2_d__builder.hpp
[0.918s] -- Up-to-date: /home/hossein/navigation2_stack/install/nav_2d_msgs/include/nav_2d_msgs/msg/detail/twist2_d32__builder.hpp
[0.918s] -- Up-to-date: /home/hossein/navigation2_stack/install/nav_2d_msgs/include/nav_2d_msgs/msg/detail/twist2_d_stamped__builder.hpp
[0.919s] -- Up-to-date: /home/hossein/navigation2_stack/install/nav_2d_msgs/include/nav_2d_msgs/msg/detail/twist2_d__traits.hpp
[0.919s] -- Up-to-date: /home/hossein/navigation2_stack/install/nav_2d_msgs/include/nav_2d_msgs/msg/detail/pose2_d32__builder.hpp
[0.919s] -- Up-to-date: /home/hossein/navigation2_stack/install/nav_2d_msgs/include/nav_2d_msgs/msg/detail/twist2_d_stamped__struct.hpp
[0.919s] -- Up-to-date: /home/hossein/navigation2_stack/install/nav_2d_msgs/include/nav_2d_msgs/msg/detail/path2_d__traits.hpp
[0.919s] -- Up-to-date: /home/hossein/navigation2_stack/install/nav_2d_msgs/include/nav_2d_msgs/msg/path2_d.hpp
[0.919s] -- Up-to-date: /home/hossein/navigation2_stack/install/nav_2d_msgs/include/nav_2d_msgs/msg/twist2_d32.hpp
[0.919s] -- Up-to-date: /home/hossein/navigation2_stack/install/nav_2d_msgs/include/nav_2d_msgs/msg/pose2_d_stamped.hpp
[0.920s] -- Up-to-date: /home/hossein/navigation2_stack/install/nav_2d_msgs/include/nav_2d_msgs
[0.920s] -- Up-to-date: /home/hossein/navigation2_stack/install/nav_2d_msgs/include/nav_2d_msgs/msg
[0.920s] -- Up-to-date: /home/hossein/navigation2_stack/install/nav_2d_msgs/include/nav_2d_msgs/msg/detail
[0.920s] -- Up-to-date: /home/hossein/navigation2_stack/install/nav_2d_msgs/include/nav_2d_msgs/msg/detail/pose2_d32__rosidl_typesupport_introspection_cpp.hpp
[0.921s] -- Up-to-date: /home/hossein/navigation2_stack/install/nav_2d_msgs/include/nav_2d_msgs/msg/detail/twist2_d__type_support.cpp
[0.921s] -- Up-to-date: /home/hossein/navigation2_stack/install/nav_2d_msgs/include/nav_2d_msgs/msg/detail/pose2_d_stamped__rosidl_typesupport_introspection_cpp.hpp
[0.921s] -- Up-to-date: /home/hossein/navigation2_stack/install/nav_2d_msgs/include/nav_2d_msgs/msg/detail/path2_d__type_support.cpp
[0.922s] -- Up-to-date: /home/hossein/navigation2_stack/install/nav_2d_msgs/include/nav_2d_msgs/msg/detail/pose2_d32__type_support.cpp
[0.922s] -- Up-to-date: /home/hossein/navigation2_stack/install/nav_2d_msgs/include/nav_2d_msgs/msg/detail/twist2_d32__rosidl_typesupport_introspection_cpp.hpp
[0.922s] -- Up-to-date: /home/hossein/navigation2_stack/install/nav_2d_msgs/include/nav_2d_msgs/msg/detail/pose2_d_stamped__type_support.cpp
[0.932s] -- Up-to-date: /home/hossein/navigation2_stack/install/nav_2d_msgs/include/nav_2d_msgs/msg/detail/path2_d__rosidl_typesupport_introspection_cpp.hpp
[0.933s] -- Up-to-date: /home/hossein/navigation2_stack/install/nav_2d_msgs/include/nav_2d_msgs/msg/detail/twist2_d_stamped__type_support.cpp
[0.933s] -- Up-to-date: /home/hossein/navigation2_stack/install/nav_2d_msgs/include/nav_2d_msgs/msg/detail/twist2_d__rosidl_typesupport_introspection_cpp.hpp
[0.933s] -- Up-to-date: /home/hossein/navigation2_stack/install/nav_2d_msgs/include/nav_2d_msgs/msg/detail/twist2_d32__type_support.cpp
[0.933s] -- Up-to-date: /home/hossein/navigation2_stack/install/nav_2d_msgs/include/nav_2d_msgs/msg/detail/twist2_d_stamped__rosidl_typesupport_introspection_cpp.hpp
[0.933s] -- Up-to-date: /home/hossein/navigation2_stack/install/nav_2d_msgs/lib/libnav_2d_msgs__rosidl_typesupport_introspection_cpp.so
[0.933s] -- Up-to-date: /home/hossein/navigation2_stack/install/nav_2d_msgs/lib/libnav_2d_msgs__rosidl_typesupport_cpp.so
[0.934s] -- Up-to-date: /home/hossein/navigation2_stack/install/nav_2d_msgs/share/nav_2d_msgs/environment/pythonpath.sh
[0.934s] -- Up-to-date: /home/hossein/navigation2_stack/install/nav_2d_msgs/share/nav_2d_msgs/environment/pythonpath.dsv
[0.934s] -- Up-to-date: /home/hossein/navigation2_stack/install/nav_2d_msgs/lib/python3.8/site-packages/nav_2d_msgs/__init__.py
[0.994s] -- Up-to-date: /home/hossein/navigation2_stack/install/nav_2d_msgs/lib/python3.8/site-packages/nav_2d_msgs/msg
[0.995s] -- Up-to-date: /home/hossein/navigation2_stack/install/nav_2d_msgs/lib/python3.8/site-packages/nav_2d_msgs/msg/_pose2_d_stamped_s.c
[0.995s] -- Up-to-date: /home/hossein/navigation2_stack/install/nav_2d_msgs/lib/python3.8/site-packages/nav_2d_msgs/msg/_pose2_d32.py
[0.995s] -- Up-to-date: /home/hossein/navigation2_stack/install/nav_2d_msgs/lib/python3.8/site-packages/nav_2d_msgs/msg/_twist2_d.py
[0.995s] -- Up-to-date: /home/hossein/navigation2_stack/install/nav_2d_msgs/lib/python3.8/site-packages/nav_2d_msgs/msg/_pose2_d32_s.c
[0.995s] -- Up-to-date: /home/hossein/navigation2_stack/install/nav_2d_msgs/lib/python3.8/site-packages/nav_2d_msgs/msg/_twist2_d_s.c
[0.995s] -- Up-to-date: /home/hossein/navigation2_stack/install/nav_2d_msgs/lib/python3.8/site-packages/nav_2d_msgs/msg/_twist2_d_stamped_s.c
[0.996s] -- Up-to-date: /home/hossein/navigation2_stack/install/nav_2d_msgs/lib/python3.8/site-packages/nav_2d_msgs/msg/_twist2_d_stamped.py
[0.996s] -- Up-to-date: /home/hossein/navigation2_stack/install/nav_2d_msgs/lib/python3.8/site-packages/nav_2d_msgs/msg/_path2_d_s.c
[0.996s] -- Up-to-date: /home/hossein/navigation2_stack/install/nav_2d_msgs/lib/python3.8/site-packages/nav_2d_msgs/msg/_path2_d.py
[0.996s] -- Up-to-date: /home/hossein/navigation2_stack/install/nav_2d_msgs/lib/python3.8/site-packages/nav_2d_msgs/msg/_pose2_d_stamped.py
[0.996s] -- Up-to-date: /home/hossein/navigation2_stack/install/nav_2d_msgs/lib/python3.8/site-packages/nav_2d_msgs/msg/_twist2_d32_s.c
[0.996s] -- Up-to-date: /home/hossein/navigation2_stack/install/nav_2d_msgs/lib/python3.8/site-packages/nav_2d_msgs/msg/__init__.py
[0.996s] -- Up-to-date: /home/hossein/navigation2_stack/install/nav_2d_msgs/lib/python3.8/site-packages/nav_2d_msgs/msg/_twist2_d32.py
[0.996s] -- Up-to-date: /home/hossein/navigation2_stack/install/nav_2d_msgs/lib/python3.8/site-packages/nav_2d_msgs/nav_2d_msgs_s__rosidl_typesupport_fastrtps_c.cpython-38-x86_64-linux-gnu.so
[0.997s] -- Up-to-date: /home/hossein/navigation2_stack/install/nav_2d_msgs/lib/python3.8/site-packages/nav_2d_msgs/nav_2d_msgs_s__rosidl_typesupport_introspection_c.cpython-38-x86_64-linux-gnu.so
[0.997s] -- Up-to-date: /home/hossein/navigation2_stack/install/nav_2d_msgs/lib/python3.8/site-packages/nav_2d_msgs/nav_2d_msgs_s__rosidl_typesupport_c.cpython-38-x86_64-linux-gnu.so
[0.998s] -- Up-to-date: /home/hossein/navigation2_stack/install/nav_2d_msgs/lib/libnav_2d_msgs__python.so
[0.998s] -- Up-to-date: /home/hossein/navigation2_stack/install/nav_2d_msgs/share/nav_2d_msgs/msg/Path2D.idl
[0.999s] -- Up-to-date: /home/hossein/navigation2_stack/install/nav_2d_msgs/share/nav_2d_msgs/msg/Pose2D32.idl
[0.999s] -- Up-to-date: /home/hossein/navigation2_stack/install/nav_2d_msgs/share/nav_2d_msgs/msg/Pose2DStamped.idl
[0.999s] -- Up-to-date: /home/hossein/navigation2_stack/install/nav_2d_msgs/share/nav_2d_msgs/msg/Twist2D.idl
[0.999s] -- Up-to-date: /home/hossein/navigation2_stack/install/nav_2d_msgs/share/nav_2d_msgs/msg/Twist2D32.idl
[0.999s] -- Up-to-date: /home/hossein/navigation2_stack/install/nav_2d_msgs/share/nav_2d_msgs/msg/Twist2DStamped.idl
[1.000s] -- Up-to-date: /home/hossein/navigation2_stack/install/nav_2d_msgs/share/nav_2d_msgs/msg/Path2D.msg
[1.000s] -- Up-to-date: /home/hossein/navigation2_stack/install/nav_2d_msgs/share/nav_2d_msgs/msg/Pose2D32.msg
[1.000s] -- Up-to-date: /home/hossein/navigation2_stack/install/nav_2d_msgs/share/nav_2d_msgs/msg/Pose2DStamped.msg
[1.000s] -- Up-to-date: /home/hossein/navigation2_stack/install/nav_2d_msgs/share/nav_2d_msgs/msg/Twist2D.msg
[1.000s] -- Up-to-date: /home/hossein/navigation2_stack/install/nav_2d_msgs/share/nav_2d_msgs/msg/Twist2D32.msg
[1.000s] -- Up-to-date: /home/hossein/navigation2_stack/install/nav_2d_msgs/share/nav_2d_msgs/msg/Twist2DStamped.msg
[1.001s] -- Up-to-date: /home/hossein/navigation2_stack/install/nav_2d_msgs/share/ament_index/resource_index/package_run_dependencies/nav_2d_msgs
[1.001s] -- Up-to-date: /home/hossein/navigation2_stack/install/nav_2d_msgs/share/ament_index/resource_index/parent_prefix_path/nav_2d_msgs
[1.001s] -- Up-to-date: /home/hossein/navigation2_stack/install/nav_2d_msgs/share/nav_2d_msgs/environment/ament_prefix_path.sh
[1.001s] -- Up-to-date: /home/hossein/navigation2_stack/install/nav_2d_msgs/share/nav_2d_msgs/environment/ament_prefix_path.dsv
[1.001s] -- Up-to-date: /home/hossein/navigation2_stack/install/nav_2d_msgs/share/nav_2d_msgs/environment/path.sh
[1.001s] -- Up-to-date: /home/hossein/navigation2_stack/install/nav_2d_msgs/share/nav_2d_msgs/environment/path.dsv
[1.001s] -- Up-to-date: /home/hossein/navigation2_stack/install/nav_2d_msgs/share/nav_2d_msgs/local_setup.bash
[1.002s] -- Up-to-date: /home/hossein/navigation2_stack/install/nav_2d_msgs/share/nav_2d_msgs/local_setup.sh
[1.003s] -- Up-to-date: /home/hossein/navigation2_stack/install/nav_2d_msgs/share/nav_2d_msgs/local_setup.zsh
[1.003s] -- Up-to-date: /home/hossein/navigation2_stack/install/nav_2d_msgs/share/nav_2d_msgs/local_setup.dsv
[1.003s] -- Installing: /home/hossein/navigation2_stack/install/nav_2d_msgs/share/nav_2d_msgs/package.dsv
[1.003s] -- Up-to-date: /home/hossein/navigation2_stack/install/nav_2d_msgs/share/ament_index/resource_index/packages/nav_2d_msgs
[1.003s] -- Up-to-date: /home/hossein/navigation2_stack/install/nav_2d_msgs/share/nav_2d_msgs/cmake/nav_2d_msgs__rosidl_generator_cExport.cmake
[1.003s] -- Up-to-date: /home/hossein/navigation2_stack/install/nav_2d_msgs/share/nav_2d_msgs/cmake/nav_2d_msgs__rosidl_generator_cExport-noconfig.cmake
[1.004s] -- Up-to-date: /home/hossein/navigation2_stack/install/nav_2d_msgs/share/nav_2d_msgs/cmake/nav_2d_msgs__rosidl_typesupport_introspection_cExport.cmake
[1.004s] -- Up-to-date: /home/hossein/navigation2_stack/install/nav_2d_msgs/share/nav_2d_msgs/cmake/nav_2d_msgs__rosidl_typesupport_introspection_cExport-noconfig.cmake
[1.004s] -- Up-to-date: /home/hossein/navigation2_stack/install/nav_2d_msgs/share/nav_2d_msgs/cmake/nav_2d_msgs__rosidl_typesupport_cExport.cmake
[1.004s] -- Up-to-date: /home/hossein/navigation2_stack/install/nav_2d_msgs/share/nav_2d_msgs/cmake/nav_2d_msgs__rosidl_typesupport_cExport-noconfig.cmake
[1.004s] -- Up-to-date: /home/hossein/navigation2_stack/install/nav_2d_msgs/share/nav_2d_msgs/cmake/nav_2d_msgs__rosidl_generator_cppExport.cmake
[1.004s] -- Up-to-date: /home/hossein/navigation2_stack/install/nav_2d_msgs/share/nav_2d_msgs/cmake/nav_2d_msgs__rosidl_typesupport_introspection_cppExport.cmake
[1.005s] -- Up-to-date: /home/hossein/navigation2_stack/install/nav_2d_msgs/share/nav_2d_msgs/cmake/nav_2d_msgs__rosidl_typesupport_introspection_cppExport-noconfig.cmake
[1.005s] -- Up-to-date: /home/hossein/navigation2_stack/install/nav_2d_msgs/share/nav_2d_msgs/cmake/nav_2d_msgs__rosidl_typesupport_cppExport.cmake
[1.005s] -- Up-to-date: /home/hossein/navigation2_stack/install/nav_2d_msgs/share/nav_2d_msgs/cmake/nav_2d_msgs__rosidl_typesupport_cppExport-noconfig.cmake
[1.005s] -- Up-to-date: /home/hossein/navigation2_stack/install/nav_2d_msgs/share/nav_2d_msgs/cmake/rosidl_cmake-extras.cmake
[1.005s] -- Up-to-date: /home/hossein/navigation2_stack/install/nav_2d_msgs/share/nav_2d_msgs/cmake/ament_cmake_export_dependencies-extras.cmake
[1.005s] -- Up-to-date: /home/hossein/navigation2_stack/install/nav_2d_msgs/share/nav_2d_msgs/cmake/ament_cmake_export_libraries-extras.cmake
[1.005s] -- Up-to-date: /home/hossein/navigation2_stack/install/nav_2d_msgs/share/nav_2d_msgs/cmake/ament_cmake_export_targets-extras.cmake
[1.005s] -- Up-to-date: /home/hossein/navigation2_stack/install/nav_2d_msgs/share/nav_2d_msgs/cmake/ament_cmake_export_include_directories-extras.cmake
[1.005s] -- Up-to-date: /home/hossein/navigation2_stack/install/nav_2d_msgs/share/nav_2d_msgs/cmake/rosidl_cmake_export_typesupport_libraries-extras.cmake
[1.006s] -- Up-to-date: /home/hossein/navigation2_stack/install/nav_2d_msgs/share/nav_2d_msgs/cmake/rosidl_cmake_export_typesupport_targets-extras.cmake
[1.006s] -- Up-to-date: /home/hossein/navigation2_stack/install/nav_2d_msgs/share/nav_2d_msgs/cmake/nav_2d_msgsConfig.cmake
[1.006s] -- Up-to-date: /home/hossein/navigation2_stack/install/nav_2d_msgs/share/nav_2d_msgs/cmake/nav_2d_msgsConfig-version.cmake
[1.006s] -- Up-to-date: /home/hossein/navigation2_stack/install/nav_2d_msgs/share/nav_2d_msgs/package.xml
[1.356s] Invoked command in '/home/hossein/navigation2_stack/build/nav_2d_msgs' returned '0': CMAKE_PREFIX_PATH=${CMAKE_PREFIX_PATH}:/home/hossein/navigation2_stack/install/nav2_gazebo_spawner:/home/hossein/navigation2_stack/install/ceiling_segmentation:/home/hossein/nav2_ws/install/nav2_gazebo_spawner:/home/hossein/nav2_ws/install/image_segmentation:/home/hossein/dev_ws/install/py_pubsub:/home/hossein/dev_ws/install/image_segmentation:/opt/ros/foxy /usr/bin/cmake --install /home/hossein/navigation2_stack/build/nav_2d_msgs
