[0.102s] Invoking command in '/home/hossein/navigation2_stack/build/nav2_controller': AMENT_PREFIX_PATH=/home/hossein/navigation2_stack/install/nav2_core:/home/hossein/navigation2_stack/install/nav2_costmap_2d:/home/hossein/navigation2_stack/install/nav_2d_utils:/home/hossein/navigation2_stack/install/nav2_util:/home/hossein/navigation2_stack/install/nav2_voxel_grid:/home/hossein/navigation2_stack/install/nav2_msgs:/home/hossein/navigation2_stack/install/nav_2d_msgs:/home/hossein/navigation2_stack/install/nav2_common:${AMENT_PREFIX_PATH} CMAKE_PREFIX_PATH=/home/hossein/navigation2_stack/install/nav2_core:/home/hossein/navigation2_stack/install/nav2_costmap_2d:/home/hossein/navigation2_stack/install/nav_2d_utils:/home/hossein/navigation2_stack/install/nav2_util:/home/hossein/navigation2_stack/install/nav2_voxel_grid:/home/hossein/navigation2_stack/install/nav2_msgs:/home/hossein/navigation2_stack/install/nav_2d_msgs:/home/hossein/navigation2_stack/install/nav2_common:/home/hossein/turtlebot3_ws/install/turtlebot3_simulations:/home/hossein/turtlebot3_ws/install/turtlebot3_gazebo:/home/hossein/turtlebot3_ws/install/turtlebot3_fake_node:/home/hossein/dev_ws/install/vad_utils:/home/hossein/dev_ws/install/user_interface:/home/hossein/dev_ws/install/tf_publisher:/home/hossein/dev_ws/install/overhead_camera_service:/home/hossein/dev_ws/install/nf2:/home/hossein/dev_ws/install/global_planner:/home/hossein/dev_ws/install/custom_msg_srv:/home/hossein/dev_ws/install/py_pubsub:/home/hossein/dev_ws/install/image_segmentation:/opt/ros/foxy LD_LIBRARY_PATH=/home/hossein/navigation2_stack/install/nav2_costmap_2d/lib:/home/hossein/navigation2_stack/install/nav_2d_utils/lib:/home/hossein/navigation2_stack/install/nav2_util/lib:/home/hossein/navigation2_stack/install/nav2_voxel_grid/lib:/home/hossein/navigation2_stack/install/nav2_msgs/lib:/home/hossein/navigation2_stack/install/nav_2d_msgs/lib:${LD_LIBRARY_PATH} PYTHONPATH=/home/hossein/navigation2_stack/install/nav2_msgs/lib/python3.8/site-packages:/home/hossein/navigation2_stack/install/nav_2d_msgs/lib/python3.8/site-packages:/home/hossein/navigation2_stack/install/nav2_common/lib/python3.8/site-packages:${PYTHONPATH} /usr/bin/cmake --build /home/hossein/navigation2_stack/build/nav2_controller -- -j8 -l8
[0.345s] [ 11%] Built target simple_goal_checker
[0.352s] [ 22%] Built target gtest_main
[0.365s] [ 33%] Built target controller_server_core
[0.372s] [ 44%] Built target simple_progress_checker
[0.398s] [ 55%] Built target gtest
[0.485s] [ 66%] Built target pctest
[0.491s] [ 77%] Built target stopped_goal_checker
[0.506s] [ 88%] Built target controller_server
[0.594s] [100%] Built target gctest
[0.635s] Invoked command in '/home/hossein/navigation2_stack/build/nav2_controller' returned '0': AMENT_PREFIX_PATH=/home/hossein/navigation2_stack/install/nav2_core:/home/hossein/navigation2_stack/install/nav2_costmap_2d:/home/hossein/navigation2_stack/install/nav_2d_utils:/home/hossein/navigation2_stack/install/nav2_util:/home/hossein/navigation2_stack/install/nav2_voxel_grid:/home/hossein/navigation2_stack/install/nav2_msgs:/home/hossein/navigation2_stack/install/nav_2d_msgs:/home/hossein/navigation2_stack/install/nav2_common:${AMENT_PREFIX_PATH} CMAKE_PREFIX_PATH=/home/hossein/navigation2_stack/install/nav2_core:/home/hossein/navigation2_stack/install/nav2_costmap_2d:/home/hossein/navigation2_stack/install/nav_2d_utils:/home/hossein/navigation2_stack/install/nav2_util:/home/hossein/navigation2_stack/install/nav2_voxel_grid:/home/hossein/navigation2_stack/install/nav2_msgs:/home/hossein/navigation2_stack/install/nav_2d_msgs:/home/hossein/navigation2_stack/install/nav2_common:/home/hossein/turtlebot3_ws/install/turtlebot3_simulations:/home/hossein/turtlebot3_ws/install/turtlebot3_gazebo:/home/hossein/turtlebot3_ws/install/turtlebot3_fake_node:/home/hossein/dev_ws/install/vad_utils:/home/hossein/dev_ws/install/user_interface:/home/hossein/dev_ws/install/tf_publisher:/home/hossein/dev_ws/install/overhead_camera_service:/home/hossein/dev_ws/install/nf2:/home/hossein/dev_ws/install/global_planner:/home/hossein/dev_ws/install/custom_msg_srv:/home/hossein/dev_ws/install/py_pubsub:/home/hossein/dev_ws/install/image_segmentation:/opt/ros/foxy LD_LIBRARY_PATH=/home/hossein/navigation2_stack/install/nav2_costmap_2d/lib:/home/hossein/navigation2_stack/install/nav_2d_utils/lib:/home/hossein/navigation2_stack/install/nav2_util/lib:/home/hossein/navigation2_stack/install/nav2_voxel_grid/lib:/home/hossein/navigation2_stack/install/nav2_msgs/lib:/home/hossein/navigation2_stack/install/nav_2d_msgs/lib:${LD_LIBRARY_PATH} PYTHONPATH=/home/hossein/navigation2_stack/install/nav2_msgs/lib/python3.8/site-packages:/home/hossein/navigation2_stack/install/nav_2d_msgs/lib/python3.8/site-packages:/home/hossein/navigation2_stack/install/nav2_common/lib/python3.8/site-packages:${PYTHONPATH} /usr/bin/cmake --build /home/hossein/navigation2_stack/build/nav2_controller -- -j8 -l8
[0.769s] Invoking command in '/home/hossein/navigation2_stack/build/nav2_controller': AMENT_PREFIX_PATH=/home/hossein/navigation2_stack/install/nav2_core:/home/hossein/navigation2_stack/install/nav2_costmap_2d:/home/hossein/navigation2_stack/install/nav_2d_utils:/home/hossein/navigation2_stack/install/nav2_util:/home/hossein/navigation2_stack/install/nav2_voxel_grid:/home/hossein/navigation2_stack/install/nav2_msgs:/home/hossein/navigation2_stack/install/nav_2d_msgs:/home/hossein/navigation2_stack/install/nav2_common:${AMENT_PREFIX_PATH} CMAKE_PREFIX_PATH=/home/hossein/navigation2_stack/install/nav2_core:/home/hossein/navigation2_stack/install/nav2_costmap_2d:/home/hossein/navigation2_stack/install/nav_2d_utils:/home/hossein/navigation2_stack/install/nav2_util:/home/hossein/navigation2_stack/install/nav2_voxel_grid:/home/hossein/navigation2_stack/install/nav2_msgs:/home/hossein/navigation2_stack/install/nav_2d_msgs:/home/hossein/navigation2_stack/install/nav2_common:/home/hossein/turtlebot3_ws/install/turtlebot3_simulations:/home/hossein/turtlebot3_ws/install/turtlebot3_gazebo:/home/hossein/turtlebot3_ws/install/turtlebot3_fake_node:/home/hossein/dev_ws/install/vad_utils:/home/hossein/dev_ws/install/user_interface:/home/hossein/dev_ws/install/tf_publisher:/home/hossein/dev_ws/install/overhead_camera_service:/home/hossein/dev_ws/install/nf2:/home/hossein/dev_ws/install/global_planner:/home/hossein/dev_ws/install/custom_msg_srv:/home/hossein/dev_ws/install/py_pubsub:/home/hossein/dev_ws/install/image_segmentation:/opt/ros/foxy LD_LIBRARY_PATH=/home/hossein/navigation2_stack/install/nav2_costmap_2d/lib:/home/hossein/navigation2_stack/install/nav_2d_utils/lib:/home/hossein/navigation2_stack/install/nav2_util/lib:/home/hossein/navigation2_stack/install/nav2_voxel_grid/lib:/home/hossein/navigation2_stack/install/nav2_msgs/lib:/home/hossein/navigation2_stack/install/nav_2d_msgs/lib:${LD_LIBRARY_PATH} PYTHONPATH=/home/hossein/navigation2_stack/install/nav2_msgs/lib/python3.8/site-packages:/home/hossein/navigation2_stack/install/nav_2d_msgs/lib/python3.8/site-packages:/home/hossein/navigation2_stack/install/nav2_common/lib/python3.8/site-packages:${PYTHONPATH} /usr/bin/cmake --install /home/hossein/navigation2_stack/build/nav2_controller
[0.806s] -- Install configuration: "Release"
[0.807s] -- Up-to-date: /home/hossein/navigation2_stack/install/nav2_controller/lib/libsimple_progress_checker.so
[0.807s] -- Up-to-date: /home/hossein/navigation2_stack/install/nav2_controller/lib/libsimple_goal_checker.so
[0.807s] -- Up-to-date: /home/hossein/navigation2_stack/install/nav2_controller/lib/libstopped_goal_checker.so
[0.807s] -- Up-to-date: /home/hossein/navigation2_stack/install/nav2_controller/lib/libcontroller_server_core.a
[0.807s] -- Up-to-date: /home/hossein/navigation2_stack/install/nav2_controller/lib/nav2_controller/controller_server
[0.807s] -- Up-to-date: /home/hossein/navigation2_stack/install/nav2_controller/include/
[0.808s] -- Up-to-date: /home/hossein/navigation2_stack/install/nav2_controller/include//nav2_controller
[0.808s] -- Up-to-date: /home/hossein/navigation2_stack/install/nav2_controller/include//nav2_controller/nav2_controller.hpp
[0.808s] -- Up-to-date: /home/hossein/navigation2_stack/install/nav2_controller/include//nav2_controller/plugins
[0.808s] -- Up-to-date: /home/hossein/navigation2_stack/install/nav2_controller/include//nav2_controller/plugins/simple_progress_checker.hpp
[0.808s] -- Up-to-date: /home/hossein/navigation2_stack/install/nav2_controller/include//nav2_controller/plugins/stopped_goal_checker.hpp
[0.808s] -- Up-to-date: /home/hossein/navigation2_stack/install/nav2_controller/include//nav2_controller/plugins/simple_goal_checker.hpp
[0.809s] -- Up-to-date: /home/hossein/navigation2_stack/install/nav2_controller/share/nav2_controller/environment/library_path.sh
[0.809s] -- Up-to-date: /home/hossein/navigation2_stack/install/nav2_controller/share/nav2_controller/environment/library_path.dsv
[0.809s] -- Up-to-date: /home/hossein/navigation2_stack/install/nav2_controller/share/nav2_controller/plugins.xml
[0.809s] -- Up-to-date: /home/hossein/navigation2_stack/install/nav2_controller/share/ament_index/resource_index/package_run_dependencies/nav2_controller
[0.810s] -- Up-to-date: /home/hossein/navigation2_stack/install/nav2_controller/share/ament_index/resource_index/parent_prefix_path/nav2_controller
[0.810s] -- Up-to-date: /home/hossein/navigation2_stack/install/nav2_controller/share/nav2_controller/environment/ament_prefix_path.sh
[0.812s] -- Up-to-date: /home/hossein/navigation2_stack/install/nav2_controller/share/nav2_controller/environment/ament_prefix_path.dsv
[0.817s] -- Up-to-date: /home/hossein/navigation2_stack/install/nav2_controller/share/nav2_controller/environment/path.sh
[0.817s] -- Up-to-date: /home/hossein/navigation2_stack/install/nav2_controller/share/nav2_controller/environment/path.dsv
[0.817s] -- Up-to-date: /home/hossein/navigation2_stack/install/nav2_controller/share/nav2_controller/local_setup.bash
[0.818s] -- Up-to-date: /home/hossein/navigation2_stack/install/nav2_controller/share/nav2_controller/local_setup.sh
[0.818s] -- Up-to-date: /home/hossein/navigation2_stack/install/nav2_controller/share/nav2_controller/local_setup.zsh
[0.818s] -- Up-to-date: /home/hossein/navigation2_stack/install/nav2_controller/share/nav2_controller/local_setup.dsv
[0.818s] -- Installing: /home/hossein/navigation2_stack/install/nav2_controller/share/nav2_controller/package.dsv
[0.818s] -- Up-to-date: /home/hossein/navigation2_stack/install/nav2_controller/share/ament_index/resource_index/packages/nav2_controller
[0.818s] -- Up-to-date: /home/hossein/navigation2_stack/install/nav2_controller/share/ament_index/resource_index/nav2_core__pluginlib__plugin/nav2_controller
[0.818s] -- Up-to-date: /home/hossein/navigation2_stack/install/nav2_controller/share/nav2_controller/cmake/ament_cmake_export_include_directories-extras.cmake
[0.818s] -- Up-to-date: /home/hossein/navigation2_stack/install/nav2_controller/share/nav2_controller/cmake/ament_cmake_export_libraries-extras.cmake
[0.819s] -- Up-to-date: /home/hossein/navigation2_stack/install/nav2_controller/share/nav2_controller/cmake/nav2_controllerConfig.cmake
[0.819s] -- Up-to-date: /home/hossein/navigation2_stack/install/nav2_controller/share/nav2_controller/cmake/nav2_controllerConfig-version.cmake
[0.819s] -- Up-to-date: /home/hossein/navigation2_stack/install/nav2_controller/share/nav2_controller/package.xml
[0.889s] Invoked command in '/home/hossein/navigation2_stack/build/nav2_controller' returned '0': AMENT_PREFIX_PATH=/home/hossein/navigation2_stack/install/nav2_core:/home/hossein/navigation2_stack/install/nav2_costmap_2d:/home/hossein/navigation2_stack/install/nav_2d_utils:/home/hossein/navigation2_stack/install/nav2_util:/home/hossein/navigation2_stack/install/nav2_voxel_grid:/home/hossein/navigation2_stack/install/nav2_msgs:/home/hossein/navigation2_stack/install/nav_2d_msgs:/home/hossein/navigation2_stack/install/nav2_common:${AMENT_PREFIX_PATH} CMAKE_PREFIX_PATH=/home/hossein/navigation2_stack/install/nav2_core:/home/hossein/navigation2_stack/install/nav2_costmap_2d:/home/hossein/navigation2_stack/install/nav_2d_utils:/home/hossein/navigation2_stack/install/nav2_util:/home/hossein/navigation2_stack/install/nav2_voxel_grid:/home/hossein/navigation2_stack/install/nav2_msgs:/home/hossein/navigation2_stack/install/nav_2d_msgs:/home/hossein/navigation2_stack/install/nav2_common:/home/hossein/turtlebot3_ws/install/turtlebot3_simulations:/home/hossein/turtlebot3_ws/install/turtlebot3_gazebo:/home/hossein/turtlebot3_ws/install/turtlebot3_fake_node:/home/hossein/dev_ws/install/vad_utils:/home/hossein/dev_ws/install/user_interface:/home/hossein/dev_ws/install/tf_publisher:/home/hossein/dev_ws/install/overhead_camera_service:/home/hossein/dev_ws/install/nf2:/home/hossein/dev_ws/install/global_planner:/home/hossein/dev_ws/install/custom_msg_srv:/home/hossein/dev_ws/install/py_pubsub:/home/hossein/dev_ws/install/image_segmentation:/opt/ros/foxy LD_LIBRARY_PATH=/home/hossein/navigation2_stack/install/nav2_costmap_2d/lib:/home/hossein/navigation2_stack/install/nav_2d_utils/lib:/home/hossein/navigation2_stack/install/nav2_util/lib:/home/hossein/navigation2_stack/install/nav2_voxel_grid/lib:/home/hossein/navigation2_stack/install/nav2_msgs/lib:/home/hossein/navigation2_stack/install/nav_2d_msgs/lib:${LD_LIBRARY_PATH} PYTHONPATH=/home/hossein/navigation2_stack/install/nav2_msgs/lib/python3.8/site-packages:/home/hossein/navigation2_stack/install/nav_2d_msgs/lib/python3.8/site-packages:/home/hossein/navigation2_stack/install/nav2_common/lib/python3.8/site-packages:${PYTHONPATH} /usr/bin/cmake --install /home/hossein/navigation2_stack/build/nav2_controller
