[0.673s] Invoking command in '/home/hossein/navigation2_stack/navigation2/nav2_bringup/nav2_gazebo_spawner': PYTHONPATH=/home/hossein/navigation2_stack/install/nav2_gazebo_spawner/lib/python3.8/site-packages:${PYTHONPATH} /usr/bin/python3 setup.py egg_info --egg-base ../../../build/nav2_gazebo_spawner build --build-base /home/hossein/navigation2_stack/build/nav2_gazebo_spawner/build install --prefix /home/hossein/navigation2_stack/install/nav2_gazebo_spawner --record /home/hossein/navigation2_stack/build/nav2_gazebo_spawner/install.log --single-version-externally-managed
[1.200s] running egg_info
[1.204s] writing ../../../build/nav2_gazebo_spawner/nav2_gazebo_spawner.egg-info/PKG-INFO
[1.204s] writing dependency_links to ../../../build/nav2_gazebo_spawner/nav2_gazebo_spawner.egg-info/dependency_links.txt
[1.204s] writing entry points to ../../../build/nav2_gazebo_spawner/nav2_gazebo_spawner.egg-info/entry_points.txt
[1.205s] writing requirements to ../../../build/nav2_gazebo_spawner/nav2_gazebo_spawner.egg-info/requires.txt
[1.205s] writing top-level names to ../../../build/nav2_gazebo_spawner/nav2_gazebo_spawner.egg-info/top_level.txt
[1.326s] reading manifest file '../../../build/nav2_gazebo_spawner/nav2_gazebo_spawner.egg-info/SOURCES.txt'
[1.328s] writing manifest file '../../../build/nav2_gazebo_spawner/nav2_gazebo_spawner.egg-info/SOURCES.txt'
[1.338s] running build
[1.338s] running build_py
[1.338s] running install
[1.338s] running install_lib
[1.359s] running install_data
[1.360s] running install_egg_info
[1.369s] removing '/home/hossein/navigation2_stack/install/nav2_gazebo_spawner/lib/python3.8/site-packages/nav2_gazebo_spawner-0.3.0-py3.8.egg-info' (and everything under it)
[1.370s] Copying ../../../build/nav2_gazebo_spawner/nav2_gazebo_spawner.egg-info to /home/hossein/navigation2_stack/install/nav2_gazebo_spawner/lib/python3.8/site-packages/nav2_gazebo_spawner-0.3.0-py3.8.egg-info
[1.371s] running install_scripts
[1.418s] Installing nav2_gazebo_spawner script to /home/hossein/navigation2_stack/install/nav2_gazebo_spawner/lib/nav2_gazebo_spawner
[1.419s] writing list of installed files to '/home/hossein/navigation2_stack/build/nav2_gazebo_spawner/install.log'
[1.868s] Invoked command in '/home/hossein/navigation2_stack/navigation2/nav2_bringup/nav2_gazebo_spawner' returned '0': PYTHONPATH=/home/hossein/navigation2_stack/install/nav2_gazebo_spawner/lib/python3.8/site-packages:${PYTHONPATH} /usr/bin/python3 setup.py egg_info --egg-base ../../../build/nav2_gazebo_spawner build --build-base /home/hossein/navigation2_stack/build/nav2_gazebo_spawner/build install --prefix /home/hossein/navigation2_stack/install/nav2_gazebo_spawner --record /home/hossein/navigation2_stack/build/nav2_gazebo_spawner/install.log --single-version-externally-managed
