running egg_info
creating ../build/ceiling_segmentation/ceiling_segmentation.egg-info
writing ../build/ceiling_segmentation/ceiling_segmentation.egg-info/PKG-INFO
writing dependency_links to ../build/ceiling_segmentation/ceiling_segmentation.egg-info/dependency_links.txt
writing entry points to ../build/ceiling_segmentation/ceiling_segmentation.egg-info/entry_points.txt
writing requirements to ../build/ceiling_segmentation/ceiling_segmentation.egg-info/requires.txt
writing top-level names to ../build/ceiling_segmentation/ceiling_segmentation.egg-info/top_level.txt
writing manifest file '../build/ceiling_segmentation/ceiling_segmentation.egg-info/SOURCES.txt'
reading manifest file '../build/ceiling_segmentation/ceiling_segmentation.egg-info/SOURCES.txt'
writing manifest file '../build/ceiling_segmentation/ceiling_segmentation.egg-info/SOURCES.txt'
running build
running build_py
creating /home/hossein/navigation2_stack/build/ceiling_segmentation/build
creating /home/hossein/navigation2_stack/build/ceiling_segmentation/build/lib
creating /home/hossein/navigation2_stack/build/ceiling_segmentation/build/lib/ceiling_segmentation
copying ceiling_segmentation/train.py -> /home/hossein/navigation2_stack/build/ceiling_segmentation/build/lib/ceiling_segmentation
copying ceiling_segmentation/inference.py -> /home/hossein/navigation2_stack/build/ceiling_segmentation/build/lib/ceiling_segmentation
copying ceiling_segmentation/__init__.py -> /home/hossein/navigation2_stack/build/ceiling_segmentation/build/lib/ceiling_segmentation
running install
running install_lib
creating /home/hossein/navigation2_stack/install/ceiling_segmentation/lib/python3.8/site-packages/ceiling_segmentation
copying /home/hossein/navigation2_stack/build/ceiling_segmentation/build/lib/ceiling_segmentation/train.py -> /home/hossein/navigation2_stack/install/ceiling_segmentation/lib/python3.8/site-packages/ceiling_segmentation
copying /home/hossein/navigation2_stack/build/ceiling_segmentation/build/lib/ceiling_segmentation/inference.py -> /home/hossein/navigation2_stack/install/ceiling_segmentation/lib/python3.8/site-packages/ceiling_segmentation
copying /home/hossein/navigation2_stack/build/ceiling_segmentation/build/lib/ceiling_segmentation/__init__.py -> /home/hossein/navigation2_stack/install/ceiling_segmentation/lib/python3.8/site-packages/ceiling_segmentation
byte-compiling /home/hossein/navigation2_stack/install/ceiling_segmentation/lib/python3.8/site-packages/ceiling_segmentation/train.py to train.cpython-38.pyc
byte-compiling /home/hossein/navigation2_stack/install/ceiling_segmentation/lib/python3.8/site-packages/ceiling_segmentation/inference.py to inference.cpython-38.pyc
byte-compiling /home/hossein/navigation2_stack/install/ceiling_segmentation/lib/python3.8/site-packages/ceiling_segmentation/__init__.py to __init__.cpython-38.pyc
running install_data
creating /home/hossein/navigation2_stack/install/ceiling_segmentation/share/ament_index
creating /home/hossein/navigation2_stack/install/ceiling_segmentation/share/ament_index/resource_index
creating /home/hossein/navigation2_stack/install/ceiling_segmentation/share/ament_index/resource_index/packages
copying resource/ceiling_segmentation -> /home/hossein/navigation2_stack/install/ceiling_segmentation/share/ament_index/resource_index/packages
copying package.xml -> /home/hossein/navigation2_stack/install/ceiling_segmentation/share/ceiling_segmentation
running install_egg_info
Copying ../build/ceiling_segmentation/ceiling_segmentation.egg-info to /home/hossein/navigation2_stack/install/ceiling_segmentation/lib/python3.8/site-packages/ceiling_segmentation-0.0.0-py3.8.egg-info
running install_scripts
Installing inference script to /home/hossein/navigation2_stack/install/ceiling_segmentation/lib/ceiling_segmentation
Installing train script to /home/hossein/navigation2_stack/install/ceiling_segmentation/lib/ceiling_segmentation
writing list of installed files to '/home/hossein/navigation2_stack/build/ceiling_segmentation/install.log'
