[0.015s] Invoking command in '/home/hossein/navigation2_stack/build/nav2_util': AMENT_PREFIX_PATH=/home/hossein/navigation2_stack/install/nav2_msgs:/home/hossein/navigation2_stack/install/nav2_common:${AMENT_PREFIX_PATH} CMAKE_PREFIX_PATH=/home/hossein/navigation2_stack/install/nav2_msgs:/home/hossein/navigation2_stack/install/nav2_common:/home/hossein/turtlebot3_ws/install/turtlebot3_simulations:/home/hossein/turtlebot3_ws/install/turtlebot3_gazebo:/home/hossein/turtlebot3_ws/install/turtlebot3_fake_node:/home/hossein/nav2_ws/install/nav2_system_tests:/home/hossein/nav2_ws/install/nav2_bringup:/home/hossein/nav2_ws/install/navigation2:/home/hossein/nav2_ws/install/smac_planner:/home/hossein/nav2_ws/install/nav2_dwb_controller:/home/hossein/nav2_ws/install/nav2_controller:/home/hossein/nav2_ws/install/dwb_plugins:/home/hossein/nav2_ws/install/dwb_critics:/home/hossein/nav2_ws/install/dwb_core:/home/hossein/nav2_ws/install/nav_2d_utils:/home/hossein/nav2_ws/install/dwb_msgs:/home/hossein/nav2_ws/install/nav_2d_msgs:/home/hossein/nav2_ws/install/nav2_waypoint_follower:/home/hossein/nav2_ws/install/nav2_recoveries:/home/hossein/nav2_ws/install/nav2_planner:/home/hossein/nav2_ws/install/nav2_navfn_planner:/home/hossein/nav2_ws/install/nav2_gradient_costmap_plugin:/home/hossein/nav2_ws/install/nav2_core:/home/hossein/nav2_ws/install/costmap_queue:/home/hossein/nav2_ws/install/nav2_costmap_2d:/home/hossein/nav2_ws/install/nav2_voxel_grid:/home/hossein/nav2_ws/install/nav2_rviz_plugins:/home/hossein/nav2_ws/install/nav2_map_server:/home/hossein/nav2_ws/install/nav2_lifecycle_manager:/home/hossein/nav2_ws/install/nav2_bt_navigator:/home/hossein/nav2_ws/install/nav2_behavior_tree:/home/hossein/nav2_ws/install/nav2_amcl:/home/hossein/nav2_ws/install/nav2_util:/home/hossein/nav2_ws/install/nav2_msgs:/home/hossein/nav2_ws/install/nav2_common:/home/hossein/nav2_ws/install/custom_msg_srv:/home/hossein/dev_ws/install/vad_utils:/home/hossein/dev_ws/install/user_interface:/home/hossein/dev_ws/install/tf_publisher:/home/hossein/dev_ws/install/overhead_camera_service:/home/hossein/dev_ws/install/nf2:/home/hossein/dev_ws/install/global_planner:/home/hossein/dev_ws/install/custom_msg_srv:/home/hossein/nav2_ws/install/nav2_gazebo_spawner:/home/hossein/nav2_ws/install/image_segmentation:/home/hossein/dev_ws/install/py_pubsub:/home/hossein/dev_ws/install/image_segmentation:/opt/ros/foxy LD_LIBRARY_PATH=/home/hossein/navigation2_stack/install/nav2_msgs/lib:${LD_LIBRARY_PATH} PYTHONPATH=/home/hossein/navigation2_stack/install/nav2_msgs/lib/python3.8/site-packages:/home/hossein/navigation2_stack/install/nav2_common/lib/python3.8/site-packages:${PYTHONPATH} /usr/bin/cmake /home/hossein/navigation2_stack/navigation2/nav2_util -DCMAKE_INSTALL_PREFIX=/home/hossein/navigation2_stack/install/nav2_util
[0.077s] -- The C compiler identification is GNU 7.5.0
[0.148s] -- The CXX compiler identification is GNU 7.5.0
[0.155s] -- Check for working C compiler: /usr/bin/cc
[0.234s] -- Check for working C compiler: /usr/bin/cc -- works
[0.235s] -- Detecting C compiler ABI info
[0.317s] -- Detecting C compiler ABI info - done
[0.331s] -- Detecting C compile features
[0.331s] -- Detecting C compile features - done
[0.334s] -- Check for working CXX compiler: /usr/bin/c++
[0.426s] -- Check for working CXX compiler: /usr/bin/c++ -- works
[0.428s] -- Detecting CXX compiler ABI info
[0.524s] -- Detecting CXX compiler ABI info - done
[0.538s] -- Detecting CXX compile features
[0.539s] -- Detecting CXX compile features - done
[0.542s] -- Found ament_cmake: 0.9.8 (/opt/ros/foxy/share/ament_cmake/cmake)
[0.573s] -- Found PythonInterp: /usr/bin/python3 (found suitable version "3.8.5", minimum required is "3") 
[0.573s] -- Using PYTHON_EXECUTABLE: /usr/bin/python3
[0.819s] -- Found nav2_common: 0.4.5 (/home/hossein/navigation2_stack/install/nav2_common/share/nav2_common/cmake)
[0.819s] -- Found nav2_msgs: 0.4.5 (/home/hossein/navigation2_stack/install/nav2_msgs/share/nav2_msgs/cmake)
[0.861s] -- Using all available rosidl_typesupport_c: rosidl_typesupport_fastrtps_c;rosidl_typesupport_introspection_c
[0.870s] -- Found rosidl_adapter: 1.2.1 (/opt/ros/foxy/share/rosidl_adapter/cmake)
[0.971s] -- Found OpenSSL: /usr/lib/x86_64-linux-gnu/libcrypto.so (found version "1.1.1f")  
[1.007s] -- Found FastRTPS: /opt/ros/foxy/include  
[1.099s] -- Using all available rosidl_typesupport_cpp: rosidl_typesupport_fastrtps_cpp;rosidl_typesupport_introspection_cpp
[1.545s] -- Found tf2_ros: 0.13.10 (/opt/ros/foxy/share/tf2_ros/cmake)
[1.617s] -- Found rmw_implementation_cmake: 1.0.3 (/opt/ros/foxy/share/rmw_implementation_cmake/cmake)
[1.621s] -- Using RMW implementation 'rmw_fastrtps_cpp' as default
[1.621s] -- Looking for pthread.h
[1.699s] -- Looking for pthread.h - found
[1.699s] -- Performing Test CMAKE_HAVE_LIBC_PTHREAD
[1.781s] -- Performing Test CMAKE_HAVE_LIBC_PTHREAD - Failed
[1.781s] -- Looking for pthread_create in pthreads
[1.848s] -- Looking for pthread_create in pthreads - not found
[1.849s] -- Looking for pthread_create in pthread
[1.930s] -- Looking for pthread_create in pthread - found
[1.932s] -- Found Threads: TRUE  
[2.412s] -- Found tf2_geometry_msgs: 0.13.10 (/opt/ros/foxy/share/tf2_geometry_msgs/cmake)
[2.432s] -- Found eigen3_cmake_module: 0.1.1 (/opt/ros/foxy/share/eigen3_cmake_module/cmake)
[2.440s] -- Found Eigen3: TRUE (found version "3.3.7") 
[2.469s] -- Found lifecycle_msgs: 1.0.0 (/opt/ros/foxy/share/lifecycle_msgs/cmake)
[2.484s] -- Found test_msgs: 1.0.0 (/opt/ros/foxy/share/test_msgs/cmake)
[2.552s] -- Found rclcpp_lifecycle: 2.3.1 (/opt/ros/foxy/share/rclcpp_lifecycle/cmake)
[2.572s] -- Setting build type to Release as none was specified.
[2.599s] -- Found Boost: /usr/lib/x86_64-linux-gnu/cmake/Boost-1.71.0/BoostConfig.cmake (found version "1.71.0") found components: program_options 
[2.612s] -- Found ament_lint_auto: 0.9.6 (/opt/ros/foxy/share/ament_lint_auto/cmake)
[2.617s] -- Found ament_cmake_pytest: 0.9.8 (/opt/ros/foxy/share/ament_cmake_pytest/cmake)
[2.621s] -- Found launch_testing_ament_cmake: 0.10.5 (/opt/ros/foxy/share/launch_testing_ament_cmake/cmake)
[2.624s] -- Found python_cmake_module: 0.8.1 (/opt/ros/foxy/share/python_cmake_module/cmake)
[2.648s] -- Found PythonInterp: /usr/bin/python3 (found suitable version "3.8.5", minimum required is "3.5") 
[2.657s] -- Found PythonLibs: /usr/lib/x86_64-linux-gnu/libpython3.8.so (found suitable version "3.8.5", minimum required is "3.5") 
[2.658s] -- Using PYTHON_EXECUTABLE: /usr/bin/python3
[2.658s] -- Using PYTHON_INCLUDE_DIRS: /usr/include/python3.8
[2.658s] -- Using PYTHON_LIBRARIES: /usr/lib/x86_64-linux-gnu/libpython3.8.so
[2.681s] -- Found PythonExtra: .so  
[2.818s] -- Found gtest sources under '/opt/ros/foxy/src/gtest_vendor': C++ tests using 'Google Test' will be built
[2.820s] -- Check if compiler accepts -pthread
[2.900s] -- Check if compiler accepts -pthread - yes
[2.950s] -- Added test 'copyright' to check source files copyright and LICENSE
[2.953s] -- Added test 'cppcheck' to perform static code analysis on C / C++ code
[2.953s] -- Configured cppcheck include dirs: /home/hossein/navigation2_stack/navigation2/nav2_util/include
[2.953s] -- Configured cppcheck exclude dirs and/or files: 
[2.956s] -- Added test 'cpplint' to check C / C++ code against the Google style
[2.956s] -- Configured cpplint exclude dirs and/or files: 
[2.957s] -- Added test 'flake8' to check Python code syntax and style conventions
[2.959s] -- Added test 'lint_cmake' to check CMake code style
[2.960s] -- Added test 'pep257' to check Python code against some of the style conventions in PEP 257
[2.962s] -- Added test 'uncrustify' to check C / C++ code style
[2.962s] -- Configured uncrustify additional arguments: 
[2.964s] -- Added test 'xmllint' to check XML markup files
[2.970s] -- Configuring done
[3.070s] -- Generating done
[3.073s] -- Build files have been written to: /home/hossein/navigation2_stack/build/nav2_util
[3.087s] Invoked command in '/home/hossein/navigation2_stack/build/nav2_util' returned '0': AMENT_PREFIX_PATH=/home/hossein/navigation2_stack/install/nav2_msgs:/home/hossein/navigation2_stack/install/nav2_common:${AMENT_PREFIX_PATH} CMAKE_PREFIX_PATH=/home/hossein/navigation2_stack/install/nav2_msgs:/home/hossein/navigation2_stack/install/nav2_common:/home/hossein/turtlebot3_ws/install/turtlebot3_simulations:/home/hossein/turtlebot3_ws/install/turtlebot3_gazebo:/home/hossein/turtlebot3_ws/install/turtlebot3_fake_node:/home/hossein/nav2_ws/install/nav2_system_tests:/home/hossein/nav2_ws/install/nav2_bringup:/home/hossein/nav2_ws/install/navigation2:/home/hossein/nav2_ws/install/smac_planner:/home/hossein/nav2_ws/install/nav2_dwb_controller:/home/hossein/nav2_ws/install/nav2_controller:/home/hossein/nav2_ws/install/dwb_plugins:/home/hossein/nav2_ws/install/dwb_critics:/home/hossein/nav2_ws/install/dwb_core:/home/hossein/nav2_ws/install/nav_2d_utils:/home/hossein/nav2_ws/install/dwb_msgs:/home/hossein/nav2_ws/install/nav_2d_msgs:/home/hossein/nav2_ws/install/nav2_waypoint_follower:/home/hossein/nav2_ws/install/nav2_recoveries:/home/hossein/nav2_ws/install/nav2_planner:/home/hossein/nav2_ws/install/nav2_navfn_planner:/home/hossein/nav2_ws/install/nav2_gradient_costmap_plugin:/home/hossein/nav2_ws/install/nav2_core:/home/hossein/nav2_ws/install/costmap_queue:/home/hossein/nav2_ws/install/nav2_costmap_2d:/home/hossein/nav2_ws/install/nav2_voxel_grid:/home/hossein/nav2_ws/install/nav2_rviz_plugins:/home/hossein/nav2_ws/install/nav2_map_server:/home/hossein/nav2_ws/install/nav2_lifecycle_manager:/home/hossein/nav2_ws/install/nav2_bt_navigator:/home/hossein/nav2_ws/install/nav2_behavior_tree:/home/hossein/nav2_ws/install/nav2_amcl:/home/hossein/nav2_ws/install/nav2_util:/home/hossein/nav2_ws/install/nav2_msgs:/home/hossein/nav2_ws/install/nav2_common:/home/hossein/nav2_ws/install/custom_msg_srv:/home/hossein/dev_ws/install/vad_utils:/home/hossein/dev_ws/install/user_interface:/home/hossein/dev_ws/install/tf_publisher:/home/hossein/dev_ws/install/overhead_camera_service:/home/hossein/dev_ws/install/nf2:/home/hossein/dev_ws/install/global_planner:/home/hossein/dev_ws/install/custom_msg_srv:/home/hossein/nav2_ws/install/nav2_gazebo_spawner:/home/hossein/nav2_ws/install/image_segmentation:/home/hossein/dev_ws/install/py_pubsub:/home/hossein/dev_ws/install/image_segmentation:/opt/ros/foxy LD_LIBRARY_PATH=/home/hossein/navigation2_stack/install/nav2_msgs/lib:${LD_LIBRARY_PATH} PYTHONPATH=/home/hossein/navigation2_stack/install/nav2_msgs/lib/python3.8/site-packages:/home/hossein/navigation2_stack/install/nav2_common/lib/python3.8/site-packages:${PYTHONPATH} /usr/bin/cmake /home/hossein/navigation2_stack/navigation2/nav2_util -DCMAKE_INSTALL_PREFIX=/home/hossein/navigation2_stack/install/nav2_util
[3.090s] Invoking command in '/home/hossein/navigation2_stack/build/nav2_util': AMENT_PREFIX_PATH=/home/hossein/navigation2_stack/install/nav2_msgs:/home/hossein/navigation2_stack/install/nav2_common:${AMENT_PREFIX_PATH} CMAKE_PREFIX_PATH=/home/hossein/navigation2_stack/install/nav2_msgs:/home/hossein/navigation2_stack/install/nav2_common:/home/hossein/turtlebot3_ws/install/turtlebot3_simulations:/home/hossein/turtlebot3_ws/install/turtlebot3_gazebo:/home/hossein/turtlebot3_ws/install/turtlebot3_fake_node:/home/hossein/nav2_ws/install/nav2_system_tests:/home/hossein/nav2_ws/install/nav2_bringup:/home/hossein/nav2_ws/install/navigation2:/home/hossein/nav2_ws/install/smac_planner:/home/hossein/nav2_ws/install/nav2_dwb_controller:/home/hossein/nav2_ws/install/nav2_controller:/home/hossein/nav2_ws/install/dwb_plugins:/home/hossein/nav2_ws/install/dwb_critics:/home/hossein/nav2_ws/install/dwb_core:/home/hossein/nav2_ws/install/nav_2d_utils:/home/hossein/nav2_ws/install/dwb_msgs:/home/hossein/nav2_ws/install/nav_2d_msgs:/home/hossein/nav2_ws/install/nav2_waypoint_follower:/home/hossein/nav2_ws/install/nav2_recoveries:/home/hossein/nav2_ws/install/nav2_planner:/home/hossein/nav2_ws/install/nav2_navfn_planner:/home/hossein/nav2_ws/install/nav2_gradient_costmap_plugin:/home/hossein/nav2_ws/install/nav2_core:/home/hossein/nav2_ws/install/costmap_queue:/home/hossein/nav2_ws/install/nav2_costmap_2d:/home/hossein/nav2_ws/install/nav2_voxel_grid:/home/hossein/nav2_ws/install/nav2_rviz_plugins:/home/hossein/nav2_ws/install/nav2_map_server:/home/hossein/nav2_ws/install/nav2_lifecycle_manager:/home/hossein/nav2_ws/install/nav2_bt_navigator:/home/hossein/nav2_ws/install/nav2_behavior_tree:/home/hossein/nav2_ws/install/nav2_amcl:/home/hossein/nav2_ws/install/nav2_util:/home/hossein/nav2_ws/install/nav2_msgs:/home/hossein/nav2_ws/install/nav2_common:/home/hossein/nav2_ws/install/custom_msg_srv:/home/hossein/dev_ws/install/vad_utils:/home/hossein/dev_ws/install/user_interface:/home/hossein/dev_ws/install/tf_publisher:/home/hossein/dev_ws/install/overhead_camera_service:/home/hossein/dev_ws/install/nf2:/home/hossein/dev_ws/install/global_planner:/home/hossein/dev_ws/install/custom_msg_srv:/home/hossein/nav2_ws/install/nav2_gazebo_spawner:/home/hossein/nav2_ws/install/image_segmentation:/home/hossein/dev_ws/install/py_pubsub:/home/hossein/dev_ws/install/image_segmentation:/opt/ros/foxy LD_LIBRARY_PATH=/home/hossein/navigation2_stack/install/nav2_msgs/lib:${LD_LIBRARY_PATH} PYTHONPATH=/home/hossein/navigation2_stack/install/nav2_msgs/lib/python3.8/site-packages:/home/hossein/navigation2_stack/install/nav2_common/lib/python3.8/site-packages:${PYTHONPATH} /usr/bin/cmake --build /home/hossein/navigation2_stack/build/nav2_util -- -j8 -l8
[3.145s] [35m[1mScanning dependencies of target gtest[0m
[3.145s] [35m[1mScanning dependencies of target gtest_main[0m
[3.145s] [35m[1mScanning dependencies of target dump_params[0m
[3.145s] [35m[1mScanning dependencies of target nav2_util_core[0m
[3.164s] [  2%] [32mBuilding CXX object gtest/CMakeFiles/gtest_main.dir/src/gtest_main.cc.o[0m
[3.166s] [  5%] [32mBuilding CXX object gtest/CMakeFiles/gtest.dir/src/gtest-all.cc.o[0m
[3.185s] [  7%] [32mBuilding CXX object src/CMakeFiles/dump_params.dir/dump_params.cpp.o[0m
[3.302s] [ 12%] [32mBuilding CXX object src/CMakeFiles/nav2_util_core.dir/node_utils.cpp.o[0m
[3.302s] [ 12%] [32mBuilding CXX object src/CMakeFiles/nav2_util_core.dir/costmap.cpp.o[0m
[3.302s] [ 15%] [32mBuilding CXX object src/CMakeFiles/nav2_util_core.dir/lifecycle_utils.cpp.o[0m
[3.303s] [ 17%] [32mBuilding CXX object src/CMakeFiles/nav2_util_core.dir/lifecycle_service_client.cpp.o[0m
[3.303s] [ 20%] [32mBuilding CXX object src/CMakeFiles/nav2_util_core.dir/string_utils.cpp.o[0m
[3.807s] [ 22%] [32mBuilding CXX object src/CMakeFiles/nav2_util_core.dir/lifecycle_node.cpp.o[0m
[4.340s] [ 25%] [32m[1mLinking CXX static library libgtest_main.a[0m
[4.408s] [ 25%] Built target gtest_main
[4.428s] [ 27%] [32mBuilding CXX object src/CMakeFiles/nav2_util_core.dir/robot_utils.cpp.o[0m
[7.153s] [ 30%] [32mBuilding CXX object src/CMakeFiles/nav2_util_core.dir/node_thread.cpp.o[0m
[7.388s] [ 32%] [32mBuilding CXX object src/CMakeFiles/nav2_util_core.dir/odometry_utils.cpp.o[0m
[11.849s] [ 35%] [32m[1mLinking CXX static library libgtest.a[0m
[11.898s] [ 35%] Built target gtest
[11.912s] [35m[1mScanning dependencies of target test_execution_timer[0m
[11.932s] [ 37%] [32mBuilding CXX object test/CMakeFiles/test_execution_timer.dir/test_execution_timer.cpp.o[0m
[13.106s] [ 40%] [32m[1mLinking CXX executable test_execution_timer[0m
[13.237s] [ 40%] Built target test_execution_timer
[13.336s] [ 42%] [32m[1mLinking CXX executable dump_params[0m
[13.489s] [ 42%] Built target dump_params
[14.749s] [ 45%] [32m[1mLinking CXX shared library libnav2_util_core.so[0m
[14.994s] [ 45%] Built target nav2_util_core
[15.015s] [35m[1mScanning dependencies of target test_lifecycle_utils[0m
[15.015s] [35m[1mScanning dependencies of target test_service_client[0m
[15.015s] [35m[1mScanning dependencies of target test_actions[0m
[15.016s] [35m[1mScanning dependencies of target test_lifecycle_node[0m
[15.016s] [35m[1mScanning dependencies of target test_node_utils[0m
[15.016s] [35m[1mScanning dependencies of target test_string_utils[0m
[15.016s] [35m[1mScanning dependencies of target test_lifecycle_cli_node[0m
[15.016s] [35m[1mScanning dependencies of target lifecycle_bringup[0m
[15.052s] [ 47%] [32mBuilding CXX object test/CMakeFiles/test_string_utils.dir/test_string_utils.cpp.o[0m
[15.080s] [ 50%] [32mBuilding CXX object src/CMakeFiles/lifecycle_bringup.dir/lifecycle_bringup_commandline.cpp.o[0m
[15.087s] [ 52%] [32mBuilding CXX object test/CMakeFiles/test_service_client.dir/test_service_client.cpp.o[0m
[15.092s] [ 55%] [32mBuilding CXX object test/CMakeFiles/test_lifecycle_cli_node.dir/test_lifecycle_cli_node.cpp.o[0m
[15.098s] [ 57%] [32mBuilding CXX object test/CMakeFiles/test_node_utils.dir/test_node_utils.cpp.o[0m
[15.104s] [ 60%] [32mBuilding CXX object test/CMakeFiles/test_lifecycle_utils.dir/test_lifecycle_utils.cpp.o[0m
[15.105s] [ 62%] [32mBuilding CXX object test/CMakeFiles/test_lifecycle_node.dir/test_lifecycle_node.cpp.o[0m
[15.115s] [ 65%] [32mBuilding CXX object test/CMakeFiles/test_actions.dir/test_actions.cpp.o[0m
[16.981s] [ 67%] [32m[1mLinking CXX executable test_string_utils[0m
[17.296s] [ 67%] Built target test_string_utils
[17.319s] [35m[1mScanning dependencies of target test_geometry_utils[0m
[17.422s] [ 70%] [32mBuilding CXX object test/CMakeFiles/test_geometry_utils.dir/test_geometry_utils.cpp.o[0m
[18.853s] [ 72%] [32m[1mLinking CXX executable lifecycle_bringup[0m
[19.157s] [ 72%] Built target lifecycle_bringup
[19.180s] [35m[1mScanning dependencies of target test_odometry_utils[0m
[19.279s] [ 75%] [32mBuilding CXX object test/CMakeFiles/test_odometry_utils.dir/test_odometry_utils.cpp.o[0m
[20.214s] [ 77%] [32m[1mLinking CXX executable test_lifecycle_node[0m
[20.230s] [ 80%] [32m[1mLinking CXX executable test_lifecycle_cli_node[0m
[20.291s] [ 82%] [32m[1mLinking CXX executable test_lifecycle_utils[0m
[20.760s] [ 82%] Built target test_lifecycle_node
[20.788s] [35m[1mScanning dependencies of target test_robot_utils[0m
[20.803s] [ 82%] Built target test_lifecycle_cli_node
[20.840s] [ 82%] Built target test_lifecycle_utils
[20.867s] [ 85%] [32mBuilding CXX object test/CMakeFiles/test_robot_utils.dir/test_robot_utils.cpp.o[0m
[21.888s] [ 87%] [32m[1mLinking CXX executable test_service_client[0m
[22.047s] [ 90%] [32m[1mLinking CXX executable test_geometry_utils[0m
[22.095s] [ 92%] [32m[1mLinking CXX executable test_node_utils[0m
[22.291s] [ 92%] Built target test_service_client
[22.352s] [ 92%] Built target test_geometry_utils
[22.390s] [ 92%] Built target test_node_utils
[24.129s] [ 95%] [32m[1mLinking CXX executable test_robot_utils[0m
[24.350s] [ 95%] Built target test_robot_utils
[25.504s] [ 97%] [32m[1mLinking CXX executable test_odometry_utils[0m
[25.725s] [ 97%] Built target test_odometry_utils
[30.094s] [100%] [32m[1mLinking CXX executable test_actions[0m
[30.349s] [100%] Built target test_actions
[30.364s] Invoked command in '/home/hossein/navigation2_stack/build/nav2_util' returned '0': AMENT_PREFIX_PATH=/home/hossein/navigation2_stack/install/nav2_msgs:/home/hossein/navigation2_stack/install/nav2_common:${AMENT_PREFIX_PATH} CMAKE_PREFIX_PATH=/home/hossein/navigation2_stack/install/nav2_msgs:/home/hossein/navigation2_stack/install/nav2_common:/home/hossein/turtlebot3_ws/install/turtlebot3_simulations:/home/hossein/turtlebot3_ws/install/turtlebot3_gazebo:/home/hossein/turtlebot3_ws/install/turtlebot3_fake_node:/home/hossein/nav2_ws/install/nav2_system_tests:/home/hossein/nav2_ws/install/nav2_bringup:/home/hossein/nav2_ws/install/navigation2:/home/hossein/nav2_ws/install/smac_planner:/home/hossein/nav2_ws/install/nav2_dwb_controller:/home/hossein/nav2_ws/install/nav2_controller:/home/hossein/nav2_ws/install/dwb_plugins:/home/hossein/nav2_ws/install/dwb_critics:/home/hossein/nav2_ws/install/dwb_core:/home/hossein/nav2_ws/install/nav_2d_utils:/home/hossein/nav2_ws/install/dwb_msgs:/home/hossein/nav2_ws/install/nav_2d_msgs:/home/hossein/nav2_ws/install/nav2_waypoint_follower:/home/hossein/nav2_ws/install/nav2_recoveries:/home/hossein/nav2_ws/install/nav2_planner:/home/hossein/nav2_ws/install/nav2_navfn_planner:/home/hossein/nav2_ws/install/nav2_gradient_costmap_plugin:/home/hossein/nav2_ws/install/nav2_core:/home/hossein/nav2_ws/install/costmap_queue:/home/hossein/nav2_ws/install/nav2_costmap_2d:/home/hossein/nav2_ws/install/nav2_voxel_grid:/home/hossein/nav2_ws/install/nav2_rviz_plugins:/home/hossein/nav2_ws/install/nav2_map_server:/home/hossein/nav2_ws/install/nav2_lifecycle_manager:/home/hossein/nav2_ws/install/nav2_bt_navigator:/home/hossein/nav2_ws/install/nav2_behavior_tree:/home/hossein/nav2_ws/install/nav2_amcl:/home/hossein/nav2_ws/install/nav2_util:/home/hossein/nav2_ws/install/nav2_msgs:/home/hossein/nav2_ws/install/nav2_common:/home/hossein/nav2_ws/install/custom_msg_srv:/home/hossein/dev_ws/install/vad_utils:/home/hossein/dev_ws/install/user_interface:/home/hossein/dev_ws/install/tf_publisher:/home/hossein/dev_ws/install/overhead_camera_service:/home/hossein/dev_ws/install/nf2:/home/hossein/dev_ws/install/global_planner:/home/hossein/dev_ws/install/custom_msg_srv:/home/hossein/nav2_ws/install/nav2_gazebo_spawner:/home/hossein/nav2_ws/install/image_segmentation:/home/hossein/dev_ws/install/py_pubsub:/home/hossein/dev_ws/install/image_segmentation:/opt/ros/foxy LD_LIBRARY_PATH=/home/hossein/navigation2_stack/install/nav2_msgs/lib:${LD_LIBRARY_PATH} PYTHONPATH=/home/hossein/navigation2_stack/install/nav2_msgs/lib/python3.8/site-packages:/home/hossein/navigation2_stack/install/nav2_common/lib/python3.8/site-packages:${PYTHONPATH} /usr/bin/cmake --build /home/hossein/navigation2_stack/build/nav2_util -- -j8 -l8
[30.418s] Invoking command in '/home/hossein/navigation2_stack/build/nav2_util': AMENT_PREFIX_PATH=/home/hossein/navigation2_stack/install/nav2_msgs:/home/hossein/navigation2_stack/install/nav2_common:${AMENT_PREFIX_PATH} CMAKE_PREFIX_PATH=/home/hossein/navigation2_stack/install/nav2_msgs:/home/hossein/navigation2_stack/install/nav2_common:/home/hossein/turtlebot3_ws/install/turtlebot3_simulations:/home/hossein/turtlebot3_ws/install/turtlebot3_gazebo:/home/hossein/turtlebot3_ws/install/turtlebot3_fake_node:/home/hossein/nav2_ws/install/nav2_system_tests:/home/hossein/nav2_ws/install/nav2_bringup:/home/hossein/nav2_ws/install/navigation2:/home/hossein/nav2_ws/install/smac_planner:/home/hossein/nav2_ws/install/nav2_dwb_controller:/home/hossein/nav2_ws/install/nav2_controller:/home/hossein/nav2_ws/install/dwb_plugins:/home/hossein/nav2_ws/install/dwb_critics:/home/hossein/nav2_ws/install/dwb_core:/home/hossein/nav2_ws/install/nav_2d_utils:/home/hossein/nav2_ws/install/dwb_msgs:/home/hossein/nav2_ws/install/nav_2d_msgs:/home/hossein/nav2_ws/install/nav2_waypoint_follower:/home/hossein/nav2_ws/install/nav2_recoveries:/home/hossein/nav2_ws/install/nav2_planner:/home/hossein/nav2_ws/install/nav2_navfn_planner:/home/hossein/nav2_ws/install/nav2_gradient_costmap_plugin:/home/hossein/nav2_ws/install/nav2_core:/home/hossein/nav2_ws/install/costmap_queue:/home/hossein/nav2_ws/install/nav2_costmap_2d:/home/hossein/nav2_ws/install/nav2_voxel_grid:/home/hossein/nav2_ws/install/nav2_rviz_plugins:/home/hossein/nav2_ws/install/nav2_map_server:/home/hossein/nav2_ws/install/nav2_lifecycle_manager:/home/hossein/nav2_ws/install/nav2_bt_navigator:/home/hossein/nav2_ws/install/nav2_behavior_tree:/home/hossein/nav2_ws/install/nav2_amcl:/home/hossein/nav2_ws/install/nav2_util:/home/hossein/nav2_ws/install/nav2_msgs:/home/hossein/nav2_ws/install/nav2_common:/home/hossein/nav2_ws/install/custom_msg_srv:/home/hossein/dev_ws/install/vad_utils:/home/hossein/dev_ws/install/user_interface:/home/hossein/dev_ws/install/tf_publisher:/home/hossein/dev_ws/install/overhead_camera_service:/home/hossein/dev_ws/install/nf2:/home/hossein/dev_ws/install/global_planner:/home/hossein/dev_ws/install/custom_msg_srv:/home/hossein/nav2_ws/install/nav2_gazebo_spawner:/home/hossein/nav2_ws/install/image_segmentation:/home/hossein/dev_ws/install/py_pubsub:/home/hossein/dev_ws/install/image_segmentation:/opt/ros/foxy LD_LIBRARY_PATH=/home/hossein/navigation2_stack/install/nav2_msgs/lib:${LD_LIBRARY_PATH} PYTHONPATH=/home/hossein/navigation2_stack/install/nav2_msgs/lib/python3.8/site-packages:/home/hossein/navigation2_stack/install/nav2_common/lib/python3.8/site-packages:${PYTHONPATH} /usr/bin/cmake --install /home/hossein/navigation2_stack/build/nav2_util
[30.428s] -- Install configuration: "Release"
[30.428s] -- Installing: /home/hossein/navigation2_stack/install/nav2_util/include/
[30.428s] -- Installing: /home/hossein/navigation2_stack/install/nav2_util/include//nav2_util
[30.429s] -- Installing: /home/hossein/navigation2_stack/install/nav2_util/include//nav2_util/odometry_utils.hpp
[30.429s] -- Installing: /home/hossein/navigation2_stack/install/nav2_util/include//nav2_util/service_client.hpp
[30.429s] -- Installing: /home/hossein/navigation2_stack/install/nav2_util/include//nav2_util/string_utils.hpp
[30.429s] -- Installing: /home/hossein/navigation2_stack/install/nav2_util/include//nav2_util/lifecycle_utils.hpp
[30.429s] -- Installing: /home/hossein/navigation2_stack/install/nav2_util/include//nav2_util/clear_entirely_costmap_service_client.hpp
[30.429s] -- Installing: /home/hossein/navigation2_stack/install/nav2_util/include//nav2_util/costmap.hpp
[30.429s] -- Installing: /home/hossein/navigation2_stack/install/nav2_util/include//nav2_util/lifecycle_service_client.hpp
[30.429s] -- Installing: /home/hossein/navigation2_stack/install/nav2_util/include//nav2_util/robot_utils.hpp
[30.429s] -- Installing: /home/hossein/navigation2_stack/install/nav2_util/include//nav2_util/execution_timer.hpp
[30.430s] -- Installing: /home/hossein/navigation2_stack/install/nav2_util/include//nav2_util/node_thread.hpp
[30.430s] -- Installing: /home/hossein/navigation2_stack/install/nav2_util/include//nav2_util/simple_action_server.hpp
[30.430s] -- Installing: /home/hossein/navigation2_stack/install/nav2_util/include//nav2_util/node_utils.hpp
[30.430s] -- Installing: /home/hossein/navigation2_stack/install/nav2_util/include//nav2_util/geometry_utils.hpp
[30.430s] -- Installing: /home/hossein/navigation2_stack/install/nav2_util/include//nav2_util/line_iterator.hpp
[30.430s] -- Installing: /home/hossein/navigation2_stack/install/nav2_util/include//nav2_util/lifecycle_node.hpp
[30.430s] -- Installing: /home/hossein/navigation2_stack/install/nav2_util/share/nav2_util/environment/library_path.sh
[30.430s] -- Installing: /home/hossein/navigation2_stack/install/nav2_util/share/nav2_util/environment/library_path.dsv
[30.430s] -- Installing: /home/hossein/navigation2_stack/install/nav2_util/share/ament_index/resource_index/package_run_dependencies/nav2_util
[30.430s] -- Installing: /home/hossein/navigation2_stack/install/nav2_util/share/ament_index/resource_index/parent_prefix_path/nav2_util
[30.430s] -- Installing: /home/hossein/navigation2_stack/install/nav2_util/share/nav2_util/environment/ament_prefix_path.sh
[30.430s] -- Installing: /home/hossein/navigation2_stack/install/nav2_util/share/nav2_util/environment/ament_prefix_path.dsv
[30.431s] -- Installing: /home/hossein/navigation2_stack/install/nav2_util/share/nav2_util/environment/path.sh
[30.431s] -- Installing: /home/hossein/navigation2_stack/install/nav2_util/share/nav2_util/environment/path.dsv
[30.431s] -- Installing: /home/hossein/navigation2_stack/install/nav2_util/share/nav2_util/local_setup.bash
[30.431s] -- Installing: /home/hossein/navigation2_stack/install/nav2_util/share/nav2_util/local_setup.sh
[30.431s] -- Installing: /home/hossein/navigation2_stack/install/nav2_util/share/nav2_util/local_setup.zsh
[30.431s] -- Installing: /home/hossein/navigation2_stack/install/nav2_util/share/nav2_util/local_setup.dsv
[30.431s] -- Installing: /home/hossein/navigation2_stack/install/nav2_util/share/nav2_util/package.dsv
[30.431s] -- Installing: /home/hossein/navigation2_stack/install/nav2_util/share/ament_index/resource_index/packages/nav2_util
[30.432s] -- Installing: /home/hossein/navigation2_stack/install/nav2_util/share/nav2_util/cmake/ament_cmake_export_include_directories-extras.cmake
[30.432s] -- Installing: /home/hossein/navigation2_stack/install/nav2_util/share/nav2_util/cmake/ament_cmake_export_libraries-extras.cmake
[30.432s] -- Installing: /home/hossein/navigation2_stack/install/nav2_util/share/nav2_util/cmake/ament_cmake_export_dependencies-extras.cmake
[30.432s] -- Installing: /home/hossein/navigation2_stack/install/nav2_util/share/nav2_util/cmake/nav2_utilConfig.cmake
[30.432s] -- Installing: /home/hossein/navigation2_stack/install/nav2_util/share/nav2_util/cmake/nav2_utilConfig-version.cmake
[30.432s] -- Installing: /home/hossein/navigation2_stack/install/nav2_util/share/nav2_util/package.xml
[30.433s] -- Installing: /home/hossein/navigation2_stack/install/nav2_util/lib/libnav2_util_core.so
[30.434s] -- Set runtime path of "/home/hossein/navigation2_stack/install/nav2_util/lib/libnav2_util_core.so" to ""
[30.434s] -- Installing: /home/hossein/navigation2_stack/install/nav2_util/lib/nav2_util/lifecycle_bringup
[30.434s] -- Set runtime path of "/home/hossein/navigation2_stack/install/nav2_util/lib/nav2_util/lifecycle_bringup" to ""
[30.435s] -- Installing: /home/hossein/navigation2_stack/install/nav2_util/lib/nav2_util/dump_params
[30.435s] -- Set runtime path of "/home/hossein/navigation2_stack/install/nav2_util/lib/nav2_util/dump_params" to ""
[30.439s] Invoked command in '/home/hossein/navigation2_stack/build/nav2_util' returned '0': AMENT_PREFIX_PATH=/home/hossein/navigation2_stack/install/nav2_msgs:/home/hossein/navigation2_stack/install/nav2_common:${AMENT_PREFIX_PATH} CMAKE_PREFIX_PATH=/home/hossein/navigation2_stack/install/nav2_msgs:/home/hossein/navigation2_stack/install/nav2_common:/home/hossein/turtlebot3_ws/install/turtlebot3_simulations:/home/hossein/turtlebot3_ws/install/turtlebot3_gazebo:/home/hossein/turtlebot3_ws/install/turtlebot3_fake_node:/home/hossein/nav2_ws/install/nav2_system_tests:/home/hossein/nav2_ws/install/nav2_bringup:/home/hossein/nav2_ws/install/navigation2:/home/hossein/nav2_ws/install/smac_planner:/home/hossein/nav2_ws/install/nav2_dwb_controller:/home/hossein/nav2_ws/install/nav2_controller:/home/hossein/nav2_ws/install/dwb_plugins:/home/hossein/nav2_ws/install/dwb_critics:/home/hossein/nav2_ws/install/dwb_core:/home/hossein/nav2_ws/install/nav_2d_utils:/home/hossein/nav2_ws/install/dwb_msgs:/home/hossein/nav2_ws/install/nav_2d_msgs:/home/hossein/nav2_ws/install/nav2_waypoint_follower:/home/hossein/nav2_ws/install/nav2_recoveries:/home/hossein/nav2_ws/install/nav2_planner:/home/hossein/nav2_ws/install/nav2_navfn_planner:/home/hossein/nav2_ws/install/nav2_gradient_costmap_plugin:/home/hossein/nav2_ws/install/nav2_core:/home/hossein/nav2_ws/install/costmap_queue:/home/hossein/nav2_ws/install/nav2_costmap_2d:/home/hossein/nav2_ws/install/nav2_voxel_grid:/home/hossein/nav2_ws/install/nav2_rviz_plugins:/home/hossein/nav2_ws/install/nav2_map_server:/home/hossein/nav2_ws/install/nav2_lifecycle_manager:/home/hossein/nav2_ws/install/nav2_bt_navigator:/home/hossein/nav2_ws/install/nav2_behavior_tree:/home/hossein/nav2_ws/install/nav2_amcl:/home/hossein/nav2_ws/install/nav2_util:/home/hossein/nav2_ws/install/nav2_msgs:/home/hossein/nav2_ws/install/nav2_common:/home/hossein/nav2_ws/install/custom_msg_srv:/home/hossein/dev_ws/install/vad_utils:/home/hossein/dev_ws/install/user_interface:/home/hossein/dev_ws/install/tf_publisher:/home/hossein/dev_ws/install/overhead_camera_service:/home/hossein/dev_ws/install/nf2:/home/hossein/dev_ws/install/global_planner:/home/hossein/dev_ws/install/custom_msg_srv:/home/hossein/nav2_ws/install/nav2_gazebo_spawner:/home/hossein/nav2_ws/install/image_segmentation:/home/hossein/dev_ws/install/py_pubsub:/home/hossein/dev_ws/install/image_segmentation:/opt/ros/foxy LD_LIBRARY_PATH=/home/hossein/navigation2_stack/install/nav2_msgs/lib:${LD_LIBRARY_PATH} PYTHONPATH=/home/hossein/navigation2_stack/install/nav2_msgs/lib/python3.8/site-packages:/home/hossein/navigation2_stack/install/nav2_common/lib/python3.8/site-packages:${PYTHONPATH} /usr/bin/cmake --install /home/hossein/navigation2_stack/build/nav2_util
