[0.297s] Invoking command in '/home/hossein/navigation2_stack/ceiling_segmentation': AMENT_PREFIX_PATH=/home/hossein/navigation2_stack/install/custom_msg_srv:${AMENT_PREFIX_PATH} CMAKE_PREFIX_PATH=/home/hossein/navigation2_stack/install/custom_msg_srv:${CMAKE_PREFIX_PATH} LD_LIBRARY_PATH=/home/hossein/navigation2_stack/install/custom_msg_srv/lib:${LD_LIBRARY_PATH} PYTHONPATH=/home/hossein/navigation2_stack/install/ceiling_segmentation/lib/python3.8/site-packages:/home/hossein/navigation2_stack/install/custom_msg_srv/lib/python3.8/site-packages:${PYTHONPATH} /usr/bin/python3 setup.py egg_info --egg-base ../build/ceiling_segmentation build --build-base /home/hossein/navigation2_stack/build/ceiling_segmentation/build install --prefix /home/hossein/navigation2_stack/install/ceiling_segmentation --record /home/hossein/navigation2_stack/build/ceiling_segmentation/install.log --single-version-externally-managed
[0.550s] running egg_info
[0.550s] writing ../build/ceiling_segmentation/ceiling_segmentation.egg-info/PKG-INFO
[0.551s] writing dependency_links to ../build/ceiling_segmentation/ceiling_segmentation.egg-info/dependency_links.txt
[0.551s] writing entry points to ../build/ceiling_segmentation/ceiling_segmentation.egg-info/entry_points.txt
[0.551s] writing requirements to ../build/ceiling_segmentation/ceiling_segmentation.egg-info/requires.txt
[0.551s] writing top-level names to ../build/ceiling_segmentation/ceiling_segmentation.egg-info/top_level.txt
[0.588s] reading manifest file '../build/ceiling_segmentation/ceiling_segmentation.egg-info/SOURCES.txt'
[0.590s] writing manifest file '../build/ceiling_segmentation/ceiling_segmentation.egg-info/SOURCES.txt'
[0.590s] running build
[0.590s] running build_py
[0.590s] copying ceiling_segmentation/main.py -> /home/hossein/navigation2_stack/build/ceiling_segmentation/build/lib/ceiling_segmentation
[0.590s] running install
[0.591s] running install_lib
[0.593s] copying /home/hossein/navigation2_stack/build/ceiling_segmentation/build/lib/ceiling_segmentation/main.py -> /home/hossein/navigation2_stack/install/ceiling_segmentation/lib/python3.8/site-packages/ceiling_segmentation
[0.593s] byte-compiling /home/hossein/navigation2_stack/install/ceiling_segmentation/lib/python3.8/site-packages/ceiling_segmentation/main.py to main.cpython-38.pyc
[0.595s] running install_data
[0.595s] running install_egg_info
[0.598s] removing '/home/hossein/navigation2_stack/install/ceiling_segmentation/lib/python3.8/site-packages/ceiling_segmentation-0.0.0-py3.8.egg-info' (and everything under it)
[0.598s] Copying ../build/ceiling_segmentation/ceiling_segmentation.egg-info to /home/hossein/navigation2_stack/install/ceiling_segmentation/lib/python3.8/site-packages/ceiling_segmentation-0.0.0-py3.8.egg-info
[0.599s] running install_scripts
[0.620s] Installing ceiling_segmentation_start script to /home/hossein/navigation2_stack/install/ceiling_segmentation/lib/ceiling_segmentation
[0.620s] writing list of installed files to '/home/hossein/navigation2_stack/build/ceiling_segmentation/install.log'
[0.643s] Invoked command in '/home/hossein/navigation2_stack/ceiling_segmentation' returned '0': AMENT_PREFIX_PATH=/home/hossein/navigation2_stack/install/custom_msg_srv:${AMENT_PREFIX_PATH} CMAKE_PREFIX_PATH=/home/hossein/navigation2_stack/install/custom_msg_srv:${CMAKE_PREFIX_PATH} LD_LIBRARY_PATH=/home/hossein/navigation2_stack/install/custom_msg_srv/lib:${LD_LIBRARY_PATH} PYTHONPATH=/home/hossein/navigation2_stack/install/ceiling_segmentation/lib/python3.8/site-packages:/home/hossein/navigation2_stack/install/custom_msg_srv/lib/python3.8/site-packages:${PYTHONPATH} /usr/bin/python3 setup.py egg_info --egg-base ../build/ceiling_segmentation build --build-base /home/hossein/navigation2_stack/build/ceiling_segmentation/build install --prefix /home/hossein/navigation2_stack/install/ceiling_segmentation --record /home/hossein/navigation2_stack/build/ceiling_segmentation/install.log --single-version-externally-managed
