[0.074s] Invoking command in '/home/hossein/navigation2_stack/build/costmap_queue': AMENT_PREFIX_PATH=/home/hossein/navigation2_stack/install/nav2_costmap_2d:/home/hossein/navigation2_stack/install/nav2_util:/home/hossein/navigation2_stack/install/nav2_voxel_grid:/home/hossein/navigation2_stack/install/nav2_msgs:/home/hossein/navigation2_stack/install/nav2_common:${AMENT_PREFIX_PATH} CMAKE_PREFIX_PATH=/home/hossein/navigation2_stack/install/nav2_costmap_2d:/home/hossein/navigation2_stack/install/nav2_util:/home/hossein/navigation2_stack/install/nav2_voxel_grid:/home/hossein/navigation2_stack/install/nav2_msgs:/home/hossein/navigation2_stack/install/nav2_common:/home/hossein/turtlebot3_ws/install/turtlebot3_simulations:/home/hossein/turtlebot3_ws/install/turtlebot3_gazebo:/home/hossein/turtlebot3_ws/install/turtlebot3_fake_node:/home/hossein/dev_ws/install/vad_utils:/home/hossein/dev_ws/install/user_interface:/home/hossein/dev_ws/install/tf_publisher:/home/hossein/dev_ws/install/overhead_camera_service:/home/hossein/dev_ws/install/nf2:/home/hossein/dev_ws/install/global_planner:/home/hossein/dev_ws/install/custom_msg_srv:/home/hossein/dev_ws/install/py_pubsub:/home/hossein/dev_ws/install/image_segmentation:/opt/ros/foxy LD_LIBRARY_PATH=/home/hossein/navigation2_stack/install/nav2_costmap_2d/lib:/home/hossein/navigation2_stack/install/nav2_util/lib:/home/hossein/navigation2_stack/install/nav2_voxel_grid/lib:/home/hossein/navigation2_stack/install/nav2_msgs/lib:${LD_LIBRARY_PATH} PYTHONPATH=/home/hossein/navigation2_stack/install/nav2_msgs/lib/python3.8/site-packages:/home/hossein/navigation2_stack/install/nav2_common/lib/python3.8/site-packages:${PYTHONPATH} /usr/bin/cmake --build /home/hossein/navigation2_stack/build/costmap_queue -- -j8 -l8
[0.187s] [ 27%] Built target costmap_queue
[0.197s] [ 45%] Built target gtest
[0.199s] [ 63%] Built target gtest_main
[0.268s] [100%] Built target utest
[0.268s] [100%] Built target mbq_test
[0.370s] Invoked command in '/home/hossein/navigation2_stack/build/costmap_queue' returned '0': AMENT_PREFIX_PATH=/home/hossein/navigation2_stack/install/nav2_costmap_2d:/home/hossein/navigation2_stack/install/nav2_util:/home/hossein/navigation2_stack/install/nav2_voxel_grid:/home/hossein/navigation2_stack/install/nav2_msgs:/home/hossein/navigation2_stack/install/nav2_common:${AMENT_PREFIX_PATH} CMAKE_PREFIX_PATH=/home/hossein/navigation2_stack/install/nav2_costmap_2d:/home/hossein/navigation2_stack/install/nav2_util:/home/hossein/navigation2_stack/install/nav2_voxel_grid:/home/hossein/navigation2_stack/install/nav2_msgs:/home/hossein/navigation2_stack/install/nav2_common:/home/hossein/turtlebot3_ws/install/turtlebot3_simulations:/home/hossein/turtlebot3_ws/install/turtlebot3_gazebo:/home/hossein/turtlebot3_ws/install/turtlebot3_fake_node:/home/hossein/dev_ws/install/vad_utils:/home/hossein/dev_ws/install/user_interface:/home/hossein/dev_ws/install/tf_publisher:/home/hossein/dev_ws/install/overhead_camera_service:/home/hossein/dev_ws/install/nf2:/home/hossein/dev_ws/install/global_planner:/home/hossein/dev_ws/install/custom_msg_srv:/home/hossein/dev_ws/install/py_pubsub:/home/hossein/dev_ws/install/image_segmentation:/opt/ros/foxy LD_LIBRARY_PATH=/home/hossein/navigation2_stack/install/nav2_costmap_2d/lib:/home/hossein/navigation2_stack/install/nav2_util/lib:/home/hossein/navigation2_stack/install/nav2_voxel_grid/lib:/home/hossein/navigation2_stack/install/nav2_msgs/lib:${LD_LIBRARY_PATH} PYTHONPATH=/home/hossein/navigation2_stack/install/nav2_msgs/lib/python3.8/site-packages:/home/hossein/navigation2_stack/install/nav2_common/lib/python3.8/site-packages:${PYTHONPATH} /usr/bin/cmake --build /home/hossein/navigation2_stack/build/costmap_queue -- -j8 -l8
[0.514s] Invoking command in '/home/hossein/navigation2_stack/build/costmap_queue': AMENT_PREFIX_PATH=/home/hossein/navigation2_stack/install/nav2_costmap_2d:/home/hossein/navigation2_stack/install/nav2_util:/home/hossein/navigation2_stack/install/nav2_voxel_grid:/home/hossein/navigation2_stack/install/nav2_msgs:/home/hossein/navigation2_stack/install/nav2_common:${AMENT_PREFIX_PATH} CMAKE_PREFIX_PATH=/home/hossein/navigation2_stack/install/nav2_costmap_2d:/home/hossein/navigation2_stack/install/nav2_util:/home/hossein/navigation2_stack/install/nav2_voxel_grid:/home/hossein/navigation2_stack/install/nav2_msgs:/home/hossein/navigation2_stack/install/nav2_common:/home/hossein/turtlebot3_ws/install/turtlebot3_simulations:/home/hossein/turtlebot3_ws/install/turtlebot3_gazebo:/home/hossein/turtlebot3_ws/install/turtlebot3_fake_node:/home/hossein/dev_ws/install/vad_utils:/home/hossein/dev_ws/install/user_interface:/home/hossein/dev_ws/install/tf_publisher:/home/hossein/dev_ws/install/overhead_camera_service:/home/hossein/dev_ws/install/nf2:/home/hossein/dev_ws/install/global_planner:/home/hossein/dev_ws/install/custom_msg_srv:/home/hossein/dev_ws/install/py_pubsub:/home/hossein/dev_ws/install/image_segmentation:/opt/ros/foxy LD_LIBRARY_PATH=/home/hossein/navigation2_stack/install/nav2_costmap_2d/lib:/home/hossein/navigation2_stack/install/nav2_util/lib:/home/hossein/navigation2_stack/install/nav2_voxel_grid/lib:/home/hossein/navigation2_stack/install/nav2_msgs/lib:${LD_LIBRARY_PATH} PYTHONPATH=/home/hossein/navigation2_stack/install/nav2_msgs/lib/python3.8/site-packages:/home/hossein/navigation2_stack/install/nav2_common/lib/python3.8/site-packages:${PYTHONPATH} /usr/bin/cmake --install /home/hossein/navigation2_stack/build/costmap_queue
[0.543s] -- Install configuration: "Release"
[0.544s] -- Up-to-date: /home/hossein/navigation2_stack/install/costmap_queue/lib/libcostmap_queue.a
[0.544s] -- Up-to-date: /home/hossein/navigation2_stack/install/costmap_queue/include/
[0.545s] -- Up-to-date: /home/hossein/navigation2_stack/install/costmap_queue/include//costmap_queue
[0.545s] -- Up-to-date: /home/hossein/navigation2_stack/install/costmap_queue/include//costmap_queue/limited_costmap_queue.hpp
[0.545s] -- Up-to-date: /home/hossein/navigation2_stack/install/costmap_queue/include//costmap_queue/costmap_queue.hpp
[0.546s] -- Up-to-date: /home/hossein/navigation2_stack/install/costmap_queue/include//costmap_queue/map_based_queue.hpp
[0.546s] -- Up-to-date: /home/hossein/navigation2_stack/install/costmap_queue/share/costmap_queue/environment/library_path.sh
[0.547s] -- Up-to-date: /home/hossein/navigation2_stack/install/costmap_queue/share/costmap_queue/environment/library_path.dsv
[0.547s] -- Up-to-date: /home/hossein/navigation2_stack/install/costmap_queue/share/ament_index/resource_index/package_run_dependencies/costmap_queue
[0.548s] -- Up-to-date: /home/hossein/navigation2_stack/install/costmap_queue/share/ament_index/resource_index/parent_prefix_path/costmap_queue
[0.548s] -- Up-to-date: /home/hossein/navigation2_stack/install/costmap_queue/share/costmap_queue/environment/ament_prefix_path.sh
[0.549s] -- Up-to-date: /home/hossein/navigation2_stack/install/costmap_queue/share/costmap_queue/environment/ament_prefix_path.dsv
[0.549s] -- Up-to-date: /home/hossein/navigation2_stack/install/costmap_queue/share/costmap_queue/environment/path.sh
[0.550s] -- Up-to-date: /home/hossein/navigation2_stack/install/costmap_queue/share/costmap_queue/environment/path.dsv
[0.550s] -- Up-to-date: /home/hossein/navigation2_stack/install/costmap_queue/share/costmap_queue/local_setup.bash
[0.551s] -- Up-to-date: /home/hossein/navigation2_stack/install/costmap_queue/share/costmap_queue/local_setup.sh
[0.551s] -- Up-to-date: /home/hossein/navigation2_stack/install/costmap_queue/share/costmap_queue/local_setup.zsh
[0.552s] -- Up-to-date: /home/hossein/navigation2_stack/install/costmap_queue/share/costmap_queue/local_setup.dsv
[0.552s] -- Installing: /home/hossein/navigation2_stack/install/costmap_queue/share/costmap_queue/package.dsv
[0.562s] -- Up-to-date: /home/hossein/navigation2_stack/install/costmap_queue/share/ament_index/resource_index/packages/costmap_queue
[0.563s] -- Up-to-date: /home/hossein/navigation2_stack/install/costmap_queue/share/costmap_queue/cmake/ament_cmake_export_include_directories-extras.cmake
[0.563s] -- Up-to-date: /home/hossein/navigation2_stack/install/costmap_queue/share/costmap_queue/cmake/ament_cmake_export_libraries-extras.cmake
[0.570s] -- Up-to-date: /home/hossein/navigation2_stack/install/costmap_queue/share/costmap_queue/cmake/costmap_queueConfig.cmake
[0.577s] -- Up-to-date: /home/hossein/navigation2_stack/install/costmap_queue/share/costmap_queue/cmake/costmap_queueConfig-version.cmake
[0.577s] -- Up-to-date: /home/hossein/navigation2_stack/install/costmap_queue/share/costmap_queue/package.xml
[0.578s] Invoked command in '/home/hossein/navigation2_stack/build/costmap_queue' returned '0': AMENT_PREFIX_PATH=/home/hossein/navigation2_stack/install/nav2_costmap_2d:/home/hossein/navigation2_stack/install/nav2_util:/home/hossein/navigation2_stack/install/nav2_voxel_grid:/home/hossein/navigation2_stack/install/nav2_msgs:/home/hossein/navigation2_stack/install/nav2_common:${AMENT_PREFIX_PATH} CMAKE_PREFIX_PATH=/home/hossein/navigation2_stack/install/nav2_costmap_2d:/home/hossein/navigation2_stack/install/nav2_util:/home/hossein/navigation2_stack/install/nav2_voxel_grid:/home/hossein/navigation2_stack/install/nav2_msgs:/home/hossein/navigation2_stack/install/nav2_common:/home/hossein/turtlebot3_ws/install/turtlebot3_simulations:/home/hossein/turtlebot3_ws/install/turtlebot3_gazebo:/home/hossein/turtlebot3_ws/install/turtlebot3_fake_node:/home/hossein/dev_ws/install/vad_utils:/home/hossein/dev_ws/install/user_interface:/home/hossein/dev_ws/install/tf_publisher:/home/hossein/dev_ws/install/overhead_camera_service:/home/hossein/dev_ws/install/nf2:/home/hossein/dev_ws/install/global_planner:/home/hossein/dev_ws/install/custom_msg_srv:/home/hossein/dev_ws/install/py_pubsub:/home/hossein/dev_ws/install/image_segmentation:/opt/ros/foxy LD_LIBRARY_PATH=/home/hossein/navigation2_stack/install/nav2_costmap_2d/lib:/home/hossein/navigation2_stack/install/nav2_util/lib:/home/hossein/navigation2_stack/install/nav2_voxel_grid/lib:/home/hossein/navigation2_stack/install/nav2_msgs/lib:${LD_LIBRARY_PATH} PYTHONPATH=/home/hossein/navigation2_stack/install/nav2_msgs/lib/python3.8/site-packages:/home/hossein/navigation2_stack/install/nav2_common/lib/python3.8/site-packages:${PYTHONPATH} /usr/bin/cmake --install /home/hossein/navigation2_stack/build/costmap_queue
