[0.020s] Invoking command in '/home/hossein/navigation2_stack/build/dwb_msgs': AMENT_PREFIX_PATH=/home/hossein/navigation2_stack/install/nav_2d_msgs:${AMENT_PREFIX_PATH} CMAKE_PREFIX_PATH=/home/hossein/navigation2_stack/install/nav_2d_msgs:/home/hossein/turtlebot3_ws/install/turtlebot3_simulations:/home/hossein/turtlebot3_ws/install/turtlebot3_gazebo:/home/hossein/turtlebot3_ws/install/turtlebot3_fake_node:/home/hossein/nav2_ws/install/nav2_system_tests:/home/hossein/nav2_ws/install/nav2_bringup:/home/hossein/nav2_ws/install/navigation2:/home/hossein/nav2_ws/install/smac_planner:/home/hossein/nav2_ws/install/nav2_dwb_controller:/home/hossein/nav2_ws/install/nav2_controller:/home/hossein/nav2_ws/install/dwb_plugins:/home/hossein/nav2_ws/install/dwb_critics:/home/hossein/nav2_ws/install/dwb_core:/home/hossein/nav2_ws/install/nav_2d_utils:/home/hossein/nav2_ws/install/dwb_msgs:/home/hossein/nav2_ws/install/nav_2d_msgs:/home/hossein/nav2_ws/install/nav2_waypoint_follower:/home/hossein/nav2_ws/install/nav2_recoveries:/home/hossein/nav2_ws/install/nav2_planner:/home/hossein/nav2_ws/install/nav2_navfn_planner:/home/hossein/nav2_ws/install/nav2_gradient_costmap_plugin:/home/hossein/nav2_ws/install/nav2_core:/home/hossein/nav2_ws/install/costmap_queue:/home/hossein/nav2_ws/install/nav2_costmap_2d:/home/hossein/nav2_ws/install/nav2_voxel_grid:/home/hossein/nav2_ws/install/nav2_rviz_plugins:/home/hossein/nav2_ws/install/nav2_map_server:/home/hossein/nav2_ws/install/nav2_lifecycle_manager:/home/hossein/nav2_ws/install/nav2_bt_navigator:/home/hossein/nav2_ws/install/nav2_behavior_tree:/home/hossein/nav2_ws/install/nav2_amcl:/home/hossein/nav2_ws/install/nav2_util:/home/hossein/nav2_ws/install/nav2_msgs:/home/hossein/nav2_ws/install/nav2_common:/home/hossein/nav2_ws/install/custom_msg_srv:/home/hossein/dev_ws/install/vad_utils:/home/hossein/dev_ws/install/user_interface:/home/hossein/dev_ws/install/tf_publisher:/home/hossein/dev_ws/install/overhead_camera_service:/home/hossein/dev_ws/install/nf2:/home/hossein/dev_ws/install/global_planner:/home/hossein/dev_ws/install/custom_msg_srv:/home/hossein/nav2_ws/install/nav2_gazebo_spawner:/home/hossein/nav2_ws/install/image_segmentation:/home/hossein/dev_ws/install/py_pubsub:/home/hossein/dev_ws/install/image_segmentation:/opt/ros/foxy LD_LIBRARY_PATH=/home/hossein/navigation2_stack/install/nav_2d_msgs/lib:${LD_LIBRARY_PATH} PYTHONPATH=/home/hossein/navigation2_stack/install/nav_2d_msgs/lib/python3.8/site-packages:${PYTHONPATH} /usr/bin/cmake /home/hossein/navigation2_stack/navigation2/nav2_dwb_controller/dwb_msgs -DCMAKE_INSTALL_PREFIX=/home/hossein/navigation2_stack/install/dwb_msgs
[0.119s] -- The C compiler identification is GNU 7.5.0
[0.222s] -- The CXX compiler identification is GNU 7.5.0
[0.231s] -- Check for working C compiler: /usr/bin/cc
[0.328s] -- Check for working C compiler: /usr/bin/cc -- works
[0.334s] -- Detecting C compiler ABI info
[0.419s] -- Detecting C compiler ABI info - done
[0.432s] -- Detecting C compile features
[0.432s] -- Detecting C compile features - done
[0.435s] -- Check for working CXX compiler: /usr/bin/c++
[0.526s] -- Check for working CXX compiler: /usr/bin/c++ -- works
[0.527s] -- Detecting CXX compiler ABI info
[0.622s] -- Detecting CXX compiler ABI info - done
[0.636s] -- Detecting CXX compile features
[0.636s] -- Detecting CXX compile features - done
[0.640s] -- Found builtin_interfaces: 1.0.0 (/opt/ros/foxy/share/builtin_interfaces/cmake)
[0.672s] -- Found PythonInterp: /usr/bin/python3 (found suitable version "3.8.5", minimum required is "3") 
[0.672s] -- Using PYTHON_EXECUTABLE: /usr/bin/python3
[1.005s] -- Using all available rosidl_typesupport_c: rosidl_typesupport_fastrtps_c;rosidl_typesupport_introspection_c
[1.016s] -- Found rosidl_adapter: 1.2.1 (/opt/ros/foxy/share/rosidl_adapter/cmake)
[1.137s] -- Found OpenSSL: /usr/lib/x86_64-linux-gnu/libcrypto.so (found version "1.1.1f")  
[1.184s] -- Found FastRTPS: /opt/ros/foxy/include  
[1.399s] -- Using all available rosidl_typesupport_cpp: rosidl_typesupport_fastrtps_cpp;rosidl_typesupport_introspection_cpp
[1.447s] -- Found geometry_msgs: 2.0.4 (/opt/ros/foxy/share/geometry_msgs/cmake)
[1.579s] -- Found nav_2d_msgs: 0.4.5 (/home/hossein/navigation2_stack/install/nav_2d_msgs/share/nav_2d_msgs/cmake)
[1.755s] -- Found nav_msgs: 2.0.4 (/opt/ros/foxy/share/nav_msgs/cmake)
[1.963s] -- Found rosidl_default_generators: 1.0.1 (/opt/ros/foxy/share/rosidl_default_generators/cmake)
[2.048s] -- Found PythonInterp: /usr/bin/python3 (found version "3.8.5") 
[2.719s] -- Found ament_cmake_ros: 0.9.1 (/opt/ros/foxy/share/ament_cmake_ros/cmake)
[3.552s] -- Using all available rosidl_typesupport_c: rosidl_typesupport_fastrtps_c;rosidl_typesupport_introspection_c
[3.937s] -- Using all available rosidl_typesupport_cpp: rosidl_typesupport_fastrtps_cpp;rosidl_typesupport_introspection_cpp
[4.022s] -- Found PythonInterp: /usr/bin/python3 (found suitable version "3.8.5", minimum required is "3.5") 
[4.028s] -- Found python_cmake_module: 0.8.1 (/opt/ros/foxy/share/python_cmake_module/cmake)
[4.117s] -- Found PythonLibs: /usr/lib/x86_64-linux-gnu/libpython3.8.so (found suitable version "3.8.5", minimum required is "3.5") 
[4.118s] -- Using PYTHON_EXECUTABLE: /usr/bin/python3
[4.118s] -- Using PYTHON_INCLUDE_DIRS: /usr/include/python3.8
[4.118s] -- Using PYTHON_LIBRARIES: /usr/lib/x86_64-linux-gnu/libpython3.8.so
[4.186s] -- Found PythonExtra: .so  
[4.674s] -- Configuring done
[4.937s] -- Generating done
[4.943s] -- Build files have been written to: /home/hossein/navigation2_stack/build/dwb_msgs
[4.965s] Invoked command in '/home/hossein/navigation2_stack/build/dwb_msgs' returned '0': AMENT_PREFIX_PATH=/home/hossein/navigation2_stack/install/nav_2d_msgs:${AMENT_PREFIX_PATH} CMAKE_PREFIX_PATH=/home/hossein/navigation2_stack/install/nav_2d_msgs:/home/hossein/turtlebot3_ws/install/turtlebot3_simulations:/home/hossein/turtlebot3_ws/install/turtlebot3_gazebo:/home/hossein/turtlebot3_ws/install/turtlebot3_fake_node:/home/hossein/nav2_ws/install/nav2_system_tests:/home/hossein/nav2_ws/install/nav2_bringup:/home/hossein/nav2_ws/install/navigation2:/home/hossein/nav2_ws/install/smac_planner:/home/hossein/nav2_ws/install/nav2_dwb_controller:/home/hossein/nav2_ws/install/nav2_controller:/home/hossein/nav2_ws/install/dwb_plugins:/home/hossein/nav2_ws/install/dwb_critics:/home/hossein/nav2_ws/install/dwb_core:/home/hossein/nav2_ws/install/nav_2d_utils:/home/hossein/nav2_ws/install/dwb_msgs:/home/hossein/nav2_ws/install/nav_2d_msgs:/home/hossein/nav2_ws/install/nav2_waypoint_follower:/home/hossein/nav2_ws/install/nav2_recoveries:/home/hossein/nav2_ws/install/nav2_planner:/home/hossein/nav2_ws/install/nav2_navfn_planner:/home/hossein/nav2_ws/install/nav2_gradient_costmap_plugin:/home/hossein/nav2_ws/install/nav2_core:/home/hossein/nav2_ws/install/costmap_queue:/home/hossein/nav2_ws/install/nav2_costmap_2d:/home/hossein/nav2_ws/install/nav2_voxel_grid:/home/hossein/nav2_ws/install/nav2_rviz_plugins:/home/hossein/nav2_ws/install/nav2_map_server:/home/hossein/nav2_ws/install/nav2_lifecycle_manager:/home/hossein/nav2_ws/install/nav2_bt_navigator:/home/hossein/nav2_ws/install/nav2_behavior_tree:/home/hossein/nav2_ws/install/nav2_amcl:/home/hossein/nav2_ws/install/nav2_util:/home/hossein/nav2_ws/install/nav2_msgs:/home/hossein/nav2_ws/install/nav2_common:/home/hossein/nav2_ws/install/custom_msg_srv:/home/hossein/dev_ws/install/vad_utils:/home/hossein/dev_ws/install/user_interface:/home/hossein/dev_ws/install/tf_publisher:/home/hossein/dev_ws/install/overhead_camera_service:/home/hossein/dev_ws/install/nf2:/home/hossein/dev_ws/install/global_planner:/home/hossein/dev_ws/install/custom_msg_srv:/home/hossein/nav2_ws/install/nav2_gazebo_spawner:/home/hossein/nav2_ws/install/image_segmentation:/home/hossein/dev_ws/install/py_pubsub:/home/hossein/dev_ws/install/image_segmentation:/opt/ros/foxy LD_LIBRARY_PATH=/home/hossein/navigation2_stack/install/nav_2d_msgs/lib:${LD_LIBRARY_PATH} PYTHONPATH=/home/hossein/navigation2_stack/install/nav_2d_msgs/lib/python3.8/site-packages:${PYTHONPATH} /usr/bin/cmake /home/hossein/navigation2_stack/navigation2/nav2_dwb_controller/dwb_msgs -DCMAKE_INSTALL_PREFIX=/home/hossein/navigation2_stack/install/dwb_msgs
[4.971s] Invoking command in '/home/hossein/navigation2_stack/build/dwb_msgs': AMENT_PREFIX_PATH=/home/hossein/navigation2_stack/install/nav_2d_msgs:${AMENT_PREFIX_PATH} CMAKE_PREFIX_PATH=/home/hossein/navigation2_stack/install/nav_2d_msgs:/home/hossein/turtlebot3_ws/install/turtlebot3_simulations:/home/hossein/turtlebot3_ws/install/turtlebot3_gazebo:/home/hossein/turtlebot3_ws/install/turtlebot3_fake_node:/home/hossein/nav2_ws/install/nav2_system_tests:/home/hossein/nav2_ws/install/nav2_bringup:/home/hossein/nav2_ws/install/navigation2:/home/hossein/nav2_ws/install/smac_planner:/home/hossein/nav2_ws/install/nav2_dwb_controller:/home/hossein/nav2_ws/install/nav2_controller:/home/hossein/nav2_ws/install/dwb_plugins:/home/hossein/nav2_ws/install/dwb_critics:/home/hossein/nav2_ws/install/dwb_core:/home/hossein/nav2_ws/install/nav_2d_utils:/home/hossein/nav2_ws/install/dwb_msgs:/home/hossein/nav2_ws/install/nav_2d_msgs:/home/hossein/nav2_ws/install/nav2_waypoint_follower:/home/hossein/nav2_ws/install/nav2_recoveries:/home/hossein/nav2_ws/install/nav2_planner:/home/hossein/nav2_ws/install/nav2_navfn_planner:/home/hossein/nav2_ws/install/nav2_gradient_costmap_plugin:/home/hossein/nav2_ws/install/nav2_core:/home/hossein/nav2_ws/install/costmap_queue:/home/hossein/nav2_ws/install/nav2_costmap_2d:/home/hossein/nav2_ws/install/nav2_voxel_grid:/home/hossein/nav2_ws/install/nav2_rviz_plugins:/home/hossein/nav2_ws/install/nav2_map_server:/home/hossein/nav2_ws/install/nav2_lifecycle_manager:/home/hossein/nav2_ws/install/nav2_bt_navigator:/home/hossein/nav2_ws/install/nav2_behavior_tree:/home/hossein/nav2_ws/install/nav2_amcl:/home/hossein/nav2_ws/install/nav2_util:/home/hossein/nav2_ws/install/nav2_msgs:/home/hossein/nav2_ws/install/nav2_common:/home/hossein/nav2_ws/install/custom_msg_srv:/home/hossein/dev_ws/install/vad_utils:/home/hossein/dev_ws/install/user_interface:/home/hossein/dev_ws/install/tf_publisher:/home/hossein/dev_ws/install/overhead_camera_service:/home/hossein/dev_ws/install/nf2:/home/hossein/dev_ws/install/global_planner:/home/hossein/dev_ws/install/custom_msg_srv:/home/hossein/nav2_ws/install/nav2_gazebo_spawner:/home/hossein/nav2_ws/install/image_segmentation:/home/hossein/dev_ws/install/py_pubsub:/home/hossein/dev_ws/install/image_segmentation:/opt/ros/foxy LD_LIBRARY_PATH=/home/hossein/navigation2_stack/install/nav_2d_msgs/lib:${LD_LIBRARY_PATH} PYTHONPATH=/home/hossein/navigation2_stack/install/nav_2d_msgs/lib/python3.8/site-packages:${PYTHONPATH} /usr/bin/cmake --build /home/hossein/navigation2_stack/build/dwb_msgs -- -j8 -l8
[5.151s] [  1%] [34m[1mGenerating C code for ROS interfaces[0m
[5.157s] [35m[1mScanning dependencies of target dwb_msgs__cpp[0m
[5.217s] [  2%] [34m[1mGenerating C++ code for ROS interfaces[0m
[7.685s] [  2%] Built target dwb_msgs__cpp
[7.758s] [  3%] [34m[1mGenerating C++ introspection for ROS interfaces[0m
[7.762s] [  4%] [34m[1mGenerating C++ type support dispatch for ROS interfaces[0m
[7.807s] [  5%] [34m[1mGenerating C++ type support for eProsima Fast-RTPS[0m
[8.307s] [35m[1mScanning dependencies of target dwb_msgs__rosidl_generator_c[0m
[8.398s] [  6%] [32mBuilding C object CMakeFiles/dwb_msgs__rosidl_generator_c.dir/rosidl_generator_c/dwb_msgs/msg/detail/critic_score__functions.c.o[0m
[8.418s] [  8%] [32mBuilding C object CMakeFiles/dwb_msgs__rosidl_generator_c.dir/rosidl_generator_c/dwb_msgs/msg/detail/trajectory2_d__functions.c.o[0m
[8.418s] [  7%] [32mBuilding C object CMakeFiles/dwb_msgs__rosidl_generator_c.dir/rosidl_generator_c/dwb_msgs/msg/detail/local_plan_evaluation__functions.c.o[0m
[8.422s] [  9%] [32mBuilding C object CMakeFiles/dwb_msgs__rosidl_generator_c.dir/rosidl_generator_c/dwb_msgs/msg/detail/trajectory_score__functions.c.o[0m
[8.434s] [ 10%] [32mBuilding C object CMakeFiles/dwb_msgs__rosidl_generator_c.dir/rosidl_generator_c/dwb_msgs/srv/detail/debug_local_plan__functions.c.o[0m
[8.586s] [ 11%] [32mBuilding C object CMakeFiles/dwb_msgs__rosidl_generator_c.dir/rosidl_generator_c/dwb_msgs/srv/detail/generate_trajectory__functions.c.o[0m
[8.592s] [ 12%] [32mBuilding C object CMakeFiles/dwb_msgs__rosidl_generator_c.dir/rosidl_generator_c/dwb_msgs/srv/detail/generate_twists__functions.c.o[0m
[8.629s] [ 13%] [32mBuilding C object CMakeFiles/dwb_msgs__rosidl_generator_c.dir/rosidl_generator_c/dwb_msgs/srv/detail/get_critic_score__functions.c.o[0m
[8.684s] [ 14%] [32mBuilding C object CMakeFiles/dwb_msgs__rosidl_generator_c.dir/rosidl_generator_c/dwb_msgs/srv/detail/score_trajectory__functions.c.o[0m
[8.909s] [ 15%] [32m[1mLinking C shared library libdwb_msgs__rosidl_generator_c.so[0m
[9.147s] [ 15%] Built target dwb_msgs__rosidl_generator_c
[9.200s] [ 16%] [34m[1mGenerating C introspection for ROS interfaces[0m
[9.238s] [ 17%] [34m[1mGenerating C type support dispatch for ROS interfaces[0m
[10.459s] [35m[1mScanning dependencies of target dwb_msgs__rosidl_typesupport_cpp[0m
[10.503s] [35m[1mScanning dependencies of target dwb_msgs__rosidl_typesupport_introspection_cpp[0m
[10.579s] [ 18%] [32mBuilding CXX object CMakeFiles/dwb_msgs__rosidl_typesupport_cpp.dir/rosidl_typesupport_cpp/dwb_msgs/msg/critic_score__type_support.cpp.o[0m
[10.586s] [ 20%] [32mBuilding CXX object CMakeFiles/dwb_msgs__rosidl_typesupport_cpp.dir/rosidl_typesupport_cpp/dwb_msgs/msg/local_plan_evaluation__type_support.cpp.o[0m
[10.593s] [ 21%] [32mBuilding CXX object CMakeFiles/dwb_msgs__rosidl_typesupport_cpp.dir/rosidl_typesupport_cpp/dwb_msgs/msg/trajectory2_d__type_support.cpp.o[0m
[10.598s] [ 22%] [32mBuilding CXX object CMakeFiles/dwb_msgs__rosidl_typesupport_introspection_cpp.dir/rosidl_typesupport_introspection_cpp/dwb_msgs/msg/detail/critic_score__type_support.cpp.o[0m
[10.637s] [ 23%] [32mBuilding CXX object CMakeFiles/dwb_msgs__rosidl_typesupport_introspection_cpp.dir/rosidl_typesupport_introspection_cpp/dwb_msgs/msg/detail/local_plan_evaluation__type_support.cpp.o[0m
[11.248s] [35m[1mScanning dependencies of target dwb_msgs__rosidl_typesupport_fastrtps_cpp[0m
[11.304s] [ 24%] [32mBuilding CXX object CMakeFiles/dwb_msgs__rosidl_typesupport_fastrtps_cpp.dir/rosidl_typesupport_fastrtps_cpp/dwb_msgs/msg/detail/dds_fastrtps/critic_score__type_support.cpp.o[0m
[11.541s] [ 25%] [32mBuilding CXX object CMakeFiles/dwb_msgs__rosidl_typesupport_cpp.dir/rosidl_typesupport_cpp/dwb_msgs/msg/trajectory_score__type_support.cpp.o[0m
[11.577s] [ 26%] [32mBuilding CXX object CMakeFiles/dwb_msgs__rosidl_typesupport_fastrtps_cpp.dir/rosidl_typesupport_fastrtps_cpp/dwb_msgs/msg/detail/dds_fastrtps/local_plan_evaluation__type_support.cpp.o[0m
[11.692s] [ 27%] [32mBuilding CXX object CMakeFiles/dwb_msgs__rosidl_typesupport_introspection_cpp.dir/rosidl_typesupport_introspection_cpp/dwb_msgs/msg/detail/trajectory2_d__type_support.cpp.o[0m
[11.733s] [ 28%] [32mBuilding CXX object CMakeFiles/dwb_msgs__rosidl_typesupport_cpp.dir/rosidl_typesupport_cpp/dwb_msgs/srv/debug_local_plan__type_support.cpp.o[0m
[11.779s] [ 29%] [32mBuilding CXX object CMakeFiles/dwb_msgs__rosidl_typesupport_introspection_cpp.dir/rosidl_typesupport_introspection_cpp/dwb_msgs/msg/detail/trajectory_score__type_support.cpp.o[0m
[11.874s] [35m[1mScanning dependencies of target dwb_msgs__rosidl_typesupport_c[0m
[11.977s] [ 30%] [32mBuilding CXX object CMakeFiles/dwb_msgs__rosidl_typesupport_c.dir/rosidl_typesupport_c/dwb_msgs/msg/critic_score__type_support.cpp.o[0m
[12.133s] [ 31%] [32mBuilding CXX object CMakeFiles/dwb_msgs__rosidl_typesupport_c.dir/rosidl_typesupport_c/dwb_msgs/msg/local_plan_evaluation__type_support.cpp.o[0m
[12.186s] [ 32%] [32mBuilding CXX object CMakeFiles/dwb_msgs__rosidl_typesupport_cpp.dir/rosidl_typesupport_cpp/dwb_msgs/srv/generate_trajectory__type_support.cpp.o[0m
[12.268s] [ 33%] [32mBuilding CXX object CMakeFiles/dwb_msgs__rosidl_typesupport_c.dir/rosidl_typesupport_c/dwb_msgs/msg/trajectory2_d__type_support.cpp.o[0m
[12.270s] [ 34%] [32mBuilding CXX object CMakeFiles/dwb_msgs__rosidl_typesupport_fastrtps_cpp.dir/rosidl_typesupport_fastrtps_cpp/dwb_msgs/msg/detail/dds_fastrtps/trajectory2_d__type_support.cpp.o[0m
[12.292s] [ 35%] [32mBuilding CXX object CMakeFiles/dwb_msgs__rosidl_typesupport_cpp.dir/rosidl_typesupport_cpp/dwb_msgs/srv/generate_twists__type_support.cpp.o[0m
[12.402s] [ 36%] [32mBuilding CXX object CMakeFiles/dwb_msgs__rosidl_typesupport_c.dir/rosidl_typesupport_c/dwb_msgs/msg/trajectory_score__type_support.cpp.o[0m
[12.469s] [ 37%] [32mBuilding CXX object CMakeFiles/dwb_msgs__rosidl_typesupport_introspection_cpp.dir/rosidl_typesupport_introspection_cpp/dwb_msgs/srv/detail/debug_local_plan__type_support.cpp.o[0m
[12.500s] [ 38%] [32mBuilding CXX object CMakeFiles/dwb_msgs__rosidl_typesupport_c.dir/rosidl_typesupport_c/dwb_msgs/srv/debug_local_plan__type_support.cpp.o[0m
[12.505s] [ 40%] [32mBuilding CXX object CMakeFiles/dwb_msgs__rosidl_typesupport_introspection_cpp.dir/rosidl_typesupport_introspection_cpp/dwb_msgs/srv/detail/generate_trajectory__type_support.cpp.o[0m
[12.613s] [ 41%] [32mBuilding CXX object CMakeFiles/dwb_msgs__rosidl_typesupport_fastrtps_cpp.dir/rosidl_typesupport_fastrtps_cpp/dwb_msgs/msg/detail/dds_fastrtps/trajectory_score__type_support.cpp.o[0m
[12.625s] [ 42%] [32mBuilding CXX object CMakeFiles/dwb_msgs__rosidl_typesupport_c.dir/rosidl_typesupport_c/dwb_msgs/srv/generate_trajectory__type_support.cpp.o[0m
[12.646s] [35m[1mScanning dependencies of target dwb_msgs__rosidl_typesupport_introspection_c[0m
[12.670s] [ 43%] [32mBuilding CXX object CMakeFiles/dwb_msgs__rosidl_typesupport_cpp.dir/rosidl_typesupport_cpp/dwb_msgs/srv/get_critic_score__type_support.cpp.o[0m
[12.722s] [ 44%] [32mBuilding C object CMakeFiles/dwb_msgs__rosidl_typesupport_introspection_c.dir/rosidl_typesupport_introspection_c/dwb_msgs/msg/detail/critic_score__type_support.c.o[0m
[12.729s] [ 45%] [32mBuilding CXX object CMakeFiles/dwb_msgs__rosidl_typesupport_c.dir/rosidl_typesupport_c/dwb_msgs/srv/generate_twists__type_support.cpp.o[0m
[12.777s] [ 46%] [32mBuilding C object CMakeFiles/dwb_msgs__rosidl_typesupport_introspection_c.dir/rosidl_typesupport_introspection_c/dwb_msgs/msg/detail/local_plan_evaluation__type_support.c.o[0m
[12.807s] [ 47%] [32mBuilding CXX object CMakeFiles/dwb_msgs__rosidl_typesupport_fastrtps_cpp.dir/rosidl_typesupport_fastrtps_cpp/dwb_msgs/srv/detail/dds_fastrtps/debug_local_plan__type_support.cpp.o[0m
[12.817s] [ 48%] [32mBuilding CXX object CMakeFiles/dwb_msgs__rosidl_typesupport_c.dir/rosidl_typesupport_c/dwb_msgs/srv/get_critic_score__type_support.cpp.o[0m
[12.849s] [ 49%] [32mBuilding C object CMakeFiles/dwb_msgs__rosidl_typesupport_introspection_c.dir/rosidl_typesupport_introspection_c/dwb_msgs/msg/detail/trajectory2_d__type_support.c.o[0m
[12.949s] [ 50%] [32mBuilding CXX object CMakeFiles/dwb_msgs__rosidl_typesupport_c.dir/rosidl_typesupport_c/dwb_msgs/srv/score_trajectory__type_support.cpp.o[0m
[12.974s] [ 51%] [32mBuilding C object CMakeFiles/dwb_msgs__rosidl_typesupport_introspection_c.dir/rosidl_typesupport_introspection_c/dwb_msgs/msg/detail/trajectory_score__type_support.c.o[0m
[13.006s] [ 52%] [32mBuilding CXX object CMakeFiles/dwb_msgs__rosidl_typesupport_introspection_cpp.dir/rosidl_typesupport_introspection_cpp/dwb_msgs/srv/detail/generate_twists__type_support.cpp.o[0m
[13.068s] [ 53%] [32m[1mLinking CXX shared library libdwb_msgs__rosidl_typesupport_c.so[0m
[13.069s] [ 54%] [32mBuilding C object CMakeFiles/dwb_msgs__rosidl_typesupport_introspection_c.dir/rosidl_typesupport_introspection_c/dwb_msgs/srv/detail/debug_local_plan__type_support.c.o[0m
[13.090s] [ 55%] [32mBuilding CXX object CMakeFiles/dwb_msgs__rosidl_typesupport_fastrtps_cpp.dir/rosidl_typesupport_fastrtps_cpp/dwb_msgs/srv/detail/dds_fastrtps/generate_trajectory__type_support.cpp.o[0m
[13.153s] [ 56%] [32mBuilding CXX object CMakeFiles/dwb_msgs__rosidl_typesupport_cpp.dir/rosidl_typesupport_cpp/dwb_msgs/srv/score_trajectory__type_support.cpp.o[0m
[13.155s] [ 57%] [32mBuilding CXX object CMakeFiles/dwb_msgs__rosidl_typesupport_fastrtps_cpp.dir/rosidl_typesupport_fastrtps_cpp/dwb_msgs/srv/detail/dds_fastrtps/generate_twists__type_support.cpp.o[0m
[13.169s] [ 57%] Built target dwb_msgs__rosidl_typesupport_c
[13.187s] [ 58%] [32mBuilding CXX object CMakeFiles/dwb_msgs__rosidl_typesupport_fastrtps_cpp.dir/rosidl_typesupport_fastrtps_cpp/dwb_msgs/srv/detail/dds_fastrtps/get_critic_score__type_support.cpp.o[0m
[13.201s] [ 60%] [32mBuilding C object CMakeFiles/dwb_msgs__rosidl_typesupport_introspection_c.dir/rosidl_typesupport_introspection_c/dwb_msgs/srv/detail/generate_trajectory__type_support.c.o[0m
[13.283s] [ 61%] [32mBuilding C object CMakeFiles/dwb_msgs__rosidl_typesupport_introspection_c.dir/rosidl_typesupport_introspection_c/dwb_msgs/srv/detail/generate_twists__type_support.c.o[0m
[13.377s] [ 62%] [32mBuilding CXX object CMakeFiles/dwb_msgs__rosidl_typesupport_fastrtps_cpp.dir/rosidl_typesupport_fastrtps_cpp/dwb_msgs/srv/detail/dds_fastrtps/score_trajectory__type_support.cpp.o[0m
[13.433s] [ 63%] [32mBuilding C object CMakeFiles/dwb_msgs__rosidl_typesupport_introspection_c.dir/rosidl_typesupport_introspection_c/dwb_msgs/srv/detail/get_critic_score__type_support.c.o[0m
[13.517s] [ 64%] [32mBuilding CXX object CMakeFiles/dwb_msgs__rosidl_typesupport_introspection_cpp.dir/rosidl_typesupport_introspection_cpp/dwb_msgs/srv/detail/get_critic_score__type_support.cpp.o[0m
[13.531s] [ 65%] [32mBuilding CXX object CMakeFiles/dwb_msgs__rosidl_typesupport_introspection_cpp.dir/rosidl_typesupport_introspection_cpp/dwb_msgs/srv/detail/score_trajectory__type_support.cpp.o[0m
[13.617s] [ 66%] [32mBuilding C object CMakeFiles/dwb_msgs__rosidl_typesupport_introspection_c.dir/rosidl_typesupport_introspection_c/dwb_msgs/srv/detail/score_trajectory__type_support.c.o[0m
[13.734s] [ 67%] [32m[1mLinking CXX shared library libdwb_msgs__rosidl_typesupport_cpp.so[0m
[13.767s] [ 68%] [32m[1mLinking C shared library libdwb_msgs__rosidl_typesupport_introspection_c.so[0m
[13.872s] [ 68%] Built target dwb_msgs__rosidl_typesupport_cpp
[13.895s] [ 68%] Built target dwb_msgs__rosidl_typesupport_introspection_c
[14.004s] [ 69%] [32m[1mLinking CXX shared library libdwb_msgs__rosidl_typesupport_introspection_cpp.so[0m
[14.029s] [ 70%] [32m[1mLinking CXX shared library libdwb_msgs__rosidl_typesupport_fastrtps_cpp.so[0m
[14.131s] [ 70%] Built target dwb_msgs__rosidl_typesupport_introspection_cpp
[14.171s] [ 70%] Built target dwb_msgs__rosidl_typesupport_fastrtps_cpp
[14.187s] [ 71%] [34m[1mGenerating C type support for eProsima Fast-RTPS[0m
[14.988s] [35m[1mScanning dependencies of target dwb_msgs__rosidl_typesupport_fastrtps_c[0m
[15.031s] [ 72%] [32mBuilding CXX object CMakeFiles/dwb_msgs__rosidl_typesupport_fastrtps_c.dir/rosidl_typesupport_fastrtps_c/dwb_msgs/srv/detail/generate_trajectory__type_support_c.cpp.o[0m
[15.031s] [ 73%] [32mBuilding CXX object CMakeFiles/dwb_msgs__rosidl_typesupport_fastrtps_c.dir/rosidl_typesupport_fastrtps_c/dwb_msgs/msg/detail/local_plan_evaluation__type_support_c.cpp.o[0m
[15.032s] [ 74%] [32mBuilding CXX object CMakeFiles/dwb_msgs__rosidl_typesupport_fastrtps_c.dir/rosidl_typesupport_fastrtps_c/dwb_msgs/msg/detail/trajectory2_d__type_support_c.cpp.o[0m
[15.032s] [ 75%] [32mBuilding CXX object CMakeFiles/dwb_msgs__rosidl_typesupport_fastrtps_c.dir/rosidl_typesupport_fastrtps_c/dwb_msgs/msg/detail/trajectory_score__type_support_c.cpp.o[0m
[15.032s] [ 76%] [32mBuilding CXX object CMakeFiles/dwb_msgs__rosidl_typesupport_fastrtps_c.dir/rosidl_typesupport_fastrtps_c/dwb_msgs/msg/detail/critic_score__type_support_c.cpp.o[0m
[15.033s] [ 77%] [32mBuilding CXX object CMakeFiles/dwb_msgs__rosidl_typesupport_fastrtps_c.dir/rosidl_typesupport_fastrtps_c/dwb_msgs/srv/detail/debug_local_plan__type_support_c.cpp.o[0m
[15.043s] [ 78%] [32mBuilding CXX object CMakeFiles/dwb_msgs__rosidl_typesupport_fastrtps_c.dir/rosidl_typesupport_fastrtps_c/dwb_msgs/srv/detail/generate_twists__type_support_c.cpp.o[0m
[15.047s] [ 80%] [32mBuilding CXX object CMakeFiles/dwb_msgs__rosidl_typesupport_fastrtps_c.dir/rosidl_typesupport_fastrtps_c/dwb_msgs/srv/detail/get_critic_score__type_support_c.cpp.o[0m
[15.593s] [ 81%] [32mBuilding CXX object CMakeFiles/dwb_msgs__rosidl_typesupport_fastrtps_c.dir/rosidl_typesupport_fastrtps_c/dwb_msgs/srv/detail/score_trajectory__type_support_c.cpp.o[0m
[15.916s] [ 82%] [32m[1mLinking CXX shared library libdwb_msgs__rosidl_typesupport_fastrtps_c.so[0m
[16.029s] [ 82%] Built target dwb_msgs__rosidl_typesupport_fastrtps_c
[16.043s] [35m[1mScanning dependencies of target dwb_msgs[0m
[16.058s] [ 82%] Built target dwb_msgs
[16.071s] [35m[1mScanning dependencies of target dwb_msgs__py[0m
[16.086s] [ 83%] [34m[1mGenerating Python code for ROS interfaces[0m
[19.135s] [ 83%] Built target dwb_msgs__py
[19.149s] [35m[1mScanning dependencies of target dwb_msgs__python[0m
[19.198s] [ 84%] [32mBuilding C object CMakeFiles/dwb_msgs__python.dir/rosidl_generator_py/dwb_msgs/msg/_critic_score_s.c.o[0m
[19.202s] [ 85%] [32mBuilding C object CMakeFiles/dwb_msgs__python.dir/rosidl_generator_py/dwb_msgs/msg/_local_plan_evaluation_s.c.o[0m
[19.202s] [ 89%] [32mBuilding C object CMakeFiles/dwb_msgs__python.dir/rosidl_generator_py/dwb_msgs/srv/_debug_local_plan_s.c.o[0m
[19.202s] [ 89%] [32mBuilding C object CMakeFiles/dwb_msgs__python.dir/rosidl_generator_py/dwb_msgs/srv/_generate_trajectory_s.c.o[0m
[19.202s] [ 87%] [32mBuilding C object CMakeFiles/dwb_msgs__python.dir/rosidl_generator_py/dwb_msgs/msg/_trajectory2_d_s.c.o[0m
[19.203s] [ 91%] [32mBuilding C object CMakeFiles/dwb_msgs__python.dir/rosidl_generator_py/dwb_msgs/srv/_get_critic_score_s.c.o[0m
[19.204s] [ 90%] [32mBuilding C object CMakeFiles/dwb_msgs__python.dir/rosidl_generator_py/dwb_msgs/srv/_generate_twists_s.c.o[0m
[19.204s] [ 90%] [32mBuilding C object CMakeFiles/dwb_msgs__python.dir/rosidl_generator_py/dwb_msgs/msg/_trajectory_score_s.c.o[0m
[19.364s] [ 92%] [32mBuilding C object CMakeFiles/dwb_msgs__python.dir/rosidl_generator_py/dwb_msgs/srv/_score_trajectory_s.c.o[0m
[19.459s] [ 93%] [32m[1mLinking C shared library rosidl_generator_py/dwb_msgs/libdwb_msgs__python.so[0m
[19.519s] [ 93%] Built target dwb_msgs__python
[19.532s] [35m[1mScanning dependencies of target dwb_msgs__rosidl_typesupport_c__pyext[0m
[19.532s] [35m[1mScanning dependencies of target dwb_msgs__rosidl_typesupport_introspection_c__pyext[0m
[19.532s] [35m[1mScanning dependencies of target dwb_msgs__rosidl_typesupport_fastrtps_c__pyext[0m
[19.573s] [ 94%] [32mBuilding C object CMakeFiles/dwb_msgs__rosidl_typesupport_c__pyext.dir/rosidl_generator_py/dwb_msgs/_dwb_msgs_s.ep.rosidl_typesupport_c.c.o[0m
[19.591s] [ 95%] [32mBuilding C object CMakeFiles/dwb_msgs__rosidl_typesupport_introspection_c__pyext.dir/rosidl_generator_py/dwb_msgs/_dwb_msgs_s.ep.rosidl_typesupport_introspection_c.c.o[0m
[19.600s] [ 96%] [32mBuilding C object CMakeFiles/dwb_msgs__rosidl_typesupport_fastrtps_c__pyext.dir/rosidl_generator_py/dwb_msgs/_dwb_msgs_s.ep.rosidl_typesupport_fastrtps_c.c.o[0m
[19.743s] [ 97%] [32m[1mLinking C shared library rosidl_generator_py/dwb_msgs/dwb_msgs_s__rosidl_typesupport_c.cpython-38-x86_64-linux-gnu.so[0m
[19.769s] [ 98%] [32m[1mLinking C shared library rosidl_generator_py/dwb_msgs/dwb_msgs_s__rosidl_typesupport_introspection_c.cpython-38-x86_64-linux-gnu.so[0m
[19.780s] [100%] [32m[1mLinking CXX shared library rosidl_generator_py/dwb_msgs/dwb_msgs_s__rosidl_typesupport_fastrtps_c.cpython-38-x86_64-linux-gnu.so[0m
[19.798s] [100%] Built target dwb_msgs__rosidl_typesupport_c__pyext
[19.825s] [100%] Built target dwb_msgs__rosidl_typesupport_introspection_c__pyext
[19.870s] [100%] Built target dwb_msgs__rosidl_typesupport_fastrtps_c__pyext
[19.886s] Invoked command in '/home/hossein/navigation2_stack/build/dwb_msgs' returned '0': AMENT_PREFIX_PATH=/home/hossein/navigation2_stack/install/nav_2d_msgs:${AMENT_PREFIX_PATH} CMAKE_PREFIX_PATH=/home/hossein/navigation2_stack/install/nav_2d_msgs:/home/hossein/turtlebot3_ws/install/turtlebot3_simulations:/home/hossein/turtlebot3_ws/install/turtlebot3_gazebo:/home/hossein/turtlebot3_ws/install/turtlebot3_fake_node:/home/hossein/nav2_ws/install/nav2_system_tests:/home/hossein/nav2_ws/install/nav2_bringup:/home/hossein/nav2_ws/install/navigation2:/home/hossein/nav2_ws/install/smac_planner:/home/hossein/nav2_ws/install/nav2_dwb_controller:/home/hossein/nav2_ws/install/nav2_controller:/home/hossein/nav2_ws/install/dwb_plugins:/home/hossein/nav2_ws/install/dwb_critics:/home/hossein/nav2_ws/install/dwb_core:/home/hossein/nav2_ws/install/nav_2d_utils:/home/hossein/nav2_ws/install/dwb_msgs:/home/hossein/nav2_ws/install/nav_2d_msgs:/home/hossein/nav2_ws/install/nav2_waypoint_follower:/home/hossein/nav2_ws/install/nav2_recoveries:/home/hossein/nav2_ws/install/nav2_planner:/home/hossein/nav2_ws/install/nav2_navfn_planner:/home/hossein/nav2_ws/install/nav2_gradient_costmap_plugin:/home/hossein/nav2_ws/install/nav2_core:/home/hossein/nav2_ws/install/costmap_queue:/home/hossein/nav2_ws/install/nav2_costmap_2d:/home/hossein/nav2_ws/install/nav2_voxel_grid:/home/hossein/nav2_ws/install/nav2_rviz_plugins:/home/hossein/nav2_ws/install/nav2_map_server:/home/hossein/nav2_ws/install/nav2_lifecycle_manager:/home/hossein/nav2_ws/install/nav2_bt_navigator:/home/hossein/nav2_ws/install/nav2_behavior_tree:/home/hossein/nav2_ws/install/nav2_amcl:/home/hossein/nav2_ws/install/nav2_util:/home/hossein/nav2_ws/install/nav2_msgs:/home/hossein/nav2_ws/install/nav2_common:/home/hossein/nav2_ws/install/custom_msg_srv:/home/hossein/dev_ws/install/vad_utils:/home/hossein/dev_ws/install/user_interface:/home/hossein/dev_ws/install/tf_publisher:/home/hossein/dev_ws/install/overhead_camera_service:/home/hossein/dev_ws/install/nf2:/home/hossein/dev_ws/install/global_planner:/home/hossein/dev_ws/install/custom_msg_srv:/home/hossein/nav2_ws/install/nav2_gazebo_spawner:/home/hossein/nav2_ws/install/image_segmentation:/home/hossein/dev_ws/install/py_pubsub:/home/hossein/dev_ws/install/image_segmentation:/opt/ros/foxy LD_LIBRARY_PATH=/home/hossein/navigation2_stack/install/nav_2d_msgs/lib:${LD_LIBRARY_PATH} PYTHONPATH=/home/hossein/navigation2_stack/install/nav_2d_msgs/lib/python3.8/site-packages:${PYTHONPATH} /usr/bin/cmake --build /home/hossein/navigation2_stack/build/dwb_msgs -- -j8 -l8
[20.179s] Invoking command in '/home/hossein/navigation2_stack/build/dwb_msgs': AMENT_PREFIX_PATH=/home/hossein/navigation2_stack/install/nav_2d_msgs:${AMENT_PREFIX_PATH} CMAKE_PREFIX_PATH=/home/hossein/navigation2_stack/install/nav_2d_msgs:/home/hossein/turtlebot3_ws/install/turtlebot3_simulations:/home/hossein/turtlebot3_ws/install/turtlebot3_gazebo:/home/hossein/turtlebot3_ws/install/turtlebot3_fake_node:/home/hossein/nav2_ws/install/nav2_system_tests:/home/hossein/nav2_ws/install/nav2_bringup:/home/hossein/nav2_ws/install/navigation2:/home/hossein/nav2_ws/install/smac_planner:/home/hossein/nav2_ws/install/nav2_dwb_controller:/home/hossein/nav2_ws/install/nav2_controller:/home/hossein/nav2_ws/install/dwb_plugins:/home/hossein/nav2_ws/install/dwb_critics:/home/hossein/nav2_ws/install/dwb_core:/home/hossein/nav2_ws/install/nav_2d_utils:/home/hossein/nav2_ws/install/dwb_msgs:/home/hossein/nav2_ws/install/nav_2d_msgs:/home/hossein/nav2_ws/install/nav2_waypoint_follower:/home/hossein/nav2_ws/install/nav2_recoveries:/home/hossein/nav2_ws/install/nav2_planner:/home/hossein/nav2_ws/install/nav2_navfn_planner:/home/hossein/nav2_ws/install/nav2_gradient_costmap_plugin:/home/hossein/nav2_ws/install/nav2_core:/home/hossein/nav2_ws/install/costmap_queue:/home/hossein/nav2_ws/install/nav2_costmap_2d:/home/hossein/nav2_ws/install/nav2_voxel_grid:/home/hossein/nav2_ws/install/nav2_rviz_plugins:/home/hossein/nav2_ws/install/nav2_map_server:/home/hossein/nav2_ws/install/nav2_lifecycle_manager:/home/hossein/nav2_ws/install/nav2_bt_navigator:/home/hossein/nav2_ws/install/nav2_behavior_tree:/home/hossein/nav2_ws/install/nav2_amcl:/home/hossein/nav2_ws/install/nav2_util:/home/hossein/nav2_ws/install/nav2_msgs:/home/hossein/nav2_ws/install/nav2_common:/home/hossein/nav2_ws/install/custom_msg_srv:/home/hossein/dev_ws/install/vad_utils:/home/hossein/dev_ws/install/user_interface:/home/hossein/dev_ws/install/tf_publisher:/home/hossein/dev_ws/install/overhead_camera_service:/home/hossein/dev_ws/install/nf2:/home/hossein/dev_ws/install/global_planner:/home/hossein/dev_ws/install/custom_msg_srv:/home/hossein/nav2_ws/install/nav2_gazebo_spawner:/home/hossein/nav2_ws/install/image_segmentation:/home/hossein/dev_ws/install/py_pubsub:/home/hossein/dev_ws/install/image_segmentation:/opt/ros/foxy LD_LIBRARY_PATH=/home/hossein/navigation2_stack/install/nav_2d_msgs/lib:${LD_LIBRARY_PATH} PYTHONPATH=/home/hossein/navigation2_stack/install/nav_2d_msgs/lib/python3.8/site-packages:${PYTHONPATH} /usr/bin/cmake --install /home/hossein/navigation2_stack/build/dwb_msgs
[20.192s] -- Install configuration: ""
[20.192s] -- Installing: /home/hossein/navigation2_stack/install/dwb_msgs/share/ament_index/resource_index/rosidl_interfaces/dwb_msgs
[20.192s] -- Installing: /home/hossein/navigation2_stack/install/dwb_msgs/include/dwb_msgs
[20.192s] -- Installing: /home/hossein/navigation2_stack/install/dwb_msgs/include/dwb_msgs/srv
[20.192s] -- Installing: /home/hossein/navigation2_stack/install/dwb_msgs/include/dwb_msgs/srv/get_critic_score.h
[20.193s] -- Installing: /home/hossein/navigation2_stack/install/dwb_msgs/include/dwb_msgs/srv/detail
[20.193s] -- Installing: /home/hossein/navigation2_stack/install/dwb_msgs/include/dwb_msgs/srv/detail/generate_twists__functions.c
[20.193s] -- Installing: /home/hossein/navigation2_stack/install/dwb_msgs/include/dwb_msgs/srv/detail/debug_local_plan__struct.h
[20.193s] -- Installing: /home/hossein/navigation2_stack/install/dwb_msgs/include/dwb_msgs/srv/detail/generate_twists__type_support.h
[20.193s] -- Installing: /home/hossein/navigation2_stack/install/dwb_msgs/include/dwb_msgs/srv/detail/generate_trajectory__functions.h
[20.193s] -- Installing: /home/hossein/navigation2_stack/install/dwb_msgs/include/dwb_msgs/srv/detail/get_critic_score__struct.h
[20.193s] -- Installing: /home/hossein/navigation2_stack/install/dwb_msgs/include/dwb_msgs/srv/detail/score_trajectory__struct.h
[20.193s] -- Installing: /home/hossein/navigation2_stack/install/dwb_msgs/include/dwb_msgs/srv/detail/generate_twists__functions.h
[20.193s] -- Installing: /home/hossein/navigation2_stack/install/dwb_msgs/include/dwb_msgs/srv/detail/get_critic_score__functions.c
[20.193s] -- Installing: /home/hossein/navigation2_stack/install/dwb_msgs/include/dwb_msgs/srv/detail/generate_trajectory__functions.c
[20.193s] -- Installing: /home/hossein/navigation2_stack/install/dwb_msgs/include/dwb_msgs/srv/detail/score_trajectory__functions.c
[20.194s] -- Installing: /home/hossein/navigation2_stack/install/dwb_msgs/include/dwb_msgs/srv/detail/get_critic_score__type_support.h
[20.194s] -- Installing: /home/hossein/navigation2_stack/install/dwb_msgs/include/dwb_msgs/srv/detail/generate_trajectory__struct.h
[20.194s] -- Installing: /home/hossein/navigation2_stack/install/dwb_msgs/include/dwb_msgs/srv/detail/score_trajectory__functions.h
[20.194s] -- Installing: /home/hossein/navigation2_stack/install/dwb_msgs/include/dwb_msgs/srv/detail/generate_twists__struct.h
[20.194s] -- Installing: /home/hossein/navigation2_stack/install/dwb_msgs/include/dwb_msgs/srv/detail/debug_local_plan__type_support.h
[20.194s] -- Installing: /home/hossein/navigation2_stack/install/dwb_msgs/include/dwb_msgs/srv/detail/score_trajectory__type_support.h
[20.194s] -- Installing: /home/hossein/navigation2_stack/install/dwb_msgs/include/dwb_msgs/srv/detail/debug_local_plan__functions.c
[20.194s] -- Installing: /home/hossein/navigation2_stack/install/dwb_msgs/include/dwb_msgs/srv/detail/generate_trajectory__type_support.h
[20.194s] -- Installing: /home/hossein/navigation2_stack/install/dwb_msgs/include/dwb_msgs/srv/detail/debug_local_plan__functions.h
[20.194s] -- Installing: /home/hossein/navigation2_stack/install/dwb_msgs/include/dwb_msgs/srv/detail/get_critic_score__functions.h
[20.194s] -- Installing: /home/hossein/navigation2_stack/install/dwb_msgs/include/dwb_msgs/srv/generate_twists.h
[20.194s] -- Installing: /home/hossein/navigation2_stack/install/dwb_msgs/include/dwb_msgs/srv/debug_local_plan.h
[20.195s] -- Installing: /home/hossein/navigation2_stack/install/dwb_msgs/include/dwb_msgs/srv/score_trajectory.h
[20.195s] -- Installing: /home/hossein/navigation2_stack/install/dwb_msgs/include/dwb_msgs/srv/generate_trajectory.h
[20.195s] -- Installing: /home/hossein/navigation2_stack/install/dwb_msgs/include/dwb_msgs/msg
[20.195s] -- Installing: /home/hossein/navigation2_stack/install/dwb_msgs/include/dwb_msgs/msg/rosidl_generator_c__visibility_control.h
[20.195s] -- Installing: /home/hossein/navigation2_stack/install/dwb_msgs/include/dwb_msgs/msg/trajectory2_d.h
[20.195s] -- Installing: /home/hossein/navigation2_stack/install/dwb_msgs/include/dwb_msgs/msg/critic_score.h
[20.195s] -- Installing: /home/hossein/navigation2_stack/install/dwb_msgs/include/dwb_msgs/msg/detail
[20.195s] -- Installing: /home/hossein/navigation2_stack/install/dwb_msgs/include/dwb_msgs/msg/detail/trajectory2_d__functions.h
[20.195s] -- Installing: /home/hossein/navigation2_stack/install/dwb_msgs/include/dwb_msgs/msg/detail/critic_score__functions.h
[20.195s] -- Installing: /home/hossein/navigation2_stack/install/dwb_msgs/include/dwb_msgs/msg/detail/critic_score__type_support.h
[20.195s] -- Installing: /home/hossein/navigation2_stack/install/dwb_msgs/include/dwb_msgs/msg/detail/trajectory_score__functions.h
[20.195s] -- Installing: /home/hossein/navigation2_stack/install/dwb_msgs/include/dwb_msgs/msg/detail/critic_score__functions.c
[20.196s] -- Installing: /home/hossein/navigation2_stack/install/dwb_msgs/include/dwb_msgs/msg/detail/trajectory2_d__functions.c
[20.196s] -- Installing: /home/hossein/navigation2_stack/install/dwb_msgs/include/dwb_msgs/msg/detail/local_plan_evaluation__functions.c
[20.196s] -- Installing: /home/hossein/navigation2_stack/install/dwb_msgs/include/dwb_msgs/msg/detail/local_plan_evaluation__struct.h
[20.196s] -- Installing: /home/hossein/navigation2_stack/install/dwb_msgs/include/dwb_msgs/msg/detail/trajectory2_d__type_support.h
[20.196s] -- Installing: /home/hossein/navigation2_stack/install/dwb_msgs/include/dwb_msgs/msg/detail/local_plan_evaluation__functions.h
[20.196s] -- Installing: /home/hossein/navigation2_stack/install/dwb_msgs/include/dwb_msgs/msg/detail/trajectory_score__struct.h
[20.196s] -- Installing: /home/hossein/navigation2_stack/install/dwb_msgs/include/dwb_msgs/msg/detail/trajectory_score__functions.c
[20.196s] -- Installing: /home/hossein/navigation2_stack/install/dwb_msgs/include/dwb_msgs/msg/detail/local_plan_evaluation__type_support.h
[20.196s] -- Installing: /home/hossein/navigation2_stack/install/dwb_msgs/include/dwb_msgs/msg/detail/critic_score__struct.h
[20.196s] -- Installing: /home/hossein/navigation2_stack/install/dwb_msgs/include/dwb_msgs/msg/detail/trajectory_score__type_support.h
[20.196s] -- Installing: /home/hossein/navigation2_stack/install/dwb_msgs/include/dwb_msgs/msg/detail/trajectory2_d__struct.h
[20.196s] -- Installing: /home/hossein/navigation2_stack/install/dwb_msgs/include/dwb_msgs/msg/local_plan_evaluation.h
[20.196s] -- Installing: /home/hossein/navigation2_stack/install/dwb_msgs/include/dwb_msgs/msg/trajectory_score.h
[20.197s] -- Installing: /home/hossein/navigation2_stack/install/dwb_msgs/share/dwb_msgs/environment/library_path.sh
[20.197s] -- Installing: /home/hossein/navigation2_stack/install/dwb_msgs/share/dwb_msgs/environment/library_path.dsv
[20.197s] -- Installing: /home/hossein/navigation2_stack/install/dwb_msgs/lib/libdwb_msgs__rosidl_generator_c.so
[20.197s] -- Set runtime path of "/home/hossein/navigation2_stack/install/dwb_msgs/lib/libdwb_msgs__rosidl_generator_c.so" to ""
[20.197s] -- Up-to-date: /home/hossein/navigation2_stack/install/dwb_msgs/include/dwb_msgs
[20.197s] -- Up-to-date: /home/hossein/navigation2_stack/install/dwb_msgs/include/dwb_msgs/srv
[20.197s] -- Up-to-date: /home/hossein/navigation2_stack/install/dwb_msgs/include/dwb_msgs/srv/detail
[20.197s] -- Installing: /home/hossein/navigation2_stack/install/dwb_msgs/include/dwb_msgs/srv/detail/debug_local_plan__rosidl_typesupport_fastrtps_c.h
[20.197s] -- Installing: /home/hossein/navigation2_stack/install/dwb_msgs/include/dwb_msgs/srv/detail/generate_twists__rosidl_typesupport_fastrtps_c.h
[20.197s] -- Installing: /home/hossein/navigation2_stack/install/dwb_msgs/include/dwb_msgs/srv/detail/score_trajectory__rosidl_typesupport_fastrtps_c.h
[20.197s] -- Installing: /home/hossein/navigation2_stack/install/dwb_msgs/include/dwb_msgs/srv/detail/generate_trajectory__rosidl_typesupport_fastrtps_c.h
[20.198s] -- Installing: /home/hossein/navigation2_stack/install/dwb_msgs/include/dwb_msgs/srv/detail/get_critic_score__rosidl_typesupport_fastrtps_c.h
[20.198s] -- Up-to-date: /home/hossein/navigation2_stack/install/dwb_msgs/include/dwb_msgs/msg
[20.198s] -- Installing: /home/hossein/navigation2_stack/install/dwb_msgs/include/dwb_msgs/msg/rosidl_typesupport_fastrtps_c__visibility_control.h
[20.198s] -- Up-to-date: /home/hossein/navigation2_stack/install/dwb_msgs/include/dwb_msgs/msg/detail
[20.198s] -- Installing: /home/hossein/navigation2_stack/install/dwb_msgs/include/dwb_msgs/msg/detail/trajectory_score__rosidl_typesupport_fastrtps_c.h
[20.198s] -- Installing: /home/hossein/navigation2_stack/install/dwb_msgs/include/dwb_msgs/msg/detail/local_plan_evaluation__rosidl_typesupport_fastrtps_c.h
[20.198s] -- Installing: /home/hossein/navigation2_stack/install/dwb_msgs/include/dwb_msgs/msg/detail/trajectory2_d__rosidl_typesupport_fastrtps_c.h
[20.198s] -- Installing: /home/hossein/navigation2_stack/install/dwb_msgs/include/dwb_msgs/msg/detail/critic_score__rosidl_typesupport_fastrtps_c.h
[20.198s] -- Installing: /home/hossein/navigation2_stack/install/dwb_msgs/lib/libdwb_msgs__rosidl_typesupport_fastrtps_c.so
[20.198s] -- Set runtime path of "/home/hossein/navigation2_stack/install/dwb_msgs/lib/libdwb_msgs__rosidl_typesupport_fastrtps_c.so" to ""
[20.199s] -- Up-to-date: /home/hossein/navigation2_stack/install/dwb_msgs/include/dwb_msgs
[20.199s] -- Up-to-date: /home/hossein/navigation2_stack/install/dwb_msgs/include/dwb_msgs/srv
[20.199s] -- Up-to-date: /home/hossein/navigation2_stack/install/dwb_msgs/include/dwb_msgs/srv/detail
[20.199s] -- Installing: /home/hossein/navigation2_stack/install/dwb_msgs/include/dwb_msgs/srv/detail/generate_twists__rosidl_typesupport_fastrtps_cpp.hpp
[20.199s] -- Installing: /home/hossein/navigation2_stack/install/dwb_msgs/include/dwb_msgs/srv/detail/get_critic_score__rosidl_typesupport_fastrtps_cpp.hpp
[20.199s] -- Installing: /home/hossein/navigation2_stack/install/dwb_msgs/include/dwb_msgs/srv/detail/generate_trajectory__rosidl_typesupport_fastrtps_cpp.hpp
[20.199s] -- Installing: /home/hossein/navigation2_stack/install/dwb_msgs/include/dwb_msgs/srv/detail/score_trajectory__rosidl_typesupport_fastrtps_cpp.hpp
[20.199s] -- Installing: /home/hossein/navigation2_stack/install/dwb_msgs/include/dwb_msgs/srv/detail/dds_fastrtps
[20.199s] -- Installing: /home/hossein/navigation2_stack/install/dwb_msgs/include/dwb_msgs/srv/detail/debug_local_plan__rosidl_typesupport_fastrtps_cpp.hpp
[20.199s] -- Up-to-date: /home/hossein/navigation2_stack/install/dwb_msgs/include/dwb_msgs/msg
[20.199s] -- Up-to-date: /home/hossein/navigation2_stack/install/dwb_msgs/include/dwb_msgs/msg/detail
[20.199s] -- Installing: /home/hossein/navigation2_stack/install/dwb_msgs/include/dwb_msgs/msg/detail/trajectory2_d__rosidl_typesupport_fastrtps_cpp.hpp
[20.200s] -- Installing: /home/hossein/navigation2_stack/install/dwb_msgs/include/dwb_msgs/msg/detail/trajectory_score__rosidl_typesupport_fastrtps_cpp.hpp
[20.200s] -- Installing: /home/hossein/navigation2_stack/install/dwb_msgs/include/dwb_msgs/msg/detail/dds_fastrtps
[20.200s] -- Installing: /home/hossein/navigation2_stack/install/dwb_msgs/include/dwb_msgs/msg/detail/local_plan_evaluation__rosidl_typesupport_fastrtps_cpp.hpp
[20.200s] -- Installing: /home/hossein/navigation2_stack/install/dwb_msgs/include/dwb_msgs/msg/detail/critic_score__rosidl_typesupport_fastrtps_cpp.hpp
[20.200s] -- Installing: /home/hossein/navigation2_stack/install/dwb_msgs/include/dwb_msgs/msg/rosidl_typesupport_fastrtps_cpp__visibility_control.h
[20.200s] -- Installing: /home/hossein/navigation2_stack/install/dwb_msgs/lib/libdwb_msgs__rosidl_typesupport_fastrtps_cpp.so
[20.200s] -- Set runtime path of "/home/hossein/navigation2_stack/install/dwb_msgs/lib/libdwb_msgs__rosidl_typesupport_fastrtps_cpp.so" to ""
[20.200s] -- Up-to-date: /home/hossein/navigation2_stack/install/dwb_msgs/include/dwb_msgs
[20.200s] -- Up-to-date: /home/hossein/navigation2_stack/install/dwb_msgs/include/dwb_msgs/srv
[20.201s] -- Up-to-date: /home/hossein/navigation2_stack/install/dwb_msgs/include/dwb_msgs/srv/detail
[20.201s] -- Installing: /home/hossein/navigation2_stack/install/dwb_msgs/include/dwb_msgs/srv/detail/score_trajectory__type_support.c
[20.201s] -- Installing: /home/hossein/navigation2_stack/install/dwb_msgs/include/dwb_msgs/srv/detail/generate_twists__type_support.c
[20.201s] -- Installing: /home/hossein/navigation2_stack/install/dwb_msgs/include/dwb_msgs/srv/detail/generate_trajectory__type_support.c
[20.201s] -- Installing: /home/hossein/navigation2_stack/install/dwb_msgs/include/dwb_msgs/srv/detail/generate_twists__rosidl_typesupport_introspection_c.h
[20.201s] -- Installing: /home/hossein/navigation2_stack/install/dwb_msgs/include/dwb_msgs/srv/detail/score_trajectory__rosidl_typesupport_introspection_c.h
[20.201s] -- Installing: /home/hossein/navigation2_stack/install/dwb_msgs/include/dwb_msgs/srv/detail/get_critic_score__type_support.c
[20.201s] -- Installing: /home/hossein/navigation2_stack/install/dwb_msgs/include/dwb_msgs/srv/detail/generate_trajectory__rosidl_typesupport_introspection_c.h
[20.201s] -- Installing: /home/hossein/navigation2_stack/install/dwb_msgs/include/dwb_msgs/srv/detail/get_critic_score__rosidl_typesupport_introspection_c.h
[20.201s] -- Installing: /home/hossein/navigation2_stack/install/dwb_msgs/include/dwb_msgs/srv/detail/debug_local_plan__rosidl_typesupport_introspection_c.h
[20.202s] -- Installing: /home/hossein/navigation2_stack/install/dwb_msgs/include/dwb_msgs/srv/detail/debug_local_plan__type_support.c
[20.202s] -- Up-to-date: /home/hossein/navigation2_stack/install/dwb_msgs/include/dwb_msgs/msg
[20.202s] -- Up-to-date: /home/hossein/navigation2_stack/install/dwb_msgs/include/dwb_msgs/msg/detail
[20.202s] -- Installing: /home/hossein/navigation2_stack/install/dwb_msgs/include/dwb_msgs/msg/detail/trajectory_score__type_support.c
[20.202s] -- Installing: /home/hossein/navigation2_stack/install/dwb_msgs/include/dwb_msgs/msg/detail/trajectory_score__rosidl_typesupport_introspection_c.h
[20.202s] -- Installing: /home/hossein/navigation2_stack/install/dwb_msgs/include/dwb_msgs/msg/detail/critic_score__type_support.c
[20.202s] -- Installing: /home/hossein/navigation2_stack/install/dwb_msgs/include/dwb_msgs/msg/detail/trajectory2_d__type_support.c
[20.202s] -- Installing: /home/hossein/navigation2_stack/install/dwb_msgs/include/dwb_msgs/msg/detail/critic_score__rosidl_typesupport_introspection_c.h
[20.202s] -- Installing: /home/hossein/navigation2_stack/install/dwb_msgs/include/dwb_msgs/msg/detail/local_plan_evaluation__rosidl_typesupport_introspection_c.h
[20.202s] -- Installing: /home/hossein/navigation2_stack/install/dwb_msgs/include/dwb_msgs/msg/detail/local_plan_evaluation__type_support.c
[20.202s] -- Installing: /home/hossein/navigation2_stack/install/dwb_msgs/include/dwb_msgs/msg/detail/trajectory2_d__rosidl_typesupport_introspection_c.h
[20.202s] -- Installing: /home/hossein/navigation2_stack/install/dwb_msgs/include/dwb_msgs/msg/rosidl_typesupport_introspection_c__visibility_control.h
[20.202s] -- Installing: /home/hossein/navigation2_stack/install/dwb_msgs/lib/libdwb_msgs__rosidl_typesupport_introspection_c.so
[20.203s] -- Set runtime path of "/home/hossein/navigation2_stack/install/dwb_msgs/lib/libdwb_msgs__rosidl_typesupport_introspection_c.so" to ""
[20.203s] -- Installing: /home/hossein/navigation2_stack/install/dwb_msgs/lib/libdwb_msgs__rosidl_typesupport_c.so
[20.203s] -- Set runtime path of "/home/hossein/navigation2_stack/install/dwb_msgs/lib/libdwb_msgs__rosidl_typesupport_c.so" to ""
[20.203s] -- Up-to-date: /home/hossein/navigation2_stack/install/dwb_msgs/include/dwb_msgs
[20.203s] -- Up-to-date: /home/hossein/navigation2_stack/install/dwb_msgs/include/dwb_msgs/srv
[20.203s] -- Installing: /home/hossein/navigation2_stack/install/dwb_msgs/include/dwb_msgs/srv/get_critic_score.hpp
[20.203s] -- Up-to-date: /home/hossein/navigation2_stack/install/dwb_msgs/include/dwb_msgs/srv/detail
[20.204s] -- Installing: /home/hossein/navigation2_stack/install/dwb_msgs/include/dwb_msgs/srv/detail/score_trajectory__struct.hpp
[20.204s] -- Installing: /home/hossein/navigation2_stack/install/dwb_msgs/include/dwb_msgs/srv/detail/generate_trajectory__struct.hpp
[20.204s] -- Installing: /home/hossein/navigation2_stack/install/dwb_msgs/include/dwb_msgs/srv/detail/generate_trajectory__traits.hpp
[20.204s] -- Installing: /home/hossein/navigation2_stack/install/dwb_msgs/include/dwb_msgs/srv/detail/debug_local_plan__traits.hpp
[20.204s] -- Installing: /home/hossein/navigation2_stack/install/dwb_msgs/include/dwb_msgs/srv/detail/generate_twists__struct.hpp
[20.204s] -- Installing: /home/hossein/navigation2_stack/install/dwb_msgs/include/dwb_msgs/srv/detail/generate_twists__builder.hpp
[20.204s] -- Installing: /home/hossein/navigation2_stack/install/dwb_msgs/include/dwb_msgs/srv/detail/generate_twists__traits.hpp
[20.204s] -- Installing: /home/hossein/navigation2_stack/install/dwb_msgs/include/dwb_msgs/srv/detail/get_critic_score__struct.hpp
[20.204s] -- Installing: /home/hossein/navigation2_stack/install/dwb_msgs/include/dwb_msgs/srv/detail/score_trajectory__builder.hpp
[20.204s] -- Installing: /home/hossein/navigation2_stack/install/dwb_msgs/include/dwb_msgs/srv/detail/get_critic_score__traits.hpp
[20.204s] -- Installing: /home/hossein/navigation2_stack/install/dwb_msgs/include/dwb_msgs/srv/detail/score_trajectory__traits.hpp
[20.205s] -- Installing: /home/hossein/navigation2_stack/install/dwb_msgs/include/dwb_msgs/srv/detail/generate_trajectory__builder.hpp
[20.205s] -- Installing: /home/hossein/navigation2_stack/install/dwb_msgs/include/dwb_msgs/srv/detail/get_critic_score__builder.hpp
[20.205s] -- Installing: /home/hossein/navigation2_stack/install/dwb_msgs/include/dwb_msgs/srv/detail/debug_local_plan__struct.hpp
[20.205s] -- Installing: /home/hossein/navigation2_stack/install/dwb_msgs/include/dwb_msgs/srv/detail/debug_local_plan__builder.hpp
[20.205s] -- Installing: /home/hossein/navigation2_stack/install/dwb_msgs/include/dwb_msgs/srv/generate_trajectory.hpp
[20.205s] -- Installing: /home/hossein/navigation2_stack/install/dwb_msgs/include/dwb_msgs/srv/debug_local_plan.hpp
[20.205s] -- Installing: /home/hossein/navigation2_stack/install/dwb_msgs/include/dwb_msgs/srv/score_trajectory.hpp
[20.205s] -- Installing: /home/hossein/navigation2_stack/install/dwb_msgs/include/dwb_msgs/srv/generate_twists.hpp
[20.205s] -- Up-to-date: /home/hossein/navigation2_stack/install/dwb_msgs/include/dwb_msgs/msg
[20.205s] -- Installing: /home/hossein/navigation2_stack/install/dwb_msgs/include/dwb_msgs/msg/critic_score.hpp
[20.206s] -- Up-to-date: /home/hossein/navigation2_stack/install/dwb_msgs/include/dwb_msgs/msg/detail
[20.206s] -- Installing: /home/hossein/navigation2_stack/install/dwb_msgs/include/dwb_msgs/msg/detail/trajectory_score__traits.hpp
[20.206s] -- Installing: /home/hossein/navigation2_stack/install/dwb_msgs/include/dwb_msgs/msg/detail/trajectory2_d__traits.hpp
[20.206s] -- Installing: /home/hossein/navigation2_stack/install/dwb_msgs/include/dwb_msgs/msg/detail/local_plan_evaluation__traits.hpp
[20.206s] -- Installing: /home/hossein/navigation2_stack/install/dwb_msgs/include/dwb_msgs/msg/detail/trajectory_score__struct.hpp
[20.206s] -- Installing: /home/hossein/navigation2_stack/install/dwb_msgs/include/dwb_msgs/msg/detail/critic_score__builder.hpp
[20.206s] -- Installing: /home/hossein/navigation2_stack/install/dwb_msgs/include/dwb_msgs/msg/detail/local_plan_evaluation__struct.hpp
[20.206s] -- Installing: /home/hossein/navigation2_stack/install/dwb_msgs/include/dwb_msgs/msg/detail/trajectory_score__builder.hpp
[20.206s] -- Installing: /home/hossein/navigation2_stack/install/dwb_msgs/include/dwb_msgs/msg/detail/critic_score__traits.hpp
[20.206s] -- Installing: /home/hossein/navigation2_stack/install/dwb_msgs/include/dwb_msgs/msg/detail/critic_score__struct.hpp
[20.206s] -- Installing: /home/hossein/navigation2_stack/install/dwb_msgs/include/dwb_msgs/msg/detail/trajectory2_d__builder.hpp
[20.207s] -- Installing: /home/hossein/navigation2_stack/install/dwb_msgs/include/dwb_msgs/msg/detail/trajectory2_d__struct.hpp
[20.207s] -- Installing: /home/hossein/navigation2_stack/install/dwb_msgs/include/dwb_msgs/msg/detail/local_plan_evaluation__builder.hpp
[20.207s] -- Installing: /home/hossein/navigation2_stack/install/dwb_msgs/include/dwb_msgs/msg/local_plan_evaluation.hpp
[20.207s] -- Installing: /home/hossein/navigation2_stack/install/dwb_msgs/include/dwb_msgs/msg/trajectory_score.hpp
[20.207s] -- Installing: /home/hossein/navigation2_stack/install/dwb_msgs/include/dwb_msgs/msg/trajectory2_d.hpp
[20.207s] -- Up-to-date: /home/hossein/navigation2_stack/install/dwb_msgs/include/dwb_msgs
[20.207s] -- Up-to-date: /home/hossein/navigation2_stack/install/dwb_msgs/include/dwb_msgs/srv
[20.207s] -- Up-to-date: /home/hossein/navigation2_stack/install/dwb_msgs/include/dwb_msgs/srv/detail
[20.207s] -- Installing: /home/hossein/navigation2_stack/install/dwb_msgs/include/dwb_msgs/srv/detail/debug_local_plan__type_support.cpp
[20.207s] -- Installing: /home/hossein/navigation2_stack/install/dwb_msgs/include/dwb_msgs/srv/detail/generate_trajectory__type_support.cpp
[20.207s] -- Installing: /home/hossein/navigation2_stack/install/dwb_msgs/include/dwb_msgs/srv/detail/score_trajectory__rosidl_typesupport_introspection_cpp.hpp
[20.208s] -- Installing: /home/hossein/navigation2_stack/install/dwb_msgs/include/dwb_msgs/srv/detail/generate_twists__type_support.cpp
[20.208s] -- Installing: /home/hossein/navigation2_stack/install/dwb_msgs/include/dwb_msgs/srv/detail/get_critic_score__rosidl_typesupport_introspection_cpp.hpp
[20.208s] -- Installing: /home/hossein/navigation2_stack/install/dwb_msgs/include/dwb_msgs/srv/detail/generate_twists__rosidl_typesupport_introspection_cpp.hpp
[20.208s] -- Installing: /home/hossein/navigation2_stack/install/dwb_msgs/include/dwb_msgs/srv/detail/debug_local_plan__rosidl_typesupport_introspection_cpp.hpp
[20.208s] -- Installing: /home/hossein/navigation2_stack/install/dwb_msgs/include/dwb_msgs/srv/detail/score_trajectory__type_support.cpp
[20.208s] -- Installing: /home/hossein/navigation2_stack/install/dwb_msgs/include/dwb_msgs/srv/detail/get_critic_score__type_support.cpp
[20.208s] -- Installing: /home/hossein/navigation2_stack/install/dwb_msgs/include/dwb_msgs/srv/detail/generate_trajectory__rosidl_typesupport_introspection_cpp.hpp
[20.208s] -- Up-to-date: /home/hossein/navigation2_stack/install/dwb_msgs/include/dwb_msgs/msg
[20.208s] -- Up-to-date: /home/hossein/navigation2_stack/install/dwb_msgs/include/dwb_msgs/msg/detail
[20.208s] -- Installing: /home/hossein/navigation2_stack/install/dwb_msgs/include/dwb_msgs/msg/detail/local_plan_evaluation__rosidl_typesupport_introspection_cpp.hpp
[20.208s] -- Installing: /home/hossein/navigation2_stack/install/dwb_msgs/include/dwb_msgs/msg/detail/critic_score__type_support.cpp
[20.208s] -- Installing: /home/hossein/navigation2_stack/install/dwb_msgs/include/dwb_msgs/msg/detail/trajectory2_d__type_support.cpp
[20.208s] -- Installing: /home/hossein/navigation2_stack/install/dwb_msgs/include/dwb_msgs/msg/detail/trajectory_score__rosidl_typesupport_introspection_cpp.hpp
[20.208s] -- Installing: /home/hossein/navigation2_stack/install/dwb_msgs/include/dwb_msgs/msg/detail/trajectory2_d__rosidl_typesupport_introspection_cpp.hpp
[20.209s] -- Installing: /home/hossein/navigation2_stack/install/dwb_msgs/include/dwb_msgs/msg/detail/critic_score__rosidl_typesupport_introspection_cpp.hpp
[20.209s] -- Installing: /home/hossein/navigation2_stack/install/dwb_msgs/include/dwb_msgs/msg/detail/trajectory_score__type_support.cpp
[20.209s] -- Installing: /home/hossein/navigation2_stack/install/dwb_msgs/include/dwb_msgs/msg/detail/local_plan_evaluation__type_support.cpp
[20.209s] -- Installing: /home/hossein/navigation2_stack/install/dwb_msgs/lib/libdwb_msgs__rosidl_typesupport_introspection_cpp.so
[20.209s] -- Set runtime path of "/home/hossein/navigation2_stack/install/dwb_msgs/lib/libdwb_msgs__rosidl_typesupport_introspection_cpp.so" to ""
[20.209s] -- Installing: /home/hossein/navigation2_stack/install/dwb_msgs/lib/libdwb_msgs__rosidl_typesupport_cpp.so
[20.209s] -- Set runtime path of "/home/hossein/navigation2_stack/install/dwb_msgs/lib/libdwb_msgs__rosidl_typesupport_cpp.so" to ""
[20.209s] -- Installing: /home/hossein/navigation2_stack/install/dwb_msgs/share/dwb_msgs/environment/pythonpath.sh
[20.209s] -- Installing: /home/hossein/navigation2_stack/install/dwb_msgs/share/dwb_msgs/environment/pythonpath.dsv
[20.212s] -- Installing: /home/hossein/navigation2_stack/install/dwb_msgs/lib/python3.8/site-packages/dwb_msgs/__init__.py
[20.245s] Compiling '/home/hossein/navigation2_stack/install/dwb_msgs/lib/python3.8/site-packages/dwb_msgs/__init__.py'...
[20.250s] -- Installing: /home/hossein/navigation2_stack/install/dwb_msgs/lib/python3.8/site-packages/dwb_msgs/msg
[20.250s] -- Installing: /home/hossein/navigation2_stack/install/dwb_msgs/lib/python3.8/site-packages/dwb_msgs/msg/_trajectory_score_s.c
[20.250s] -- Installing: /home/hossein/navigation2_stack/install/dwb_msgs/lib/python3.8/site-packages/dwb_msgs/msg/_local_plan_evaluation.py
[20.250s] -- Installing: /home/hossein/navigation2_stack/install/dwb_msgs/lib/python3.8/site-packages/dwb_msgs/msg/_trajectory2_d.py
[20.250s] -- Installing: /home/hossein/navigation2_stack/install/dwb_msgs/lib/python3.8/site-packages/dwb_msgs/msg/_trajectory_score.py
[20.250s] -- Installing: /home/hossein/navigation2_stack/install/dwb_msgs/lib/python3.8/site-packages/dwb_msgs/msg/__init__.py
[20.250s] -- Installing: /home/hossein/navigation2_stack/install/dwb_msgs/lib/python3.8/site-packages/dwb_msgs/msg/_critic_score_s.c
[20.250s] -- Installing: /home/hossein/navigation2_stack/install/dwb_msgs/lib/python3.8/site-packages/dwb_msgs/msg/_trajectory2_d_s.c
[20.251s] -- Installing: /home/hossein/navigation2_stack/install/dwb_msgs/lib/python3.8/site-packages/dwb_msgs/msg/_critic_score.py
[20.251s] -- Installing: /home/hossein/navigation2_stack/install/dwb_msgs/lib/python3.8/site-packages/dwb_msgs/msg/_local_plan_evaluation_s.c
[20.251s] -- Installing: /home/hossein/navigation2_stack/install/dwb_msgs/lib/python3.8/site-packages/dwb_msgs/srv
[20.251s] -- Installing: /home/hossein/navigation2_stack/install/dwb_msgs/lib/python3.8/site-packages/dwb_msgs/srv/_generate_twists.py
[20.251s] -- Installing: /home/hossein/navigation2_stack/install/dwb_msgs/lib/python3.8/site-packages/dwb_msgs/srv/_score_trajectory.py
[20.251s] -- Installing: /home/hossein/navigation2_stack/install/dwb_msgs/lib/python3.8/site-packages/dwb_msgs/srv/_generate_twists_s.c
[20.251s] -- Installing: /home/hossein/navigation2_stack/install/dwb_msgs/lib/python3.8/site-packages/dwb_msgs/srv/_get_critic_score.py
[20.251s] -- Installing: /home/hossein/navigation2_stack/install/dwb_msgs/lib/python3.8/site-packages/dwb_msgs/srv/_debug_local_plan.py
[20.251s] -- Installing: /home/hossein/navigation2_stack/install/dwb_msgs/lib/python3.8/site-packages/dwb_msgs/srv/__init__.py
[20.251s] -- Installing: /home/hossein/navigation2_stack/install/dwb_msgs/lib/python3.8/site-packages/dwb_msgs/srv/_score_trajectory_s.c
[20.251s] -- Installing: /home/hossein/navigation2_stack/install/dwb_msgs/lib/python3.8/site-packages/dwb_msgs/srv/_generate_trajectory_s.c
[20.251s] -- Installing: /home/hossein/navigation2_stack/install/dwb_msgs/lib/python3.8/site-packages/dwb_msgs/srv/_generate_trajectory.py
[20.252s] -- Installing: /home/hossein/navigation2_stack/install/dwb_msgs/lib/python3.8/site-packages/dwb_msgs/srv/_get_critic_score_s.c
[20.252s] -- Installing: /home/hossein/navigation2_stack/install/dwb_msgs/lib/python3.8/site-packages/dwb_msgs/srv/_debug_local_plan_s.c
[20.252s] -- Installing: /home/hossein/navigation2_stack/install/dwb_msgs/lib/python3.8/site-packages/dwb_msgs/dwb_msgs_s__rosidl_typesupport_fastrtps_c.cpython-38-x86_64-linux-gnu.so
[20.252s] -- Set runtime path of "/home/hossein/navigation2_stack/install/dwb_msgs/lib/python3.8/site-packages/dwb_msgs/dwb_msgs_s__rosidl_typesupport_fastrtps_c.cpython-38-x86_64-linux-gnu.so" to ""
[20.252s] -- Installing: /home/hossein/navigation2_stack/install/dwb_msgs/lib/python3.8/site-packages/dwb_msgs/dwb_msgs_s__rosidl_typesupport_introspection_c.cpython-38-x86_64-linux-gnu.so
[20.253s] -- Set runtime path of "/home/hossein/navigation2_stack/install/dwb_msgs/lib/python3.8/site-packages/dwb_msgs/dwb_msgs_s__rosidl_typesupport_introspection_c.cpython-38-x86_64-linux-gnu.so" to ""
[20.253s] -- Installing: /home/hossein/navigation2_stack/install/dwb_msgs/lib/python3.8/site-packages/dwb_msgs/dwb_msgs_s__rosidl_typesupport_c.cpython-38-x86_64-linux-gnu.so
[20.254s] -- Set runtime path of "/home/hossein/navigation2_stack/install/dwb_msgs/lib/python3.8/site-packages/dwb_msgs/dwb_msgs_s__rosidl_typesupport_c.cpython-38-x86_64-linux-gnu.so" to ""
[20.254s] -- Installing: /home/hossein/navigation2_stack/install/dwb_msgs/lib/libdwb_msgs__python.so
[20.254s] -- Set runtime path of "/home/hossein/navigation2_stack/install/dwb_msgs/lib/libdwb_msgs__python.so" to ""
[20.255s] -- Installing: /home/hossein/navigation2_stack/install/dwb_msgs/share/dwb_msgs/msg/CriticScore.idl
[20.255s] -- Installing: /home/hossein/navigation2_stack/install/dwb_msgs/share/dwb_msgs/msg/LocalPlanEvaluation.idl
[20.255s] -- Installing: /home/hossein/navigation2_stack/install/dwb_msgs/share/dwb_msgs/msg/Trajectory2D.idl
[20.255s] -- Installing: /home/hossein/navigation2_stack/install/dwb_msgs/share/dwb_msgs/msg/TrajectoryScore.idl
[20.255s] -- Installing: /home/hossein/navigation2_stack/install/dwb_msgs/share/dwb_msgs/srv/DebugLocalPlan.idl
[20.255s] -- Installing: /home/hossein/navigation2_stack/install/dwb_msgs/share/dwb_msgs/srv/GenerateTrajectory.idl
[20.255s] -- Installing: /home/hossein/navigation2_stack/install/dwb_msgs/share/dwb_msgs/srv/GenerateTwists.idl
[20.255s] -- Installing: /home/hossein/navigation2_stack/install/dwb_msgs/share/dwb_msgs/srv/GetCriticScore.idl
[20.256s] -- Installing: /home/hossein/navigation2_stack/install/dwb_msgs/share/dwb_msgs/srv/ScoreTrajectory.idl
[20.256s] -- Installing: /home/hossein/navigation2_stack/install/dwb_msgs/share/dwb_msgs/msg/CriticScore.msg
[20.256s] -- Installing: /home/hossein/navigation2_stack/install/dwb_msgs/share/dwb_msgs/msg/LocalPlanEvaluation.msg
[20.256s] -- Installing: /home/hossein/navigation2_stack/install/dwb_msgs/share/dwb_msgs/msg/Trajectory2D.msg
[20.256s] -- Installing: /home/hossein/navigation2_stack/install/dwb_msgs/share/dwb_msgs/msg/TrajectoryScore.msg
[20.256s] -- Installing: /home/hossein/navigation2_stack/install/dwb_msgs/share/dwb_msgs/srv/DebugLocalPlan.srv
[20.256s] -- Installing: /home/hossein/navigation2_stack/install/dwb_msgs/share/dwb_msgs/srv/DebugLocalPlan_Request.msg
[20.256s] -- Installing: /home/hossein/navigation2_stack/install/dwb_msgs/share/dwb_msgs/srv/DebugLocalPlan_Response.msg
[20.257s] -- Installing: /home/hossein/navigation2_stack/install/dwb_msgs/share/dwb_msgs/srv/GenerateTrajectory.srv
[20.257s] -- Installing: /home/hossein/navigation2_stack/install/dwb_msgs/share/dwb_msgs/srv/GenerateTrajectory_Request.msg
[20.257s] -- Installing: /home/hossein/navigation2_stack/install/dwb_msgs/share/dwb_msgs/srv/GenerateTrajectory_Response.msg
[20.257s] -- Installing: /home/hossein/navigation2_stack/install/dwb_msgs/share/dwb_msgs/srv/GenerateTwists.srv
[20.257s] -- Installing: /home/hossein/navigation2_stack/install/dwb_msgs/share/dwb_msgs/srv/GenerateTwists_Request.msg
[20.257s] -- Installing: /home/hossein/navigation2_stack/install/dwb_msgs/share/dwb_msgs/srv/GenerateTwists_Response.msg
[20.257s] -- Installing: /home/hossein/navigation2_stack/install/dwb_msgs/share/dwb_msgs/srv/GetCriticScore.srv
[20.258s] -- Installing: /home/hossein/navigation2_stack/install/dwb_msgs/share/dwb_msgs/srv/GetCriticScore_Request.msg
[20.258s] -- Installing: /home/hossein/navigation2_stack/install/dwb_msgs/share/dwb_msgs/srv/GetCriticScore_Response.msg
[20.258s] -- Installing: /home/hossein/navigation2_stack/install/dwb_msgs/share/dwb_msgs/srv/ScoreTrajectory.srv
[20.258s] -- Installing: /home/hossein/navigation2_stack/install/dwb_msgs/share/dwb_msgs/srv/ScoreTrajectory_Request.msg
[20.258s] -- Installing: /home/hossein/navigation2_stack/install/dwb_msgs/share/dwb_msgs/srv/ScoreTrajectory_Response.msg
[20.258s] -- Installing: /home/hossein/navigation2_stack/install/dwb_msgs/share/ament_index/resource_index/package_run_dependencies/dwb_msgs
[20.259s] -- Installing: /home/hossein/navigation2_stack/install/dwb_msgs/share/ament_index/resource_index/parent_prefix_path/dwb_msgs
[20.259s] -- Installing: /home/hossein/navigation2_stack/install/dwb_msgs/share/dwb_msgs/environment/ament_prefix_path.sh
[20.259s] -- Installing: /home/hossein/navigation2_stack/install/dwb_msgs/share/dwb_msgs/environment/ament_prefix_path.dsv
[20.259s] -- Installing: /home/hossein/navigation2_stack/install/dwb_msgs/share/dwb_msgs/environment/path.sh
[20.259s] -- Installing: /home/hossein/navigation2_stack/install/dwb_msgs/share/dwb_msgs/environment/path.dsv
[20.259s] -- Installing: /home/hossein/navigation2_stack/install/dwb_msgs/share/dwb_msgs/local_setup.bash
[20.259s] -- Installing: /home/hossein/navigation2_stack/install/dwb_msgs/share/dwb_msgs/local_setup.sh
[20.259s] -- Installing: /home/hossein/navigation2_stack/install/dwb_msgs/share/dwb_msgs/local_setup.zsh
[20.260s] -- Installing: /home/hossein/navigation2_stack/install/dwb_msgs/share/dwb_msgs/local_setup.dsv
[20.260s] -- Installing: /home/hossein/navigation2_stack/install/dwb_msgs/share/dwb_msgs/package.dsv
[20.260s] -- Installing: /home/hossein/navigation2_stack/install/dwb_msgs/share/ament_index/resource_index/packages/dwb_msgs
[20.260s] -- Installing: /home/hossein/navigation2_stack/install/dwb_msgs/share/dwb_msgs/cmake/dwb_msgs__rosidl_generator_cExport.cmake
[20.260s] -- Installing: /home/hossein/navigation2_stack/install/dwb_msgs/share/dwb_msgs/cmake/dwb_msgs__rosidl_generator_cExport-noconfig.cmake
[20.261s] -- Installing: /home/hossein/navigation2_stack/install/dwb_msgs/share/dwb_msgs/cmake/dwb_msgs__rosidl_typesupport_introspection_cExport.cmake
[20.261s] -- Installing: /home/hossein/navigation2_stack/install/dwb_msgs/share/dwb_msgs/cmake/dwb_msgs__rosidl_typesupport_introspection_cExport-noconfig.cmake
[20.261s] -- Installing: /home/hossein/navigation2_stack/install/dwb_msgs/share/dwb_msgs/cmake/dwb_msgs__rosidl_typesupport_cExport.cmake
[20.261s] -- Installing: /home/hossein/navigation2_stack/install/dwb_msgs/share/dwb_msgs/cmake/dwb_msgs__rosidl_typesupport_cExport-noconfig.cmake
[20.261s] -- Installing: /home/hossein/navigation2_stack/install/dwb_msgs/share/dwb_msgs/cmake/dwb_msgs__rosidl_generator_cppExport.cmake
[20.262s] -- Installing: /home/hossein/navigation2_stack/install/dwb_msgs/share/dwb_msgs/cmake/dwb_msgs__rosidl_typesupport_introspection_cppExport.cmake
[20.262s] -- Installing: /home/hossein/navigation2_stack/install/dwb_msgs/share/dwb_msgs/cmake/dwb_msgs__rosidl_typesupport_introspection_cppExport-noconfig.cmake
[20.262s] -- Installing: /home/hossein/navigation2_stack/install/dwb_msgs/share/dwb_msgs/cmake/dwb_msgs__rosidl_typesupport_cppExport.cmake
[20.262s] -- Installing: /home/hossein/navigation2_stack/install/dwb_msgs/share/dwb_msgs/cmake/dwb_msgs__rosidl_typesupport_cppExport-noconfig.cmake
[20.262s] -- Installing: /home/hossein/navigation2_stack/install/dwb_msgs/share/dwb_msgs/cmake/rosidl_cmake-extras.cmake
[20.262s] -- Installing: /home/hossein/navigation2_stack/install/dwb_msgs/share/dwb_msgs/cmake/ament_cmake_export_dependencies-extras.cmake
[20.262s] -- Installing: /home/hossein/navigation2_stack/install/dwb_msgs/share/dwb_msgs/cmake/ament_cmake_export_libraries-extras.cmake
[20.263s] -- Installing: /home/hossein/navigation2_stack/install/dwb_msgs/share/dwb_msgs/cmake/ament_cmake_export_targets-extras.cmake
[20.263s] -- Installing: /home/hossein/navigation2_stack/install/dwb_msgs/share/dwb_msgs/cmake/ament_cmake_export_include_directories-extras.cmake
[20.263s] -- Installing: /home/hossein/navigation2_stack/install/dwb_msgs/share/dwb_msgs/cmake/rosidl_cmake_export_typesupport_libraries-extras.cmake
[20.263s] -- Installing: /home/hossein/navigation2_stack/install/dwb_msgs/share/dwb_msgs/cmake/rosidl_cmake_export_typesupport_targets-extras.cmake
[20.263s] -- Installing: /home/hossein/navigation2_stack/install/dwb_msgs/share/dwb_msgs/cmake/dwb_msgsConfig.cmake
[20.263s] -- Installing: /home/hossein/navigation2_stack/install/dwb_msgs/share/dwb_msgs/cmake/dwb_msgsConfig-version.cmake
[20.263s] -- Installing: /home/hossein/navigation2_stack/install/dwb_msgs/share/dwb_msgs/package.xml
[20.267s] Invoked command in '/home/hossein/navigation2_stack/build/dwb_msgs' returned '0': AMENT_PREFIX_PATH=/home/hossein/navigation2_stack/install/nav_2d_msgs:${AMENT_PREFIX_PATH} CMAKE_PREFIX_PATH=/home/hossein/navigation2_stack/install/nav_2d_msgs:/home/hossein/turtlebot3_ws/install/turtlebot3_simulations:/home/hossein/turtlebot3_ws/install/turtlebot3_gazebo:/home/hossein/turtlebot3_ws/install/turtlebot3_fake_node:/home/hossein/nav2_ws/install/nav2_system_tests:/home/hossein/nav2_ws/install/nav2_bringup:/home/hossein/nav2_ws/install/navigation2:/home/hossein/nav2_ws/install/smac_planner:/home/hossein/nav2_ws/install/nav2_dwb_controller:/home/hossein/nav2_ws/install/nav2_controller:/home/hossein/nav2_ws/install/dwb_plugins:/home/hossein/nav2_ws/install/dwb_critics:/home/hossein/nav2_ws/install/dwb_core:/home/hossein/nav2_ws/install/nav_2d_utils:/home/hossein/nav2_ws/install/dwb_msgs:/home/hossein/nav2_ws/install/nav_2d_msgs:/home/hossein/nav2_ws/install/nav2_waypoint_follower:/home/hossein/nav2_ws/install/nav2_recoveries:/home/hossein/nav2_ws/install/nav2_planner:/home/hossein/nav2_ws/install/nav2_navfn_planner:/home/hossein/nav2_ws/install/nav2_gradient_costmap_plugin:/home/hossein/nav2_ws/install/nav2_core:/home/hossein/nav2_ws/install/costmap_queue:/home/hossein/nav2_ws/install/nav2_costmap_2d:/home/hossein/nav2_ws/install/nav2_voxel_grid:/home/hossein/nav2_ws/install/nav2_rviz_plugins:/home/hossein/nav2_ws/install/nav2_map_server:/home/hossein/nav2_ws/install/nav2_lifecycle_manager:/home/hossein/nav2_ws/install/nav2_bt_navigator:/home/hossein/nav2_ws/install/nav2_behavior_tree:/home/hossein/nav2_ws/install/nav2_amcl:/home/hossein/nav2_ws/install/nav2_util:/home/hossein/nav2_ws/install/nav2_msgs:/home/hossein/nav2_ws/install/nav2_common:/home/hossein/nav2_ws/install/custom_msg_srv:/home/hossein/dev_ws/install/vad_utils:/home/hossein/dev_ws/install/user_interface:/home/hossein/dev_ws/install/tf_publisher:/home/hossein/dev_ws/install/overhead_camera_service:/home/hossein/dev_ws/install/nf2:/home/hossein/dev_ws/install/global_planner:/home/hossein/dev_ws/install/custom_msg_srv:/home/hossein/nav2_ws/install/nav2_gazebo_spawner:/home/hossein/nav2_ws/install/image_segmentation:/home/hossein/dev_ws/install/py_pubsub:/home/hossein/dev_ws/install/image_segmentation:/opt/ros/foxy LD_LIBRARY_PATH=/home/hossein/navigation2_stack/install/nav_2d_msgs/lib:${LD_LIBRARY_PATH} PYTHONPATH=/home/hossein/navigation2_stack/install/nav_2d_msgs/lib/python3.8/site-packages:${PYTHONPATH} /usr/bin/cmake --install /home/hossein/navigation2_stack/build/dwb_msgs
