[0.039s] Invoking command in '/home/hossein/navigation2_stack/build/custom_msg_srv': CMAKE_PREFIX_PATH=${CMAKE_PREFIX_PATH}:/home/hossein/nav2_ws/install/nav2_gazebo_spawner:/home/hossein/nav2_ws/install/image_segmentation:/home/hossein/dev_ws/install/py_pubsub:/home/hossein/dev_ws/install/image_segmentation:/opt/ros/foxy /usr/bin/cmake /home/hossein/navigation2_stack/navigation2/custom_msg_srv -DCMAKE_INSTALL_PREFIX=/home/hossein/navigation2_stack/install/custom_msg_srv
[0.316s] -- The C compiler identification is GNU 7.5.0
[0.531s] -- The CXX compiler identification is GNU 7.5.0
[0.542s] -- Check for working C compiler: /usr/bin/cc
[0.658s] -- Check for working C compiler: /usr/bin/cc -- works
[0.659s] -- Detecting C compiler ABI info
[0.761s] -- Detecting C compiler ABI info - done
[0.783s] -- Detecting C compile features
[0.784s] -- Detecting C compile features - done
[0.789s] -- Check for working CXX compiler: /usr/bin/c++
[0.920s] -- Check for working CXX compiler: /usr/bin/c++ -- works
[0.920s] -- Detecting CXX compiler ABI info
[1.053s] -- Detecting CXX compiler ABI info - done
[1.079s] -- Detecting CXX compile features
[1.080s] -- Detecting CXX compile features - done
[1.087s] -- Found ament_cmake: 0.9.8 (/opt/ros/foxy/share/ament_cmake/cmake)
[1.138s] -- Found PythonInterp: /usr/bin/python3 (found suitable version "3.8.5", minimum required is "3") 
[1.138s] -- Using PYTHON_EXECUTABLE: /usr/bin/python3
[1.600s] -- Found sensor_msgs: 2.0.4 (/opt/ros/foxy/share/sensor_msgs/cmake)
[1.649s] -- Using all available rosidl_typesupport_c: rosidl_typesupport_fastrtps_c;rosidl_typesupport_introspection_c
[1.659s] -- Found rosidl_adapter: 1.2.1 (/opt/ros/foxy/share/rosidl_adapter/cmake)
[1.779s] -- Found OpenSSL: /usr/lib/x86_64-linux-gnu/libcrypto.so (found version "1.1.1f")  
[1.820s] -- Found FastRTPS: /opt/ros/foxy/include  
[1.979s] -- Using all available rosidl_typesupport_cpp: rosidl_typesupport_fastrtps_cpp;rosidl_typesupport_introspection_cpp
[2.331s] -- Found rosidl_default_generators: 1.0.1 (/opt/ros/foxy/share/rosidl_default_generators/cmake)
[2.383s] -- Found PythonInterp: /usr/bin/python3 (found version "3.8.5") 
[2.641s] -- Found ament_cmake_ros: 0.9.1 (/opt/ros/foxy/share/ament_cmake_ros/cmake)
[3.060s] -- Using all available rosidl_typesupport_c: rosidl_typesupport_fastrtps_c;rosidl_typesupport_introspection_c
[3.317s] -- Using all available rosidl_typesupport_cpp: rosidl_typesupport_fastrtps_cpp;rosidl_typesupport_introspection_cpp
[3.376s] -- Found PythonInterp: /usr/bin/python3 (found suitable version "3.8.5", minimum required is "3.5") 
[3.380s] -- Found python_cmake_module: 0.8.1 (/opt/ros/foxy/share/python_cmake_module/cmake)
[3.447s] -- Found PythonLibs: /usr/lib/x86_64-linux-gnu/libpython3.8.so (found suitable version "3.8.5", minimum required is "3.5") 
[3.447s] -- Using PYTHON_EXECUTABLE: /usr/bin/python3
[3.447s] -- Using PYTHON_INCLUDE_DIRS: /usr/include/python3.8
[3.447s] -- Using PYTHON_LIBRARIES: /usr/lib/x86_64-linux-gnu/libpython3.8.so
[3.495s] -- Found PythonExtra: .so  
[3.805s] -- Configuring done
[3.941s] -- Generating done
[3.947s] -- Build files have been written to: /home/hossein/navigation2_stack/build/custom_msg_srv
[3.963s] Invoked command in '/home/hossein/navigation2_stack/build/custom_msg_srv' returned '0': CMAKE_PREFIX_PATH=${CMAKE_PREFIX_PATH}:/home/hossein/nav2_ws/install/nav2_gazebo_spawner:/home/hossein/nav2_ws/install/image_segmentation:/home/hossein/dev_ws/install/py_pubsub:/home/hossein/dev_ws/install/image_segmentation:/opt/ros/foxy /usr/bin/cmake /home/hossein/navigation2_stack/navigation2/custom_msg_srv -DCMAKE_INSTALL_PREFIX=/home/hossein/navigation2_stack/install/custom_msg_srv
[3.965s] Invoking command in '/home/hossein/navigation2_stack/build/custom_msg_srv': CMAKE_PREFIX_PATH=${CMAKE_PREFIX_PATH}:/home/hossein/nav2_ws/install/nav2_gazebo_spawner:/home/hossein/nav2_ws/install/image_segmentation:/home/hossein/dev_ws/install/py_pubsub:/home/hossein/dev_ws/install/image_segmentation:/opt/ros/foxy /usr/bin/cmake --build /home/hossein/navigation2_stack/build/custom_msg_srv -- -j8 -l8
[4.225s] [  3%] [34m[1mGenerating C code for ROS interfaces[0m
[4.237s] [35m[1mScanning dependencies of target custom_msg_srv__cpp[0m
[4.324s] [  6%] [34m[1mGenerating C++ code for ROS interfaces[0m
[5.069s] [35m[1mScanning dependencies of target custom_msg_srv__rosidl_generator_c[0m
[5.121s] [  6%] Built target custom_msg_srv__cpp
[5.168s] [  9%] [32mBuilding C object CMakeFiles/custom_msg_srv__rosidl_generator_c.dir/rosidl_generator_c/custom_msg_srv/srv/detail/image_batch__functions.c.o[0m
[5.169s] [ 12%] [34m[1mGenerating C++ type support dispatch for ROS interfaces[0m
[5.174s] [ 16%] [34m[1mGenerating C++ type support for eProsima Fast-RTPS[0m
[5.207s] [ 19%] [34m[1mGenerating C++ introspection for ROS interfaces[0m
[5.365s] [ 22%] [32m[1mLinking C shared library libcustom_msg_srv__rosidl_generator_c.so[0m
[5.589s] [ 22%] Built target custom_msg_srv__rosidl_generator_c
[5.676s] [ 25%] [34m[1mGenerating C type support dispatch for ROS interfaces[0m
[5.684s] [ 29%] [34m[1mGenerating C introspection for ROS interfaces[0m
[5.808s] [35m[1mScanning dependencies of target custom_msg_srv__rosidl_typesupport_cpp[0m
[5.883s] [ 32%] [32mBuilding CXX object CMakeFiles/custom_msg_srv__rosidl_typesupport_cpp.dir/rosidl_typesupport_cpp/custom_msg_srv/srv/image_batch__type_support.cpp.o[0m
[5.957s] [35m[1mScanning dependencies of target custom_msg_srv__rosidl_typesupport_introspection_cpp[0m
[6.049s] [ 35%] [32mBuilding CXX object CMakeFiles/custom_msg_srv__rosidl_typesupport_introspection_cpp.dir/rosidl_typesupport_introspection_cpp/custom_msg_srv/srv/detail/image_batch__type_support.cpp.o[0m
[6.057s] [35m[1mScanning dependencies of target custom_msg_srv__rosidl_typesupport_fastrtps_cpp[0m
[6.159s] [ 38%] [32mBuilding CXX object CMakeFiles/custom_msg_srv__rosidl_typesupport_fastrtps_cpp.dir/rosidl_typesupport_fastrtps_cpp/custom_msg_srv/srv/detail/dds_fastrtps/image_batch__type_support.cpp.o[0m
[6.422s] [35m[1mScanning dependencies of target custom_msg_srv__rosidl_typesupport_c[0m
[6.515s] [ 41%] [32mBuilding CXX object CMakeFiles/custom_msg_srv__rosidl_typesupport_c.dir/rosidl_typesupport_c/custom_msg_srv/srv/image_batch__type_support.cpp.o[0m
[6.572s] [ 45%] [32m[1mLinking CXX shared library libcustom_msg_srv__rosidl_typesupport_cpp.so[0m
[6.592s] [35m[1mScanning dependencies of target custom_msg_srv__rosidl_typesupport_introspection_c[0m
[6.631s] [ 48%] [32m[1mLinking CXX shared library libcustom_msg_srv__rosidl_typesupport_c.so[0m
[6.680s] [ 51%] [32mBuilding C object CMakeFiles/custom_msg_srv__rosidl_typesupport_introspection_c.dir/rosidl_typesupport_introspection_c/custom_msg_srv/srv/detail/image_batch__type_support.c.o[0m
[6.803s] [ 51%] Built target custom_msg_srv__rosidl_typesupport_c
[6.813s] [ 51%] Built target custom_msg_srv__rosidl_typesupport_cpp
[6.866s] [ 54%] [32m[1mLinking C shared library libcustom_msg_srv__rosidl_typesupport_introspection_c.so[0m
[7.044s] [ 54%] Built target custom_msg_srv__rosidl_typesupport_introspection_c
[7.064s] [ 58%] [32m[1mLinking CXX shared library libcustom_msg_srv__rosidl_typesupport_introspection_cpp.so[0m
[7.416s] [ 61%] [32m[1mLinking CXX shared library libcustom_msg_srv__rosidl_typesupport_fastrtps_cpp.so[0m
[7.479s] [ 61%] Built target custom_msg_srv__rosidl_typesupport_introspection_cpp
[7.901s] [ 61%] Built target custom_msg_srv__rosidl_typesupport_fastrtps_cpp
[7.992s] [ 64%] [34m[1mGenerating C type support for eProsima Fast-RTPS[0m
[8.728s] [35m[1mScanning dependencies of target custom_msg_srv__rosidl_typesupport_fastrtps_c[0m
[8.803s] [ 67%] [32mBuilding CXX object CMakeFiles/custom_msg_srv__rosidl_typesupport_fastrtps_c.dir/rosidl_typesupport_fastrtps_c/custom_msg_srv/srv/detail/image_batch__type_support_c.cpp.o[0m
[9.708s] [ 70%] [32m[1mLinking CXX shared library libcustom_msg_srv__rosidl_typesupport_fastrtps_c.so[0m
[9.930s] [ 70%] Built target custom_msg_srv__rosidl_typesupport_fastrtps_c
[9.951s] [35m[1mScanning dependencies of target custom_msg_srv[0m
[9.974s] [ 70%] Built target custom_msg_srv
[9.997s] [35m[1mScanning dependencies of target custom_msg_srv__py[0m
[10.025s] [ 74%] [34m[1mGenerating Python code for ROS interfaces[0m
[10.918s] [ 74%] Built target custom_msg_srv__py
[10.938s] [35m[1mScanning dependencies of target custom_msg_srv__python[0m
[10.968s] [ 77%] [32mBuilding C object CMakeFiles/custom_msg_srv__python.dir/rosidl_generator_py/custom_msg_srv/srv/_image_batch_s.c.o[0m
[11.086s] [ 80%] [32m[1mLinking C shared library rosidl_generator_py/custom_msg_srv/libcustom_msg_srv__python.so[0m
[11.180s] [ 80%] Built target custom_msg_srv__python
[11.200s] [35m[1mScanning dependencies of target custom_msg_srv__rosidl_typesupport_introspection_c__pyext[0m
[11.203s] [35m[1mScanning dependencies of target custom_msg_srv__rosidl_typesupport_fastrtps_c__pyext[0m
[11.205s] [35m[1mScanning dependencies of target custom_msg_srv__rosidl_typesupport_c__pyext[0m
[11.247s] [ 83%] [32mBuilding C object CMakeFiles/custom_msg_srv__rosidl_typesupport_introspection_c__pyext.dir/rosidl_generator_py/custom_msg_srv/_custom_msg_srv_s.ep.rosidl_typesupport_introspection_c.c.o[0m
[11.287s] [ 87%] [32mBuilding C object CMakeFiles/custom_msg_srv__rosidl_typesupport_fastrtps_c__pyext.dir/rosidl_generator_py/custom_msg_srv/_custom_msg_srv_s.ep.rosidl_typesupport_fastrtps_c.c.o[0m
[11.288s] [ 90%] [32mBuilding C object CMakeFiles/custom_msg_srv__rosidl_typesupport_c__pyext.dir/rosidl_generator_py/custom_msg_srv/_custom_msg_srv_s.ep.rosidl_typesupport_c.c.o[0m
[11.535s] [ 93%] [32m[1mLinking C shared library rosidl_generator_py/custom_msg_srv/custom_msg_srv_s__rosidl_typesupport_c.cpython-38-x86_64-linux-gnu.so[0m
[11.548s] [ 96%] [32m[1mLinking C shared library rosidl_generator_py/custom_msg_srv/custom_msg_srv_s__rosidl_typesupport_introspection_c.cpython-38-x86_64-linux-gnu.so[0m
[11.648s] [100%] [32m[1mLinking CXX shared library rosidl_generator_py/custom_msg_srv/custom_msg_srv_s__rosidl_typesupport_fastrtps_c.cpython-38-x86_64-linux-gnu.so[0m
[11.816s] [100%] Built target custom_msg_srv__rosidl_typesupport_c__pyext
[11.817s] [100%] Built target custom_msg_srv__rosidl_typesupport_introspection_c__pyext
[11.981s] [100%] Built target custom_msg_srv__rosidl_typesupport_fastrtps_c__pyext
[11.999s] Invoked command in '/home/hossein/navigation2_stack/build/custom_msg_srv' returned '0': CMAKE_PREFIX_PATH=${CMAKE_PREFIX_PATH}:/home/hossein/nav2_ws/install/nav2_gazebo_spawner:/home/hossein/nav2_ws/install/image_segmentation:/home/hossein/dev_ws/install/py_pubsub:/home/hossein/dev_ws/install/image_segmentation:/opt/ros/foxy /usr/bin/cmake --build /home/hossein/navigation2_stack/build/custom_msg_srv -- -j8 -l8
[12.118s] Invoking command in '/home/hossein/navigation2_stack/build/custom_msg_srv': CMAKE_PREFIX_PATH=${CMAKE_PREFIX_PATH}:/home/hossein/nav2_ws/install/nav2_gazebo_spawner:/home/hossein/nav2_ws/install/image_segmentation:/home/hossein/dev_ws/install/py_pubsub:/home/hossein/dev_ws/install/image_segmentation:/opt/ros/foxy /usr/bin/cmake --install /home/hossein/navigation2_stack/build/custom_msg_srv
[12.134s] -- Install configuration: ""
[12.135s] -- Installing: /home/hossein/navigation2_stack/install/custom_msg_srv/share/ament_index/resource_index/rosidl_interfaces/custom_msg_srv
[12.135s] -- Installing: /home/hossein/navigation2_stack/install/custom_msg_srv/include/custom_msg_srv
[12.135s] -- Installing: /home/hossein/navigation2_stack/install/custom_msg_srv/include/custom_msg_srv/srv
[12.135s] -- Installing: /home/hossein/navigation2_stack/install/custom_msg_srv/include/custom_msg_srv/srv/image_batch.h
[12.135s] -- Installing: /home/hossein/navigation2_stack/install/custom_msg_srv/include/custom_msg_srv/srv/detail
[12.135s] -- Installing: /home/hossein/navigation2_stack/install/custom_msg_srv/include/custom_msg_srv/srv/detail/image_batch__functions.h
[12.136s] -- Installing: /home/hossein/navigation2_stack/install/custom_msg_srv/include/custom_msg_srv/srv/detail/image_batch__functions.c
[12.136s] -- Installing: /home/hossein/navigation2_stack/install/custom_msg_srv/include/custom_msg_srv/srv/detail/image_batch__type_support.h
[12.136s] -- Installing: /home/hossein/navigation2_stack/install/custom_msg_srv/include/custom_msg_srv/srv/detail/image_batch__struct.h
[12.136s] -- Installing: /home/hossein/navigation2_stack/install/custom_msg_srv/include/custom_msg_srv/msg
[12.136s] -- Installing: /home/hossein/navigation2_stack/install/custom_msg_srv/include/custom_msg_srv/msg/rosidl_generator_c__visibility_control.h
[12.136s] -- Installing: /home/hossein/navigation2_stack/install/custom_msg_srv/share/custom_msg_srv/environment/library_path.sh
[12.136s] -- Installing: /home/hossein/navigation2_stack/install/custom_msg_srv/share/custom_msg_srv/environment/library_path.dsv
[12.137s] -- Installing: /home/hossein/navigation2_stack/install/custom_msg_srv/lib/libcustom_msg_srv__rosidl_generator_c.so
[12.137s] -- Set runtime path of "/home/hossein/navigation2_stack/install/custom_msg_srv/lib/libcustom_msg_srv__rosidl_generator_c.so" to ""
[12.138s] -- Up-to-date: /home/hossein/navigation2_stack/install/custom_msg_srv/include/custom_msg_srv
[12.138s] -- Up-to-date: /home/hossein/navigation2_stack/install/custom_msg_srv/include/custom_msg_srv/srv
[12.138s] -- Up-to-date: /home/hossein/navigation2_stack/install/custom_msg_srv/include/custom_msg_srv/srv/detail
[12.138s] -- Installing: /home/hossein/navigation2_stack/install/custom_msg_srv/include/custom_msg_srv/srv/detail/image_batch__rosidl_typesupport_fastrtps_c.h
[12.138s] -- Up-to-date: /home/hossein/navigation2_stack/install/custom_msg_srv/include/custom_msg_srv/msg
[12.138s] -- Installing: /home/hossein/navigation2_stack/install/custom_msg_srv/include/custom_msg_srv/msg/rosidl_typesupport_fastrtps_c__visibility_control.h
[12.138s] -- Installing: /home/hossein/navigation2_stack/install/custom_msg_srv/lib/libcustom_msg_srv__rosidl_typesupport_fastrtps_c.so
[12.139s] -- Set runtime path of "/home/hossein/navigation2_stack/install/custom_msg_srv/lib/libcustom_msg_srv__rosidl_typesupport_fastrtps_c.so" to ""
[12.139s] -- Up-to-date: /home/hossein/navigation2_stack/install/custom_msg_srv/include/custom_msg_srv
[12.139s] -- Up-to-date: /home/hossein/navigation2_stack/install/custom_msg_srv/include/custom_msg_srv/srv
[12.139s] -- Up-to-date: /home/hossein/navigation2_stack/install/custom_msg_srv/include/custom_msg_srv/srv/detail
[12.139s] -- Installing: /home/hossein/navigation2_stack/install/custom_msg_srv/include/custom_msg_srv/srv/detail/image_batch__rosidl_typesupport_fastrtps_cpp.hpp
[12.140s] -- Installing: /home/hossein/navigation2_stack/install/custom_msg_srv/include/custom_msg_srv/srv/detail/dds_fastrtps
[12.140s] -- Up-to-date: /home/hossein/navigation2_stack/install/custom_msg_srv/include/custom_msg_srv/msg
[12.140s] -- Installing: /home/hossein/navigation2_stack/install/custom_msg_srv/include/custom_msg_srv/msg/rosidl_typesupport_fastrtps_cpp__visibility_control.h
[12.140s] -- Installing: /home/hossein/navigation2_stack/install/custom_msg_srv/lib/libcustom_msg_srv__rosidl_typesupport_fastrtps_cpp.so
[12.140s] -- Set runtime path of "/home/hossein/navigation2_stack/install/custom_msg_srv/lib/libcustom_msg_srv__rosidl_typesupport_fastrtps_cpp.so" to ""
[12.141s] -- Up-to-date: /home/hossein/navigation2_stack/install/custom_msg_srv/include/custom_msg_srv
[12.141s] -- Up-to-date: /home/hossein/navigation2_stack/install/custom_msg_srv/include/custom_msg_srv/srv
[12.141s] -- Up-to-date: /home/hossein/navigation2_stack/install/custom_msg_srv/include/custom_msg_srv/srv/detail
[12.141s] -- Installing: /home/hossein/navigation2_stack/install/custom_msg_srv/include/custom_msg_srv/srv/detail/image_batch__type_support.c
[12.141s] -- Installing: /home/hossein/navigation2_stack/install/custom_msg_srv/include/custom_msg_srv/srv/detail/image_batch__rosidl_typesupport_introspection_c.h
[12.141s] -- Up-to-date: /home/hossein/navigation2_stack/install/custom_msg_srv/include/custom_msg_srv/msg
[12.141s] -- Installing: /home/hossein/navigation2_stack/install/custom_msg_srv/include/custom_msg_srv/msg/rosidl_typesupport_introspection_c__visibility_control.h
[12.142s] -- Installing: /home/hossein/navigation2_stack/install/custom_msg_srv/lib/libcustom_msg_srv__rosidl_typesupport_introspection_c.so
[12.142s] -- Set runtime path of "/home/hossein/navigation2_stack/install/custom_msg_srv/lib/libcustom_msg_srv__rosidl_typesupport_introspection_c.so" to ""
[12.142s] -- Installing: /home/hossein/navigation2_stack/install/custom_msg_srv/lib/libcustom_msg_srv__rosidl_typesupport_c.so
[12.143s] -- Set runtime path of "/home/hossein/navigation2_stack/install/custom_msg_srv/lib/libcustom_msg_srv__rosidl_typesupport_c.so" to ""
[12.143s] -- Up-to-date: /home/hossein/navigation2_stack/install/custom_msg_srv/include/custom_msg_srv
[12.143s] -- Up-to-date: /home/hossein/navigation2_stack/install/custom_msg_srv/include/custom_msg_srv/srv
[12.143s] -- Up-to-date: /home/hossein/navigation2_stack/install/custom_msg_srv/include/custom_msg_srv/srv/detail
[12.143s] -- Installing: /home/hossein/navigation2_stack/install/custom_msg_srv/include/custom_msg_srv/srv/detail/image_batch__struct.hpp
[12.143s] -- Installing: /home/hossein/navigation2_stack/install/custom_msg_srv/include/custom_msg_srv/srv/detail/image_batch__traits.hpp
[12.144s] -- Installing: /home/hossein/navigation2_stack/install/custom_msg_srv/include/custom_msg_srv/srv/detail/image_batch__builder.hpp
[12.144s] -- Installing: /home/hossein/navigation2_stack/install/custom_msg_srv/include/custom_msg_srv/srv/image_batch.hpp
[12.144s] -- Up-to-date: /home/hossein/navigation2_stack/install/custom_msg_srv/include/custom_msg_srv
[12.144s] -- Up-to-date: /home/hossein/navigation2_stack/install/custom_msg_srv/include/custom_msg_srv/srv
[12.144s] -- Up-to-date: /home/hossein/navigation2_stack/install/custom_msg_srv/include/custom_msg_srv/srv/detail
[12.144s] -- Installing: /home/hossein/navigation2_stack/install/custom_msg_srv/include/custom_msg_srv/srv/detail/image_batch__rosidl_typesupport_introspection_cpp.hpp
[12.144s] -- Installing: /home/hossein/navigation2_stack/install/custom_msg_srv/include/custom_msg_srv/srv/detail/image_batch__type_support.cpp
[12.145s] -- Installing: /home/hossein/navigation2_stack/install/custom_msg_srv/lib/libcustom_msg_srv__rosidl_typesupport_introspection_cpp.so
[12.145s] -- Set runtime path of "/home/hossein/navigation2_stack/install/custom_msg_srv/lib/libcustom_msg_srv__rosidl_typesupport_introspection_cpp.so" to ""
[12.145s] -- Installing: /home/hossein/navigation2_stack/install/custom_msg_srv/lib/libcustom_msg_srv__rosidl_typesupport_cpp.so
[12.146s] -- Set runtime path of "/home/hossein/navigation2_stack/install/custom_msg_srv/lib/libcustom_msg_srv__rosidl_typesupport_cpp.so" to ""
[12.146s] -- Installing: /home/hossein/navigation2_stack/install/custom_msg_srv/share/custom_msg_srv/environment/pythonpath.sh
[12.146s] -- Installing: /home/hossein/navigation2_stack/install/custom_msg_srv/share/custom_msg_srv/environment/pythonpath.dsv
[12.146s] -- Installing: /home/hossein/navigation2_stack/install/custom_msg_srv/lib/python3.8/site-packages/custom_msg_srv/__init__.py
[12.207s] Compiling '/home/hossein/navigation2_stack/install/custom_msg_srv/lib/python3.8/site-packages/custom_msg_srv/__init__.py'...
[12.218s] -- Installing: /home/hossein/navigation2_stack/install/custom_msg_srv/lib/python3.8/site-packages/custom_msg_srv/srv
[12.219s] -- Installing: /home/hossein/navigation2_stack/install/custom_msg_srv/lib/python3.8/site-packages/custom_msg_srv/srv/_image_batch.py
[12.219s] -- Installing: /home/hossein/navigation2_stack/install/custom_msg_srv/lib/python3.8/site-packages/custom_msg_srv/srv/__init__.py
[12.219s] -- Installing: /home/hossein/navigation2_stack/install/custom_msg_srv/lib/python3.8/site-packages/custom_msg_srv/srv/_image_batch_s.c
[12.219s] -- Installing: /home/hossein/navigation2_stack/install/custom_msg_srv/lib/python3.8/site-packages/custom_msg_srv/custom_msg_srv_s__rosidl_typesupport_fastrtps_c.cpython-38-x86_64-linux-gnu.so
[12.220s] -- Set runtime path of "/home/hossein/navigation2_stack/install/custom_msg_srv/lib/python3.8/site-packages/custom_msg_srv/custom_msg_srv_s__rosidl_typesupport_fastrtps_c.cpython-38-x86_64-linux-gnu.so" to ""
[12.221s] -- Installing: /home/hossein/navigation2_stack/install/custom_msg_srv/lib/python3.8/site-packages/custom_msg_srv/custom_msg_srv_s__rosidl_typesupport_introspection_c.cpython-38-x86_64-linux-gnu.so
[12.222s] -- Set runtime path of "/home/hossein/navigation2_stack/install/custom_msg_srv/lib/python3.8/site-packages/custom_msg_srv/custom_msg_srv_s__rosidl_typesupport_introspection_c.cpython-38-x86_64-linux-gnu.so" to ""
[12.222s] -- Installing: /home/hossein/navigation2_stack/install/custom_msg_srv/lib/python3.8/site-packages/custom_msg_srv/custom_msg_srv_s__rosidl_typesupport_c.cpython-38-x86_64-linux-gnu.so
[12.223s] -- Set runtime path of "/home/hossein/navigation2_stack/install/custom_msg_srv/lib/python3.8/site-packages/custom_msg_srv/custom_msg_srv_s__rosidl_typesupport_c.cpython-38-x86_64-linux-gnu.so" to ""
[12.223s] -- Installing: /home/hossein/navigation2_stack/install/custom_msg_srv/lib/libcustom_msg_srv__python.so
[12.224s] -- Set runtime path of "/home/hossein/navigation2_stack/install/custom_msg_srv/lib/libcustom_msg_srv__python.so" to ""
[12.224s] -- Installing: /home/hossein/navigation2_stack/install/custom_msg_srv/share/custom_msg_srv/srv/ImageBatch.idl
[12.224s] -- Installing: /home/hossein/navigation2_stack/install/custom_msg_srv/share/custom_msg_srv/srv/ImageBatch.srv
[12.224s] -- Installing: /home/hossein/navigation2_stack/install/custom_msg_srv/share/custom_msg_srv/srv/ImageBatch_Request.msg
[12.224s] -- Installing: /home/hossein/navigation2_stack/install/custom_msg_srv/share/custom_msg_srv/srv/ImageBatch_Response.msg
[12.225s] -- Installing: /home/hossein/navigation2_stack/install/custom_msg_srv/share/ament_index/resource_index/package_run_dependencies/custom_msg_srv
[12.225s] -- Installing: /home/hossein/navigation2_stack/install/custom_msg_srv/share/ament_index/resource_index/parent_prefix_path/custom_msg_srv
[12.225s] -- Installing: /home/hossein/navigation2_stack/install/custom_msg_srv/share/custom_msg_srv/environment/ament_prefix_path.sh
[12.226s] -- Installing: /home/hossein/navigation2_stack/install/custom_msg_srv/share/custom_msg_srv/environment/ament_prefix_path.dsv
[12.226s] -- Installing: /home/hossein/navigation2_stack/install/custom_msg_srv/share/custom_msg_srv/environment/path.sh
[12.226s] -- Installing: /home/hossein/navigation2_stack/install/custom_msg_srv/share/custom_msg_srv/environment/path.dsv
[12.226s] -- Installing: /home/hossein/navigation2_stack/install/custom_msg_srv/share/custom_msg_srv/local_setup.bash
[12.226s] -- Installing: /home/hossein/navigation2_stack/install/custom_msg_srv/share/custom_msg_srv/local_setup.sh
[12.227s] -- Installing: /home/hossein/navigation2_stack/install/custom_msg_srv/share/custom_msg_srv/local_setup.zsh
[12.227s] -- Installing: /home/hossein/navigation2_stack/install/custom_msg_srv/share/custom_msg_srv/local_setup.dsv
[12.227s] -- Installing: /home/hossein/navigation2_stack/install/custom_msg_srv/share/custom_msg_srv/package.dsv
[12.227s] -- Installing: /home/hossein/navigation2_stack/install/custom_msg_srv/share/ament_index/resource_index/packages/custom_msg_srv
[12.228s] -- Installing: /home/hossein/navigation2_stack/install/custom_msg_srv/share/custom_msg_srv/cmake/custom_msg_srv__rosidl_generator_cExport.cmake
[12.228s] -- Installing: /home/hossein/navigation2_stack/install/custom_msg_srv/share/custom_msg_srv/cmake/custom_msg_srv__rosidl_generator_cExport-noconfig.cmake
[12.228s] -- Installing: /home/hossein/navigation2_stack/install/custom_msg_srv/share/custom_msg_srv/cmake/custom_msg_srv__rosidl_typesupport_introspection_cExport.cmake
[12.229s] -- Installing: /home/hossein/navigation2_stack/install/custom_msg_srv/share/custom_msg_srv/cmake/custom_msg_srv__rosidl_typesupport_introspection_cExport-noconfig.cmake
[12.229s] -- Installing: /home/hossein/navigation2_stack/install/custom_msg_srv/share/custom_msg_srv/cmake/custom_msg_srv__rosidl_typesupport_cExport.cmake
[12.229s] -- Installing: /home/hossein/navigation2_stack/install/custom_msg_srv/share/custom_msg_srv/cmake/custom_msg_srv__rosidl_typesupport_cExport-noconfig.cmake
[12.229s] -- Installing: /home/hossein/navigation2_stack/install/custom_msg_srv/share/custom_msg_srv/cmake/custom_msg_srv__rosidl_generator_cppExport.cmake
[12.230s] -- Installing: /home/hossein/navigation2_stack/install/custom_msg_srv/share/custom_msg_srv/cmake/custom_msg_srv__rosidl_typesupport_introspection_cppExport.cmake
[12.230s] -- Installing: /home/hossein/navigation2_stack/install/custom_msg_srv/share/custom_msg_srv/cmake/custom_msg_srv__rosidl_typesupport_introspection_cppExport-noconfig.cmake
[12.230s] -- Installing: /home/hossein/navigation2_stack/install/custom_msg_srv/share/custom_msg_srv/cmake/custom_msg_srv__rosidl_typesupport_cppExport.cmake
[12.231s] -- Installing: /home/hossein/navigation2_stack/install/custom_msg_srv/share/custom_msg_srv/cmake/custom_msg_srv__rosidl_typesupport_cppExport-noconfig.cmake
[12.231s] -- Installing: /home/hossein/navigation2_stack/install/custom_msg_srv/share/custom_msg_srv/cmake/rosidl_cmake-extras.cmake
[12.231s] -- Installing: /home/hossein/navigation2_stack/install/custom_msg_srv/share/custom_msg_srv/cmake/ament_cmake_export_dependencies-extras.cmake
[12.231s] -- Installing: /home/hossein/navigation2_stack/install/custom_msg_srv/share/custom_msg_srv/cmake/ament_cmake_export_libraries-extras.cmake
[12.231s] -- Installing: /home/hossein/navigation2_stack/install/custom_msg_srv/share/custom_msg_srv/cmake/ament_cmake_export_targets-extras.cmake
[12.232s] -- Installing: /home/hossein/navigation2_stack/install/custom_msg_srv/share/custom_msg_srv/cmake/ament_cmake_export_include_directories-extras.cmake
[12.232s] -- Installing: /home/hossein/navigation2_stack/install/custom_msg_srv/share/custom_msg_srv/cmake/rosidl_cmake_export_typesupport_libraries-extras.cmake
[12.232s] -- Installing: /home/hossein/navigation2_stack/install/custom_msg_srv/share/custom_msg_srv/cmake/rosidl_cmake_export_typesupport_targets-extras.cmake
[12.232s] -- Installing: /home/hossein/navigation2_stack/install/custom_msg_srv/share/custom_msg_srv/cmake/custom_msg_srvConfig.cmake
[12.233s] -- Installing: /home/hossein/navigation2_stack/install/custom_msg_srv/share/custom_msg_srv/cmake/custom_msg_srvConfig-version.cmake
[12.233s] -- Installing: /home/hossein/navigation2_stack/install/custom_msg_srv/share/custom_msg_srv/package.xml
[12.240s] Invoked command in '/home/hossein/navigation2_stack/build/custom_msg_srv' returned '0': CMAKE_PREFIX_PATH=${CMAKE_PREFIX_PATH}:/home/hossein/nav2_ws/install/nav2_gazebo_spawner:/home/hossein/nav2_ws/install/image_segmentation:/home/hossein/dev_ws/install/py_pubsub:/home/hossein/dev_ws/install/image_segmentation:/opt/ros/foxy /usr/bin/cmake --install /home/hossein/navigation2_stack/build/custom_msg_srv
