[0.017s] Invoking command in '/home/hossein/navigation2_stack/build/dwb_msgs': CMAKE_PREFIX_PATH=/home/hossein/navigation2_stack/install/nav_2d_msgs:/home/hossein/navigation2_stack/install/nav_2d_utils:/home/hossein/navigation2_stack/install/dwb_msgs:/home/hossein/navigation2_stack/install/nav2_waypoint_follower:/home/hossein/navigation2_stack/install/nav2_voxel_grid:/home/hossein/navigation2_stack/install/nav2_map_server:/home/hossein/navigation2_stack/install/nav2_lifecycle_manager:/home/hossein/navigation2_stack/install/nav2_util:/home/hossein/navigation2_stack/install/nav2_msgs:/home/hossein/navigation2_stack/install/nav2_common:/home/hossein/navigation2_stack/install/custom_roi_srv:/home/hossein/navigation2_stack/install/custom_msg_srv:/home/hossein/turtlebot3_ws/install/turtlebot3_simulations:/home/hossein/turtlebot3_ws/install/turtlebot3_gazebo:/home/hossein/turtlebot3_ws/install/turtlebot3_fake_node:/home/hossein/nav2_ws/install/nav2_system_tests:/home/hossein/nav2_ws/install/nav2_bringup:/home/hossein/nav2_ws/install/navigation2:/home/hossein/nav2_ws/install/smac_planner:/home/hossein/nav2_ws/install/nav2_dwb_controller:/home/hossein/nav2_ws/install/nav2_controller:/home/hossein/nav2_ws/install/dwb_plugins:/home/hossein/nav2_ws/install/dwb_critics:/home/hossein/nav2_ws/install/dwb_core:/home/hossein/nav2_ws/install/nav_2d_utils:/home/hossein/nav2_ws/install/dwb_msgs:/home/hossein/nav2_ws/install/nav_2d_msgs:/home/hossein/nav2_ws/install/nav2_waypoint_follower:/home/hossein/nav2_ws/install/nav2_recoveries:/home/hossein/nav2_ws/install/nav2_planner:/home/hossein/nav2_ws/install/nav2_navfn_planner:/home/hossein/nav2_ws/install/nav2_gradient_costmap_plugin:/home/hossein/nav2_ws/install/nav2_core:/home/hossein/nav2_ws/install/costmap_queue:/home/hossein/nav2_ws/install/nav2_costmap_2d:/home/hossein/nav2_ws/install/nav2_voxel_grid:/home/hossein/nav2_ws/install/nav2_rviz_plugins:/home/hossein/nav2_ws/install/nav2_map_server:/home/hossein/nav2_ws/install/nav2_lifecycle_manager:/home/hossein/nav2_ws/install/nav2_bt_navigator:/home/hossein/nav2_ws/install/nav2_behavior_tree:/home/hossein/nav2_ws/install/nav2_amcl:/home/hossein/nav2_ws/install/nav2_util:/home/hossein/nav2_ws/install/nav2_msgs:/home/hossein/nav2_ws/install/nav2_common:/home/hossein/nav2_ws/install/custom_msg_srv:/home/hossein/dev_ws/install/vad_utils:/home/hossein/dev_ws/install/user_interface:/home/hossein/dev_ws/install/tf_publisher:/home/hossein/dev_ws/install/overhead_camera_service:/home/hossein/dev_ws/install/nf2:/home/hossein/dev_ws/install/global_planner:/home/hossein/dev_ws/install/custom_msg_srv:/home/hossein/navigation2_stack/install/nav2_gazebo_spawner:/home/hossein/navigation2_stack/install/ceiling_segmentation:/home/hossein/nav2_ws/install/nav2_gazebo_spawner:/home/hossein/nav2_ws/install/image_segmentation:/home/hossein/dev_ws/install/py_pubsub:/home/hossein/dev_ws/install/image_segmentation:/opt/ros/foxy LD_LIBRARY_PATH=/home/hossein/navigation2_stack/install/nav_2d_msgs/lib:/home/hossein/navigation2_stack/install/nav_2d_utils/lib:/home/hossein/navigation2_stack/install/dwb_msgs/lib:/home/hossein/navigation2_stack/install/nav2_waypoint_follower/lib:/home/hossein/navigation2_stack/install/nav2_voxel_grid/lib:/home/hossein/navigation2_stack/install/nav2_map_server/lib:/home/hossein/navigation2_stack/install/nav2_lifecycle_manager/lib:/home/hossein/navigation2_stack/install/nav2_util/lib:/home/hossein/navigation2_stack/install/nav2_msgs/lib:/home/hossein/navigation2_stack/install/custom_roi_srv/lib:/home/hossein/navigation2_stack/install/custom_msg_srv/lib:/home/hossein/nav2_ws/install/smac_planner/lib:/home/hossein/nav2_ws/install/nav2_controller/lib:/home/hossein/nav2_ws/install/dwb_plugins/lib:/home/hossein/nav2_ws/install/dwb_critics/lib:/home/hossein/nav2_ws/install/dwb_core/lib:/home/hossein/nav2_ws/install/nav_2d_utils/lib:/home/hossein/nav2_ws/install/dwb_msgs/lib:/home/hossein/nav2_ws/install/nav_2d_msgs/lib:/home/hossein/nav2_ws/install/nav2_waypoint_follower/lib:/home/hossein/nav2_ws/install/nav2_recoveries/lib:/home/hossein/nav2_ws/install/nav2_planner/lib:/home/hossein/nav2_ws/install/nav2_navfn_planner/lib:/home/hossein/nav2_ws/install/nav2_gradient_costmap_plugin/lib:/home/hossein/nav2_ws/install/costmap_queue/lib:/home/hossein/nav2_ws/install/nav2_costmap_2d/lib:/home/hossein/nav2_ws/install/nav2_voxel_grid/lib:/home/hossein/nav2_ws/install/nav2_rviz_plugins/lib:/home/hossein/nav2_ws/install/nav2_map_server/lib:/home/hossein/nav2_ws/install/nav2_lifecycle_manager/lib:/home/hossein/nav2_ws/install/nav2_bt_navigator/lib:/home/hossein/nav2_ws/install/nav2_behavior_tree/lib:/home/hossein/nav2_ws/install/nav2_amcl/lib:/home/hossein/nav2_ws/install/nav2_util/lib:/home/hossein/nav2_ws/install/nav2_msgs/lib:/home/hossein/nav2_ws/install/custom_msg_srv/lib:/home/hossein/dev_ws/install/user_interface/lib:/home/hossein/dev_ws/install/tf_publisher/lib:/home/hossein/dev_ws/install/overhead_camera_service/lib:/home/hossein/dev_ws/install/global_planner/lib:/home/hossein/dev_ws/install/custom_msg_srv/lib:/usr/lib/x86_64-linux-gnu/gazebo-11/plugins:/opt/ros/foxy/opt/yaml_cpp_vendor/lib:/opt/ros/foxy/opt/rviz_ogre_vendor/lib:/opt/ros/foxy/lib/x86_64-linux-gnu:/opt/ros/foxy/lib:/home/hossein/.mujoco/mujoco200/bin PYTHONPATH=/home/hossein/navigation2_stack/install/nav_2d_msgs/lib/python3.8/site-packages:/home/hossein/navigation2_stack/install/dwb_msgs/lib/python3.8/site-packages:/home/hossein/navigation2_stack/install/nav2_msgs/lib/python3.8/site-packages:/home/hossein/navigation2_stack/install/nav2_gazebo_spawner/lib/python3.8/site-packages:/home/hossein/navigation2_stack/install/nav2_common/lib/python3.8/site-packages:/home/hossein/navigation2_stack/install/custom_roi_srv/lib/python3.8/site-packages:/home/hossein/navigation2_stack/install/ceiling_segmentation/lib/python3.8/site-packages:/home/hossein/navigation2_stack/install/custom_msg_srv/lib/python3.8/site-packages:/home/hossein/nav2_ws/install/dwb_msgs/lib/python3.8/site-packages:/home/hossein/nav2_ws/install/nav_2d_msgs/lib/python3.8/site-packages:/home/hossein/nav2_ws/install/nav2_msgs/lib/python3.8/site-packages:/home/hossein/nav2_ws/install/nav2_gazebo_spawner/lib/python3.8/site-packages:/home/hossein/nav2_ws/install/nav2_common/lib/python3.8/site-packages:/home/hossein/nav2_ws/build/image_segmentation:/home/hossein/nav2_ws/install/image_segmentation/lib/python3.8/site-packages:/home/hossein/nav2_ws/install/custom_msg_srv/lib/python3.8/site-packages:/home/hossein/dev_ws/install/py_pubsub/lib/python3.8/site-packages:/home/hossein/dev_ws/install/image_segmentation/lib/python3.8/site-packages:/home/hossein/dev_ws/install/custom_msg_srv/lib/python3.8/site-packages:/opt/ros/foxy/lib/python3.8/site-packages /usr/bin/cmake --build /home/hossein/navigation2_stack/build/dwb_msgs -- -j8 -l8
[0.098s] [  1%] Built target dwb_msgs__cpp
[0.104s] [ 12%] Built target dwb_msgs__rosidl_generator_c
[0.143s] [ 24%] Built target dwb_msgs__rosidl_typesupport_cpp
[0.154s] [ 35%] Built target dwb_msgs__rosidl_typesupport_introspection_cpp
[0.160s] [ 47%] Built target dwb_msgs__rosidl_typesupport_c
[0.165s] [ 58%] Built target dwb_msgs__rosidl_typesupport_fastrtps_cpp
[0.165s] [ 70%] Built target dwb_msgs__rosidl_typesupport_introspection_c
[0.216s] [ 82%] Built target dwb_msgs__rosidl_typesupport_fastrtps_c
[0.249s] [ 82%] Built target dwb_msgs
[0.282s] [ 83%] Built target dwb_msgs__py
[0.326s] [ 93%] Built target dwb_msgs__python
[0.365s] [ 95%] Built target dwb_msgs__rosidl_typesupport_introspection_c__pyext
[0.367s] [ 97%] Built target dwb_msgs__rosidl_typesupport_fastrtps_c__pyext
[0.372s] [100%] Built target dwb_msgs__rosidl_typesupport_c__pyext
[0.387s] Invoked command in '/home/hossein/navigation2_stack/build/dwb_msgs' returned '0': CMAKE_PREFIX_PATH=/home/hossein/navigation2_stack/install/nav_2d_msgs:/home/hossein/navigation2_stack/install/nav_2d_utils:/home/hossein/navigation2_stack/install/dwb_msgs:/home/hossein/navigation2_stack/install/nav2_waypoint_follower:/home/hossein/navigation2_stack/install/nav2_voxel_grid:/home/hossein/navigation2_stack/install/nav2_map_server:/home/hossein/navigation2_stack/install/nav2_lifecycle_manager:/home/hossein/navigation2_stack/install/nav2_util:/home/hossein/navigation2_stack/install/nav2_msgs:/home/hossein/navigation2_stack/install/nav2_common:/home/hossein/navigation2_stack/install/custom_roi_srv:/home/hossein/navigation2_stack/install/custom_msg_srv:/home/hossein/turtlebot3_ws/install/turtlebot3_simulations:/home/hossein/turtlebot3_ws/install/turtlebot3_gazebo:/home/hossein/turtlebot3_ws/install/turtlebot3_fake_node:/home/hossein/nav2_ws/install/nav2_system_tests:/home/hossein/nav2_ws/install/nav2_bringup:/home/hossein/nav2_ws/install/navigation2:/home/hossein/nav2_ws/install/smac_planner:/home/hossein/nav2_ws/install/nav2_dwb_controller:/home/hossein/nav2_ws/install/nav2_controller:/home/hossein/nav2_ws/install/dwb_plugins:/home/hossein/nav2_ws/install/dwb_critics:/home/hossein/nav2_ws/install/dwb_core:/home/hossein/nav2_ws/install/nav_2d_utils:/home/hossein/nav2_ws/install/dwb_msgs:/home/hossein/nav2_ws/install/nav_2d_msgs:/home/hossein/nav2_ws/install/nav2_waypoint_follower:/home/hossein/nav2_ws/install/nav2_recoveries:/home/hossein/nav2_ws/install/nav2_planner:/home/hossein/nav2_ws/install/nav2_navfn_planner:/home/hossein/nav2_ws/install/nav2_gradient_costmap_plugin:/home/hossein/nav2_ws/install/nav2_core:/home/hossein/nav2_ws/install/costmap_queue:/home/hossein/nav2_ws/install/nav2_costmap_2d:/home/hossein/nav2_ws/install/nav2_voxel_grid:/home/hossein/nav2_ws/install/nav2_rviz_plugins:/home/hossein/nav2_ws/install/nav2_map_server:/home/hossein/nav2_ws/install/nav2_lifecycle_manager:/home/hossein/nav2_ws/install/nav2_bt_navigator:/home/hossein/nav2_ws/install/nav2_behavior_tree:/home/hossein/nav2_ws/install/nav2_amcl:/home/hossein/nav2_ws/install/nav2_util:/home/hossein/nav2_ws/install/nav2_msgs:/home/hossein/nav2_ws/install/nav2_common:/home/hossein/nav2_ws/install/custom_msg_srv:/home/hossein/dev_ws/install/vad_utils:/home/hossein/dev_ws/install/user_interface:/home/hossein/dev_ws/install/tf_publisher:/home/hossein/dev_ws/install/overhead_camera_service:/home/hossein/dev_ws/install/nf2:/home/hossein/dev_ws/install/global_planner:/home/hossein/dev_ws/install/custom_msg_srv:/home/hossein/navigation2_stack/install/nav2_gazebo_spawner:/home/hossein/navigation2_stack/install/ceiling_segmentation:/home/hossein/nav2_ws/install/nav2_gazebo_spawner:/home/hossein/nav2_ws/install/image_segmentation:/home/hossein/dev_ws/install/py_pubsub:/home/hossein/dev_ws/install/image_segmentation:/opt/ros/foxy LD_LIBRARY_PATH=/home/hossein/navigation2_stack/install/nav_2d_msgs/lib:/home/hossein/navigation2_stack/install/nav_2d_utils/lib:/home/hossein/navigation2_stack/install/dwb_msgs/lib:/home/hossein/navigation2_stack/install/nav2_waypoint_follower/lib:/home/hossein/navigation2_stack/install/nav2_voxel_grid/lib:/home/hossein/navigation2_stack/install/nav2_map_server/lib:/home/hossein/navigation2_stack/install/nav2_lifecycle_manager/lib:/home/hossein/navigation2_stack/install/nav2_util/lib:/home/hossein/navigation2_stack/install/nav2_msgs/lib:/home/hossein/navigation2_stack/install/custom_roi_srv/lib:/home/hossein/navigation2_stack/install/custom_msg_srv/lib:/home/hossein/nav2_ws/install/smac_planner/lib:/home/hossein/nav2_ws/install/nav2_controller/lib:/home/hossein/nav2_ws/install/dwb_plugins/lib:/home/hossein/nav2_ws/install/dwb_critics/lib:/home/hossein/nav2_ws/install/dwb_core/lib:/home/hossein/nav2_ws/install/nav_2d_utils/lib:/home/hossein/nav2_ws/install/dwb_msgs/lib:/home/hossein/nav2_ws/install/nav_2d_msgs/lib:/home/hossein/nav2_ws/install/nav2_waypoint_follower/lib:/home/hossein/nav2_ws/install/nav2_recoveries/lib:/home/hossein/nav2_ws/install/nav2_planner/lib:/home/hossein/nav2_ws/install/nav2_navfn_planner/lib:/home/hossein/nav2_ws/install/nav2_gradient_costmap_plugin/lib:/home/hossein/nav2_ws/install/costmap_queue/lib:/home/hossein/nav2_ws/install/nav2_costmap_2d/lib:/home/hossein/nav2_ws/install/nav2_voxel_grid/lib:/home/hossein/nav2_ws/install/nav2_rviz_plugins/lib:/home/hossein/nav2_ws/install/nav2_map_server/lib:/home/hossein/nav2_ws/install/nav2_lifecycle_manager/lib:/home/hossein/nav2_ws/install/nav2_bt_navigator/lib:/home/hossein/nav2_ws/install/nav2_behavior_tree/lib:/home/hossein/nav2_ws/install/nav2_amcl/lib:/home/hossein/nav2_ws/install/nav2_util/lib:/home/hossein/nav2_ws/install/nav2_msgs/lib:/home/hossein/nav2_ws/install/custom_msg_srv/lib:/home/hossein/dev_ws/install/user_interface/lib:/home/hossein/dev_ws/install/tf_publisher/lib:/home/hossein/dev_ws/install/overhead_camera_service/lib:/home/hossein/dev_ws/install/global_planner/lib:/home/hossein/dev_ws/install/custom_msg_srv/lib:/usr/lib/x86_64-linux-gnu/gazebo-11/plugins:/opt/ros/foxy/opt/yaml_cpp_vendor/lib:/opt/ros/foxy/opt/rviz_ogre_vendor/lib:/opt/ros/foxy/lib/x86_64-linux-gnu:/opt/ros/foxy/lib:/home/hossein/.mujoco/mujoco200/bin PYTHONPATH=/home/hossein/navigation2_stack/install/nav_2d_msgs/lib/python3.8/site-packages:/home/hossein/navigation2_stack/install/dwb_msgs/lib/python3.8/site-packages:/home/hossein/navigation2_stack/install/nav2_msgs/lib/python3.8/site-packages:/home/hossein/navigation2_stack/install/nav2_gazebo_spawner/lib/python3.8/site-packages:/home/hossein/navigation2_stack/install/nav2_common/lib/python3.8/site-packages:/home/hossein/navigation2_stack/install/custom_roi_srv/lib/python3.8/site-packages:/home/hossein/navigation2_stack/install/ceiling_segmentation/lib/python3.8/site-packages:/home/hossein/navigation2_stack/install/custom_msg_srv/lib/python3.8/site-packages:/home/hossein/nav2_ws/install/dwb_msgs/lib/python3.8/site-packages:/home/hossein/nav2_ws/install/nav_2d_msgs/lib/python3.8/site-packages:/home/hossein/nav2_ws/install/nav2_msgs/lib/python3.8/site-packages:/home/hossein/nav2_ws/install/nav2_gazebo_spawner/lib/python3.8/site-packages:/home/hossein/nav2_ws/install/nav2_common/lib/python3.8/site-packages:/home/hossein/nav2_ws/build/image_segmentation:/home/hossein/nav2_ws/install/image_segmentation/lib/python3.8/site-packages:/home/hossein/nav2_ws/install/custom_msg_srv/lib/python3.8/site-packages:/home/hossein/dev_ws/install/py_pubsub/lib/python3.8/site-packages:/home/hossein/dev_ws/install/image_segmentation/lib/python3.8/site-packages:/home/hossein/dev_ws/install/custom_msg_srv/lib/python3.8/site-packages:/opt/ros/foxy/lib/python3.8/site-packages /usr/bin/cmake --build /home/hossein/navigation2_stack/build/dwb_msgs -- -j8 -l8
[0.753s] Invoking command in '/home/hossein/navigation2_stack/build/dwb_msgs': CMAKE_PREFIX_PATH=/home/hossein/navigation2_stack/install/nav_2d_msgs:/home/hossein/navigation2_stack/install/nav_2d_utils:/home/hossein/navigation2_stack/install/dwb_msgs:/home/hossein/navigation2_stack/install/nav2_waypoint_follower:/home/hossein/navigation2_stack/install/nav2_voxel_grid:/home/hossein/navigation2_stack/install/nav2_map_server:/home/hossein/navigation2_stack/install/nav2_lifecycle_manager:/home/hossein/navigation2_stack/install/nav2_util:/home/hossein/navigation2_stack/install/nav2_msgs:/home/hossein/navigation2_stack/install/nav2_common:/home/hossein/navigation2_stack/install/custom_roi_srv:/home/hossein/navigation2_stack/install/custom_msg_srv:/home/hossein/turtlebot3_ws/install/turtlebot3_simulations:/home/hossein/turtlebot3_ws/install/turtlebot3_gazebo:/home/hossein/turtlebot3_ws/install/turtlebot3_fake_node:/home/hossein/nav2_ws/install/nav2_system_tests:/home/hossein/nav2_ws/install/nav2_bringup:/home/hossein/nav2_ws/install/navigation2:/home/hossein/nav2_ws/install/smac_planner:/home/hossein/nav2_ws/install/nav2_dwb_controller:/home/hossein/nav2_ws/install/nav2_controller:/home/hossein/nav2_ws/install/dwb_plugins:/home/hossein/nav2_ws/install/dwb_critics:/home/hossein/nav2_ws/install/dwb_core:/home/hossein/nav2_ws/install/nav_2d_utils:/home/hossein/nav2_ws/install/dwb_msgs:/home/hossein/nav2_ws/install/nav_2d_msgs:/home/hossein/nav2_ws/install/nav2_waypoint_follower:/home/hossein/nav2_ws/install/nav2_recoveries:/home/hossein/nav2_ws/install/nav2_planner:/home/hossein/nav2_ws/install/nav2_navfn_planner:/home/hossein/nav2_ws/install/nav2_gradient_costmap_plugin:/home/hossein/nav2_ws/install/nav2_core:/home/hossein/nav2_ws/install/costmap_queue:/home/hossein/nav2_ws/install/nav2_costmap_2d:/home/hossein/nav2_ws/install/nav2_voxel_grid:/home/hossein/nav2_ws/install/nav2_rviz_plugins:/home/hossein/nav2_ws/install/nav2_map_server:/home/hossein/nav2_ws/install/nav2_lifecycle_manager:/home/hossein/nav2_ws/install/nav2_bt_navigator:/home/hossein/nav2_ws/install/nav2_behavior_tree:/home/hossein/nav2_ws/install/nav2_amcl:/home/hossein/nav2_ws/install/nav2_util:/home/hossein/nav2_ws/install/nav2_msgs:/home/hossein/nav2_ws/install/nav2_common:/home/hossein/nav2_ws/install/custom_msg_srv:/home/hossein/dev_ws/install/vad_utils:/home/hossein/dev_ws/install/user_interface:/home/hossein/dev_ws/install/tf_publisher:/home/hossein/dev_ws/install/overhead_camera_service:/home/hossein/dev_ws/install/nf2:/home/hossein/dev_ws/install/global_planner:/home/hossein/dev_ws/install/custom_msg_srv:/home/hossein/navigation2_stack/install/nav2_gazebo_spawner:/home/hossein/navigation2_stack/install/ceiling_segmentation:/home/hossein/nav2_ws/install/nav2_gazebo_spawner:/home/hossein/nav2_ws/install/image_segmentation:/home/hossein/dev_ws/install/py_pubsub:/home/hossein/dev_ws/install/image_segmentation:/opt/ros/foxy LD_LIBRARY_PATH=/home/hossein/navigation2_stack/install/nav_2d_msgs/lib:/home/hossein/navigation2_stack/install/nav_2d_utils/lib:/home/hossein/navigation2_stack/install/dwb_msgs/lib:/home/hossein/navigation2_stack/install/nav2_waypoint_follower/lib:/home/hossein/navigation2_stack/install/nav2_voxel_grid/lib:/home/hossein/navigation2_stack/install/nav2_map_server/lib:/home/hossein/navigation2_stack/install/nav2_lifecycle_manager/lib:/home/hossein/navigation2_stack/install/nav2_util/lib:/home/hossein/navigation2_stack/install/nav2_msgs/lib:/home/hossein/navigation2_stack/install/custom_roi_srv/lib:/home/hossein/navigation2_stack/install/custom_msg_srv/lib:/home/hossein/nav2_ws/install/smac_planner/lib:/home/hossein/nav2_ws/install/nav2_controller/lib:/home/hossein/nav2_ws/install/dwb_plugins/lib:/home/hossein/nav2_ws/install/dwb_critics/lib:/home/hossein/nav2_ws/install/dwb_core/lib:/home/hossein/nav2_ws/install/nav_2d_utils/lib:/home/hossein/nav2_ws/install/dwb_msgs/lib:/home/hossein/nav2_ws/install/nav_2d_msgs/lib:/home/hossein/nav2_ws/install/nav2_waypoint_follower/lib:/home/hossein/nav2_ws/install/nav2_recoveries/lib:/home/hossein/nav2_ws/install/nav2_planner/lib:/home/hossein/nav2_ws/install/nav2_navfn_planner/lib:/home/hossein/nav2_ws/install/nav2_gradient_costmap_plugin/lib:/home/hossein/nav2_ws/install/costmap_queue/lib:/home/hossein/nav2_ws/install/nav2_costmap_2d/lib:/home/hossein/nav2_ws/install/nav2_voxel_grid/lib:/home/hossein/nav2_ws/install/nav2_rviz_plugins/lib:/home/hossein/nav2_ws/install/nav2_map_server/lib:/home/hossein/nav2_ws/install/nav2_lifecycle_manager/lib:/home/hossein/nav2_ws/install/nav2_bt_navigator/lib:/home/hossein/nav2_ws/install/nav2_behavior_tree/lib:/home/hossein/nav2_ws/install/nav2_amcl/lib:/home/hossein/nav2_ws/install/nav2_util/lib:/home/hossein/nav2_ws/install/nav2_msgs/lib:/home/hossein/nav2_ws/install/custom_msg_srv/lib:/home/hossein/dev_ws/install/user_interface/lib:/home/hossein/dev_ws/install/tf_publisher/lib:/home/hossein/dev_ws/install/overhead_camera_service/lib:/home/hossein/dev_ws/install/global_planner/lib:/home/hossein/dev_ws/install/custom_msg_srv/lib:/usr/lib/x86_64-linux-gnu/gazebo-11/plugins:/opt/ros/foxy/opt/yaml_cpp_vendor/lib:/opt/ros/foxy/opt/rviz_ogre_vendor/lib:/opt/ros/foxy/lib/x86_64-linux-gnu:/opt/ros/foxy/lib:/home/hossein/.mujoco/mujoco200/bin PYTHONPATH=/home/hossein/navigation2_stack/install/nav_2d_msgs/lib/python3.8/site-packages:/home/hossein/navigation2_stack/install/dwb_msgs/lib/python3.8/site-packages:/home/hossein/navigation2_stack/install/nav2_msgs/lib/python3.8/site-packages:/home/hossein/navigation2_stack/install/nav2_gazebo_spawner/lib/python3.8/site-packages:/home/hossein/navigation2_stack/install/nav2_common/lib/python3.8/site-packages:/home/hossein/navigation2_stack/install/custom_roi_srv/lib/python3.8/site-packages:/home/hossein/navigation2_stack/install/ceiling_segmentation/lib/python3.8/site-packages:/home/hossein/navigation2_stack/install/custom_msg_srv/lib/python3.8/site-packages:/home/hossein/nav2_ws/install/dwb_msgs/lib/python3.8/site-packages:/home/hossein/nav2_ws/install/nav_2d_msgs/lib/python3.8/site-packages:/home/hossein/nav2_ws/install/nav2_msgs/lib/python3.8/site-packages:/home/hossein/nav2_ws/install/nav2_gazebo_spawner/lib/python3.8/site-packages:/home/hossein/nav2_ws/install/nav2_common/lib/python3.8/site-packages:/home/hossein/nav2_ws/build/image_segmentation:/home/hossein/nav2_ws/install/image_segmentation/lib/python3.8/site-packages:/home/hossein/nav2_ws/install/custom_msg_srv/lib/python3.8/site-packages:/home/hossein/dev_ws/install/py_pubsub/lib/python3.8/site-packages:/home/hossein/dev_ws/install/image_segmentation/lib/python3.8/site-packages:/home/hossein/dev_ws/install/custom_msg_srv/lib/python3.8/site-packages:/opt/ros/foxy/lib/python3.8/site-packages /usr/bin/cmake --install /home/hossein/navigation2_stack/build/dwb_msgs
[0.765s] -- Install configuration: ""
[0.766s] -- Up-to-date: /home/hossein/navigation2_stack/install/dwb_msgs/share/ament_index/resource_index/rosidl_interfaces/dwb_msgs
[0.766s] -- Up-to-date: /home/hossein/navigation2_stack/install/dwb_msgs/include/dwb_msgs
[0.766s] -- Up-to-date: /home/hossein/navigation2_stack/install/dwb_msgs/include/dwb_msgs/srv
[0.766s] -- Up-to-date: /home/hossein/navigation2_stack/install/dwb_msgs/include/dwb_msgs/srv/get_critic_score.h
[0.766s] -- Up-to-date: /home/hossein/navigation2_stack/install/dwb_msgs/include/dwb_msgs/srv/detail
[0.767s] -- Up-to-date: /home/hossein/navigation2_stack/install/dwb_msgs/include/dwb_msgs/srv/detail/generate_twists__functions.c
[0.767s] -- Up-to-date: /home/hossein/navigation2_stack/install/dwb_msgs/include/dwb_msgs/srv/detail/debug_local_plan__struct.h
[0.767s] -- Up-to-date: /home/hossein/navigation2_stack/install/dwb_msgs/include/dwb_msgs/srv/detail/generate_twists__type_support.h
[0.767s] -- Up-to-date: /home/hossein/navigation2_stack/install/dwb_msgs/include/dwb_msgs/srv/detail/generate_trajectory__functions.h
[0.767s] -- Up-to-date: /home/hossein/navigation2_stack/install/dwb_msgs/include/dwb_msgs/srv/detail/get_critic_score__struct.h
[0.767s] -- Up-to-date: /home/hossein/navigation2_stack/install/dwb_msgs/include/dwb_msgs/srv/detail/score_trajectory__struct.h
[0.767s] -- Up-to-date: /home/hossein/navigation2_stack/install/dwb_msgs/include/dwb_msgs/srv/detail/generate_twists__functions.h
[0.767s] -- Up-to-date: /home/hossein/navigation2_stack/install/dwb_msgs/include/dwb_msgs/srv/detail/get_critic_score__functions.c
[0.767s] -- Up-to-date: /home/hossein/navigation2_stack/install/dwb_msgs/include/dwb_msgs/srv/detail/generate_trajectory__functions.c
[0.768s] -- Up-to-date: /home/hossein/navigation2_stack/install/dwb_msgs/include/dwb_msgs/srv/detail/score_trajectory__functions.c
[0.768s] -- Up-to-date: /home/hossein/navigation2_stack/install/dwb_msgs/include/dwb_msgs/srv/detail/get_critic_score__type_support.h
[0.768s] -- Up-to-date: /home/hossein/navigation2_stack/install/dwb_msgs/include/dwb_msgs/srv/detail/generate_trajectory__struct.h
[0.768s] -- Up-to-date: /home/hossein/navigation2_stack/install/dwb_msgs/include/dwb_msgs/srv/detail/score_trajectory__functions.h
[0.768s] -- Up-to-date: /home/hossein/navigation2_stack/install/dwb_msgs/include/dwb_msgs/srv/detail/generate_twists__struct.h
[0.768s] -- Up-to-date: /home/hossein/navigation2_stack/install/dwb_msgs/include/dwb_msgs/srv/detail/debug_local_plan__type_support.h
[0.768s] -- Up-to-date: /home/hossein/navigation2_stack/install/dwb_msgs/include/dwb_msgs/srv/detail/score_trajectory__type_support.h
[0.768s] -- Up-to-date: /home/hossein/navigation2_stack/install/dwb_msgs/include/dwb_msgs/srv/detail/debug_local_plan__functions.c
[0.768s] -- Up-to-date: /home/hossein/navigation2_stack/install/dwb_msgs/include/dwb_msgs/srv/detail/generate_trajectory__type_support.h
[0.768s] -- Up-to-date: /home/hossein/navigation2_stack/install/dwb_msgs/include/dwb_msgs/srv/detail/debug_local_plan__functions.h
[0.768s] -- Up-to-date: /home/hossein/navigation2_stack/install/dwb_msgs/include/dwb_msgs/srv/detail/get_critic_score__functions.h
[0.769s] -- Up-to-date: /home/hossein/navigation2_stack/install/dwb_msgs/include/dwb_msgs/srv/generate_twists.h
[0.769s] -- Up-to-date: /home/hossein/navigation2_stack/install/dwb_msgs/include/dwb_msgs/srv/debug_local_plan.h
[0.769s] -- Up-to-date: /home/hossein/navigation2_stack/install/dwb_msgs/include/dwb_msgs/srv/score_trajectory.h
[0.769s] -- Up-to-date: /home/hossein/navigation2_stack/install/dwb_msgs/include/dwb_msgs/srv/generate_trajectory.h
[0.769s] -- Up-to-date: /home/hossein/navigation2_stack/install/dwb_msgs/include/dwb_msgs/msg
[0.769s] -- Up-to-date: /home/hossein/navigation2_stack/install/dwb_msgs/include/dwb_msgs/msg/rosidl_generator_c__visibility_control.h
[0.769s] -- Up-to-date: /home/hossein/navigation2_stack/install/dwb_msgs/include/dwb_msgs/msg/trajectory2_d.h
[0.769s] -- Up-to-date: /home/hossein/navigation2_stack/install/dwb_msgs/include/dwb_msgs/msg/critic_score.h
[0.769s] -- Up-to-date: /home/hossein/navigation2_stack/install/dwb_msgs/include/dwb_msgs/msg/detail
[0.769s] -- Up-to-date: /home/hossein/navigation2_stack/install/dwb_msgs/include/dwb_msgs/msg/detail/trajectory2_d__functions.h
[0.770s] -- Up-to-date: /home/hossein/navigation2_stack/install/dwb_msgs/include/dwb_msgs/msg/detail/critic_score__functions.h
[0.770s] -- Up-to-date: /home/hossein/navigation2_stack/install/dwb_msgs/include/dwb_msgs/msg/detail/critic_score__type_support.h
[0.770s] -- Up-to-date: /home/hossein/navigation2_stack/install/dwb_msgs/include/dwb_msgs/msg/detail/trajectory_score__functions.h
[0.770s] -- Up-to-date: /home/hossein/navigation2_stack/install/dwb_msgs/include/dwb_msgs/msg/detail/critic_score__functions.c
[0.770s] -- Up-to-date: /home/hossein/navigation2_stack/install/dwb_msgs/include/dwb_msgs/msg/detail/trajectory2_d__functions.c
[0.770s] -- Up-to-date: /home/hossein/navigation2_stack/install/dwb_msgs/include/dwb_msgs/msg/detail/local_plan_evaluation__functions.c
[0.770s] -- Up-to-date: /home/hossein/navigation2_stack/install/dwb_msgs/include/dwb_msgs/msg/detail/local_plan_evaluation__struct.h
[0.770s] -- Up-to-date: /home/hossein/navigation2_stack/install/dwb_msgs/include/dwb_msgs/msg/detail/trajectory2_d__type_support.h
[0.771s] -- Up-to-date: /home/hossein/navigation2_stack/install/dwb_msgs/include/dwb_msgs/msg/detail/local_plan_evaluation__functions.h
[0.771s] -- Up-to-date: /home/hossein/navigation2_stack/install/dwb_msgs/include/dwb_msgs/msg/detail/trajectory_score__struct.h
[0.771s] -- Up-to-date: /home/hossein/navigation2_stack/install/dwb_msgs/include/dwb_msgs/msg/detail/trajectory_score__functions.c
[0.771s] -- Up-to-date: /home/hossein/navigation2_stack/install/dwb_msgs/include/dwb_msgs/msg/detail/local_plan_evaluation__type_support.h
[0.771s] -- Up-to-date: /home/hossein/navigation2_stack/install/dwb_msgs/include/dwb_msgs/msg/detail/critic_score__struct.h
[0.771s] -- Up-to-date: /home/hossein/navigation2_stack/install/dwb_msgs/include/dwb_msgs/msg/detail/trajectory_score__type_support.h
[0.771s] -- Up-to-date: /home/hossein/navigation2_stack/install/dwb_msgs/include/dwb_msgs/msg/detail/trajectory2_d__struct.h
[0.771s] -- Up-to-date: /home/hossein/navigation2_stack/install/dwb_msgs/include/dwb_msgs/msg/local_plan_evaluation.h
[0.771s] -- Up-to-date: /home/hossein/navigation2_stack/install/dwb_msgs/include/dwb_msgs/msg/trajectory_score.h
[0.771s] -- Up-to-date: /home/hossein/navigation2_stack/install/dwb_msgs/share/dwb_msgs/environment/library_path.sh
[0.771s] -- Up-to-date: /home/hossein/navigation2_stack/install/dwb_msgs/share/dwb_msgs/environment/library_path.dsv
[0.771s] -- Up-to-date: /home/hossein/navigation2_stack/install/dwb_msgs/lib/libdwb_msgs__rosidl_generator_c.so
[0.772s] -- Up-to-date: /home/hossein/navigation2_stack/install/dwb_msgs/include/dwb_msgs
[0.772s] -- Up-to-date: /home/hossein/navigation2_stack/install/dwb_msgs/include/dwb_msgs/srv
[0.772s] -- Up-to-date: /home/hossein/navigation2_stack/install/dwb_msgs/include/dwb_msgs/srv/detail
[0.772s] -- Up-to-date: /home/hossein/navigation2_stack/install/dwb_msgs/include/dwb_msgs/srv/detail/debug_local_plan__rosidl_typesupport_fastrtps_c.h
[0.772s] -- Up-to-date: /home/hossein/navigation2_stack/install/dwb_msgs/include/dwb_msgs/srv/detail/generate_twists__rosidl_typesupport_fastrtps_c.h
[0.772s] -- Up-to-date: /home/hossein/navigation2_stack/install/dwb_msgs/include/dwb_msgs/srv/detail/score_trajectory__rosidl_typesupport_fastrtps_c.h
[0.772s] -- Up-to-date: /home/hossein/navigation2_stack/install/dwb_msgs/include/dwb_msgs/srv/detail/generate_trajectory__rosidl_typesupport_fastrtps_c.h
[0.772s] -- Up-to-date: /home/hossein/navigation2_stack/install/dwb_msgs/include/dwb_msgs/srv/detail/get_critic_score__rosidl_typesupport_fastrtps_c.h
[0.772s] -- Up-to-date: /home/hossein/navigation2_stack/install/dwb_msgs/include/dwb_msgs/msg
[0.772s] -- Up-to-date: /home/hossein/navigation2_stack/install/dwb_msgs/include/dwb_msgs/msg/rosidl_typesupport_fastrtps_c__visibility_control.h
[0.772s] -- Up-to-date: /home/hossein/navigation2_stack/install/dwb_msgs/include/dwb_msgs/msg/detail
[0.773s] -- Up-to-date: /home/hossein/navigation2_stack/install/dwb_msgs/include/dwb_msgs/msg/detail/trajectory_score__rosidl_typesupport_fastrtps_c.h
[0.773s] -- Up-to-date: /home/hossein/navigation2_stack/install/dwb_msgs/include/dwb_msgs/msg/detail/local_plan_evaluation__rosidl_typesupport_fastrtps_c.h
[0.773s] -- Up-to-date: /home/hossein/navigation2_stack/install/dwb_msgs/include/dwb_msgs/msg/detail/trajectory2_d__rosidl_typesupport_fastrtps_c.h
[0.773s] -- Up-to-date: /home/hossein/navigation2_stack/install/dwb_msgs/include/dwb_msgs/msg/detail/critic_score__rosidl_typesupport_fastrtps_c.h
[0.773s] -- Up-to-date: /home/hossein/navigation2_stack/install/dwb_msgs/lib/libdwb_msgs__rosidl_typesupport_fastrtps_c.so
[0.773s] -- Up-to-date: /home/hossein/navigation2_stack/install/dwb_msgs/include/dwb_msgs
[0.773s] -- Up-to-date: /home/hossein/navigation2_stack/install/dwb_msgs/include/dwb_msgs/srv
[0.773s] -- Up-to-date: /home/hossein/navigation2_stack/install/dwb_msgs/include/dwb_msgs/srv/detail
[0.773s] -- Up-to-date: /home/hossein/navigation2_stack/install/dwb_msgs/include/dwb_msgs/srv/detail/generate_twists__rosidl_typesupport_fastrtps_cpp.hpp
[0.773s] -- Up-to-date: /home/hossein/navigation2_stack/install/dwb_msgs/include/dwb_msgs/srv/detail/get_critic_score__rosidl_typesupport_fastrtps_cpp.hpp
[0.773s] -- Up-to-date: /home/hossein/navigation2_stack/install/dwb_msgs/include/dwb_msgs/srv/detail/generate_trajectory__rosidl_typesupport_fastrtps_cpp.hpp
[0.773s] -- Up-to-date: /home/hossein/navigation2_stack/install/dwb_msgs/include/dwb_msgs/srv/detail/score_trajectory__rosidl_typesupport_fastrtps_cpp.hpp
[0.773s] -- Up-to-date: /home/hossein/navigation2_stack/install/dwb_msgs/include/dwb_msgs/srv/detail/dds_fastrtps
[0.774s] -- Up-to-date: /home/hossein/navigation2_stack/install/dwb_msgs/include/dwb_msgs/srv/detail/debug_local_plan__rosidl_typesupport_fastrtps_cpp.hpp
[0.774s] -- Up-to-date: /home/hossein/navigation2_stack/install/dwb_msgs/include/dwb_msgs/msg
[0.774s] -- Up-to-date: /home/hossein/navigation2_stack/install/dwb_msgs/include/dwb_msgs/msg/detail
[0.774s] -- Up-to-date: /home/hossein/navigation2_stack/install/dwb_msgs/include/dwb_msgs/msg/detail/trajectory2_d__rosidl_typesupport_fastrtps_cpp.hpp
[0.774s] -- Up-to-date: /home/hossein/navigation2_stack/install/dwb_msgs/include/dwb_msgs/msg/detail/trajectory_score__rosidl_typesupport_fastrtps_cpp.hpp
[0.774s] -- Up-to-date: /home/hossein/navigation2_stack/install/dwb_msgs/include/dwb_msgs/msg/detail/dds_fastrtps
[0.774s] -- Up-to-date: /home/hossein/navigation2_stack/install/dwb_msgs/include/dwb_msgs/msg/detail/local_plan_evaluation__rosidl_typesupport_fastrtps_cpp.hpp
[0.774s] -- Up-to-date: /home/hossein/navigation2_stack/install/dwb_msgs/include/dwb_msgs/msg/detail/critic_score__rosidl_typesupport_fastrtps_cpp.hpp
[0.774s] -- Up-to-date: /home/hossein/navigation2_stack/install/dwb_msgs/include/dwb_msgs/msg/rosidl_typesupport_fastrtps_cpp__visibility_control.h
[0.774s] -- Up-to-date: /home/hossein/navigation2_stack/install/dwb_msgs/lib/libdwb_msgs__rosidl_typesupport_fastrtps_cpp.so
[0.774s] -- Up-to-date: /home/hossein/navigation2_stack/install/dwb_msgs/include/dwb_msgs
[0.774s] -- Up-to-date: /home/hossein/navigation2_stack/install/dwb_msgs/include/dwb_msgs/srv
[0.774s] -- Up-to-date: /home/hossein/navigation2_stack/install/dwb_msgs/include/dwb_msgs/srv/detail
[0.774s] -- Up-to-date: /home/hossein/navigation2_stack/install/dwb_msgs/include/dwb_msgs/srv/detail/score_trajectory__type_support.c
[0.775s] -- Up-to-date: /home/hossein/navigation2_stack/install/dwb_msgs/include/dwb_msgs/srv/detail/generate_twists__type_support.c
[0.775s] -- Up-to-date: /home/hossein/navigation2_stack/install/dwb_msgs/include/dwb_msgs/srv/detail/generate_trajectory__type_support.c
[0.775s] -- Up-to-date: /home/hossein/navigation2_stack/install/dwb_msgs/include/dwb_msgs/srv/detail/generate_twists__rosidl_typesupport_introspection_c.h
[0.775s] -- Up-to-date: /home/hossein/navigation2_stack/install/dwb_msgs/include/dwb_msgs/srv/detail/score_trajectory__rosidl_typesupport_introspection_c.h
[0.775s] -- Up-to-date: /home/hossein/navigation2_stack/install/dwb_msgs/include/dwb_msgs/srv/detail/get_critic_score__type_support.c
[0.775s] -- Up-to-date: /home/hossein/navigation2_stack/install/dwb_msgs/include/dwb_msgs/srv/detail/generate_trajectory__rosidl_typesupport_introspection_c.h
[0.775s] -- Up-to-date: /home/hossein/navigation2_stack/install/dwb_msgs/include/dwb_msgs/srv/detail/get_critic_score__rosidl_typesupport_introspection_c.h
[0.775s] -- Up-to-date: /home/hossein/navigation2_stack/install/dwb_msgs/include/dwb_msgs/srv/detail/debug_local_plan__rosidl_typesupport_introspection_c.h
[0.775s] -- Up-to-date: /home/hossein/navigation2_stack/install/dwb_msgs/include/dwb_msgs/srv/detail/debug_local_plan__type_support.c
[0.775s] -- Up-to-date: /home/hossein/navigation2_stack/install/dwb_msgs/include/dwb_msgs/msg
[0.775s] -- Up-to-date: /home/hossein/navigation2_stack/install/dwb_msgs/include/dwb_msgs/msg/detail
[0.775s] -- Up-to-date: /home/hossein/navigation2_stack/install/dwb_msgs/include/dwb_msgs/msg/detail/trajectory_score__type_support.c
[0.775s] -- Up-to-date: /home/hossein/navigation2_stack/install/dwb_msgs/include/dwb_msgs/msg/detail/trajectory_score__rosidl_typesupport_introspection_c.h
[0.776s] -- Up-to-date: /home/hossein/navigation2_stack/install/dwb_msgs/include/dwb_msgs/msg/detail/critic_score__type_support.c
[0.776s] -- Up-to-date: /home/hossein/navigation2_stack/install/dwb_msgs/include/dwb_msgs/msg/detail/trajectory2_d__type_support.c
[0.776s] -- Up-to-date: /home/hossein/navigation2_stack/install/dwb_msgs/include/dwb_msgs/msg/detail/critic_score__rosidl_typesupport_introspection_c.h
[0.776s] -- Up-to-date: /home/hossein/navigation2_stack/install/dwb_msgs/include/dwb_msgs/msg/detail/local_plan_evaluation__rosidl_typesupport_introspection_c.h
[0.776s] -- Up-to-date: /home/hossein/navigation2_stack/install/dwb_msgs/include/dwb_msgs/msg/detail/local_plan_evaluation__type_support.c
[0.776s] -- Up-to-date: /home/hossein/navigation2_stack/install/dwb_msgs/include/dwb_msgs/msg/detail/trajectory2_d__rosidl_typesupport_introspection_c.h
[0.776s] -- Up-to-date: /home/hossein/navigation2_stack/install/dwb_msgs/include/dwb_msgs/msg/rosidl_typesupport_introspection_c__visibility_control.h
[0.776s] -- Up-to-date: /home/hossein/navigation2_stack/install/dwb_msgs/lib/libdwb_msgs__rosidl_typesupport_introspection_c.so
[0.776s] -- Up-to-date: /home/hossein/navigation2_stack/install/dwb_msgs/lib/libdwb_msgs__rosidl_typesupport_c.so
[0.776s] -- Up-to-date: /home/hossein/navigation2_stack/install/dwb_msgs/include/dwb_msgs
[0.776s] -- Up-to-date: /home/hossein/navigation2_stack/install/dwb_msgs/include/dwb_msgs/srv
[0.776s] -- Up-to-date: /home/hossein/navigation2_stack/install/dwb_msgs/include/dwb_msgs/srv/get_critic_score.hpp
[0.776s] -- Up-to-date: /home/hossein/navigation2_stack/install/dwb_msgs/include/dwb_msgs/srv/detail
[0.776s] -- Up-to-date: /home/hossein/navigation2_stack/install/dwb_msgs/include/dwb_msgs/srv/detail/score_trajectory__struct.hpp
[0.776s] -- Up-to-date: /home/hossein/navigation2_stack/install/dwb_msgs/include/dwb_msgs/srv/detail/generate_trajectory__struct.hpp
[0.776s] -- Up-to-date: /home/hossein/navigation2_stack/install/dwb_msgs/include/dwb_msgs/srv/detail/generate_trajectory__traits.hpp
[0.777s] -- Up-to-date: /home/hossein/navigation2_stack/install/dwb_msgs/include/dwb_msgs/srv/detail/debug_local_plan__traits.hpp
[0.777s] -- Up-to-date: /home/hossein/navigation2_stack/install/dwb_msgs/include/dwb_msgs/srv/detail/generate_twists__struct.hpp
[0.777s] -- Up-to-date: /home/hossein/navigation2_stack/install/dwb_msgs/include/dwb_msgs/srv/detail/generate_twists__builder.hpp
[0.777s] -- Up-to-date: /home/hossein/navigation2_stack/install/dwb_msgs/include/dwb_msgs/srv/detail/generate_twists__traits.hpp
[0.777s] -- Up-to-date: /home/hossein/navigation2_stack/install/dwb_msgs/include/dwb_msgs/srv/detail/get_critic_score__struct.hpp
[0.777s] -- Up-to-date: /home/hossein/navigation2_stack/install/dwb_msgs/include/dwb_msgs/srv/detail/score_trajectory__builder.hpp
[0.777s] -- Up-to-date: /home/hossein/navigation2_stack/install/dwb_msgs/include/dwb_msgs/srv/detail/get_critic_score__traits.hpp
[0.777s] -- Up-to-date: /home/hossein/navigation2_stack/install/dwb_msgs/include/dwb_msgs/srv/detail/score_trajectory__traits.hpp
[0.777s] -- Up-to-date: /home/hossein/navigation2_stack/install/dwb_msgs/include/dwb_msgs/srv/detail/generate_trajectory__builder.hpp
[0.777s] -- Up-to-date: /home/hossein/navigation2_stack/install/dwb_msgs/include/dwb_msgs/srv/detail/get_critic_score__builder.hpp
[0.777s] -- Up-to-date: /home/hossein/navigation2_stack/install/dwb_msgs/include/dwb_msgs/srv/detail/debug_local_plan__struct.hpp
[0.777s] -- Up-to-date: /home/hossein/navigation2_stack/install/dwb_msgs/include/dwb_msgs/srv/detail/debug_local_plan__builder.hpp
[0.777s] -- Up-to-date: /home/hossein/navigation2_stack/install/dwb_msgs/include/dwb_msgs/srv/generate_trajectory.hpp
[0.777s] -- Up-to-date: /home/hossein/navigation2_stack/install/dwb_msgs/include/dwb_msgs/srv/debug_local_plan.hpp
[0.778s] -- Up-to-date: /home/hossein/navigation2_stack/install/dwb_msgs/include/dwb_msgs/srv/score_trajectory.hpp
[0.778s] -- Up-to-date: /home/hossein/navigation2_stack/install/dwb_msgs/include/dwb_msgs/srv/generate_twists.hpp
[0.778s] -- Up-to-date: /home/hossein/navigation2_stack/install/dwb_msgs/include/dwb_msgs/msg
[0.778s] -- Up-to-date: /home/hossein/navigation2_stack/install/dwb_msgs/include/dwb_msgs/msg/critic_score.hpp
[0.778s] -- Up-to-date: /home/hossein/navigation2_stack/install/dwb_msgs/include/dwb_msgs/msg/detail
[0.778s] -- Up-to-date: /home/hossein/navigation2_stack/install/dwb_msgs/include/dwb_msgs/msg/detail/trajectory_score__traits.hpp
[0.778s] -- Up-to-date: /home/hossein/navigation2_stack/install/dwb_msgs/include/dwb_msgs/msg/detail/trajectory2_d__traits.hpp
[0.778s] -- Up-to-date: /home/hossein/navigation2_stack/install/dwb_msgs/include/dwb_msgs/msg/detail/local_plan_evaluation__traits.hpp
[0.778s] -- Up-to-date: /home/hossein/navigation2_stack/install/dwb_msgs/include/dwb_msgs/msg/detail/trajectory_score__struct.hpp
[0.778s] -- Up-to-date: /home/hossein/navigation2_stack/install/dwb_msgs/include/dwb_msgs/msg/detail/critic_score__builder.hpp
[0.778s] -- Up-to-date: /home/hossein/navigation2_stack/install/dwb_msgs/include/dwb_msgs/msg/detail/local_plan_evaluation__struct.hpp
[0.778s] -- Up-to-date: /home/hossein/navigation2_stack/install/dwb_msgs/include/dwb_msgs/msg/detail/trajectory_score__builder.hpp
[0.778s] -- Up-to-date: /home/hossein/navigation2_stack/install/dwb_msgs/include/dwb_msgs/msg/detail/critic_score__traits.hpp
[0.778s] -- Up-to-date: /home/hossein/navigation2_stack/install/dwb_msgs/include/dwb_msgs/msg/detail/critic_score__struct.hpp
[0.779s] -- Up-to-date: /home/hossein/navigation2_stack/install/dwb_msgs/include/dwb_msgs/msg/detail/trajectory2_d__builder.hpp
[0.779s] -- Up-to-date: /home/hossein/navigation2_stack/install/dwb_msgs/include/dwb_msgs/msg/detail/trajectory2_d__struct.hpp
[0.779s] -- Up-to-date: /home/hossein/navigation2_stack/install/dwb_msgs/include/dwb_msgs/msg/detail/local_plan_evaluation__builder.hpp
[0.779s] -- Up-to-date: /home/hossein/navigation2_stack/install/dwb_msgs/include/dwb_msgs/msg/local_plan_evaluation.hpp
[0.779s] -- Up-to-date: /home/hossein/navigation2_stack/install/dwb_msgs/include/dwb_msgs/msg/trajectory_score.hpp
[0.779s] -- Up-to-date: /home/hossein/navigation2_stack/install/dwb_msgs/include/dwb_msgs/msg/trajectory2_d.hpp
[0.779s] -- Up-to-date: /home/hossein/navigation2_stack/install/dwb_msgs/include/dwb_msgs
[0.779s] -- Up-to-date: /home/hossein/navigation2_stack/install/dwb_msgs/include/dwb_msgs/srv
[0.779s] -- Up-to-date: /home/hossein/navigation2_stack/install/dwb_msgs/include/dwb_msgs/srv/detail
[0.779s] -- Up-to-date: /home/hossein/navigation2_stack/install/dwb_msgs/include/dwb_msgs/srv/detail/debug_local_plan__type_support.cpp
[0.779s] -- Up-to-date: /home/hossein/navigation2_stack/install/dwb_msgs/include/dwb_msgs/srv/detail/generate_trajectory__type_support.cpp
[0.779s] -- Up-to-date: /home/hossein/navigation2_stack/install/dwb_msgs/include/dwb_msgs/srv/detail/score_trajectory__rosidl_typesupport_introspection_cpp.hpp
[0.779s] -- Up-to-date: /home/hossein/navigation2_stack/install/dwb_msgs/include/dwb_msgs/srv/detail/generate_twists__type_support.cpp
[0.779s] -- Up-to-date: /home/hossein/navigation2_stack/install/dwb_msgs/include/dwb_msgs/srv/detail/get_critic_score__rosidl_typesupport_introspection_cpp.hpp
[0.780s] -- Up-to-date: /home/hossein/navigation2_stack/install/dwb_msgs/include/dwb_msgs/srv/detail/generate_twists__rosidl_typesupport_introspection_cpp.hpp
[0.780s] -- Up-to-date: /home/hossein/navigation2_stack/install/dwb_msgs/include/dwb_msgs/srv/detail/debug_local_plan__rosidl_typesupport_introspection_cpp.hpp
[0.780s] -- Up-to-date: /home/hossein/navigation2_stack/install/dwb_msgs/include/dwb_msgs/srv/detail/score_trajectory__type_support.cpp
[0.780s] -- Up-to-date: /home/hossein/navigation2_stack/install/dwb_msgs/include/dwb_msgs/srv/detail/get_critic_score__type_support.cpp
[0.780s] -- Up-to-date: /home/hossein/navigation2_stack/install/dwb_msgs/include/dwb_msgs/srv/detail/generate_trajectory__rosidl_typesupport_introspection_cpp.hpp
[0.780s] -- Up-to-date: /home/hossein/navigation2_stack/install/dwb_msgs/include/dwb_msgs/msg
[0.780s] -- Up-to-date: /home/hossein/navigation2_stack/install/dwb_msgs/include/dwb_msgs/msg/detail
[0.780s] -- Up-to-date: /home/hossein/navigation2_stack/install/dwb_msgs/include/dwb_msgs/msg/detail/local_plan_evaluation__rosidl_typesupport_introspection_cpp.hpp
[0.780s] -- Up-to-date: /home/hossein/navigation2_stack/install/dwb_msgs/include/dwb_msgs/msg/detail/critic_score__type_support.cpp
[0.780s] -- Up-to-date: /home/hossein/navigation2_stack/install/dwb_msgs/include/dwb_msgs/msg/detail/trajectory2_d__type_support.cpp
[0.780s] -- Up-to-date: /home/hossein/navigation2_stack/install/dwb_msgs/include/dwb_msgs/msg/detail/trajectory_score__rosidl_typesupport_introspection_cpp.hpp
[0.780s] -- Up-to-date: /home/hossein/navigation2_stack/install/dwb_msgs/include/dwb_msgs/msg/detail/trajectory2_d__rosidl_typesupport_introspection_cpp.hpp
[0.780s] -- Up-to-date: /home/hossein/navigation2_stack/install/dwb_msgs/include/dwb_msgs/msg/detail/critic_score__rosidl_typesupport_introspection_cpp.hpp
[0.780s] -- Up-to-date: /home/hossein/navigation2_stack/install/dwb_msgs/include/dwb_msgs/msg/detail/trajectory_score__type_support.cpp
[0.780s] -- Up-to-date: /home/hossein/navigation2_stack/install/dwb_msgs/include/dwb_msgs/msg/detail/local_plan_evaluation__type_support.cpp
[0.781s] -- Up-to-date: /home/hossein/navigation2_stack/install/dwb_msgs/lib/libdwb_msgs__rosidl_typesupport_introspection_cpp.so
[0.781s] -- Up-to-date: /home/hossein/navigation2_stack/install/dwb_msgs/lib/libdwb_msgs__rosidl_typesupport_cpp.so
[0.781s] -- Up-to-date: /home/hossein/navigation2_stack/install/dwb_msgs/share/dwb_msgs/environment/pythonpath.sh
[0.781s] -- Up-to-date: /home/hossein/navigation2_stack/install/dwb_msgs/share/dwb_msgs/environment/pythonpath.dsv
[0.781s] -- Up-to-date: /home/hossein/navigation2_stack/install/dwb_msgs/lib/python3.8/site-packages/dwb_msgs/__init__.py
[0.814s] -- Up-to-date: /home/hossein/navigation2_stack/install/dwb_msgs/lib/python3.8/site-packages/dwb_msgs/msg
[0.814s] -- Up-to-date: /home/hossein/navigation2_stack/install/dwb_msgs/lib/python3.8/site-packages/dwb_msgs/msg/_trajectory_score_s.c
[0.814s] -- Up-to-date: /home/hossein/navigation2_stack/install/dwb_msgs/lib/python3.8/site-packages/dwb_msgs/msg/_local_plan_evaluation.py
[0.814s] -- Up-to-date: /home/hossein/navigation2_stack/install/dwb_msgs/lib/python3.8/site-packages/dwb_msgs/msg/_trajectory2_d.py
[0.814s] -- Up-to-date: /home/hossein/navigation2_stack/install/dwb_msgs/lib/python3.8/site-packages/dwb_msgs/msg/_trajectory_score.py
[0.814s] -- Up-to-date: /home/hossein/navigation2_stack/install/dwb_msgs/lib/python3.8/site-packages/dwb_msgs/msg/__init__.py
[0.814s] -- Up-to-date: /home/hossein/navigation2_stack/install/dwb_msgs/lib/python3.8/site-packages/dwb_msgs/msg/_critic_score_s.c
[0.815s] -- Up-to-date: /home/hossein/navigation2_stack/install/dwb_msgs/lib/python3.8/site-packages/dwb_msgs/msg/_trajectory2_d_s.c
[0.815s] -- Up-to-date: /home/hossein/navigation2_stack/install/dwb_msgs/lib/python3.8/site-packages/dwb_msgs/msg/_critic_score.py
[0.815s] -- Up-to-date: /home/hossein/navigation2_stack/install/dwb_msgs/lib/python3.8/site-packages/dwb_msgs/msg/_local_plan_evaluation_s.c
[0.815s] -- Up-to-date: /home/hossein/navigation2_stack/install/dwb_msgs/lib/python3.8/site-packages/dwb_msgs/srv
[0.815s] -- Up-to-date: /home/hossein/navigation2_stack/install/dwb_msgs/lib/python3.8/site-packages/dwb_msgs/srv/_generate_twists.py
[0.815s] -- Up-to-date: /home/hossein/navigation2_stack/install/dwb_msgs/lib/python3.8/site-packages/dwb_msgs/srv/_score_trajectory.py
[0.815s] -- Up-to-date: /home/hossein/navigation2_stack/install/dwb_msgs/lib/python3.8/site-packages/dwb_msgs/srv/_generate_twists_s.c
[0.815s] -- Up-to-date: /home/hossein/navigation2_stack/install/dwb_msgs/lib/python3.8/site-packages/dwb_msgs/srv/_get_critic_score.py
[0.815s] -- Up-to-date: /home/hossein/navigation2_stack/install/dwb_msgs/lib/python3.8/site-packages/dwb_msgs/srv/_debug_local_plan.py
[0.815s] -- Up-to-date: /home/hossein/navigation2_stack/install/dwb_msgs/lib/python3.8/site-packages/dwb_msgs/srv/__init__.py
[0.815s] -- Up-to-date: /home/hossein/navigation2_stack/install/dwb_msgs/lib/python3.8/site-packages/dwb_msgs/srv/_score_trajectory_s.c
[0.815s] -- Up-to-date: /home/hossein/navigation2_stack/install/dwb_msgs/lib/python3.8/site-packages/dwb_msgs/srv/_generate_trajectory_s.c
[0.815s] -- Up-to-date: /home/hossein/navigation2_stack/install/dwb_msgs/lib/python3.8/site-packages/dwb_msgs/srv/_generate_trajectory.py
[0.816s] -- Up-to-date: /home/hossein/navigation2_stack/install/dwb_msgs/lib/python3.8/site-packages/dwb_msgs/srv/_get_critic_score_s.c
[0.816s] -- Up-to-date: /home/hossein/navigation2_stack/install/dwb_msgs/lib/python3.8/site-packages/dwb_msgs/srv/_debug_local_plan_s.c
[0.816s] -- Up-to-date: /home/hossein/navigation2_stack/install/dwb_msgs/lib/python3.8/site-packages/dwb_msgs/dwb_msgs_s__rosidl_typesupport_fastrtps_c.cpython-38-x86_64-linux-gnu.so
[0.816s] -- Up-to-date: /home/hossein/navigation2_stack/install/dwb_msgs/lib/python3.8/site-packages/dwb_msgs/dwb_msgs_s__rosidl_typesupport_introspection_c.cpython-38-x86_64-linux-gnu.so
[0.816s] -- Up-to-date: /home/hossein/navigation2_stack/install/dwb_msgs/lib/python3.8/site-packages/dwb_msgs/dwb_msgs_s__rosidl_typesupport_c.cpython-38-x86_64-linux-gnu.so
[0.816s] -- Up-to-date: /home/hossein/navigation2_stack/install/dwb_msgs/lib/libdwb_msgs__python.so
[0.817s] -- Up-to-date: /home/hossein/navigation2_stack/install/dwb_msgs/share/dwb_msgs/msg/CriticScore.idl
[0.817s] -- Up-to-date: /home/hossein/navigation2_stack/install/dwb_msgs/share/dwb_msgs/msg/LocalPlanEvaluation.idl
[0.817s] -- Up-to-date: /home/hossein/navigation2_stack/install/dwb_msgs/share/dwb_msgs/msg/Trajectory2D.idl
[0.817s] -- Up-to-date: /home/hossein/navigation2_stack/install/dwb_msgs/share/dwb_msgs/msg/TrajectoryScore.idl
[0.817s] -- Up-to-date: /home/hossein/navigation2_stack/install/dwb_msgs/share/dwb_msgs/srv/DebugLocalPlan.idl
[0.817s] -- Up-to-date: /home/hossein/navigation2_stack/install/dwb_msgs/share/dwb_msgs/srv/GenerateTrajectory.idl
[0.818s] -- Up-to-date: /home/hossein/navigation2_stack/install/dwb_msgs/share/dwb_msgs/srv/GenerateTwists.idl
[0.818s] -- Up-to-date: /home/hossein/navigation2_stack/install/dwb_msgs/share/dwb_msgs/srv/GetCriticScore.idl
[0.818s] -- Up-to-date: /home/hossein/navigation2_stack/install/dwb_msgs/share/dwb_msgs/srv/ScoreTrajectory.idl
[0.818s] -- Up-to-date: /home/hossein/navigation2_stack/install/dwb_msgs/share/dwb_msgs/msg/CriticScore.msg
[0.819s] -- Up-to-date: /home/hossein/navigation2_stack/install/dwb_msgs/share/dwb_msgs/msg/LocalPlanEvaluation.msg
[0.819s] -- Up-to-date: /home/hossein/navigation2_stack/install/dwb_msgs/share/dwb_msgs/msg/Trajectory2D.msg
[0.819s] -- Up-to-date: /home/hossein/navigation2_stack/install/dwb_msgs/share/dwb_msgs/msg/TrajectoryScore.msg
[0.819s] -- Up-to-date: /home/hossein/navigation2_stack/install/dwb_msgs/share/dwb_msgs/srv/DebugLocalPlan.srv
[0.819s] -- Up-to-date: /home/hossein/navigation2_stack/install/dwb_msgs/share/dwb_msgs/srv/DebugLocalPlan_Request.msg
[0.819s] -- Up-to-date: /home/hossein/navigation2_stack/install/dwb_msgs/share/dwb_msgs/srv/DebugLocalPlan_Response.msg
[0.819s] -- Up-to-date: /home/hossein/navigation2_stack/install/dwb_msgs/share/dwb_msgs/srv/GenerateTrajectory.srv
[0.819s] -- Up-to-date: /home/hossein/navigation2_stack/install/dwb_msgs/share/dwb_msgs/srv/GenerateTrajectory_Request.msg
[0.819s] -- Up-to-date: /home/hossein/navigation2_stack/install/dwb_msgs/share/dwb_msgs/srv/GenerateTrajectory_Response.msg
[0.819s] -- Up-to-date: /home/hossein/navigation2_stack/install/dwb_msgs/share/dwb_msgs/srv/GenerateTwists.srv
[0.819s] -- Up-to-date: /home/hossein/navigation2_stack/install/dwb_msgs/share/dwb_msgs/srv/GenerateTwists_Request.msg
[0.819s] -- Up-to-date: /home/hossein/navigation2_stack/install/dwb_msgs/share/dwb_msgs/srv/GenerateTwists_Response.msg
[0.820s] -- Up-to-date: /home/hossein/navigation2_stack/install/dwb_msgs/share/dwb_msgs/srv/GetCriticScore.srv
[0.820s] -- Up-to-date: /home/hossein/navigation2_stack/install/dwb_msgs/share/dwb_msgs/srv/GetCriticScore_Request.msg
[0.820s] -- Up-to-date: /home/hossein/navigation2_stack/install/dwb_msgs/share/dwb_msgs/srv/GetCriticScore_Response.msg
[0.820s] -- Up-to-date: /home/hossein/navigation2_stack/install/dwb_msgs/share/dwb_msgs/srv/ScoreTrajectory.srv
[0.820s] -- Up-to-date: /home/hossein/navigation2_stack/install/dwb_msgs/share/dwb_msgs/srv/ScoreTrajectory_Request.msg
[0.820s] -- Up-to-date: /home/hossein/navigation2_stack/install/dwb_msgs/share/dwb_msgs/srv/ScoreTrajectory_Response.msg
[0.820s] -- Up-to-date: /home/hossein/navigation2_stack/install/dwb_msgs/share/ament_index/resource_index/package_run_dependencies/dwb_msgs
[0.820s] -- Up-to-date: /home/hossein/navigation2_stack/install/dwb_msgs/share/ament_index/resource_index/parent_prefix_path/dwb_msgs
[0.820s] -- Up-to-date: /home/hossein/navigation2_stack/install/dwb_msgs/share/dwb_msgs/environment/ament_prefix_path.sh
[0.821s] -- Up-to-date: /home/hossein/navigation2_stack/install/dwb_msgs/share/dwb_msgs/environment/ament_prefix_path.dsv
[0.821s] -- Up-to-date: /home/hossein/navigation2_stack/install/dwb_msgs/share/dwb_msgs/environment/path.sh
[0.821s] -- Up-to-date: /home/hossein/navigation2_stack/install/dwb_msgs/share/dwb_msgs/environment/path.dsv
[0.821s] -- Up-to-date: /home/hossein/navigation2_stack/install/dwb_msgs/share/dwb_msgs/local_setup.bash
[0.821s] -- Up-to-date: /home/hossein/navigation2_stack/install/dwb_msgs/share/dwb_msgs/local_setup.sh
[0.821s] -- Up-to-date: /home/hossein/navigation2_stack/install/dwb_msgs/share/dwb_msgs/local_setup.zsh
[0.821s] -- Up-to-date: /home/hossein/navigation2_stack/install/dwb_msgs/share/dwb_msgs/local_setup.dsv
[0.821s] -- Installing: /home/hossein/navigation2_stack/install/dwb_msgs/share/dwb_msgs/package.dsv
[0.821s] -- Up-to-date: /home/hossein/navigation2_stack/install/dwb_msgs/share/ament_index/resource_index/packages/dwb_msgs
[0.821s] -- Up-to-date: /home/hossein/navigation2_stack/install/dwb_msgs/share/dwb_msgs/cmake/dwb_msgs__rosidl_generator_cExport.cmake
[0.822s] -- Up-to-date: /home/hossein/navigation2_stack/install/dwb_msgs/share/dwb_msgs/cmake/dwb_msgs__rosidl_generator_cExport-noconfig.cmake
[0.822s] -- Up-to-date: /home/hossein/navigation2_stack/install/dwb_msgs/share/dwb_msgs/cmake/dwb_msgs__rosidl_typesupport_introspection_cExport.cmake
[0.822s] -- Up-to-date: /home/hossein/navigation2_stack/install/dwb_msgs/share/dwb_msgs/cmake/dwb_msgs__rosidl_typesupport_introspection_cExport-noconfig.cmake
[0.822s] -- Up-to-date: /home/hossein/navigation2_stack/install/dwb_msgs/share/dwb_msgs/cmake/dwb_msgs__rosidl_typesupport_cExport.cmake
[0.822s] -- Up-to-date: /home/hossein/navigation2_stack/install/dwb_msgs/share/dwb_msgs/cmake/dwb_msgs__rosidl_typesupport_cExport-noconfig.cmake
[0.822s] -- Up-to-date: /home/hossein/navigation2_stack/install/dwb_msgs/share/dwb_msgs/cmake/dwb_msgs__rosidl_generator_cppExport.cmake
[0.822s] -- Up-to-date: /home/hossein/navigation2_stack/install/dwb_msgs/share/dwb_msgs/cmake/dwb_msgs__rosidl_typesupport_introspection_cppExport.cmake
[0.822s] -- Up-to-date: /home/hossein/navigation2_stack/install/dwb_msgs/share/dwb_msgs/cmake/dwb_msgs__rosidl_typesupport_introspection_cppExport-noconfig.cmake
[0.822s] -- Up-to-date: /home/hossein/navigation2_stack/install/dwb_msgs/share/dwb_msgs/cmake/dwb_msgs__rosidl_typesupport_cppExport.cmake
[0.822s] -- Up-to-date: /home/hossein/navigation2_stack/install/dwb_msgs/share/dwb_msgs/cmake/dwb_msgs__rosidl_typesupport_cppExport-noconfig.cmake
[0.822s] -- Up-to-date: /home/hossein/navigation2_stack/install/dwb_msgs/share/dwb_msgs/cmake/rosidl_cmake-extras.cmake
[0.822s] -- Up-to-date: /home/hossein/navigation2_stack/install/dwb_msgs/share/dwb_msgs/cmake/ament_cmake_export_dependencies-extras.cmake
[0.823s] -- Up-to-date: /home/hossein/navigation2_stack/install/dwb_msgs/share/dwb_msgs/cmake/ament_cmake_export_libraries-extras.cmake
[0.823s] -- Up-to-date: /home/hossein/navigation2_stack/install/dwb_msgs/share/dwb_msgs/cmake/ament_cmake_export_targets-extras.cmake
[0.823s] -- Up-to-date: /home/hossein/navigation2_stack/install/dwb_msgs/share/dwb_msgs/cmake/ament_cmake_export_include_directories-extras.cmake
[0.823s] -- Up-to-date: /home/hossein/navigation2_stack/install/dwb_msgs/share/dwb_msgs/cmake/rosidl_cmake_export_typesupport_libraries-extras.cmake
[0.825s] -- Up-to-date: /home/hossein/navigation2_stack/install/dwb_msgs/share/dwb_msgs/cmake/rosidl_cmake_export_typesupport_targets-extras.cmake
[0.825s] -- Up-to-date: /home/hossein/navigation2_stack/install/dwb_msgs/share/dwb_msgs/cmake/dwb_msgsConfig.cmake
[0.825s] -- Up-to-date: /home/hossein/navigation2_stack/install/dwb_msgs/share/dwb_msgs/cmake/dwb_msgsConfig-version.cmake
[0.825s] -- Up-to-date: /home/hossein/navigation2_stack/install/dwb_msgs/share/dwb_msgs/package.xml
[0.826s] Invoked command in '/home/hossein/navigation2_stack/build/dwb_msgs' returned '0': CMAKE_PREFIX_PATH=/home/hossein/navigation2_stack/install/nav_2d_msgs:/home/hossein/navigation2_stack/install/nav_2d_utils:/home/hossein/navigation2_stack/install/dwb_msgs:/home/hossein/navigation2_stack/install/nav2_waypoint_follower:/home/hossein/navigation2_stack/install/nav2_voxel_grid:/home/hossein/navigation2_stack/install/nav2_map_server:/home/hossein/navigation2_stack/install/nav2_lifecycle_manager:/home/hossein/navigation2_stack/install/nav2_util:/home/hossein/navigation2_stack/install/nav2_msgs:/home/hossein/navigation2_stack/install/nav2_common:/home/hossein/navigation2_stack/install/custom_roi_srv:/home/hossein/navigation2_stack/install/custom_msg_srv:/home/hossein/turtlebot3_ws/install/turtlebot3_simulations:/home/hossein/turtlebot3_ws/install/turtlebot3_gazebo:/home/hossein/turtlebot3_ws/install/turtlebot3_fake_node:/home/hossein/nav2_ws/install/nav2_system_tests:/home/hossein/nav2_ws/install/nav2_bringup:/home/hossein/nav2_ws/install/navigation2:/home/hossein/nav2_ws/install/smac_planner:/home/hossein/nav2_ws/install/nav2_dwb_controller:/home/hossein/nav2_ws/install/nav2_controller:/home/hossein/nav2_ws/install/dwb_plugins:/home/hossein/nav2_ws/install/dwb_critics:/home/hossein/nav2_ws/install/dwb_core:/home/hossein/nav2_ws/install/nav_2d_utils:/home/hossein/nav2_ws/install/dwb_msgs:/home/hossein/nav2_ws/install/nav_2d_msgs:/home/hossein/nav2_ws/install/nav2_waypoint_follower:/home/hossein/nav2_ws/install/nav2_recoveries:/home/hossein/nav2_ws/install/nav2_planner:/home/hossein/nav2_ws/install/nav2_navfn_planner:/home/hossein/nav2_ws/install/nav2_gradient_costmap_plugin:/home/hossein/nav2_ws/install/nav2_core:/home/hossein/nav2_ws/install/costmap_queue:/home/hossein/nav2_ws/install/nav2_costmap_2d:/home/hossein/nav2_ws/install/nav2_voxel_grid:/home/hossein/nav2_ws/install/nav2_rviz_plugins:/home/hossein/nav2_ws/install/nav2_map_server:/home/hossein/nav2_ws/install/nav2_lifecycle_manager:/home/hossein/nav2_ws/install/nav2_bt_navigator:/home/hossein/nav2_ws/install/nav2_behavior_tree:/home/hossein/nav2_ws/install/nav2_amcl:/home/hossein/nav2_ws/install/nav2_util:/home/hossein/nav2_ws/install/nav2_msgs:/home/hossein/nav2_ws/install/nav2_common:/home/hossein/nav2_ws/install/custom_msg_srv:/home/hossein/dev_ws/install/vad_utils:/home/hossein/dev_ws/install/user_interface:/home/hossein/dev_ws/install/tf_publisher:/home/hossein/dev_ws/install/overhead_camera_service:/home/hossein/dev_ws/install/nf2:/home/hossein/dev_ws/install/global_planner:/home/hossein/dev_ws/install/custom_msg_srv:/home/hossein/navigation2_stack/install/nav2_gazebo_spawner:/home/hossein/navigation2_stack/install/ceiling_segmentation:/home/hossein/nav2_ws/install/nav2_gazebo_spawner:/home/hossein/nav2_ws/install/image_segmentation:/home/hossein/dev_ws/install/py_pubsub:/home/hossein/dev_ws/install/image_segmentation:/opt/ros/foxy LD_LIBRARY_PATH=/home/hossein/navigation2_stack/install/nav_2d_msgs/lib:/home/hossein/navigation2_stack/install/nav_2d_utils/lib:/home/hossein/navigation2_stack/install/dwb_msgs/lib:/home/hossein/navigation2_stack/install/nav2_waypoint_follower/lib:/home/hossein/navigation2_stack/install/nav2_voxel_grid/lib:/home/hossein/navigation2_stack/install/nav2_map_server/lib:/home/hossein/navigation2_stack/install/nav2_lifecycle_manager/lib:/home/hossein/navigation2_stack/install/nav2_util/lib:/home/hossein/navigation2_stack/install/nav2_msgs/lib:/home/hossein/navigation2_stack/install/custom_roi_srv/lib:/home/hossein/navigation2_stack/install/custom_msg_srv/lib:/home/hossein/nav2_ws/install/smac_planner/lib:/home/hossein/nav2_ws/install/nav2_controller/lib:/home/hossein/nav2_ws/install/dwb_plugins/lib:/home/hossein/nav2_ws/install/dwb_critics/lib:/home/hossein/nav2_ws/install/dwb_core/lib:/home/hossein/nav2_ws/install/nav_2d_utils/lib:/home/hossein/nav2_ws/install/dwb_msgs/lib:/home/hossein/nav2_ws/install/nav_2d_msgs/lib:/home/hossein/nav2_ws/install/nav2_waypoint_follower/lib:/home/hossein/nav2_ws/install/nav2_recoveries/lib:/home/hossein/nav2_ws/install/nav2_planner/lib:/home/hossein/nav2_ws/install/nav2_navfn_planner/lib:/home/hossein/nav2_ws/install/nav2_gradient_costmap_plugin/lib:/home/hossein/nav2_ws/install/costmap_queue/lib:/home/hossein/nav2_ws/install/nav2_costmap_2d/lib:/home/hossein/nav2_ws/install/nav2_voxel_grid/lib:/home/hossein/nav2_ws/install/nav2_rviz_plugins/lib:/home/hossein/nav2_ws/install/nav2_map_server/lib:/home/hossein/nav2_ws/install/nav2_lifecycle_manager/lib:/home/hossein/nav2_ws/install/nav2_bt_navigator/lib:/home/hossein/nav2_ws/install/nav2_behavior_tree/lib:/home/hossein/nav2_ws/install/nav2_amcl/lib:/home/hossein/nav2_ws/install/nav2_util/lib:/home/hossein/nav2_ws/install/nav2_msgs/lib:/home/hossein/nav2_ws/install/custom_msg_srv/lib:/home/hossein/dev_ws/install/user_interface/lib:/home/hossein/dev_ws/install/tf_publisher/lib:/home/hossein/dev_ws/install/overhead_camera_service/lib:/home/hossein/dev_ws/install/global_planner/lib:/home/hossein/dev_ws/install/custom_msg_srv/lib:/usr/lib/x86_64-linux-gnu/gazebo-11/plugins:/opt/ros/foxy/opt/yaml_cpp_vendor/lib:/opt/ros/foxy/opt/rviz_ogre_vendor/lib:/opt/ros/foxy/lib/x86_64-linux-gnu:/opt/ros/foxy/lib:/home/hossein/.mujoco/mujoco200/bin PYTHONPATH=/home/hossein/navigation2_stack/install/nav_2d_msgs/lib/python3.8/site-packages:/home/hossein/navigation2_stack/install/dwb_msgs/lib/python3.8/site-packages:/home/hossein/navigation2_stack/install/nav2_msgs/lib/python3.8/site-packages:/home/hossein/navigation2_stack/install/nav2_gazebo_spawner/lib/python3.8/site-packages:/home/hossein/navigation2_stack/install/nav2_common/lib/python3.8/site-packages:/home/hossein/navigation2_stack/install/custom_roi_srv/lib/python3.8/site-packages:/home/hossein/navigation2_stack/install/ceiling_segmentation/lib/python3.8/site-packages:/home/hossein/navigation2_stack/install/custom_msg_srv/lib/python3.8/site-packages:/home/hossein/nav2_ws/install/dwb_msgs/lib/python3.8/site-packages:/home/hossein/nav2_ws/install/nav_2d_msgs/lib/python3.8/site-packages:/home/hossein/nav2_ws/install/nav2_msgs/lib/python3.8/site-packages:/home/hossein/nav2_ws/install/nav2_gazebo_spawner/lib/python3.8/site-packages:/home/hossein/nav2_ws/install/nav2_common/lib/python3.8/site-packages:/home/hossein/nav2_ws/build/image_segmentation:/home/hossein/nav2_ws/install/image_segmentation/lib/python3.8/site-packages:/home/hossein/nav2_ws/install/custom_msg_srv/lib/python3.8/site-packages:/home/hossein/dev_ws/install/py_pubsub/lib/python3.8/site-packages:/home/hossein/dev_ws/install/image_segmentation/lib/python3.8/site-packages:/home/hossein/dev_ws/install/custom_msg_srv/lib/python3.8/site-packages:/opt/ros/foxy/lib/python3.8/site-packages /usr/bin/cmake --install /home/hossein/navigation2_stack/build/dwb_msgs
