[  3%] Built target custom_roi_srv__cpp
[ 12%] Built target custom_roi_srv__rosidl_generator_c
[ 22%] Built target custom_roi_srv__rosidl_typesupport_cpp
[ 32%] Built target custom_roi_srv__rosidl_typesupport_c
[ 41%] Built target custom_roi_srv__rosidl_typesupport_introspection_cpp
[ 51%] Built target custom_roi_srv__rosidl_typesupport_fastrtps_cpp
[ 61%] Built target custom_roi_srv__rosidl_typesupport_introspection_c
[ 70%] Built target custom_roi_srv__rosidl_typesupport_fastrtps_c
[ 70%] Built target custom_roi_srv
[ 74%] Built target custom_roi_srv__py
[ 80%] Built target custom_roi_srv__python
[ 87%] Built target custom_roi_srv__rosidl_typesupport_fastrtps_c__pyext
[ 93%] Built target custom_roi_srv__rosidl_typesupport_c__pyext
[100%] Built target custom_roi_srv__rosidl_typesupport_introspection_c__pyext
-- Install configuration: ""
-- Up-to-date: /home/hossein/navigation2_stack/install/custom_roi_srv/share/ament_index/resource_index/rosidl_interfaces/custom_roi_srv
-- Up-to-date: /home/hossein/navigation2_stack/install/custom_roi_srv/include/custom_roi_srv
-- Up-to-date: /home/hossein/navigation2_stack/install/custom_roi_srv/include/custom_roi_srv/srv
-- Up-to-date: /home/hossein/navigation2_stack/install/custom_roi_srv/include/custom_roi_srv/srv/detail
-- Up-to-date: /home/hossein/navigation2_stack/install/custom_roi_srv/include/custom_roi_srv/srv/detail/roi__functions.c
-- Up-to-date: /home/hossein/navigation2_stack/install/custom_roi_srv/include/custom_roi_srv/srv/detail/roi__functions.h
-- Up-to-date: /home/hossein/navigation2_stack/install/custom_roi_srv/include/custom_roi_srv/srv/detail/roi__struct.h
-- Up-to-date: /home/hossein/navigation2_stack/install/custom_roi_srv/include/custom_roi_srv/srv/detail/roi__type_support.h
-- Up-to-date: /home/hossein/navigation2_stack/install/custom_roi_srv/include/custom_roi_srv/srv/roi.h
-- Up-to-date: /home/hossein/navigation2_stack/install/custom_roi_srv/include/custom_roi_srv/msg
-- Up-to-date: /home/hossein/navigation2_stack/install/custom_roi_srv/include/custom_roi_srv/msg/rosidl_generator_c__visibility_control.h
-- Up-to-date: /home/hossein/navigation2_stack/install/custom_roi_srv/share/custom_roi_srv/environment/library_path.sh
-- Up-to-date: /home/hossein/navigation2_stack/install/custom_roi_srv/share/custom_roi_srv/environment/library_path.dsv
-- Up-to-date: /home/hossein/navigation2_stack/install/custom_roi_srv/lib/libcustom_roi_srv__rosidl_generator_c.so
-- Up-to-date: /home/hossein/navigation2_stack/install/custom_roi_srv/include/custom_roi_srv
-- Up-to-date: /home/hossein/navigation2_stack/install/custom_roi_srv/include/custom_roi_srv/srv
-- Up-to-date: /home/hossein/navigation2_stack/install/custom_roi_srv/include/custom_roi_srv/srv/detail
-- Up-to-date: /home/hossein/navigation2_stack/install/custom_roi_srv/include/custom_roi_srv/srv/detail/roi__rosidl_typesupport_fastrtps_c.h
-- Up-to-date: /home/hossein/navigation2_stack/install/custom_roi_srv/include/custom_roi_srv/msg
-- Up-to-date: /home/hossein/navigation2_stack/install/custom_roi_srv/include/custom_roi_srv/msg/rosidl_typesupport_fastrtps_c__visibility_control.h
-- Up-to-date: /home/hossein/navigation2_stack/install/custom_roi_srv/lib/libcustom_roi_srv__rosidl_typesupport_fastrtps_c.so
-- Up-to-date: /home/hossein/navigation2_stack/install/custom_roi_srv/include/custom_roi_srv
-- Up-to-date: /home/hossein/navigation2_stack/install/custom_roi_srv/include/custom_roi_srv/srv
-- Up-to-date: /home/hossein/navigation2_stack/install/custom_roi_srv/include/custom_roi_srv/srv/detail
-- Up-to-date: /home/hossein/navigation2_stack/install/custom_roi_srv/include/custom_roi_srv/srv/detail/roi__rosidl_typesupport_fastrtps_cpp.hpp
-- Up-to-date: /home/hossein/navigation2_stack/install/custom_roi_srv/include/custom_roi_srv/srv/detail/dds_fastrtps
-- Up-to-date: /home/hossein/navigation2_stack/install/custom_roi_srv/include/custom_roi_srv/msg
-- Up-to-date: /home/hossein/navigation2_stack/install/custom_roi_srv/include/custom_roi_srv/msg/rosidl_typesupport_fastrtps_cpp__visibility_control.h
-- Up-to-date: /home/hossein/navigation2_stack/install/custom_roi_srv/lib/libcustom_roi_srv__rosidl_typesupport_fastrtps_cpp.so
-- Up-to-date: /home/hossein/navigation2_stack/install/custom_roi_srv/include/custom_roi_srv
-- Up-to-date: /home/hossein/navigation2_stack/install/custom_roi_srv/include/custom_roi_srv/srv
-- Up-to-date: /home/hossein/navigation2_stack/install/custom_roi_srv/include/custom_roi_srv/srv/detail
-- Up-to-date: /home/hossein/navigation2_stack/install/custom_roi_srv/include/custom_roi_srv/srv/detail/roi__rosidl_typesupport_introspection_c.h
-- Up-to-date: /home/hossein/navigation2_stack/install/custom_roi_srv/include/custom_roi_srv/srv/detail/roi__type_support.c
-- Up-to-date: /home/hossein/navigation2_stack/install/custom_roi_srv/include/custom_roi_srv/msg
-- Up-to-date: /home/hossein/navigation2_stack/install/custom_roi_srv/include/custom_roi_srv/msg/rosidl_typesupport_introspection_c__visibility_control.h
-- Up-to-date: /home/hossein/navigation2_stack/install/custom_roi_srv/lib/libcustom_roi_srv__rosidl_typesupport_introspection_c.so
-- Up-to-date: /home/hossein/navigation2_stack/install/custom_roi_srv/lib/libcustom_roi_srv__rosidl_typesupport_c.so
-- Up-to-date: /home/hossein/navigation2_stack/install/custom_roi_srv/include/custom_roi_srv
-- Up-to-date: /home/hossein/navigation2_stack/install/custom_roi_srv/include/custom_roi_srv/srv
-- Up-to-date: /home/hossein/navigation2_stack/install/custom_roi_srv/include/custom_roi_srv/srv/detail
-- Up-to-date: /home/hossein/navigation2_stack/install/custom_roi_srv/include/custom_roi_srv/srv/detail/roi__builder.hpp
-- Up-to-date: /home/hossein/navigation2_stack/install/custom_roi_srv/include/custom_roi_srv/srv/detail/roi__traits.hpp
-- Up-to-date: /home/hossein/navigation2_stack/install/custom_roi_srv/include/custom_roi_srv/srv/detail/roi__struct.hpp
-- Up-to-date: /home/hossein/navigation2_stack/install/custom_roi_srv/include/custom_roi_srv/srv/roi.hpp
-- Up-to-date: /home/hossein/navigation2_stack/install/custom_roi_srv/include/custom_roi_srv
-- Up-to-date: /home/hossein/navigation2_stack/install/custom_roi_srv/include/custom_roi_srv/srv
-- Up-to-date: /home/hossein/navigation2_stack/install/custom_roi_srv/include/custom_roi_srv/srv/detail
-- Up-to-date: /home/hossein/navigation2_stack/install/custom_roi_srv/include/custom_roi_srv/srv/detail/roi__type_support.cpp
-- Up-to-date: /home/hossein/navigation2_stack/install/custom_roi_srv/include/custom_roi_srv/srv/detail/roi__rosidl_typesupport_introspection_cpp.hpp
-- Up-to-date: /home/hossein/navigation2_stack/install/custom_roi_srv/lib/libcustom_roi_srv__rosidl_typesupport_introspection_cpp.so
-- Up-to-date: /home/hossein/navigation2_stack/install/custom_roi_srv/lib/libcustom_roi_srv__rosidl_typesupport_cpp.so
-- Up-to-date: /home/hossein/navigation2_stack/install/custom_roi_srv/share/custom_roi_srv/environment/pythonpath.sh
-- Up-to-date: /home/hossein/navigation2_stack/install/custom_roi_srv/share/custom_roi_srv/environment/pythonpath.dsv
-- Up-to-date: /home/hossein/navigation2_stack/install/custom_roi_srv/lib/python3.8/site-packages/custom_roi_srv/__init__.py
-- Up-to-date: /home/hossein/navigation2_stack/install/custom_roi_srv/lib/python3.8/site-packages/custom_roi_srv/srv
-- Up-to-date: /home/hossein/navigation2_stack/install/custom_roi_srv/lib/python3.8/site-packages/custom_roi_srv/srv/__init__.py
-- Up-to-date: /home/hossein/navigation2_stack/install/custom_roi_srv/lib/python3.8/site-packages/custom_roi_srv/srv/_roi.py
-- Up-to-date: /home/hossein/navigation2_stack/install/custom_roi_srv/lib/python3.8/site-packages/custom_roi_srv/srv/_roi_s.c
-- Up-to-date: /home/hossein/navigation2_stack/install/custom_roi_srv/lib/python3.8/site-packages/custom_roi_srv/custom_roi_srv_s__rosidl_typesupport_fastrtps_c.cpython-38-x86_64-linux-gnu.so
-- Up-to-date: /home/hossein/navigation2_stack/install/custom_roi_srv/lib/python3.8/site-packages/custom_roi_srv/custom_roi_srv_s__rosidl_typesupport_introspection_c.cpython-38-x86_64-linux-gnu.so
-- Up-to-date: /home/hossein/navigation2_stack/install/custom_roi_srv/lib/python3.8/site-packages/custom_roi_srv/custom_roi_srv_s__rosidl_typesupport_c.cpython-38-x86_64-linux-gnu.so
-- Up-to-date: /home/hossein/navigation2_stack/install/custom_roi_srv/lib/libcustom_roi_srv__python.so
-- Up-to-date: /home/hossein/navigation2_stack/install/custom_roi_srv/share/custom_roi_srv/srv/ROI.idl
-- Up-to-date: /home/hossein/navigation2_stack/install/custom_roi_srv/share/custom_roi_srv/srv/ROI.srv
-- Up-to-date: /home/hossein/navigation2_stack/install/custom_roi_srv/share/custom_roi_srv/srv/ROI_Request.msg
-- Up-to-date: /home/hossein/navigation2_stack/install/custom_roi_srv/share/custom_roi_srv/srv/ROI_Response.msg
-- Up-to-date: /home/hossein/navigation2_stack/install/custom_roi_srv/share/ament_index/resource_index/package_run_dependencies/custom_roi_srv
-- Up-to-date: /home/hossein/navigation2_stack/install/custom_roi_srv/share/ament_index/resource_index/parent_prefix_path/custom_roi_srv
-- Up-to-date: /home/hossein/navigation2_stack/install/custom_roi_srv/share/custom_roi_srv/environment/ament_prefix_path.sh
-- Up-to-date: /home/hossein/navigation2_stack/install/custom_roi_srv/share/custom_roi_srv/environment/ament_prefix_path.dsv
-- Up-to-date: /home/hossein/navigation2_stack/install/custom_roi_srv/share/custom_roi_srv/environment/path.sh
-- Up-to-date: /home/hossein/navigation2_stack/install/custom_roi_srv/share/custom_roi_srv/environment/path.dsv
-- Up-to-date: /home/hossein/navigation2_stack/install/custom_roi_srv/share/custom_roi_srv/local_setup.bash
-- Up-to-date: /home/hossein/navigation2_stack/install/custom_roi_srv/share/custom_roi_srv/local_setup.sh
-- Up-to-date: /home/hossein/navigation2_stack/install/custom_roi_srv/share/custom_roi_srv/local_setup.zsh
-- Up-to-date: /home/hossein/navigation2_stack/install/custom_roi_srv/share/custom_roi_srv/local_setup.dsv
-- Installing: /home/hossein/navigation2_stack/install/custom_roi_srv/share/custom_roi_srv/package.dsv
-- Up-to-date: /home/hossein/navigation2_stack/install/custom_roi_srv/share/ament_index/resource_index/packages/custom_roi_srv
-- Up-to-date: /home/hossein/navigation2_stack/install/custom_roi_srv/share/custom_roi_srv/cmake/custom_roi_srv__rosidl_generator_cExport.cmake
-- Up-to-date: /home/hossein/navigation2_stack/install/custom_roi_srv/share/custom_roi_srv/cmake/custom_roi_srv__rosidl_generator_cExport-noconfig.cmake
-- Up-to-date: /home/hossein/navigation2_stack/install/custom_roi_srv/share/custom_roi_srv/cmake/custom_roi_srv__rosidl_typesupport_introspection_cExport.cmake
-- Up-to-date: /home/hossein/navigation2_stack/install/custom_roi_srv/share/custom_roi_srv/cmake/custom_roi_srv__rosidl_typesupport_introspection_cExport-noconfig.cmake
-- Up-to-date: /home/hossein/navigation2_stack/install/custom_roi_srv/share/custom_roi_srv/cmake/custom_roi_srv__rosidl_typesupport_cExport.cmake
-- Up-to-date: /home/hossein/navigation2_stack/install/custom_roi_srv/share/custom_roi_srv/cmake/custom_roi_srv__rosidl_typesupport_cExport-noconfig.cmake
-- Up-to-date: /home/hossein/navigation2_stack/install/custom_roi_srv/share/custom_roi_srv/cmake/custom_roi_srv__rosidl_generator_cppExport.cmake
-- Up-to-date: /home/hossein/navigation2_stack/install/custom_roi_srv/share/custom_roi_srv/cmake/custom_roi_srv__rosidl_typesupport_introspection_cppExport.cmake
-- Up-to-date: /home/hossein/navigation2_stack/install/custom_roi_srv/share/custom_roi_srv/cmake/custom_roi_srv__rosidl_typesupport_introspection_cppExport-noconfig.cmake
-- Up-to-date: /home/hossein/navigation2_stack/install/custom_roi_srv/share/custom_roi_srv/cmake/custom_roi_srv__rosidl_typesupport_cppExport.cmake
-- Up-to-date: /home/hossein/navigation2_stack/install/custom_roi_srv/share/custom_roi_srv/cmake/custom_roi_srv__rosidl_typesupport_cppExport-noconfig.cmake
-- Up-to-date: /home/hossein/navigation2_stack/install/custom_roi_srv/share/custom_roi_srv/cmake/rosidl_cmake-extras.cmake
-- Up-to-date: /home/hossein/navigation2_stack/install/custom_roi_srv/share/custom_roi_srv/cmake/ament_cmake_export_dependencies-extras.cmake
-- Up-to-date: /home/hossein/navigation2_stack/install/custom_roi_srv/share/custom_roi_srv/cmake/ament_cmake_export_libraries-extras.cmake
-- Up-to-date: /home/hossein/navigation2_stack/install/custom_roi_srv/share/custom_roi_srv/cmake/ament_cmake_export_targets-extras.cmake
-- Up-to-date: /home/hossein/navigation2_stack/install/custom_roi_srv/share/custom_roi_srv/cmake/ament_cmake_export_include_directories-extras.cmake
-- Up-to-date: /home/hossein/navigation2_stack/install/custom_roi_srv/share/custom_roi_srv/cmake/rosidl_cmake_export_typesupport_libraries-extras.cmake
-- Up-to-date: /home/hossein/navigation2_stack/install/custom_roi_srv/share/custom_roi_srv/cmake/rosidl_cmake_export_typesupport_targets-extras.cmake
-- Up-to-date: /home/hossein/navigation2_stack/install/custom_roi_srv/share/custom_roi_srv/cmake/custom_roi_srvConfig.cmake
-- Up-to-date: /home/hossein/navigation2_stack/install/custom_roi_srv/share/custom_roi_srv/cmake/custom_roi_srvConfig-version.cmake
-- Up-to-date: /home/hossein/navigation2_stack/install/custom_roi_srv/share/custom_roi_srv/package.xml
