[0.059s] Invoking command in '/home/hossein/navigation2_stack/build/custom_roi_srv': CMAKE_PREFIX_PATH=${CMAKE_PREFIX_PATH}:/home/hossein/dev_ws/install/py_pubsub:/home/hossein/dev_ws/install/image_segmentation:/opt/ros/foxy /usr/bin/cmake --build /home/hossein/navigation2_stack/build/custom_roi_srv -- -j8 -l8
[0.671s] [  3%] Built target custom_roi_srv__cpp
[0.671s] [ 12%] Built target custom_roi_srv__rosidl_generator_c
[0.672s] [ 22%] Built target custom_roi_srv__rosidl_typesupport_cpp
[0.672s] [ 32%] Built target custom_roi_srv__rosidl_typesupport_c
[0.672s] [ 41%] Built target custom_roi_srv__rosidl_typesupport_introspection_cpp
[0.672s] [ 51%] Built target custom_roi_srv__rosidl_typesupport_fastrtps_cpp
[0.672s] [ 61%] Built target custom_roi_srv__rosidl_typesupport_introspection_c
[0.672s] [ 70%] Built target custom_roi_srv__rosidl_typesupport_fastrtps_c
[0.672s] [ 70%] Built target custom_roi_srv
[0.673s] [ 74%] Built target custom_roi_srv__py
[0.673s] [ 80%] Built target custom_roi_srv__python
[0.673s] [ 87%] Built target custom_roi_srv__rosidl_typesupport_fastrtps_c__pyext
[0.673s] [ 93%] Built target custom_roi_srv__rosidl_typesupport_c__pyext
[0.673s] [100%] Built target custom_roi_srv__rosidl_typesupport_introspection_c__pyext
[0.675s] Invoked command in '/home/hossein/navigation2_stack/build/custom_roi_srv' returned '0': CMAKE_PREFIX_PATH=${CMAKE_PREFIX_PATH}:/home/hossein/dev_ws/install/py_pubsub:/home/hossein/dev_ws/install/image_segmentation:/opt/ros/foxy /usr/bin/cmake --build /home/hossein/navigation2_stack/build/custom_roi_srv -- -j8 -l8
[0.780s] Invoking command in '/home/hossein/navigation2_stack/build/custom_roi_srv': CMAKE_PREFIX_PATH=${CMAKE_PREFIX_PATH}:/home/hossein/dev_ws/install/py_pubsub:/home/hossein/dev_ws/install/image_segmentation:/opt/ros/foxy /usr/bin/cmake --install /home/hossein/navigation2_stack/build/custom_roi_srv
[0.799s] -- Install configuration: ""
[0.800s] -- Up-to-date: /home/hossein/navigation2_stack/install/custom_roi_srv/share/ament_index/resource_index/rosidl_interfaces/custom_roi_srv
[0.800s] -- Up-to-date: /home/hossein/navigation2_stack/install/custom_roi_srv/include/custom_roi_srv
[0.800s] -- Up-to-date: /home/hossein/navigation2_stack/install/custom_roi_srv/include/custom_roi_srv/srv
[0.801s] -- Up-to-date: /home/hossein/navigation2_stack/install/custom_roi_srv/include/custom_roi_srv/srv/detail
[0.801s] -- Up-to-date: /home/hossein/navigation2_stack/install/custom_roi_srv/include/custom_roi_srv/srv/detail/roi__functions.c
[0.801s] -- Up-to-date: /home/hossein/navigation2_stack/install/custom_roi_srv/include/custom_roi_srv/srv/detail/roi__functions.h
[0.801s] -- Up-to-date: /home/hossein/navigation2_stack/install/custom_roi_srv/include/custom_roi_srv/srv/detail/roi__struct.h
[0.802s] -- Up-to-date: /home/hossein/navigation2_stack/install/custom_roi_srv/include/custom_roi_srv/srv/detail/roi__type_support.h
[0.802s] -- Up-to-date: /home/hossein/navigation2_stack/install/custom_roi_srv/include/custom_roi_srv/srv/roi.h
[0.802s] -- Up-to-date: /home/hossein/navigation2_stack/install/custom_roi_srv/include/custom_roi_srv/msg
[0.802s] -- Up-to-date: /home/hossein/navigation2_stack/install/custom_roi_srv/include/custom_roi_srv/msg/rosidl_generator_c__visibility_control.h
[0.803s] -- Up-to-date: /home/hossein/navigation2_stack/install/custom_roi_srv/share/custom_roi_srv/environment/library_path.sh
[0.803s] -- Up-to-date: /home/hossein/navigation2_stack/install/custom_roi_srv/share/custom_roi_srv/environment/library_path.dsv
[0.803s] -- Up-to-date: /home/hossein/navigation2_stack/install/custom_roi_srv/lib/libcustom_roi_srv__rosidl_generator_c.so
[0.803s] -- Up-to-date: /home/hossein/navigation2_stack/install/custom_roi_srv/include/custom_roi_srv
[0.803s] -- Up-to-date: /home/hossein/navigation2_stack/install/custom_roi_srv/include/custom_roi_srv/srv
[0.803s] -- Up-to-date: /home/hossein/navigation2_stack/install/custom_roi_srv/include/custom_roi_srv/srv/detail
[0.803s] -- Up-to-date: /home/hossein/navigation2_stack/install/custom_roi_srv/include/custom_roi_srv/srv/detail/roi__rosidl_typesupport_fastrtps_c.h
[0.804s] -- Up-to-date: /home/hossein/navigation2_stack/install/custom_roi_srv/include/custom_roi_srv/msg
[0.804s] -- Up-to-date: /home/hossein/navigation2_stack/install/custom_roi_srv/include/custom_roi_srv/msg/rosidl_typesupport_fastrtps_c__visibility_control.h
[0.804s] -- Up-to-date: /home/hossein/navigation2_stack/install/custom_roi_srv/lib/libcustom_roi_srv__rosidl_typesupport_fastrtps_c.so
[0.804s] -- Up-to-date: /home/hossein/navigation2_stack/install/custom_roi_srv/include/custom_roi_srv
[0.805s] -- Up-to-date: /home/hossein/navigation2_stack/install/custom_roi_srv/include/custom_roi_srv/srv
[0.805s] -- Up-to-date: /home/hossein/navigation2_stack/install/custom_roi_srv/include/custom_roi_srv/srv/detail
[0.805s] -- Up-to-date: /home/hossein/navigation2_stack/install/custom_roi_srv/include/custom_roi_srv/srv/detail/roi__rosidl_typesupport_fastrtps_cpp.hpp
[0.805s] -- Up-to-date: /home/hossein/navigation2_stack/install/custom_roi_srv/include/custom_roi_srv/srv/detail/dds_fastrtps
[0.805s] -- Up-to-date: /home/hossein/navigation2_stack/install/custom_roi_srv/include/custom_roi_srv/msg
[0.806s] -- Up-to-date: /home/hossein/navigation2_stack/install/custom_roi_srv/include/custom_roi_srv/msg/rosidl_typesupport_fastrtps_cpp__visibility_control.h
[0.806s] -- Up-to-date: /home/hossein/navigation2_stack/install/custom_roi_srv/lib/libcustom_roi_srv__rosidl_typesupport_fastrtps_cpp.so
[0.806s] -- Up-to-date: /home/hossein/navigation2_stack/install/custom_roi_srv/include/custom_roi_srv
[0.806s] -- Up-to-date: /home/hossein/navigation2_stack/install/custom_roi_srv/include/custom_roi_srv/srv
[0.806s] -- Up-to-date: /home/hossein/navigation2_stack/install/custom_roi_srv/include/custom_roi_srv/srv/detail
[0.806s] -- Up-to-date: /home/hossein/navigation2_stack/install/custom_roi_srv/include/custom_roi_srv/srv/detail/roi__rosidl_typesupport_introspection_c.h
[0.806s] -- Up-to-date: /home/hossein/navigation2_stack/install/custom_roi_srv/include/custom_roi_srv/srv/detail/roi__type_support.c
[0.806s] -- Up-to-date: /home/hossein/navigation2_stack/install/custom_roi_srv/include/custom_roi_srv/msg
[0.807s] -- Up-to-date: /home/hossein/navigation2_stack/install/custom_roi_srv/include/custom_roi_srv/msg/rosidl_typesupport_introspection_c__visibility_control.h
[0.807s] -- Up-to-date: /home/hossein/navigation2_stack/install/custom_roi_srv/lib/libcustom_roi_srv__rosidl_typesupport_introspection_c.so
[0.807s] -- Up-to-date: /home/hossein/navigation2_stack/install/custom_roi_srv/lib/libcustom_roi_srv__rosidl_typesupport_c.so
[0.807s] -- Up-to-date: /home/hossein/navigation2_stack/install/custom_roi_srv/include/custom_roi_srv
[0.808s] -- Up-to-date: /home/hossein/navigation2_stack/install/custom_roi_srv/include/custom_roi_srv/srv
[0.808s] -- Up-to-date: /home/hossein/navigation2_stack/install/custom_roi_srv/include/custom_roi_srv/srv/detail
[0.808s] -- Up-to-date: /home/hossein/navigation2_stack/install/custom_roi_srv/include/custom_roi_srv/srv/detail/roi__builder.hpp
[0.808s] -- Up-to-date: /home/hossein/navigation2_stack/install/custom_roi_srv/include/custom_roi_srv/srv/detail/roi__traits.hpp
[0.808s] -- Up-to-date: /home/hossein/navigation2_stack/install/custom_roi_srv/include/custom_roi_srv/srv/detail/roi__struct.hpp
[0.808s] -- Up-to-date: /home/hossein/navigation2_stack/install/custom_roi_srv/include/custom_roi_srv/srv/roi.hpp
[0.808s] -- Up-to-date: /home/hossein/navigation2_stack/install/custom_roi_srv/include/custom_roi_srv
[0.809s] -- Up-to-date: /home/hossein/navigation2_stack/install/custom_roi_srv/include/custom_roi_srv/srv
[0.809s] -- Up-to-date: /home/hossein/navigation2_stack/install/custom_roi_srv/include/custom_roi_srv/srv/detail
[0.809s] -- Up-to-date: /home/hossein/navigation2_stack/install/custom_roi_srv/include/custom_roi_srv/srv/detail/roi__type_support.cpp
[0.809s] -- Up-to-date: /home/hossein/navigation2_stack/install/custom_roi_srv/include/custom_roi_srv/srv/detail/roi__rosidl_typesupport_introspection_cpp.hpp
[0.814s] -- Up-to-date: /home/hossein/navigation2_stack/install/custom_roi_srv/lib/libcustom_roi_srv__rosidl_typesupport_introspection_cpp.so
[0.816s] -- Up-to-date: /home/hossein/navigation2_stack/install/custom_roi_srv/lib/libcustom_roi_srv__rosidl_typesupport_cpp.so
[0.816s] -- Up-to-date: /home/hossein/navigation2_stack/install/custom_roi_srv/share/custom_roi_srv/environment/pythonpath.sh
[0.816s] -- Up-to-date: /home/hossein/navigation2_stack/install/custom_roi_srv/share/custom_roi_srv/environment/pythonpath.dsv
[0.816s] -- Up-to-date: /home/hossein/navigation2_stack/install/custom_roi_srv/lib/python3.8/site-packages/custom_roi_srv/__init__.py
[0.909s] -- Up-to-date: /home/hossein/navigation2_stack/install/custom_roi_srv/lib/python3.8/site-packages/custom_roi_srv/srv
[0.909s] -- Up-to-date: /home/hossein/navigation2_stack/install/custom_roi_srv/lib/python3.8/site-packages/custom_roi_srv/srv/__init__.py
[0.909s] -- Up-to-date: /home/hossein/navigation2_stack/install/custom_roi_srv/lib/python3.8/site-packages/custom_roi_srv/srv/_roi.py
[0.909s] -- Up-to-date: /home/hossein/navigation2_stack/install/custom_roi_srv/lib/python3.8/site-packages/custom_roi_srv/srv/_roi_s.c
[0.909s] -- Up-to-date: /home/hossein/navigation2_stack/install/custom_roi_srv/lib/python3.8/site-packages/custom_roi_srv/custom_roi_srv_s__rosidl_typesupport_fastrtps_c.cpython-38-x86_64-linux-gnu.so
[0.909s] -- Up-to-date: /home/hossein/navigation2_stack/install/custom_roi_srv/lib/python3.8/site-packages/custom_roi_srv/custom_roi_srv_s__rosidl_typesupport_introspection_c.cpython-38-x86_64-linux-gnu.so
[0.910s] -- Up-to-date: /home/hossein/navigation2_stack/install/custom_roi_srv/lib/python3.8/site-packages/custom_roi_srv/custom_roi_srv_s__rosidl_typesupport_c.cpython-38-x86_64-linux-gnu.so
[0.910s] -- Up-to-date: /home/hossein/navigation2_stack/install/custom_roi_srv/lib/libcustom_roi_srv__python.so
[0.911s] -- Up-to-date: /home/hossein/navigation2_stack/install/custom_roi_srv/share/custom_roi_srv/srv/ROI.idl
[0.911s] -- Up-to-date: /home/hossein/navigation2_stack/install/custom_roi_srv/share/custom_roi_srv/srv/ROI.srv
[0.911s] -- Up-to-date: /home/hossein/navigation2_stack/install/custom_roi_srv/share/custom_roi_srv/srv/ROI_Request.msg
[0.912s] -- Up-to-date: /home/hossein/navigation2_stack/install/custom_roi_srv/share/custom_roi_srv/srv/ROI_Response.msg
[0.912s] -- Up-to-date: /home/hossein/navigation2_stack/install/custom_roi_srv/share/ament_index/resource_index/package_run_dependencies/custom_roi_srv
[0.912s] -- Up-to-date: /home/hossein/navigation2_stack/install/custom_roi_srv/share/ament_index/resource_index/parent_prefix_path/custom_roi_srv
[0.912s] -- Up-to-date: /home/hossein/navigation2_stack/install/custom_roi_srv/share/custom_roi_srv/environment/ament_prefix_path.sh
[0.912s] -- Up-to-date: /home/hossein/navigation2_stack/install/custom_roi_srv/share/custom_roi_srv/environment/ament_prefix_path.dsv
[0.912s] -- Up-to-date: /home/hossein/navigation2_stack/install/custom_roi_srv/share/custom_roi_srv/environment/path.sh
[0.912s] -- Up-to-date: /home/hossein/navigation2_stack/install/custom_roi_srv/share/custom_roi_srv/environment/path.dsv
[0.912s] -- Up-to-date: /home/hossein/navigation2_stack/install/custom_roi_srv/share/custom_roi_srv/local_setup.bash
[0.913s] -- Up-to-date: /home/hossein/navigation2_stack/install/custom_roi_srv/share/custom_roi_srv/local_setup.sh
[0.913s] -- Up-to-date: /home/hossein/navigation2_stack/install/custom_roi_srv/share/custom_roi_srv/local_setup.zsh
[0.913s] -- Up-to-date: /home/hossein/navigation2_stack/install/custom_roi_srv/share/custom_roi_srv/local_setup.dsv
[0.913s] -- Installing: /home/hossein/navigation2_stack/install/custom_roi_srv/share/custom_roi_srv/package.dsv
[0.913s] -- Up-to-date: /home/hossein/navigation2_stack/install/custom_roi_srv/share/ament_index/resource_index/packages/custom_roi_srv
[0.913s] -- Up-to-date: /home/hossein/navigation2_stack/install/custom_roi_srv/share/custom_roi_srv/cmake/custom_roi_srv__rosidl_generator_cExport.cmake
[0.913s] -- Up-to-date: /home/hossein/navigation2_stack/install/custom_roi_srv/share/custom_roi_srv/cmake/custom_roi_srv__rosidl_generator_cExport-noconfig.cmake
[0.932s] -- Up-to-date: /home/hossein/navigation2_stack/install/custom_roi_srv/share/custom_roi_srv/cmake/custom_roi_srv__rosidl_typesupport_introspection_cExport.cmake
[0.932s] -- Up-to-date: /home/hossein/navigation2_stack/install/custom_roi_srv/share/custom_roi_srv/cmake/custom_roi_srv__rosidl_typesupport_introspection_cExport-noconfig.cmake
[0.932s] -- Up-to-date: /home/hossein/navigation2_stack/install/custom_roi_srv/share/custom_roi_srv/cmake/custom_roi_srv__rosidl_typesupport_cExport.cmake
[0.933s] -- Up-to-date: /home/hossein/navigation2_stack/install/custom_roi_srv/share/custom_roi_srv/cmake/custom_roi_srv__rosidl_typesupport_cExport-noconfig.cmake
[0.934s] -- Up-to-date: /home/hossein/navigation2_stack/install/custom_roi_srv/share/custom_roi_srv/cmake/custom_roi_srv__rosidl_generator_cppExport.cmake
[0.934s] -- Up-to-date: /home/hossein/navigation2_stack/install/custom_roi_srv/share/custom_roi_srv/cmake/custom_roi_srv__rosidl_typesupport_introspection_cppExport.cmake
[0.935s] -- Up-to-date: /home/hossein/navigation2_stack/install/custom_roi_srv/share/custom_roi_srv/cmake/custom_roi_srv__rosidl_typesupport_introspection_cppExport-noconfig.cmake
[0.936s] -- Up-to-date: /home/hossein/navigation2_stack/install/custom_roi_srv/share/custom_roi_srv/cmake/custom_roi_srv__rosidl_typesupport_cppExport.cmake
[0.936s] -- Up-to-date: /home/hossein/navigation2_stack/install/custom_roi_srv/share/custom_roi_srv/cmake/custom_roi_srv__rosidl_typesupport_cppExport-noconfig.cmake
[0.936s] -- Up-to-date: /home/hossein/navigation2_stack/install/custom_roi_srv/share/custom_roi_srv/cmake/rosidl_cmake-extras.cmake
[0.936s] -- Up-to-date: /home/hossein/navigation2_stack/install/custom_roi_srv/share/custom_roi_srv/cmake/ament_cmake_export_dependencies-extras.cmake
[0.936s] -- Up-to-date: /home/hossein/navigation2_stack/install/custom_roi_srv/share/custom_roi_srv/cmake/ament_cmake_export_libraries-extras.cmake
[0.936s] -- Up-to-date: /home/hossein/navigation2_stack/install/custom_roi_srv/share/custom_roi_srv/cmake/ament_cmake_export_targets-extras.cmake
[0.937s] -- Up-to-date: /home/hossein/navigation2_stack/install/custom_roi_srv/share/custom_roi_srv/cmake/ament_cmake_export_include_directories-extras.cmake
[0.937s] -- Up-to-date: /home/hossein/navigation2_stack/install/custom_roi_srv/share/custom_roi_srv/cmake/rosidl_cmake_export_typesupport_libraries-extras.cmake
[0.937s] -- Up-to-date: /home/hossein/navigation2_stack/install/custom_roi_srv/share/custom_roi_srv/cmake/rosidl_cmake_export_typesupport_targets-extras.cmake
[0.937s] -- Up-to-date: /home/hossein/navigation2_stack/install/custom_roi_srv/share/custom_roi_srv/cmake/custom_roi_srvConfig.cmake
[0.937s] -- Up-to-date: /home/hossein/navigation2_stack/install/custom_roi_srv/share/custom_roi_srv/cmake/custom_roi_srvConfig-version.cmake
[0.937s] -- Up-to-date: /home/hossein/navigation2_stack/install/custom_roi_srv/share/custom_roi_srv/package.xml
[0.987s] Invoked command in '/home/hossein/navigation2_stack/build/custom_roi_srv' returned '0': CMAKE_PREFIX_PATH=${CMAKE_PREFIX_PATH}:/home/hossein/dev_ws/install/py_pubsub:/home/hossein/dev_ws/install/image_segmentation:/opt/ros/foxy /usr/bin/cmake --install /home/hossein/navigation2_stack/build/custom_roi_srv
