[0.046s] Invoking command in '/home/hossein/navigation2_stack/build/custom_roi_srv': CMAKE_PREFIX_PATH=${CMAKE_PREFIX_PATH}:/home/hossein/navigation2_stack/install/nav2_gazebo_spawner:/home/hossein/navigation2_stack/install/ceiling_segmentation:/home/hossein/nav2_ws/install/nav2_gazebo_spawner:/home/hossein/nav2_ws/install/image_segmentation:/home/hossein/dev_ws/install/py_pubsub:/home/hossein/dev_ws/install/image_segmentation:/opt/ros/foxy /usr/bin/cmake --build /home/hossein/navigation2_stack/build/custom_roi_srv -- -j8 -l8
[0.145s] [  3%] Built target custom_roi_srv__cpp
[0.145s] [ 12%] Built target custom_roi_srv__rosidl_generator_c
[0.246s] [ 22%] Built target custom_roi_srv__rosidl_typesupport_fastrtps_cpp
[0.247s] [ 32%] Built target custom_roi_srv__rosidl_typesupport_introspection_cpp
[0.248s] [ 41%] Built target custom_roi_srv__rosidl_typesupport_cpp
[0.248s] [ 51%] Built target custom_roi_srv__rosidl_typesupport_c
[0.292s] [ 61%] Built target custom_roi_srv__rosidl_typesupport_introspection_c
[0.300s] [ 70%] Built target custom_roi_srv__rosidl_typesupport_fastrtps_c
[0.332s] [ 70%] Built target custom_roi_srv
[0.363s] [ 74%] Built target custom_roi_srv__py
[0.400s] [ 80%] Built target custom_roi_srv__python
[0.460s] [ 87%] Built target custom_roi_srv__rosidl_typesupport_introspection_c__pyext
[0.468s] [ 93%] Built target custom_roi_srv__rosidl_typesupport_c__pyext
[0.470s] [100%] Built target custom_roi_srv__rosidl_typesupport_fastrtps_c__pyext
[0.514s] Invoked command in '/home/hossein/navigation2_stack/build/custom_roi_srv' returned '0': CMAKE_PREFIX_PATH=${CMAKE_PREFIX_PATH}:/home/hossein/navigation2_stack/install/nav2_gazebo_spawner:/home/hossein/navigation2_stack/install/ceiling_segmentation:/home/hossein/nav2_ws/install/nav2_gazebo_spawner:/home/hossein/nav2_ws/install/image_segmentation:/home/hossein/dev_ws/install/py_pubsub:/home/hossein/dev_ws/install/image_segmentation:/opt/ros/foxy /usr/bin/cmake --build /home/hossein/navigation2_stack/build/custom_roi_srv -- -j8 -l8
[0.637s] Invoking command in '/home/hossein/navigation2_stack/build/custom_roi_srv': CMAKE_PREFIX_PATH=${CMAKE_PREFIX_PATH}:/home/hossein/navigation2_stack/install/nav2_gazebo_spawner:/home/hossein/navigation2_stack/install/ceiling_segmentation:/home/hossein/nav2_ws/install/nav2_gazebo_spawner:/home/hossein/nav2_ws/install/image_segmentation:/home/hossein/dev_ws/install/py_pubsub:/home/hossein/dev_ws/install/image_segmentation:/opt/ros/foxy /usr/bin/cmake --install /home/hossein/navigation2_stack/build/custom_roi_srv
[0.662s] -- Install configuration: ""
[0.663s] -- Up-to-date: /home/hossein/navigation2_stack/install/custom_roi_srv/share/ament_index/resource_index/rosidl_interfaces/custom_roi_srv
[0.663s] -- Up-to-date: /home/hossein/navigation2_stack/install/custom_roi_srv/include/custom_roi_srv
[0.663s] -- Up-to-date: /home/hossein/navigation2_stack/install/custom_roi_srv/include/custom_roi_srv/srv
[0.664s] -- Up-to-date: /home/hossein/navigation2_stack/install/custom_roi_srv/include/custom_roi_srv/srv/detail
[0.664s] -- Up-to-date: /home/hossein/navigation2_stack/install/custom_roi_srv/include/custom_roi_srv/srv/detail/roi__functions.c
[0.665s] -- Up-to-date: /home/hossein/navigation2_stack/install/custom_roi_srv/include/custom_roi_srv/srv/detail/roi__functions.h
[0.667s] -- Up-to-date: /home/hossein/navigation2_stack/install/custom_roi_srv/include/custom_roi_srv/srv/detail/roi__struct.h
[0.667s] -- Up-to-date: /home/hossein/navigation2_stack/install/custom_roi_srv/include/custom_roi_srv/srv/detail/roi__type_support.h
[0.667s] -- Up-to-date: /home/hossein/navigation2_stack/install/custom_roi_srv/include/custom_roi_srv/srv/roi.h
[0.668s] -- Up-to-date: /home/hossein/navigation2_stack/install/custom_roi_srv/include/custom_roi_srv/msg
[0.669s] -- Up-to-date: /home/hossein/navigation2_stack/install/custom_roi_srv/include/custom_roi_srv/msg/rosidl_generator_c__visibility_control.h
[0.669s] -- Up-to-date: /home/hossein/navigation2_stack/install/custom_roi_srv/share/custom_roi_srv/environment/library_path.sh
[0.671s] -- Up-to-date: /home/hossein/navigation2_stack/install/custom_roi_srv/share/custom_roi_srv/environment/library_path.dsv
[0.672s] -- Up-to-date: /home/hossein/navigation2_stack/install/custom_roi_srv/lib/libcustom_roi_srv__rosidl_generator_c.so
[0.672s] -- Up-to-date: /home/hossein/navigation2_stack/install/custom_roi_srv/include/custom_roi_srv
[0.672s] -- Up-to-date: /home/hossein/navigation2_stack/install/custom_roi_srv/include/custom_roi_srv/srv
[0.673s] -- Up-to-date: /home/hossein/navigation2_stack/install/custom_roi_srv/include/custom_roi_srv/srv/detail
[0.673s] -- Up-to-date: /home/hossein/navigation2_stack/install/custom_roi_srv/include/custom_roi_srv/srv/detail/roi__rosidl_typesupport_fastrtps_c.h
[0.673s] -- Up-to-date: /home/hossein/navigation2_stack/install/custom_roi_srv/include/custom_roi_srv/msg
[0.673s] -- Up-to-date: /home/hossein/navigation2_stack/install/custom_roi_srv/include/custom_roi_srv/msg/rosidl_typesupport_fastrtps_c__visibility_control.h
[0.673s] -- Up-to-date: /home/hossein/navigation2_stack/install/custom_roi_srv/lib/libcustom_roi_srv__rosidl_typesupport_fastrtps_c.so
[0.673s] -- Up-to-date: /home/hossein/navigation2_stack/install/custom_roi_srv/include/custom_roi_srv
[0.674s] -- Up-to-date: /home/hossein/navigation2_stack/install/custom_roi_srv/include/custom_roi_srv/srv
[0.674s] -- Up-to-date: /home/hossein/navigation2_stack/install/custom_roi_srv/include/custom_roi_srv/srv/detail
[0.674s] -- Up-to-date: /home/hossein/navigation2_stack/install/custom_roi_srv/include/custom_roi_srv/srv/detail/roi__rosidl_typesupport_fastrtps_cpp.hpp
[0.674s] -- Up-to-date: /home/hossein/navigation2_stack/install/custom_roi_srv/include/custom_roi_srv/srv/detail/dds_fastrtps
[0.676s] -- Up-to-date: /home/hossein/navigation2_stack/install/custom_roi_srv/include/custom_roi_srv/msg
[0.676s] -- Up-to-date: /home/hossein/navigation2_stack/install/custom_roi_srv/include/custom_roi_srv/msg/rosidl_typesupport_fastrtps_cpp__visibility_control.h
[0.677s] -- Up-to-date: /home/hossein/navigation2_stack/install/custom_roi_srv/lib/libcustom_roi_srv__rosidl_typesupport_fastrtps_cpp.so
[0.677s] -- Up-to-date: /home/hossein/navigation2_stack/install/custom_roi_srv/include/custom_roi_srv
[0.677s] -- Up-to-date: /home/hossein/navigation2_stack/install/custom_roi_srv/include/custom_roi_srv/srv
[0.678s] -- Up-to-date: /home/hossein/navigation2_stack/install/custom_roi_srv/include/custom_roi_srv/srv/detail
[0.678s] -- Up-to-date: /home/hossein/navigation2_stack/install/custom_roi_srv/include/custom_roi_srv/srv/detail/roi__rosidl_typesupport_introspection_c.h
[0.679s] -- Up-to-date: /home/hossein/navigation2_stack/install/custom_roi_srv/include/custom_roi_srv/srv/detail/roi__type_support.c
[0.679s] -- Up-to-date: /home/hossein/navigation2_stack/install/custom_roi_srv/include/custom_roi_srv/msg
[0.681s] -- Up-to-date: /home/hossein/navigation2_stack/install/custom_roi_srv/include/custom_roi_srv/msg/rosidl_typesupport_introspection_c__visibility_control.h
[0.681s] -- Up-to-date: /home/hossein/navigation2_stack/install/custom_roi_srv/lib/libcustom_roi_srv__rosidl_typesupport_introspection_c.so
[0.681s] -- Up-to-date: /home/hossein/navigation2_stack/install/custom_roi_srv/lib/libcustom_roi_srv__rosidl_typesupport_c.so
[0.682s] -- Up-to-date: /home/hossein/navigation2_stack/install/custom_roi_srv/include/custom_roi_srv
[0.682s] -- Up-to-date: /home/hossein/navigation2_stack/install/custom_roi_srv/include/custom_roi_srv/srv
[0.682s] -- Up-to-date: /home/hossein/navigation2_stack/install/custom_roi_srv/include/custom_roi_srv/srv/detail
[0.683s] -- Up-to-date: /home/hossein/navigation2_stack/install/custom_roi_srv/include/custom_roi_srv/srv/detail/roi__builder.hpp
[0.683s] -- Up-to-date: /home/hossein/navigation2_stack/install/custom_roi_srv/include/custom_roi_srv/srv/detail/roi__traits.hpp
[0.684s] -- Up-to-date: /home/hossein/navigation2_stack/install/custom_roi_srv/include/custom_roi_srv/srv/detail/roi__struct.hpp
[0.684s] -- Up-to-date: /home/hossein/navigation2_stack/install/custom_roi_srv/include/custom_roi_srv/srv/roi.hpp
[0.685s] -- Up-to-date: /home/hossein/navigation2_stack/install/custom_roi_srv/include/custom_roi_srv
[0.686s] -- Up-to-date: /home/hossein/navigation2_stack/install/custom_roi_srv/include/custom_roi_srv/srv
[0.687s] -- Up-to-date: /home/hossein/navigation2_stack/install/custom_roi_srv/include/custom_roi_srv/srv/detail
[0.688s] -- Up-to-date: /home/hossein/navigation2_stack/install/custom_roi_srv/include/custom_roi_srv/srv/detail/roi__type_support.cpp
[0.688s] -- Up-to-date: /home/hossein/navigation2_stack/install/custom_roi_srv/include/custom_roi_srv/srv/detail/roi__rosidl_typesupport_introspection_cpp.hpp
[0.688s] -- Up-to-date: /home/hossein/navigation2_stack/install/custom_roi_srv/lib/libcustom_roi_srv__rosidl_typesupport_introspection_cpp.so
[0.689s] -- Up-to-date: /home/hossein/navigation2_stack/install/custom_roi_srv/lib/libcustom_roi_srv__rosidl_typesupport_cpp.so
[0.690s] -- Up-to-date: /home/hossein/navigation2_stack/install/custom_roi_srv/share/custom_roi_srv/environment/pythonpath.sh
[0.690s] -- Up-to-date: /home/hossein/navigation2_stack/install/custom_roi_srv/share/custom_roi_srv/environment/pythonpath.dsv
[0.691s] -- Up-to-date: /home/hossein/navigation2_stack/install/custom_roi_srv/lib/python3.8/site-packages/custom_roi_srv/__init__.py
[0.729s] -- Up-to-date: /home/hossein/navigation2_stack/install/custom_roi_srv/lib/python3.8/site-packages/custom_roi_srv/srv
[0.729s] -- Up-to-date: /home/hossein/navigation2_stack/install/custom_roi_srv/lib/python3.8/site-packages/custom_roi_srv/srv/__init__.py
[0.729s] -- Up-to-date: /home/hossein/navigation2_stack/install/custom_roi_srv/lib/python3.8/site-packages/custom_roi_srv/srv/_roi.py
[0.729s] -- Up-to-date: /home/hossein/navigation2_stack/install/custom_roi_srv/lib/python3.8/site-packages/custom_roi_srv/srv/_roi_s.c
[0.730s] -- Up-to-date: /home/hossein/navigation2_stack/install/custom_roi_srv/lib/python3.8/site-packages/custom_roi_srv/custom_roi_srv_s__rosidl_typesupport_fastrtps_c.cpython-38-x86_64-linux-gnu.so
[0.739s] -- Up-to-date: /home/hossein/navigation2_stack/install/custom_roi_srv/lib/python3.8/site-packages/custom_roi_srv/custom_roi_srv_s__rosidl_typesupport_introspection_c.cpython-38-x86_64-linux-gnu.so
[0.740s] -- Up-to-date: /home/hossein/navigation2_stack/install/custom_roi_srv/lib/python3.8/site-packages/custom_roi_srv/custom_roi_srv_s__rosidl_typesupport_c.cpython-38-x86_64-linux-gnu.so
[0.742s] -- Up-to-date: /home/hossein/navigation2_stack/install/custom_roi_srv/lib/libcustom_roi_srv__python.so
[0.742s] -- Up-to-date: /home/hossein/navigation2_stack/install/custom_roi_srv/share/custom_roi_srv/srv/ROI.idl
[0.742s] -- Up-to-date: /home/hossein/navigation2_stack/install/custom_roi_srv/share/custom_roi_srv/srv/ROI.srv
[0.742s] -- Up-to-date: /home/hossein/navigation2_stack/install/custom_roi_srv/share/custom_roi_srv/srv/ROI_Request.msg
[0.744s] -- Up-to-date: /home/hossein/navigation2_stack/install/custom_roi_srv/share/custom_roi_srv/srv/ROI_Response.msg
[0.744s] -- Up-to-date: /home/hossein/navigation2_stack/install/custom_roi_srv/share/ament_index/resource_index/package_run_dependencies/custom_roi_srv
[0.744s] -- Up-to-date: /home/hossein/navigation2_stack/install/custom_roi_srv/share/ament_index/resource_index/parent_prefix_path/custom_roi_srv
[0.745s] -- Up-to-date: /home/hossein/navigation2_stack/install/custom_roi_srv/share/custom_roi_srv/environment/ament_prefix_path.sh
[0.745s] -- Up-to-date: /home/hossein/navigation2_stack/install/custom_roi_srv/share/custom_roi_srv/environment/ament_prefix_path.dsv
[0.745s] -- Up-to-date: /home/hossein/navigation2_stack/install/custom_roi_srv/share/custom_roi_srv/environment/path.sh
[0.745s] -- Up-to-date: /home/hossein/navigation2_stack/install/custom_roi_srv/share/custom_roi_srv/environment/path.dsv
[0.746s] -- Up-to-date: /home/hossein/navigation2_stack/install/custom_roi_srv/share/custom_roi_srv/local_setup.bash
[0.746s] -- Up-to-date: /home/hossein/navigation2_stack/install/custom_roi_srv/share/custom_roi_srv/local_setup.sh
[0.747s] -- Up-to-date: /home/hossein/navigation2_stack/install/custom_roi_srv/share/custom_roi_srv/local_setup.zsh
[0.748s] -- Up-to-date: /home/hossein/navigation2_stack/install/custom_roi_srv/share/custom_roi_srv/local_setup.dsv
[0.748s] -- Installing: /home/hossein/navigation2_stack/install/custom_roi_srv/share/custom_roi_srv/package.dsv
[0.748s] -- Up-to-date: /home/hossein/navigation2_stack/install/custom_roi_srv/share/ament_index/resource_index/packages/custom_roi_srv
[0.748s] -- Up-to-date: /home/hossein/navigation2_stack/install/custom_roi_srv/share/custom_roi_srv/cmake/custom_roi_srv__rosidl_generator_cExport.cmake
[0.749s] -- Up-to-date: /home/hossein/navigation2_stack/install/custom_roi_srv/share/custom_roi_srv/cmake/custom_roi_srv__rosidl_generator_cExport-noconfig.cmake
[0.749s] -- Up-to-date: /home/hossein/navigation2_stack/install/custom_roi_srv/share/custom_roi_srv/cmake/custom_roi_srv__rosidl_typesupport_introspection_cExport.cmake
[0.750s] -- Up-to-date: /home/hossein/navigation2_stack/install/custom_roi_srv/share/custom_roi_srv/cmake/custom_roi_srv__rosidl_typesupport_introspection_cExport-noconfig.cmake
[0.750s] -- Up-to-date: /home/hossein/navigation2_stack/install/custom_roi_srv/share/custom_roi_srv/cmake/custom_roi_srv__rosidl_typesupport_cExport.cmake
[0.750s] -- Up-to-date: /home/hossein/navigation2_stack/install/custom_roi_srv/share/custom_roi_srv/cmake/custom_roi_srv__rosidl_typesupport_cExport-noconfig.cmake
[0.751s] -- Up-to-date: /home/hossein/navigation2_stack/install/custom_roi_srv/share/custom_roi_srv/cmake/custom_roi_srv__rosidl_generator_cppExport.cmake
[0.751s] -- Up-to-date: /home/hossein/navigation2_stack/install/custom_roi_srv/share/custom_roi_srv/cmake/custom_roi_srv__rosidl_typesupport_introspection_cppExport.cmake
[0.752s] -- Up-to-date: /home/hossein/navigation2_stack/install/custom_roi_srv/share/custom_roi_srv/cmake/custom_roi_srv__rosidl_typesupport_introspection_cppExport-noconfig.cmake
[0.752s] -- Up-to-date: /home/hossein/navigation2_stack/install/custom_roi_srv/share/custom_roi_srv/cmake/custom_roi_srv__rosidl_typesupport_cppExport.cmake
[0.753s] -- Up-to-date: /home/hossein/navigation2_stack/install/custom_roi_srv/share/custom_roi_srv/cmake/custom_roi_srv__rosidl_typesupport_cppExport-noconfig.cmake
[0.753s] -- Up-to-date: /home/hossein/navigation2_stack/install/custom_roi_srv/share/custom_roi_srv/cmake/rosidl_cmake-extras.cmake
[0.753s] -- Up-to-date: /home/hossein/navigation2_stack/install/custom_roi_srv/share/custom_roi_srv/cmake/ament_cmake_export_dependencies-extras.cmake
[0.753s] -- Up-to-date: /home/hossein/navigation2_stack/install/custom_roi_srv/share/custom_roi_srv/cmake/ament_cmake_export_libraries-extras.cmake
[0.754s] -- Up-to-date: /home/hossein/navigation2_stack/install/custom_roi_srv/share/custom_roi_srv/cmake/ament_cmake_export_targets-extras.cmake
[0.754s] -- Up-to-date: /home/hossein/navigation2_stack/install/custom_roi_srv/share/custom_roi_srv/cmake/ament_cmake_export_include_directories-extras.cmake
[0.754s] -- Up-to-date: /home/hossein/navigation2_stack/install/custom_roi_srv/share/custom_roi_srv/cmake/rosidl_cmake_export_typesupport_libraries-extras.cmake
[0.756s] -- Up-to-date: /home/hossein/navigation2_stack/install/custom_roi_srv/share/custom_roi_srv/cmake/rosidl_cmake_export_typesupport_targets-extras.cmake
[0.756s] -- Up-to-date: /home/hossein/navigation2_stack/install/custom_roi_srv/share/custom_roi_srv/cmake/custom_roi_srvConfig.cmake
[0.756s] -- Up-to-date: /home/hossein/navigation2_stack/install/custom_roi_srv/share/custom_roi_srv/cmake/custom_roi_srvConfig-version.cmake
[0.756s] -- Up-to-date: /home/hossein/navigation2_stack/install/custom_roi_srv/share/custom_roi_srv/package.xml
[0.803s] Invoked command in '/home/hossein/navigation2_stack/build/custom_roi_srv' returned '0': CMAKE_PREFIX_PATH=${CMAKE_PREFIX_PATH}:/home/hossein/navigation2_stack/install/nav2_gazebo_spawner:/home/hossein/navigation2_stack/install/ceiling_segmentation:/home/hossein/nav2_ws/install/nav2_gazebo_spawner:/home/hossein/nav2_ws/install/image_segmentation:/home/hossein/dev_ws/install/py_pubsub:/home/hossein/dev_ws/install/image_segmentation:/opt/ros/foxy /usr/bin/cmake --install /home/hossein/navigation2_stack/build/custom_roi_srv
