[0.067s] Invoking command in '/home/hossein/navigation2_stack/build/nav_2d_utils': AMENT_PREFIX_PATH=/home/hossein/navigation2_stack/install/nav2_util:/home/hossein/navigation2_stack/install/nav2_msgs:/home/hossein/navigation2_stack/install/nav_2d_msgs:/home/hossein/navigation2_stack/install/nav2_common:${AMENT_PREFIX_PATH} CMAKE_PREFIX_PATH=/home/hossein/navigation2_stack/install/nav2_util:/home/hossein/navigation2_stack/install/nav2_msgs:/home/hossein/navigation2_stack/install/nav_2d_msgs:/home/hossein/navigation2_stack/install/nav2_common:/home/hossein/turtlebot3_ws/install/turtlebot3_simulations:/home/hossein/turtlebot3_ws/install/turtlebot3_gazebo:/home/hossein/turtlebot3_ws/install/turtlebot3_fake_node:/home/hossein/dev_ws/install/vad_utils:/home/hossein/dev_ws/install/user_interface:/home/hossein/dev_ws/install/tf_publisher:/home/hossein/dev_ws/install/overhead_camera_service:/home/hossein/dev_ws/install/nf2:/home/hossein/dev_ws/install/global_planner:/home/hossein/dev_ws/install/custom_msg_srv:/home/hossein/dev_ws/install/py_pubsub:/home/hossein/dev_ws/install/image_segmentation:/opt/ros/foxy LD_LIBRARY_PATH=/home/hossein/navigation2_stack/install/nav2_util/lib:/home/hossein/navigation2_stack/install/nav2_msgs/lib:/home/hossein/navigation2_stack/install/nav_2d_msgs/lib:${LD_LIBRARY_PATH} PYTHONPATH=/home/hossein/navigation2_stack/install/nav2_msgs/lib/python3.8/site-packages:/home/hossein/navigation2_stack/install/nav_2d_msgs/lib/python3.8/site-packages:/home/hossein/navigation2_stack/install/nav2_common/lib/python3.8/site-packages:${PYTHONPATH} /usr/bin/cmake --build /home/hossein/navigation2_stack/build/nav_2d_utils -- -j8 -l8
[0.222s] [ 33%] Built target conversions
[0.328s] [ 66%] Built target path_ops
[0.376s] [100%] Built target tf_help
[0.406s] Invoked command in '/home/hossein/navigation2_stack/build/nav_2d_utils' returned '0': AMENT_PREFIX_PATH=/home/hossein/navigation2_stack/install/nav2_util:/home/hossein/navigation2_stack/install/nav2_msgs:/home/hossein/navigation2_stack/install/nav_2d_msgs:/home/hossein/navigation2_stack/install/nav2_common:${AMENT_PREFIX_PATH} CMAKE_PREFIX_PATH=/home/hossein/navigation2_stack/install/nav2_util:/home/hossein/navigation2_stack/install/nav2_msgs:/home/hossein/navigation2_stack/install/nav_2d_msgs:/home/hossein/navigation2_stack/install/nav2_common:/home/hossein/turtlebot3_ws/install/turtlebot3_simulations:/home/hossein/turtlebot3_ws/install/turtlebot3_gazebo:/home/hossein/turtlebot3_ws/install/turtlebot3_fake_node:/home/hossein/dev_ws/install/vad_utils:/home/hossein/dev_ws/install/user_interface:/home/hossein/dev_ws/install/tf_publisher:/home/hossein/dev_ws/install/overhead_camera_service:/home/hossein/dev_ws/install/nf2:/home/hossein/dev_ws/install/global_planner:/home/hossein/dev_ws/install/custom_msg_srv:/home/hossein/dev_ws/install/py_pubsub:/home/hossein/dev_ws/install/image_segmentation:/opt/ros/foxy LD_LIBRARY_PATH=/home/hossein/navigation2_stack/install/nav2_util/lib:/home/hossein/navigation2_stack/install/nav2_msgs/lib:/home/hossein/navigation2_stack/install/nav_2d_msgs/lib:${LD_LIBRARY_PATH} PYTHONPATH=/home/hossein/navigation2_stack/install/nav2_msgs/lib/python3.8/site-packages:/home/hossein/navigation2_stack/install/nav_2d_msgs/lib/python3.8/site-packages:/home/hossein/navigation2_stack/install/nav2_common/lib/python3.8/site-packages:${PYTHONPATH} /usr/bin/cmake --build /home/hossein/navigation2_stack/build/nav_2d_utils -- -j8 -l8
[0.653s] Invoking command in '/home/hossein/navigation2_stack/build/nav_2d_utils': AMENT_PREFIX_PATH=/home/hossein/navigation2_stack/install/nav2_util:/home/hossein/navigation2_stack/install/nav2_msgs:/home/hossein/navigation2_stack/install/nav_2d_msgs:/home/hossein/navigation2_stack/install/nav2_common:${AMENT_PREFIX_PATH} CMAKE_PREFIX_PATH=/home/hossein/navigation2_stack/install/nav2_util:/home/hossein/navigation2_stack/install/nav2_msgs:/home/hossein/navigation2_stack/install/nav_2d_msgs:/home/hossein/navigation2_stack/install/nav2_common:/home/hossein/turtlebot3_ws/install/turtlebot3_simulations:/home/hossein/turtlebot3_ws/install/turtlebot3_gazebo:/home/hossein/turtlebot3_ws/install/turtlebot3_fake_node:/home/hossein/dev_ws/install/vad_utils:/home/hossein/dev_ws/install/user_interface:/home/hossein/dev_ws/install/tf_publisher:/home/hossein/dev_ws/install/overhead_camera_service:/home/hossein/dev_ws/install/nf2:/home/hossein/dev_ws/install/global_planner:/home/hossein/dev_ws/install/custom_msg_srv:/home/hossein/dev_ws/install/py_pubsub:/home/hossein/dev_ws/install/image_segmentation:/opt/ros/foxy LD_LIBRARY_PATH=/home/hossein/navigation2_stack/install/nav2_util/lib:/home/hossein/navigation2_stack/install/nav2_msgs/lib:/home/hossein/navigation2_stack/install/nav_2d_msgs/lib:${LD_LIBRARY_PATH} PYTHONPATH=/home/hossein/navigation2_stack/install/nav2_msgs/lib/python3.8/site-packages:/home/hossein/navigation2_stack/install/nav_2d_msgs/lib/python3.8/site-packages:/home/hossein/navigation2_stack/install/nav2_common/lib/python3.8/site-packages:${PYTHONPATH} /usr/bin/cmake --install /home/hossein/navigation2_stack/build/nav_2d_utils
[0.680s] -- Install configuration: "Release"
[0.681s] -- Up-to-date: /home/hossein/navigation2_stack/install/nav_2d_utils/lib/libconversions.so
[0.682s] -- Up-to-date: /home/hossein/navigation2_stack/install/nav_2d_utils/lib/libpath_ops.so
[0.685s] -- Up-to-date: /home/hossein/navigation2_stack/install/nav_2d_utils/lib/libtf_help.so
[0.686s] -- Up-to-date: /home/hossein/navigation2_stack/install/nav_2d_utils/include/
[0.686s] -- Up-to-date: /home/hossein/navigation2_stack/install/nav_2d_utils/include//nav_2d_utils
[0.686s] -- Up-to-date: /home/hossein/navigation2_stack/install/nav_2d_utils/include//nav_2d_utils/parameters.hpp
[0.687s] -- Up-to-date: /home/hossein/navigation2_stack/install/nav_2d_utils/include//nav_2d_utils/conversions.hpp
[0.687s] -- Up-to-date: /home/hossein/navigation2_stack/install/nav_2d_utils/include//nav_2d_utils/path_ops.hpp
[0.687s] -- Up-to-date: /home/hossein/navigation2_stack/install/nav_2d_utils/include//nav_2d_utils/odom_subscriber.hpp
[0.687s] -- Up-to-date: /home/hossein/navigation2_stack/install/nav_2d_utils/include//nav_2d_utils/tf_help.hpp
[0.687s] -- Up-to-date: /home/hossein/navigation2_stack/install/nav_2d_utils/share/nav_2d_utils/environment/library_path.sh
[0.687s] -- Up-to-date: /home/hossein/navigation2_stack/install/nav_2d_utils/share/nav_2d_utils/environment/library_path.dsv
[0.688s] -- Up-to-date: /home/hossein/navigation2_stack/install/nav_2d_utils/share/ament_index/resource_index/package_run_dependencies/nav_2d_utils
[0.688s] -- Up-to-date: /home/hossein/navigation2_stack/install/nav_2d_utils/share/ament_index/resource_index/parent_prefix_path/nav_2d_utils
[0.688s] -- Up-to-date: /home/hossein/navigation2_stack/install/nav_2d_utils/share/nav_2d_utils/environment/ament_prefix_path.sh
[0.688s] -- Up-to-date: /home/hossein/navigation2_stack/install/nav_2d_utils/share/nav_2d_utils/environment/ament_prefix_path.dsv
[0.688s] -- Up-to-date: /home/hossein/navigation2_stack/install/nav_2d_utils/share/nav_2d_utils/environment/path.sh
[0.689s] -- Up-to-date: /home/hossein/navigation2_stack/install/nav_2d_utils/share/nav_2d_utils/environment/path.dsv
[0.689s] -- Up-to-date: /home/hossein/navigation2_stack/install/nav_2d_utils/share/nav_2d_utils/local_setup.bash
[0.689s] -- Up-to-date: /home/hossein/navigation2_stack/install/nav_2d_utils/share/nav_2d_utils/local_setup.sh
[0.689s] -- Up-to-date: /home/hossein/navigation2_stack/install/nav_2d_utils/share/nav_2d_utils/local_setup.zsh
[0.689s] -- Up-to-date: /home/hossein/navigation2_stack/install/nav_2d_utils/share/nav_2d_utils/local_setup.dsv
[0.689s] -- Installing: /home/hossein/navigation2_stack/install/nav_2d_utils/share/nav_2d_utils/package.dsv
[0.689s] -- Up-to-date: /home/hossein/navigation2_stack/install/nav_2d_utils/share/ament_index/resource_index/packages/nav_2d_utils
[0.690s] -- Up-to-date: /home/hossein/navigation2_stack/install/nav_2d_utils/share/nav_2d_utils/cmake/ament_cmake_export_include_directories-extras.cmake
[0.690s] -- Up-to-date: /home/hossein/navigation2_stack/install/nav_2d_utils/share/nav_2d_utils/cmake/ament_cmake_export_libraries-extras.cmake
[0.690s] -- Up-to-date: /home/hossein/navigation2_stack/install/nav_2d_utils/share/nav_2d_utils/cmake/ament_cmake_export_dependencies-extras.cmake
[0.690s] -- Up-to-date: /home/hossein/navigation2_stack/install/nav_2d_utils/share/nav_2d_utils/cmake/nav_2d_utilsConfig.cmake
[0.690s] -- Up-to-date: /home/hossein/navigation2_stack/install/nav_2d_utils/share/nav_2d_utils/cmake/nav_2d_utilsConfig-version.cmake
[0.690s] -- Up-to-date: /home/hossein/navigation2_stack/install/nav_2d_utils/share/nav_2d_utils/package.xml
[0.705s] Invoked command in '/home/hossein/navigation2_stack/build/nav_2d_utils' returned '0': AMENT_PREFIX_PATH=/home/hossein/navigation2_stack/install/nav2_util:/home/hossein/navigation2_stack/install/nav2_msgs:/home/hossein/navigation2_stack/install/nav_2d_msgs:/home/hossein/navigation2_stack/install/nav2_common:${AMENT_PREFIX_PATH} CMAKE_PREFIX_PATH=/home/hossein/navigation2_stack/install/nav2_util:/home/hossein/navigation2_stack/install/nav2_msgs:/home/hossein/navigation2_stack/install/nav_2d_msgs:/home/hossein/navigation2_stack/install/nav2_common:/home/hossein/turtlebot3_ws/install/turtlebot3_simulations:/home/hossein/turtlebot3_ws/install/turtlebot3_gazebo:/home/hossein/turtlebot3_ws/install/turtlebot3_fake_node:/home/hossein/dev_ws/install/vad_utils:/home/hossein/dev_ws/install/user_interface:/home/hossein/dev_ws/install/tf_publisher:/home/hossein/dev_ws/install/overhead_camera_service:/home/hossein/dev_ws/install/nf2:/home/hossein/dev_ws/install/global_planner:/home/hossein/dev_ws/install/custom_msg_srv:/home/hossein/dev_ws/install/py_pubsub:/home/hossein/dev_ws/install/image_segmentation:/opt/ros/foxy LD_LIBRARY_PATH=/home/hossein/navigation2_stack/install/nav2_util/lib:/home/hossein/navigation2_stack/install/nav2_msgs/lib:/home/hossein/navigation2_stack/install/nav_2d_msgs/lib:${LD_LIBRARY_PATH} PYTHONPATH=/home/hossein/navigation2_stack/install/nav2_msgs/lib/python3.8/site-packages:/home/hossein/navigation2_stack/install/nav_2d_msgs/lib/python3.8/site-packages:/home/hossein/navigation2_stack/install/nav2_common/lib/python3.8/site-packages:${PYTHONPATH} /usr/bin/cmake --install /home/hossein/navigation2_stack/build/nav_2d_utils
