[0.057s] Invoking command in '/home/hossein/navigation2_stack/build/nav2_common': CMAKE_PREFIX_PATH=${CMAKE_PREFIX_PATH}:/home/hossein/navigation2_stack/install/nav2_gazebo_spawner:/home/hossein/navigation2_stack/install/ceiling_segmentation:/home/hossein/nav2_ws/install/nav2_gazebo_spawner:/home/hossein/nav2_ws/install/image_segmentation:/home/hossein/dev_ws/install/py_pubsub:/home/hossein/dev_ws/install/image_segmentation:/opt/ros/foxy /usr/bin/cmake --build /home/hossein/navigation2_stack/build/nav2_common -- -j8 -l8
[0.546s] Invoked command in '/home/hossein/navigation2_stack/build/nav2_common' returned '0': CMAKE_PREFIX_PATH=${CMAKE_PREFIX_PATH}:/home/hossein/navigation2_stack/install/nav2_gazebo_spawner:/home/hossein/navigation2_stack/install/ceiling_segmentation:/home/hossein/nav2_ws/install/nav2_gazebo_spawner:/home/hossein/nav2_ws/install/image_segmentation:/home/hossein/dev_ws/install/py_pubsub:/home/hossein/dev_ws/install/image_segmentation:/opt/ros/foxy /usr/bin/cmake --build /home/hossein/navigation2_stack/build/nav2_common -- -j8 -l8
[0.608s] Invoking command in '/home/hossein/navigation2_stack/build/nav2_common': CMAKE_PREFIX_PATH=${CMAKE_PREFIX_PATH}:/home/hossein/navigation2_stack/install/nav2_gazebo_spawner:/home/hossein/navigation2_stack/install/ceiling_segmentation:/home/hossein/nav2_ws/install/nav2_gazebo_spawner:/home/hossein/nav2_ws/install/image_segmentation:/home/hossein/dev_ws/install/py_pubsub:/home/hossein/dev_ws/install/image_segmentation:/opt/ros/foxy /usr/bin/cmake --install /home/hossein/navigation2_stack/build/nav2_common
[0.622s] -- Install configuration: ""
[0.622s] -- Up-to-date: /home/hossein/navigation2_stack/install/nav2_common/share/nav2_common/environment/pythonpath.sh
[0.622s] -- Up-to-date: /home/hossein/navigation2_stack/install/nav2_common/share/nav2_common/environment/pythonpath.dsv
[0.622s] -- Up-to-date: /home/hossein/navigation2_stack/install/nav2_common/lib/python3.8/site-packages/nav2_common
[0.623s] -- Up-to-date: /home/hossein/navigation2_stack/install/nav2_common/lib/python3.8/site-packages/nav2_common/launch
[0.623s] -- Up-to-date: /home/hossein/navigation2_stack/install/nav2_common/lib/python3.8/site-packages/nav2_common/launch/rewritten_yaml.py
[0.623s] -- Up-to-date: /home/hossein/navigation2_stack/install/nav2_common/lib/python3.8/site-packages/nav2_common/launch/replace_string.py
[0.623s] -- Up-to-date: /home/hossein/navigation2_stack/install/nav2_common/lib/python3.8/site-packages/nav2_common/launch/__init__.py
[0.624s] -- Up-to-date: /home/hossein/navigation2_stack/install/nav2_common/lib/python3.8/site-packages/nav2_common/__init__.py
[0.674s] Listing '/home/hossein/navigation2_stack/install/nav2_common/lib/python3.8/site-packages/nav2_common'...
[0.675s] Listing '/home/hossein/navigation2_stack/install/nav2_common/lib/python3.8/site-packages/nav2_common/launch'...
[0.684s] -- Up-to-date: /home/hossein/navigation2_stack/install/nav2_common/share/ament_index/resource_index/package_run_dependencies/nav2_common
[0.684s] -- Up-to-date: /home/hossein/navigation2_stack/install/nav2_common/share/ament_index/resource_index/parent_prefix_path/nav2_common
[0.685s] -- Up-to-date: /home/hossein/navigation2_stack/install/nav2_common/share/nav2_common/environment/ament_prefix_path.sh
[0.685s] -- Up-to-date: /home/hossein/navigation2_stack/install/nav2_common/share/nav2_common/environment/ament_prefix_path.dsv
[0.685s] -- Up-to-date: /home/hossein/navigation2_stack/install/nav2_common/share/nav2_common/environment/path.sh
[0.687s] -- Up-to-date: /home/hossein/navigation2_stack/install/nav2_common/share/nav2_common/environment/path.dsv
[0.689s] -- Up-to-date: /home/hossein/navigation2_stack/install/nav2_common/share/nav2_common/local_setup.bash
[0.690s] -- Up-to-date: /home/hossein/navigation2_stack/install/nav2_common/share/nav2_common/local_setup.sh
[0.691s] -- Up-to-date: /home/hossein/navigation2_stack/install/nav2_common/share/nav2_common/local_setup.zsh
[0.691s] -- Up-to-date: /home/hossein/navigation2_stack/install/nav2_common/share/nav2_common/local_setup.dsv
[0.693s] -- Up-to-date: /home/hossein/navigation2_stack/install/nav2_common/share/nav2_common/package.dsv
[0.693s] -- Up-to-date: /home/hossein/navigation2_stack/install/nav2_common/share/ament_index/resource_index/packages/nav2_common
[0.694s] -- Up-to-date: /home/hossein/navigation2_stack/install/nav2_common/share/nav2_common/cmake/nav2_common-extras.cmake
[0.694s] -- Up-to-date: /home/hossein/navigation2_stack/install/nav2_common/share/nav2_common/cmake/nav2_commonConfig.cmake
[0.695s] -- Up-to-date: /home/hossein/navigation2_stack/install/nav2_common/share/nav2_common/cmake/nav2_commonConfig-version.cmake
[0.695s] -- Up-to-date: /home/hossein/navigation2_stack/install/nav2_common/share/nav2_common/package.xml
[0.695s] -- Up-to-date: /home/hossein/navigation2_stack/install/nav2_common/share/nav2_common/cmake
[0.696s] -- Up-to-date: /home/hossein/navigation2_stack/install/nav2_common/share/nav2_common/cmake/nav2_package.cmake
[0.696s] Invoked command in '/home/hossein/navigation2_stack/build/nav2_common' returned '0': CMAKE_PREFIX_PATH=${CMAKE_PREFIX_PATH}:/home/hossein/navigation2_stack/install/nav2_gazebo_spawner:/home/hossein/navigation2_stack/install/ceiling_segmentation:/home/hossein/nav2_ws/install/nav2_gazebo_spawner:/home/hossein/nav2_ws/install/image_segmentation:/home/hossein/dev_ws/install/py_pubsub:/home/hossein/dev_ws/install/image_segmentation:/opt/ros/foxy /usr/bin/cmake --install /home/hossein/navigation2_stack/build/nav2_common
