[0.057s] Invoking command in '/home/hossein/navigation2_stack/build/nav2_common': CMAKE_PREFIX_PATH=${CMAKE_PREFIX_PATH}:/home/hossein/nav2_ws/install/nav2_gazebo_spawner:/home/hossein/nav2_ws/install/image_segmentation:/home/hossein/dev_ws/install/py_pubsub:/home/hossein/dev_ws/install/image_segmentation:/opt/ros/foxy /usr/bin/cmake /home/hossein/navigation2_stack/navigation2/nav2_common -DCMAKE_INSTALL_PREFIX=/home/hossein/navigation2_stack/install/nav2_common
[0.128s] -- Found ament_cmake_core: 0.9.8 (/opt/ros/foxy/share/ament_cmake_core/cmake)
[0.162s] -- Found PythonInterp: /usr/bin/python3 (found suitable version "3.8.5", minimum required is "3") 
[0.162s] -- Using PYTHON_EXECUTABLE: /usr/bin/python3
[0.453s] -- Found ament_cmake_python: 0.9.8 (/opt/ros/foxy/share/ament_cmake_python/cmake)
[0.581s] -- Configuring done
[0.584s] -- Generating done
[0.584s] -- Build files have been written to: /home/hossein/navigation2_stack/build/nav2_common
[0.588s] Invoked command in '/home/hossein/navigation2_stack/build/nav2_common' returned '0': CMAKE_PREFIX_PATH=${CMAKE_PREFIX_PATH}:/home/hossein/nav2_ws/install/nav2_gazebo_spawner:/home/hossein/nav2_ws/install/image_segmentation:/home/hossein/dev_ws/install/py_pubsub:/home/hossein/dev_ws/install/image_segmentation:/opt/ros/foxy /usr/bin/cmake /home/hossein/navigation2_stack/navigation2/nav2_common -DCMAKE_INSTALL_PREFIX=/home/hossein/navigation2_stack/install/nav2_common
[0.592s] Invoking command in '/home/hossein/navigation2_stack/build/nav2_common': CMAKE_PREFIX_PATH=${CMAKE_PREFIX_PATH}:/home/hossein/nav2_ws/install/nav2_gazebo_spawner:/home/hossein/nav2_ws/install/image_segmentation:/home/hossein/dev_ws/install/py_pubsub:/home/hossein/dev_ws/install/image_segmentation:/opt/ros/foxy /usr/bin/cmake --build /home/hossein/navigation2_stack/build/nav2_common -- -j8 -l8
[0.647s] Invoked command in '/home/hossein/navigation2_stack/build/nav2_common' returned '0': CMAKE_PREFIX_PATH=${CMAKE_PREFIX_PATH}:/home/hossein/nav2_ws/install/nav2_gazebo_spawner:/home/hossein/nav2_ws/install/image_segmentation:/home/hossein/dev_ws/install/py_pubsub:/home/hossein/dev_ws/install/image_segmentation:/opt/ros/foxy /usr/bin/cmake --build /home/hossein/navigation2_stack/build/nav2_common -- -j8 -l8
[0.706s] Invoking command in '/home/hossein/navigation2_stack/build/nav2_common': CMAKE_PREFIX_PATH=${CMAKE_PREFIX_PATH}:/home/hossein/nav2_ws/install/nav2_gazebo_spawner:/home/hossein/nav2_ws/install/image_segmentation:/home/hossein/dev_ws/install/py_pubsub:/home/hossein/dev_ws/install/image_segmentation:/opt/ros/foxy /usr/bin/cmake --install /home/hossein/navigation2_stack/build/nav2_common
[0.720s] -- Install configuration: ""
[0.720s] -- Installing: /home/hossein/navigation2_stack/install/nav2_common/share/nav2_common/environment/pythonpath.sh
[0.721s] -- Installing: /home/hossein/navigation2_stack/install/nav2_common/share/nav2_common/environment/pythonpath.dsv
[0.721s] -- Installing: /home/hossein/navigation2_stack/install/nav2_common/lib/python3.8/site-packages/nav2_common
[0.721s] -- Installing: /home/hossein/navigation2_stack/install/nav2_common/lib/python3.8/site-packages/nav2_common/launch
[0.721s] -- Installing: /home/hossein/navigation2_stack/install/nav2_common/lib/python3.8/site-packages/nav2_common/launch/rewritten_yaml.py
[0.721s] -- Installing: /home/hossein/navigation2_stack/install/nav2_common/lib/python3.8/site-packages/nav2_common/launch/replace_string.py
[0.722s] -- Installing: /home/hossein/navigation2_stack/install/nav2_common/lib/python3.8/site-packages/nav2_common/launch/__init__.py
[0.722s] -- Installing: /home/hossein/navigation2_stack/install/nav2_common/lib/python3.8/site-packages/nav2_common/__init__.py
[0.777s] Listing '/home/hossein/navigation2_stack/install/nav2_common/lib/python3.8/site-packages/nav2_common'...
[0.777s] Compiling '/home/hossein/navigation2_stack/install/nav2_common/lib/python3.8/site-packages/nav2_common/__init__.py'...
[0.777s] Listing '/home/hossein/navigation2_stack/install/nav2_common/lib/python3.8/site-packages/nav2_common/launch'...
[0.777s] Compiling '/home/hossein/navigation2_stack/install/nav2_common/lib/python3.8/site-packages/nav2_common/launch/__init__.py'...
[0.777s] Compiling '/home/hossein/navigation2_stack/install/nav2_common/lib/python3.8/site-packages/nav2_common/launch/replace_string.py'...
[0.778s] Compiling '/home/hossein/navigation2_stack/install/nav2_common/lib/python3.8/site-packages/nav2_common/launch/rewritten_yaml.py'...
[0.784s] -- Installing: /home/hossein/navigation2_stack/install/nav2_common/share/ament_index/resource_index/package_run_dependencies/nav2_common
[0.785s] -- Installing: /home/hossein/navigation2_stack/install/nav2_common/share/ament_index/resource_index/parent_prefix_path/nav2_common
[0.785s] -- Installing: /home/hossein/navigation2_stack/install/nav2_common/share/nav2_common/environment/ament_prefix_path.sh
[0.785s] -- Installing: /home/hossein/navigation2_stack/install/nav2_common/share/nav2_common/environment/ament_prefix_path.dsv
[0.785s] -- Installing: /home/hossein/navigation2_stack/install/nav2_common/share/nav2_common/environment/path.sh
[0.785s] -- Installing: /home/hossein/navigation2_stack/install/nav2_common/share/nav2_common/environment/path.dsv
[0.785s] -- Installing: /home/hossein/navigation2_stack/install/nav2_common/share/nav2_common/local_setup.bash
[0.786s] -- Installing: /home/hossein/navigation2_stack/install/nav2_common/share/nav2_common/local_setup.sh
[0.786s] -- Installing: /home/hossein/navigation2_stack/install/nav2_common/share/nav2_common/local_setup.zsh
[0.786s] -- Installing: /home/hossein/navigation2_stack/install/nav2_common/share/nav2_common/local_setup.dsv
[0.786s] -- Installing: /home/hossein/navigation2_stack/install/nav2_common/share/nav2_common/package.dsv
[0.786s] -- Installing: /home/hossein/navigation2_stack/install/nav2_common/share/ament_index/resource_index/packages/nav2_common
[0.786s] -- Installing: /home/hossein/navigation2_stack/install/nav2_common/share/nav2_common/cmake/nav2_common-extras.cmake
[0.786s] -- Installing: /home/hossein/navigation2_stack/install/nav2_common/share/nav2_common/cmake/nav2_commonConfig.cmake
[0.787s] -- Installing: /home/hossein/navigation2_stack/install/nav2_common/share/nav2_common/cmake/nav2_commonConfig-version.cmake
[0.787s] -- Installing: /home/hossein/navigation2_stack/install/nav2_common/share/nav2_common/package.xml
[0.787s] -- Up-to-date: /home/hossein/navigation2_stack/install/nav2_common/share/nav2_common/cmake
[0.787s] -- Installing: /home/hossein/navigation2_stack/install/nav2_common/share/nav2_common/cmake/nav2_package.cmake
[0.791s] Invoked command in '/home/hossein/navigation2_stack/build/nav2_common' returned '0': CMAKE_PREFIX_PATH=${CMAKE_PREFIX_PATH}:/home/hossein/nav2_ws/install/nav2_gazebo_spawner:/home/hossein/nav2_ws/install/image_segmentation:/home/hossein/dev_ws/install/py_pubsub:/home/hossein/dev_ws/install/image_segmentation:/opt/ros/foxy /usr/bin/cmake --install /home/hossein/navigation2_stack/build/nav2_common
