-- The C compiler identification is GNU 7.5.0
-- The CXX compiler identification is GNU 7.5.0
-- Check for working C compiler: /usr/bin/cc
-- Check for working C compiler: /usr/bin/cc -- works
-- Detecting C compiler ABI info
-- Detecting C compiler ABI info - done
-- Detecting C compile features
-- Detecting C compile features - done
-- Check for working CXX compiler: /usr/bin/c++
-- Check for working CXX compiler: /usr/bin/c++ -- works
-- Detecting CXX compiler ABI info
-- Detecting CXX compiler ABI info - done
-- Detecting CXX compile features
-- Detecting CXX compile features - done
-- Found ament_cmake: 0.9.8 (/opt/ros/foxy/share/ament_cmake/cmake)
-- Found PythonInterp: /usr/bin/python3 (found suitable version "3.8.5", minimum required is "3") 
-- Using PYTHON_EXECUTABLE: /usr/bin/python3
-- Configuring done
-- Generating done
-- Build files have been written to: /home/hossein/navigation2_stack/build/navigation2
-- Install configuration: ""
-- Installing: /home/hossein/navigation2_stack/install/navigation2/share/ament_index/resource_index/package_run_dependencies/navigation2
-- Installing: /home/hossein/navigation2_stack/install/navigation2/share/ament_index/resource_index/parent_prefix_path/navigation2
-- Installing: /home/hossein/navigation2_stack/install/navigation2/share/navigation2/environment/ament_prefix_path.sh
-- Installing: /home/hossein/navigation2_stack/install/navigation2/share/navigation2/environment/ament_prefix_path.dsv
-- Installing: /home/hossein/navigation2_stack/install/navigation2/share/navigation2/environment/path.sh
-- Installing: /home/hossein/navigation2_stack/install/navigation2/share/navigation2/environment/path.dsv
-- Installing: /home/hossein/navigation2_stack/install/navigation2/share/navigation2/local_setup.bash
-- Installing: /home/hossein/navigation2_stack/install/navigation2/share/navigation2/local_setup.sh
-- Installing: /home/hossein/navigation2_stack/install/navigation2/share/navigation2/local_setup.zsh
-- Installing: /home/hossein/navigation2_stack/install/navigation2/share/navigation2/local_setup.dsv
-- Installing: /home/hossein/navigation2_stack/install/navigation2/share/navigation2/package.dsv
-- Installing: /home/hossein/navigation2_stack/install/navigation2/share/ament_index/resource_index/packages/navigation2
-- Installing: /home/hossein/navigation2_stack/install/navigation2/share/navigation2/cmake/navigation2Config.cmake
-- Installing: /home/hossein/navigation2_stack/install/navigation2/share/navigation2/cmake/navigation2Config-version.cmake
-- Installing: /home/hossein/navigation2_stack/install/navigation2/share/navigation2/package.xml
