[0.053s] Invoking command in '/home/hossein/navigation2_stack/build/nav2_msgs': CMAKE_PREFIX_PATH=/home/hossein/navigation2_stack/install/nav2_common:/home/hossein/navigation2_stack/install/nav_2d_utils:/home/hossein/navigation2_stack/install/dwb_msgs:/home/hossein/navigation2_stack/install/nav_2d_msgs:/home/hossein/navigation2_stack/install/nav2_waypoint_follower:/home/hossein/navigation2_stack/install/nav2_voxel_grid:/home/hossein/navigation2_stack/install/nav2_map_server:/home/hossein/navigation2_stack/install/nav2_lifecycle_manager:/home/hossein/navigation2_stack/install/nav2_util:/home/hossein/navigation2_stack/install/nav2_msgs:/home/hossein/navigation2_stack/install/custom_roi_srv:/home/hossein/navigation2_stack/install/custom_msg_srv:/home/hossein/turtlebot3_ws/install/turtlebot3_simulations:/home/hossein/turtlebot3_ws/install/turtlebot3_gazebo:/home/hossein/turtlebot3_ws/install/turtlebot3_fake_node:/home/hossein/nav2_ws/install/nav2_system_tests:/home/hossein/nav2_ws/install/nav2_bringup:/home/hossein/nav2_ws/install/navigation2:/home/hossein/nav2_ws/install/smac_planner:/home/hossein/nav2_ws/install/nav2_dwb_controller:/home/hossein/nav2_ws/install/nav2_controller:/home/hossein/nav2_ws/install/dwb_plugins:/home/hossein/nav2_ws/install/dwb_critics:/home/hossein/nav2_ws/install/dwb_core:/home/hossein/nav2_ws/install/nav_2d_utils:/home/hossein/nav2_ws/install/dwb_msgs:/home/hossein/nav2_ws/install/nav_2d_msgs:/home/hossein/nav2_ws/install/nav2_waypoint_follower:/home/hossein/nav2_ws/install/nav2_recoveries:/home/hossein/nav2_ws/install/nav2_planner:/home/hossein/nav2_ws/install/nav2_navfn_planner:/home/hossein/nav2_ws/install/nav2_gradient_costmap_plugin:/home/hossein/nav2_ws/install/nav2_core:/home/hossein/nav2_ws/install/costmap_queue:/home/hossein/nav2_ws/install/nav2_costmap_2d:/home/hossein/nav2_ws/install/nav2_voxel_grid:/home/hossein/nav2_ws/install/nav2_rviz_plugins:/home/hossein/nav2_ws/install/nav2_map_server:/home/hossein/nav2_ws/install/nav2_lifecycle_manager:/home/hossein/nav2_ws/install/nav2_bt_navigator:/home/hossein/nav2_ws/install/nav2_behavior_tree:/home/hossein/nav2_ws/install/nav2_amcl:/home/hossein/nav2_ws/install/nav2_util:/home/hossein/nav2_ws/install/nav2_msgs:/home/hossein/nav2_ws/install/nav2_common:/home/hossein/nav2_ws/install/custom_msg_srv:/home/hossein/dev_ws/install/vad_utils:/home/hossein/dev_ws/install/user_interface:/home/hossein/dev_ws/install/tf_publisher:/home/hossein/dev_ws/install/overhead_camera_service:/home/hossein/dev_ws/install/nf2:/home/hossein/dev_ws/install/global_planner:/home/hossein/dev_ws/install/custom_msg_srv:/home/hossein/navigation2_stack/install/nav2_gazebo_spawner:/home/hossein/navigation2_stack/install/ceiling_segmentation:/home/hossein/nav2_ws/install/nav2_gazebo_spawner:/home/hossein/nav2_ws/install/image_segmentation:/home/hossein/dev_ws/install/py_pubsub:/home/hossein/dev_ws/install/image_segmentation:/opt/ros/foxy PYTHONPATH=/home/hossein/navigation2_stack/install/nav2_common/lib/python3.8/site-packages:/home/hossein/navigation2_stack/install/dwb_msgs/lib/python3.8/site-packages:/home/hossein/navigation2_stack/install/nav_2d_msgs/lib/python3.8/site-packages:/home/hossein/navigation2_stack/install/nav2_msgs/lib/python3.8/site-packages:/home/hossein/navigation2_stack/install/nav2_gazebo_spawner/lib/python3.8/site-packages:/home/hossein/navigation2_stack/install/custom_roi_srv/lib/python3.8/site-packages:/home/hossein/navigation2_stack/install/ceiling_segmentation/lib/python3.8/site-packages:/home/hossein/navigation2_stack/install/custom_msg_srv/lib/python3.8/site-packages:/home/hossein/nav2_ws/install/dwb_msgs/lib/python3.8/site-packages:/home/hossein/nav2_ws/install/nav_2d_msgs/lib/python3.8/site-packages:/home/hossein/nav2_ws/install/nav2_msgs/lib/python3.8/site-packages:/home/hossein/nav2_ws/install/nav2_gazebo_spawner/lib/python3.8/site-packages:/home/hossein/nav2_ws/install/nav2_common/lib/python3.8/site-packages:/home/hossein/nav2_ws/build/image_segmentation:/home/hossein/nav2_ws/install/image_segmentation/lib/python3.8/site-packages:/home/hossein/nav2_ws/install/custom_msg_srv/lib/python3.8/site-packages:/home/hossein/dev_ws/install/py_pubsub/lib/python3.8/site-packages:/home/hossein/dev_ws/install/image_segmentation/lib/python3.8/site-packages:/home/hossein/dev_ws/install/custom_msg_srv/lib/python3.8/site-packages:/opt/ros/foxy/lib/python3.8/site-packages /usr/bin/cmake --build /home/hossein/navigation2_stack/build/nav2_msgs -- -j8 -l8
[0.183s] [  0%] Built target nav2_msgs__cpp
[0.220s] [ 12%] Built target nav2_msgs__rosidl_generator_c
[0.275s] [ 24%] Built target nav2_msgs__rosidl_typesupport_cpp
[0.275s] [ 37%] Built target nav2_msgs__rosidl_typesupport_introspection_cpp
[0.288s] [ 49%] Built target nav2_msgs__rosidl_typesupport_c
[0.292s] [ 61%] Built target nav2_msgs__rosidl_typesupport_fastrtps_cpp
[0.297s] [ 73%] Built target nav2_msgs__rosidl_typesupport_introspection_c
[0.352s] [ 85%] Built target nav2_msgs__rosidl_typesupport_fastrtps_c
[0.383s] [ 85%] Built target nav2_msgs
[0.416s] [ 86%] Built target nav2_msgs__py
[0.468s] [ 97%] Built target nav2_msgs__python
[0.507s] [ 99%] Built target nav2_msgs__rosidl_typesupport_introspection_c__pyext
[0.507s] [ 99%] Built target nav2_msgs__rosidl_typesupport_fastrtps_c__pyext
[0.512s] [100%] Built target nav2_msgs__rosidl_typesupport_c__pyext
[0.575s] Invoked command in '/home/hossein/navigation2_stack/build/nav2_msgs' returned '0': CMAKE_PREFIX_PATH=/home/hossein/navigation2_stack/install/nav2_common:/home/hossein/navigation2_stack/install/nav_2d_utils:/home/hossein/navigation2_stack/install/dwb_msgs:/home/hossein/navigation2_stack/install/nav_2d_msgs:/home/hossein/navigation2_stack/install/nav2_waypoint_follower:/home/hossein/navigation2_stack/install/nav2_voxel_grid:/home/hossein/navigation2_stack/install/nav2_map_server:/home/hossein/navigation2_stack/install/nav2_lifecycle_manager:/home/hossein/navigation2_stack/install/nav2_util:/home/hossein/navigation2_stack/install/nav2_msgs:/home/hossein/navigation2_stack/install/custom_roi_srv:/home/hossein/navigation2_stack/install/custom_msg_srv:/home/hossein/turtlebot3_ws/install/turtlebot3_simulations:/home/hossein/turtlebot3_ws/install/turtlebot3_gazebo:/home/hossein/turtlebot3_ws/install/turtlebot3_fake_node:/home/hossein/nav2_ws/install/nav2_system_tests:/home/hossein/nav2_ws/install/nav2_bringup:/home/hossein/nav2_ws/install/navigation2:/home/hossein/nav2_ws/install/smac_planner:/home/hossein/nav2_ws/install/nav2_dwb_controller:/home/hossein/nav2_ws/install/nav2_controller:/home/hossein/nav2_ws/install/dwb_plugins:/home/hossein/nav2_ws/install/dwb_critics:/home/hossein/nav2_ws/install/dwb_core:/home/hossein/nav2_ws/install/nav_2d_utils:/home/hossein/nav2_ws/install/dwb_msgs:/home/hossein/nav2_ws/install/nav_2d_msgs:/home/hossein/nav2_ws/install/nav2_waypoint_follower:/home/hossein/nav2_ws/install/nav2_recoveries:/home/hossein/nav2_ws/install/nav2_planner:/home/hossein/nav2_ws/install/nav2_navfn_planner:/home/hossein/nav2_ws/install/nav2_gradient_costmap_plugin:/home/hossein/nav2_ws/install/nav2_core:/home/hossein/nav2_ws/install/costmap_queue:/home/hossein/nav2_ws/install/nav2_costmap_2d:/home/hossein/nav2_ws/install/nav2_voxel_grid:/home/hossein/nav2_ws/install/nav2_rviz_plugins:/home/hossein/nav2_ws/install/nav2_map_server:/home/hossein/nav2_ws/install/nav2_lifecycle_manager:/home/hossein/nav2_ws/install/nav2_bt_navigator:/home/hossein/nav2_ws/install/nav2_behavior_tree:/home/hossein/nav2_ws/install/nav2_amcl:/home/hossein/nav2_ws/install/nav2_util:/home/hossein/nav2_ws/install/nav2_msgs:/home/hossein/nav2_ws/install/nav2_common:/home/hossein/nav2_ws/install/custom_msg_srv:/home/hossein/dev_ws/install/vad_utils:/home/hossein/dev_ws/install/user_interface:/home/hossein/dev_ws/install/tf_publisher:/home/hossein/dev_ws/install/overhead_camera_service:/home/hossein/dev_ws/install/nf2:/home/hossein/dev_ws/install/global_planner:/home/hossein/dev_ws/install/custom_msg_srv:/home/hossein/navigation2_stack/install/nav2_gazebo_spawner:/home/hossein/navigation2_stack/install/ceiling_segmentation:/home/hossein/nav2_ws/install/nav2_gazebo_spawner:/home/hossein/nav2_ws/install/image_segmentation:/home/hossein/dev_ws/install/py_pubsub:/home/hossein/dev_ws/install/image_segmentation:/opt/ros/foxy PYTHONPATH=/home/hossein/navigation2_stack/install/nav2_common/lib/python3.8/site-packages:/home/hossein/navigation2_stack/install/dwb_msgs/lib/python3.8/site-packages:/home/hossein/navigation2_stack/install/nav_2d_msgs/lib/python3.8/site-packages:/home/hossein/navigation2_stack/install/nav2_msgs/lib/python3.8/site-packages:/home/hossein/navigation2_stack/install/nav2_gazebo_spawner/lib/python3.8/site-packages:/home/hossein/navigation2_stack/install/custom_roi_srv/lib/python3.8/site-packages:/home/hossein/navigation2_stack/install/ceiling_segmentation/lib/python3.8/site-packages:/home/hossein/navigation2_stack/install/custom_msg_srv/lib/python3.8/site-packages:/home/hossein/nav2_ws/install/dwb_msgs/lib/python3.8/site-packages:/home/hossein/nav2_ws/install/nav_2d_msgs/lib/python3.8/site-packages:/home/hossein/nav2_ws/install/nav2_msgs/lib/python3.8/site-packages:/home/hossein/nav2_ws/install/nav2_gazebo_spawner/lib/python3.8/site-packages:/home/hossein/nav2_ws/install/nav2_common/lib/python3.8/site-packages:/home/hossein/nav2_ws/build/image_segmentation:/home/hossein/nav2_ws/install/image_segmentation/lib/python3.8/site-packages:/home/hossein/nav2_ws/install/custom_msg_srv/lib/python3.8/site-packages:/home/hossein/dev_ws/install/py_pubsub/lib/python3.8/site-packages:/home/hossein/dev_ws/install/image_segmentation/lib/python3.8/site-packages:/home/hossein/dev_ws/install/custom_msg_srv/lib/python3.8/site-packages:/opt/ros/foxy/lib/python3.8/site-packages /usr/bin/cmake --build /home/hossein/navigation2_stack/build/nav2_msgs -- -j8 -l8
[1.429s] Invoking command in '/home/hossein/navigation2_stack/build/nav2_msgs': CMAKE_PREFIX_PATH=/home/hossein/navigation2_stack/install/nav2_common:/home/hossein/navigation2_stack/install/nav_2d_utils:/home/hossein/navigation2_stack/install/dwb_msgs:/home/hossein/navigation2_stack/install/nav_2d_msgs:/home/hossein/navigation2_stack/install/nav2_waypoint_follower:/home/hossein/navigation2_stack/install/nav2_voxel_grid:/home/hossein/navigation2_stack/install/nav2_map_server:/home/hossein/navigation2_stack/install/nav2_lifecycle_manager:/home/hossein/navigation2_stack/install/nav2_util:/home/hossein/navigation2_stack/install/nav2_msgs:/home/hossein/navigation2_stack/install/custom_roi_srv:/home/hossein/navigation2_stack/install/custom_msg_srv:/home/hossein/turtlebot3_ws/install/turtlebot3_simulations:/home/hossein/turtlebot3_ws/install/turtlebot3_gazebo:/home/hossein/turtlebot3_ws/install/turtlebot3_fake_node:/home/hossein/nav2_ws/install/nav2_system_tests:/home/hossein/nav2_ws/install/nav2_bringup:/home/hossein/nav2_ws/install/navigation2:/home/hossein/nav2_ws/install/smac_planner:/home/hossein/nav2_ws/install/nav2_dwb_controller:/home/hossein/nav2_ws/install/nav2_controller:/home/hossein/nav2_ws/install/dwb_plugins:/home/hossein/nav2_ws/install/dwb_critics:/home/hossein/nav2_ws/install/dwb_core:/home/hossein/nav2_ws/install/nav_2d_utils:/home/hossein/nav2_ws/install/dwb_msgs:/home/hossein/nav2_ws/install/nav_2d_msgs:/home/hossein/nav2_ws/install/nav2_waypoint_follower:/home/hossein/nav2_ws/install/nav2_recoveries:/home/hossein/nav2_ws/install/nav2_planner:/home/hossein/nav2_ws/install/nav2_navfn_planner:/home/hossein/nav2_ws/install/nav2_gradient_costmap_plugin:/home/hossein/nav2_ws/install/nav2_core:/home/hossein/nav2_ws/install/costmap_queue:/home/hossein/nav2_ws/install/nav2_costmap_2d:/home/hossein/nav2_ws/install/nav2_voxel_grid:/home/hossein/nav2_ws/install/nav2_rviz_plugins:/home/hossein/nav2_ws/install/nav2_map_server:/home/hossein/nav2_ws/install/nav2_lifecycle_manager:/home/hossein/nav2_ws/install/nav2_bt_navigator:/home/hossein/nav2_ws/install/nav2_behavior_tree:/home/hossein/nav2_ws/install/nav2_amcl:/home/hossein/nav2_ws/install/nav2_util:/home/hossein/nav2_ws/install/nav2_msgs:/home/hossein/nav2_ws/install/nav2_common:/home/hossein/nav2_ws/install/custom_msg_srv:/home/hossein/dev_ws/install/vad_utils:/home/hossein/dev_ws/install/user_interface:/home/hossein/dev_ws/install/tf_publisher:/home/hossein/dev_ws/install/overhead_camera_service:/home/hossein/dev_ws/install/nf2:/home/hossein/dev_ws/install/global_planner:/home/hossein/dev_ws/install/custom_msg_srv:/home/hossein/navigation2_stack/install/nav2_gazebo_spawner:/home/hossein/navigation2_stack/install/ceiling_segmentation:/home/hossein/nav2_ws/install/nav2_gazebo_spawner:/home/hossein/nav2_ws/install/image_segmentation:/home/hossein/dev_ws/install/py_pubsub:/home/hossein/dev_ws/install/image_segmentation:/opt/ros/foxy PYTHONPATH=/home/hossein/navigation2_stack/install/nav2_common/lib/python3.8/site-packages:/home/hossein/navigation2_stack/install/dwb_msgs/lib/python3.8/site-packages:/home/hossein/navigation2_stack/install/nav_2d_msgs/lib/python3.8/site-packages:/home/hossein/navigation2_stack/install/nav2_msgs/lib/python3.8/site-packages:/home/hossein/navigation2_stack/install/nav2_gazebo_spawner/lib/python3.8/site-packages:/home/hossein/navigation2_stack/install/custom_roi_srv/lib/python3.8/site-packages:/home/hossein/navigation2_stack/install/ceiling_segmentation/lib/python3.8/site-packages:/home/hossein/navigation2_stack/install/custom_msg_srv/lib/python3.8/site-packages:/home/hossein/nav2_ws/install/dwb_msgs/lib/python3.8/site-packages:/home/hossein/nav2_ws/install/nav_2d_msgs/lib/python3.8/site-packages:/home/hossein/nav2_ws/install/nav2_msgs/lib/python3.8/site-packages:/home/hossein/nav2_ws/install/nav2_gazebo_spawner/lib/python3.8/site-packages:/home/hossein/nav2_ws/install/nav2_common/lib/python3.8/site-packages:/home/hossein/nav2_ws/build/image_segmentation:/home/hossein/nav2_ws/install/image_segmentation/lib/python3.8/site-packages:/home/hossein/nav2_ws/install/custom_msg_srv/lib/python3.8/site-packages:/home/hossein/dev_ws/install/py_pubsub/lib/python3.8/site-packages:/home/hossein/dev_ws/install/image_segmentation/lib/python3.8/site-packages:/home/hossein/dev_ws/install/custom_msg_srv/lib/python3.8/site-packages:/opt/ros/foxy/lib/python3.8/site-packages /usr/bin/cmake --install /home/hossein/navigation2_stack/build/nav2_msgs
[1.441s] -- Install configuration: "Release"
[1.441s] -- Up-to-date: /home/hossein/navigation2_stack/install/nav2_msgs/share/ament_index/resource_index/rosidl_interfaces/nav2_msgs
[1.441s] -- Up-to-date: /home/hossein/navigation2_stack/install/nav2_msgs/include/nav2_msgs
[1.441s] -- Up-to-date: /home/hossein/navigation2_stack/install/nav2_msgs/include/nav2_msgs/srv
[1.441s] -- Up-to-date: /home/hossein/navigation2_stack/install/nav2_msgs/include/nav2_msgs/srv/clear_entire_costmap.h
[1.442s] -- Up-to-date: /home/hossein/navigation2_stack/install/nav2_msgs/include/nav2_msgs/srv/detail
[1.442s] -- Up-to-date: /home/hossein/navigation2_stack/install/nav2_msgs/include/nav2_msgs/srv/detail/load_map__functions.c
[1.442s] -- Up-to-date: /home/hossein/navigation2_stack/install/nav2_msgs/include/nav2_msgs/srv/detail/clear_costmap_except_region__type_support.h
[1.442s] -- Up-to-date: /home/hossein/navigation2_stack/install/nav2_msgs/include/nav2_msgs/srv/detail/manage_lifecycle_nodes__struct.h
[1.443s] -- Up-to-date: /home/hossein/navigation2_stack/install/nav2_msgs/include/nav2_msgs/srv/detail/get_costmap__struct.h
[1.443s] -- Up-to-date: /home/hossein/navigation2_stack/install/nav2_msgs/include/nav2_msgs/srv/detail/clear_costmap_except_region__functions.h
[1.443s] -- Up-to-date: /home/hossein/navigation2_stack/install/nav2_msgs/include/nav2_msgs/srv/detail/load_map__functions.h
[1.443s] -- Up-to-date: /home/hossein/navigation2_stack/install/nav2_msgs/include/nav2_msgs/srv/detail/clear_costmap_around_robot__functions.c
[1.443s] -- Up-to-date: /home/hossein/navigation2_stack/install/nav2_msgs/include/nav2_msgs/srv/detail/clear_entire_costmap__functions.h
[1.443s] -- Up-to-date: /home/hossein/navigation2_stack/install/nav2_msgs/include/nav2_msgs/srv/detail/manage_lifecycle_nodes__type_support.h
[1.443s] -- Up-to-date: /home/hossein/navigation2_stack/install/nav2_msgs/include/nav2_msgs/srv/detail/get_costmap__functions.h
[1.444s] -- Up-to-date: /home/hossein/navigation2_stack/install/nav2_msgs/include/nav2_msgs/srv/detail/manage_lifecycle_nodes__functions.c
[1.444s] -- Up-to-date: /home/hossein/navigation2_stack/install/nav2_msgs/include/nav2_msgs/srv/detail/clear_entire_costmap__type_support.h
[1.444s] -- Up-to-date: /home/hossein/navigation2_stack/install/nav2_msgs/include/nav2_msgs/srv/detail/clear_costmap_around_robot__type_support.h
[1.444s] -- Up-to-date: /home/hossein/navigation2_stack/install/nav2_msgs/include/nav2_msgs/srv/detail/save_map__type_support.h
[1.444s] -- Up-to-date: /home/hossein/navigation2_stack/install/nav2_msgs/include/nav2_msgs/srv/detail/load_map__struct.h
[1.444s] -- Up-to-date: /home/hossein/navigation2_stack/install/nav2_msgs/include/nav2_msgs/srv/detail/save_map__functions.c
[1.444s] -- Up-to-date: /home/hossein/navigation2_stack/install/nav2_msgs/include/nav2_msgs/srv/detail/clear_entire_costmap__functions.c
[1.444s] -- Up-to-date: /home/hossein/navigation2_stack/install/nav2_msgs/include/nav2_msgs/srv/detail/clear_costmap_except_region__struct.h
[1.444s] -- Up-to-date: /home/hossein/navigation2_stack/install/nav2_msgs/include/nav2_msgs/srv/detail/clear_costmap_around_robot__struct.h
[1.444s] -- Up-to-date: /home/hossein/navigation2_stack/install/nav2_msgs/include/nav2_msgs/srv/detail/manage_lifecycle_nodes__functions.h
[1.445s] -- Up-to-date: /home/hossein/navigation2_stack/install/nav2_msgs/include/nav2_msgs/srv/detail/clear_costmap_except_region__functions.c
[1.445s] -- Up-to-date: /home/hossein/navigation2_stack/install/nav2_msgs/include/nav2_msgs/srv/detail/save_map__functions.h
[1.445s] -- Up-to-date: /home/hossein/navigation2_stack/install/nav2_msgs/include/nav2_msgs/srv/detail/load_map__type_support.h
[1.445s] -- Up-to-date: /home/hossein/navigation2_stack/install/nav2_msgs/include/nav2_msgs/srv/detail/get_costmap__functions.c
[1.445s] -- Up-to-date: /home/hossein/navigation2_stack/install/nav2_msgs/include/nav2_msgs/srv/detail/clear_costmap_around_robot__functions.h
[1.445s] -- Up-to-date: /home/hossein/navigation2_stack/install/nav2_msgs/include/nav2_msgs/srv/detail/save_map__struct.h
[1.445s] -- Up-to-date: /home/hossein/navigation2_stack/install/nav2_msgs/include/nav2_msgs/srv/detail/get_costmap__type_support.h
[1.445s] -- Up-to-date: /home/hossein/navigation2_stack/install/nav2_msgs/include/nav2_msgs/srv/detail/clear_entire_costmap__struct.h
[1.445s] -- Up-to-date: /home/hossein/navigation2_stack/install/nav2_msgs/include/nav2_msgs/srv/load_map.h
[1.446s] -- Up-to-date: /home/hossein/navigation2_stack/install/nav2_msgs/include/nav2_msgs/srv/clear_costmap_except_region.h
[1.446s] -- Up-to-date: /home/hossein/navigation2_stack/install/nav2_msgs/include/nav2_msgs/srv/save_map.h
[1.446s] -- Up-to-date: /home/hossein/navigation2_stack/install/nav2_msgs/include/nav2_msgs/srv/clear_costmap_around_robot.h
[1.446s] -- Up-to-date: /home/hossein/navigation2_stack/install/nav2_msgs/include/nav2_msgs/srv/manage_lifecycle_nodes.h
[1.446s] -- Up-to-date: /home/hossein/navigation2_stack/install/nav2_msgs/include/nav2_msgs/srv/get_costmap.h
[1.446s] -- Up-to-date: /home/hossein/navigation2_stack/install/nav2_msgs/include/nav2_msgs/action
[1.446s] -- Up-to-date: /home/hossein/navigation2_stack/install/nav2_msgs/include/nav2_msgs/action/navigate_to_pose.h
[1.446s] -- Up-to-date: /home/hossein/navigation2_stack/install/nav2_msgs/include/nav2_msgs/action/compute_path_to_pose.h
[1.446s] -- Up-to-date: /home/hossein/navigation2_stack/install/nav2_msgs/include/nav2_msgs/action/detail
[1.446s] -- Up-to-date: /home/hossein/navigation2_stack/install/nav2_msgs/include/nav2_msgs/action/detail/follow_waypoints__struct.h
[1.447s] -- Up-to-date: /home/hossein/navigation2_stack/install/nav2_msgs/include/nav2_msgs/action/detail/compute_path_to_pose__functions.h
[1.447s] -- Up-to-date: /home/hossein/navigation2_stack/install/nav2_msgs/include/nav2_msgs/action/detail/back_up__functions.h
[1.447s] -- Up-to-date: /home/hossein/navigation2_stack/install/nav2_msgs/include/nav2_msgs/action/detail/navigate_to_pose__functions.c
[1.447s] -- Up-to-date: /home/hossein/navigation2_stack/install/nav2_msgs/include/nav2_msgs/action/detail/back_up__functions.c
[1.447s] -- Up-to-date: /home/hossein/navigation2_stack/install/nav2_msgs/include/nav2_msgs/action/detail/back_up__type_support.h
[1.447s] -- Up-to-date: /home/hossein/navigation2_stack/install/nav2_msgs/include/nav2_msgs/action/detail/back_up__struct.h
[1.447s] -- Up-to-date: /home/hossein/navigation2_stack/install/nav2_msgs/include/nav2_msgs/action/detail/wait__struct.h
[1.447s] -- Up-to-date: /home/hossein/navigation2_stack/install/nav2_msgs/include/nav2_msgs/action/detail/wait__functions.h
[1.447s] -- Up-to-date: /home/hossein/navigation2_stack/install/nav2_msgs/include/nav2_msgs/action/detail/spin__type_support.h
[1.448s] -- Up-to-date: /home/hossein/navigation2_stack/install/nav2_msgs/include/nav2_msgs/action/detail/navigate_to_pose__struct.h
[1.448s] -- Up-to-date: /home/hossein/navigation2_stack/install/nav2_msgs/include/nav2_msgs/action/detail/follow_waypoints__functions.c
[1.448s] -- Up-to-date: /home/hossein/navigation2_stack/install/nav2_msgs/include/nav2_msgs/action/detail/spin__functions.h
[1.448s] -- Up-to-date: /home/hossein/navigation2_stack/install/nav2_msgs/include/nav2_msgs/action/detail/compute_path_to_pose__type_support.h
[1.448s] -- Up-to-date: /home/hossein/navigation2_stack/install/nav2_msgs/include/nav2_msgs/action/detail/dummy_recovery__type_support.h
[1.448s] -- Up-to-date: /home/hossein/navigation2_stack/install/nav2_msgs/include/nav2_msgs/action/detail/navigate_to_pose__type_support.h
[1.448s] -- Up-to-date: /home/hossein/navigation2_stack/install/nav2_msgs/include/nav2_msgs/action/detail/follow_path__functions.c
[1.448s] -- Up-to-date: /home/hossein/navigation2_stack/install/nav2_msgs/include/nav2_msgs/action/detail/navigate_to_pose__functions.h
[1.449s] -- Up-to-date: /home/hossein/navigation2_stack/install/nav2_msgs/include/nav2_msgs/action/detail/dummy_recovery__struct.h
[1.449s] -- Up-to-date: /home/hossein/navigation2_stack/install/nav2_msgs/include/nav2_msgs/action/detail/follow_path__type_support.h
[1.449s] -- Up-to-date: /home/hossein/navigation2_stack/install/nav2_msgs/include/nav2_msgs/action/detail/spin__struct.h
[1.449s] -- Up-to-date: /home/hossein/navigation2_stack/install/nav2_msgs/include/nav2_msgs/action/detail/dummy_recovery__functions.c
[1.449s] -- Up-to-date: /home/hossein/navigation2_stack/install/nav2_msgs/include/nav2_msgs/action/detail/compute_path_to_pose__functions.c
[1.450s] -- Up-to-date: /home/hossein/navigation2_stack/install/nav2_msgs/include/nav2_msgs/action/detail/spin__functions.c
[1.450s] -- Up-to-date: /home/hossein/navigation2_stack/install/nav2_msgs/include/nav2_msgs/action/detail/follow_path__struct.h
[1.450s] -- Up-to-date: /home/hossein/navigation2_stack/install/nav2_msgs/include/nav2_msgs/action/detail/follow_waypoints__functions.h
[1.450s] -- Up-to-date: /home/hossein/navigation2_stack/install/nav2_msgs/include/nav2_msgs/action/detail/compute_path_to_pose__struct.h
[1.450s] -- Up-to-date: /home/hossein/navigation2_stack/install/nav2_msgs/include/nav2_msgs/action/detail/dummy_recovery__functions.h
[1.451s] -- Up-to-date: /home/hossein/navigation2_stack/install/nav2_msgs/include/nav2_msgs/action/detail/follow_path__functions.h
[1.451s] -- Up-to-date: /home/hossein/navigation2_stack/install/nav2_msgs/include/nav2_msgs/action/detail/wait__functions.c
[1.451s] -- Up-to-date: /home/hossein/navigation2_stack/install/nav2_msgs/include/nav2_msgs/action/detail/follow_waypoints__type_support.h
[1.451s] -- Up-to-date: /home/hossein/navigation2_stack/install/nav2_msgs/include/nav2_msgs/action/detail/wait__type_support.h
[1.451s] -- Up-to-date: /home/hossein/navigation2_stack/install/nav2_msgs/include/nav2_msgs/action/spin.h
[1.451s] -- Up-to-date: /home/hossein/navigation2_stack/install/nav2_msgs/include/nav2_msgs/action/wait.h
[1.451s] -- Up-to-date: /home/hossein/navigation2_stack/install/nav2_msgs/include/nav2_msgs/action/follow_path.h
[1.451s] -- Up-to-date: /home/hossein/navigation2_stack/install/nav2_msgs/include/nav2_msgs/action/dummy_recovery.h
[1.452s] -- Up-to-date: /home/hossein/navigation2_stack/install/nav2_msgs/include/nav2_msgs/action/back_up.h
[1.452s] -- Up-to-date: /home/hossein/navigation2_stack/install/nav2_msgs/include/nav2_msgs/action/follow_waypoints.h
[1.452s] -- Up-to-date: /home/hossein/navigation2_stack/install/nav2_msgs/include/nav2_msgs/msg
[1.452s] -- Up-to-date: /home/hossein/navigation2_stack/install/nav2_msgs/include/nav2_msgs/msg/behavior_tree_status_change.h
[1.452s] -- Up-to-date: /home/hossein/navigation2_stack/install/nav2_msgs/include/nav2_msgs/msg/rosidl_generator_c__visibility_control.h
[1.452s] -- Up-to-date: /home/hossein/navigation2_stack/install/nav2_msgs/include/nav2_msgs/msg/particle_cloud.h
[1.452s] -- Up-to-date: /home/hossein/navigation2_stack/install/nav2_msgs/include/nav2_msgs/msg/detail
[1.452s] -- Up-to-date: /home/hossein/navigation2_stack/install/nav2_msgs/include/nav2_msgs/msg/detail/costmap__functions.c
[1.452s] -- Up-to-date: /home/hossein/navigation2_stack/install/nav2_msgs/include/nav2_msgs/msg/detail/voxel_grid__functions.h
[1.452s] -- Up-to-date: /home/hossein/navigation2_stack/install/nav2_msgs/include/nav2_msgs/msg/detail/costmap_meta_data__type_support.h
[1.452s] -- Up-to-date: /home/hossein/navigation2_stack/install/nav2_msgs/include/nav2_msgs/msg/detail/particle_cloud__struct.h
[1.452s] -- Up-to-date: /home/hossein/navigation2_stack/install/nav2_msgs/include/nav2_msgs/msg/detail/particle__type_support.h
[1.453s] -- Up-to-date: /home/hossein/navigation2_stack/install/nav2_msgs/include/nav2_msgs/msg/detail/costmap_meta_data__struct.h
[1.453s] -- Up-to-date: /home/hossein/navigation2_stack/install/nav2_msgs/include/nav2_msgs/msg/detail/costmap__functions.h
[1.453s] -- Up-to-date: /home/hossein/navigation2_stack/install/nav2_msgs/include/nav2_msgs/msg/detail/behavior_tree_log__struct.h
[1.453s] -- Up-to-date: /home/hossein/navigation2_stack/install/nav2_msgs/include/nav2_msgs/msg/detail/particle__struct.h
[1.453s] -- Up-to-date: /home/hossein/navigation2_stack/install/nav2_msgs/include/nav2_msgs/msg/detail/costmap_meta_data__functions.c
[1.453s] -- Up-to-date: /home/hossein/navigation2_stack/install/nav2_msgs/include/nav2_msgs/msg/detail/particle__functions.h
[1.453s] -- Up-to-date: /home/hossein/navigation2_stack/install/nav2_msgs/include/nav2_msgs/msg/detail/behavior_tree_status_change__functions.c
[1.453s] -- Up-to-date: /home/hossein/navigation2_stack/install/nav2_msgs/include/nav2_msgs/msg/detail/behavior_tree_status_change__type_support.h
[1.453s] -- Up-to-date: /home/hossein/navigation2_stack/install/nav2_msgs/include/nav2_msgs/msg/detail/particle_cloud__functions.c
[1.453s] -- Up-to-date: /home/hossein/navigation2_stack/install/nav2_msgs/include/nav2_msgs/msg/detail/particle__functions.c
[1.453s] -- Up-to-date: /home/hossein/navigation2_stack/install/nav2_msgs/include/nav2_msgs/msg/detail/particle_cloud__type_support.h
[1.453s] -- Up-to-date: /home/hossein/navigation2_stack/install/nav2_msgs/include/nav2_msgs/msg/detail/voxel_grid__type_support.h
[1.453s] -- Up-to-date: /home/hossein/navigation2_stack/install/nav2_msgs/include/nav2_msgs/msg/detail/costmap__type_support.h
[1.453s] -- Up-to-date: /home/hossein/navigation2_stack/install/nav2_msgs/include/nav2_msgs/msg/detail/voxel_grid__functions.c
[1.454s] -- Up-to-date: /home/hossein/navigation2_stack/install/nav2_msgs/include/nav2_msgs/msg/detail/voxel_grid__struct.h
[1.454s] -- Up-to-date: /home/hossein/navigation2_stack/install/nav2_msgs/include/nav2_msgs/msg/detail/costmap__struct.h
[1.454s] -- Up-to-date: /home/hossein/navigation2_stack/install/nav2_msgs/include/nav2_msgs/msg/detail/costmap_meta_data__functions.h
[1.454s] -- Up-to-date: /home/hossein/navigation2_stack/install/nav2_msgs/include/nav2_msgs/msg/detail/behavior_tree_status_change__struct.h
[1.454s] -- Up-to-date: /home/hossein/navigation2_stack/install/nav2_msgs/include/nav2_msgs/msg/detail/behavior_tree_log__functions.h
[1.454s] -- Up-to-date: /home/hossein/navigation2_stack/install/nav2_msgs/include/nav2_msgs/msg/detail/particle_cloud__functions.h
[1.454s] -- Up-to-date: /home/hossein/navigation2_stack/install/nav2_msgs/include/nav2_msgs/msg/detail/behavior_tree_log__functions.c
[1.454s] -- Up-to-date: /home/hossein/navigation2_stack/install/nav2_msgs/include/nav2_msgs/msg/detail/behavior_tree_log__type_support.h
[1.454s] -- Up-to-date: /home/hossein/navigation2_stack/install/nav2_msgs/include/nav2_msgs/msg/detail/behavior_tree_status_change__functions.h
[1.454s] -- Up-to-date: /home/hossein/navigation2_stack/install/nav2_msgs/include/nav2_msgs/msg/voxel_grid.h
[1.454s] -- Up-to-date: /home/hossein/navigation2_stack/install/nav2_msgs/include/nav2_msgs/msg/particle.h
[1.454s] -- Up-to-date: /home/hossein/navigation2_stack/install/nav2_msgs/include/nav2_msgs/msg/costmap_meta_data.h
[1.454s] -- Up-to-date: /home/hossein/navigation2_stack/install/nav2_msgs/include/nav2_msgs/msg/costmap.h
[1.454s] -- Up-to-date: /home/hossein/navigation2_stack/install/nav2_msgs/include/nav2_msgs/msg/behavior_tree_log.h
[1.455s] -- Up-to-date: /home/hossein/navigation2_stack/install/nav2_msgs/share/nav2_msgs/environment/library_path.sh
[1.455s] -- Up-to-date: /home/hossein/navigation2_stack/install/nav2_msgs/share/nav2_msgs/environment/library_path.dsv
[1.455s] -- Up-to-date: /home/hossein/navigation2_stack/install/nav2_msgs/lib/libnav2_msgs__rosidl_generator_c.so
[1.455s] -- Up-to-date: /home/hossein/navigation2_stack/install/nav2_msgs/include/nav2_msgs
[1.455s] -- Up-to-date: /home/hossein/navigation2_stack/install/nav2_msgs/include/nav2_msgs/srv
[1.455s] -- Up-to-date: /home/hossein/navigation2_stack/install/nav2_msgs/include/nav2_msgs/srv/detail
[1.455s] -- Up-to-date: /home/hossein/navigation2_stack/install/nav2_msgs/include/nav2_msgs/srv/detail/clear_entire_costmap__rosidl_typesupport_fastrtps_c.h
[1.455s] -- Up-to-date: /home/hossein/navigation2_stack/install/nav2_msgs/include/nav2_msgs/srv/detail/manage_lifecycle_nodes__rosidl_typesupport_fastrtps_c.h
[1.455s] -- Up-to-date: /home/hossein/navigation2_stack/install/nav2_msgs/include/nav2_msgs/srv/detail/clear_costmap_around_robot__rosidl_typesupport_fastrtps_c.h
[1.455s] -- Up-to-date: /home/hossein/navigation2_stack/install/nav2_msgs/include/nav2_msgs/srv/detail/clear_costmap_except_region__rosidl_typesupport_fastrtps_c.h
[1.455s] -- Up-to-date: /home/hossein/navigation2_stack/install/nav2_msgs/include/nav2_msgs/srv/detail/load_map__rosidl_typesupport_fastrtps_c.h
[1.455s] -- Up-to-date: /home/hossein/navigation2_stack/install/nav2_msgs/include/nav2_msgs/srv/detail/save_map__rosidl_typesupport_fastrtps_c.h
[1.455s] -- Up-to-date: /home/hossein/navigation2_stack/install/nav2_msgs/include/nav2_msgs/srv/detail/get_costmap__rosidl_typesupport_fastrtps_c.h
[1.455s] -- Up-to-date: /home/hossein/navigation2_stack/install/nav2_msgs/include/nav2_msgs/action
[1.456s] -- Up-to-date: /home/hossein/navigation2_stack/install/nav2_msgs/include/nav2_msgs/action/detail
[1.456s] -- Up-to-date: /home/hossein/navigation2_stack/install/nav2_msgs/include/nav2_msgs/action/detail/follow_waypoints__rosidl_typesupport_fastrtps_c.h
[1.456s] -- Up-to-date: /home/hossein/navigation2_stack/install/nav2_msgs/include/nav2_msgs/action/detail/navigate_to_pose__rosidl_typesupport_fastrtps_c.h
[1.456s] -- Up-to-date: /home/hossein/navigation2_stack/install/nav2_msgs/include/nav2_msgs/action/detail/back_up__rosidl_typesupport_fastrtps_c.h
[1.456s] -- Up-to-date: /home/hossein/navigation2_stack/install/nav2_msgs/include/nav2_msgs/action/detail/spin__rosidl_typesupport_fastrtps_c.h
[1.456s] -- Up-to-date: /home/hossein/navigation2_stack/install/nav2_msgs/include/nav2_msgs/action/detail/compute_path_to_pose__rosidl_typesupport_fastrtps_c.h
[1.456s] -- Up-to-date: /home/hossein/navigation2_stack/install/nav2_msgs/include/nav2_msgs/action/detail/follow_path__rosidl_typesupport_fastrtps_c.h
[1.456s] -- Up-to-date: /home/hossein/navigation2_stack/install/nav2_msgs/include/nav2_msgs/action/detail/wait__rosidl_typesupport_fastrtps_c.h
[1.456s] -- Up-to-date: /home/hossein/navigation2_stack/install/nav2_msgs/include/nav2_msgs/action/detail/dummy_recovery__rosidl_typesupport_fastrtps_c.h
[1.456s] -- Up-to-date: /home/hossein/navigation2_stack/install/nav2_msgs/include/nav2_msgs/msg
[1.456s] -- Up-to-date: /home/hossein/navigation2_stack/install/nav2_msgs/include/nav2_msgs/msg/rosidl_typesupport_fastrtps_c__visibility_control.h
[1.456s] -- Up-to-date: /home/hossein/navigation2_stack/install/nav2_msgs/include/nav2_msgs/msg/detail
[1.457s] -- Up-to-date: /home/hossein/navigation2_stack/install/nav2_msgs/include/nav2_msgs/msg/detail/costmap__rosidl_typesupport_fastrtps_c.h
[1.457s] -- Up-to-date: /home/hossein/navigation2_stack/install/nav2_msgs/include/nav2_msgs/msg/detail/voxel_grid__rosidl_typesupport_fastrtps_c.h
[1.457s] -- Up-to-date: /home/hossein/navigation2_stack/install/nav2_msgs/include/nav2_msgs/msg/detail/behavior_tree_log__rosidl_typesupport_fastrtps_c.h
[1.457s] -- Up-to-date: /home/hossein/navigation2_stack/install/nav2_msgs/include/nav2_msgs/msg/detail/particle__rosidl_typesupport_fastrtps_c.h
[1.457s] -- Up-to-date: /home/hossein/navigation2_stack/install/nav2_msgs/include/nav2_msgs/msg/detail/particle_cloud__rosidl_typesupport_fastrtps_c.h
[1.457s] -- Up-to-date: /home/hossein/navigation2_stack/install/nav2_msgs/include/nav2_msgs/msg/detail/behavior_tree_status_change__rosidl_typesupport_fastrtps_c.h
[1.457s] -- Up-to-date: /home/hossein/navigation2_stack/install/nav2_msgs/include/nav2_msgs/msg/detail/costmap_meta_data__rosidl_typesupport_fastrtps_c.h
[1.457s] -- Up-to-date: /home/hossein/navigation2_stack/install/nav2_msgs/lib/libnav2_msgs__rosidl_typesupport_fastrtps_c.so
[1.457s] -- Up-to-date: /home/hossein/navigation2_stack/install/nav2_msgs/include/nav2_msgs
[1.457s] -- Up-to-date: /home/hossein/navigation2_stack/install/nav2_msgs/include/nav2_msgs/srv
[1.457s] -- Up-to-date: /home/hossein/navigation2_stack/install/nav2_msgs/include/nav2_msgs/srv/detail
[1.457s] -- Up-to-date: /home/hossein/navigation2_stack/install/nav2_msgs/include/nav2_msgs/srv/detail/save_map__rosidl_typesupport_fastrtps_cpp.hpp
[1.457s] -- Up-to-date: /home/hossein/navigation2_stack/install/nav2_msgs/include/nav2_msgs/srv/detail/load_map__rosidl_typesupport_fastrtps_cpp.hpp
[1.457s] -- Up-to-date: /home/hossein/navigation2_stack/install/nav2_msgs/include/nav2_msgs/srv/detail/dds_fastrtps
[1.458s] -- Up-to-date: /home/hossein/navigation2_stack/install/nav2_msgs/include/nav2_msgs/srv/detail/clear_entire_costmap__rosidl_typesupport_fastrtps_cpp.hpp
[1.458s] -- Up-to-date: /home/hossein/navigation2_stack/install/nav2_msgs/include/nav2_msgs/srv/detail/get_costmap__rosidl_typesupport_fastrtps_cpp.hpp
[1.458s] -- Up-to-date: /home/hossein/navigation2_stack/install/nav2_msgs/include/nav2_msgs/srv/detail/clear_costmap_except_region__rosidl_typesupport_fastrtps_cpp.hpp
[1.458s] -- Up-to-date: /home/hossein/navigation2_stack/install/nav2_msgs/include/nav2_msgs/srv/detail/clear_costmap_around_robot__rosidl_typesupport_fastrtps_cpp.hpp
[1.458s] -- Up-to-date: /home/hossein/navigation2_stack/install/nav2_msgs/include/nav2_msgs/srv/detail/manage_lifecycle_nodes__rosidl_typesupport_fastrtps_cpp.hpp
[1.458s] -- Up-to-date: /home/hossein/navigation2_stack/install/nav2_msgs/include/nav2_msgs/action
[1.458s] -- Up-to-date: /home/hossein/navigation2_stack/install/nav2_msgs/include/nav2_msgs/action/detail
[1.458s] -- Up-to-date: /home/hossein/navigation2_stack/install/nav2_msgs/include/nav2_msgs/action/detail/spin__rosidl_typesupport_fastrtps_cpp.hpp
[1.458s] -- Up-to-date: /home/hossein/navigation2_stack/install/nav2_msgs/include/nav2_msgs/action/detail/compute_path_to_pose__rosidl_typesupport_fastrtps_cpp.hpp
[1.458s] -- Up-to-date: /home/hossein/navigation2_stack/install/nav2_msgs/include/nav2_msgs/action/detail/dds_fastrtps
[1.458s] -- Up-to-date: /home/hossein/navigation2_stack/install/nav2_msgs/include/nav2_msgs/action/detail/back_up__rosidl_typesupport_fastrtps_cpp.hpp
[1.458s] -- Up-to-date: /home/hossein/navigation2_stack/install/nav2_msgs/include/nav2_msgs/action/detail/follow_path__rosidl_typesupport_fastrtps_cpp.hpp
[1.458s] -- Up-to-date: /home/hossein/navigation2_stack/install/nav2_msgs/include/nav2_msgs/action/detail/navigate_to_pose__rosidl_typesupport_fastrtps_cpp.hpp
[1.458s] -- Up-to-date: /home/hossein/navigation2_stack/install/nav2_msgs/include/nav2_msgs/action/detail/follow_waypoints__rosidl_typesupport_fastrtps_cpp.hpp
[1.459s] -- Up-to-date: /home/hossein/navigation2_stack/install/nav2_msgs/include/nav2_msgs/action/detail/dummy_recovery__rosidl_typesupport_fastrtps_cpp.hpp
[1.459s] -- Up-to-date: /home/hossein/navigation2_stack/install/nav2_msgs/include/nav2_msgs/action/detail/wait__rosidl_typesupport_fastrtps_cpp.hpp
[1.459s] -- Up-to-date: /home/hossein/navigation2_stack/install/nav2_msgs/include/nav2_msgs/msg
[1.459s] -- Up-to-date: /home/hossein/navigation2_stack/install/nav2_msgs/include/nav2_msgs/msg/detail
[1.459s] -- Up-to-date: /home/hossein/navigation2_stack/install/nav2_msgs/include/nav2_msgs/msg/detail/behavior_tree_log__rosidl_typesupport_fastrtps_cpp.hpp
[1.459s] -- Up-to-date: /home/hossein/navigation2_stack/install/nav2_msgs/include/nav2_msgs/msg/detail/costmap__rosidl_typesupport_fastrtps_cpp.hpp
[1.459s] -- Up-to-date: /home/hossein/navigation2_stack/install/nav2_msgs/include/nav2_msgs/msg/detail/behavior_tree_status_change__rosidl_typesupport_fastrtps_cpp.hpp
[1.459s] -- Up-to-date: /home/hossein/navigation2_stack/install/nav2_msgs/include/nav2_msgs/msg/detail/costmap_meta_data__rosidl_typesupport_fastrtps_cpp.hpp
[1.459s] -- Up-to-date: /home/hossein/navigation2_stack/install/nav2_msgs/include/nav2_msgs/msg/detail/dds_fastrtps
[1.459s] -- Up-to-date: /home/hossein/navigation2_stack/install/nav2_msgs/include/nav2_msgs/msg/detail/voxel_grid__rosidl_typesupport_fastrtps_cpp.hpp
[1.459s] -- Up-to-date: /home/hossein/navigation2_stack/install/nav2_msgs/include/nav2_msgs/msg/detail/particle_cloud__rosidl_typesupport_fastrtps_cpp.hpp
[1.459s] -- Up-to-date: /home/hossein/navigation2_stack/install/nav2_msgs/include/nav2_msgs/msg/detail/particle__rosidl_typesupport_fastrtps_cpp.hpp
[1.459s] -- Up-to-date: /home/hossein/navigation2_stack/install/nav2_msgs/include/nav2_msgs/msg/rosidl_typesupport_fastrtps_cpp__visibility_control.h
[1.460s] -- Up-to-date: /home/hossein/navigation2_stack/install/nav2_msgs/lib/libnav2_msgs__rosidl_typesupport_fastrtps_cpp.so
[1.460s] -- Up-to-date: /home/hossein/navigation2_stack/install/nav2_msgs/include/nav2_msgs
[1.460s] -- Up-to-date: /home/hossein/navigation2_stack/install/nav2_msgs/include/nav2_msgs/srv
[1.460s] -- Up-to-date: /home/hossein/navigation2_stack/install/nav2_msgs/include/nav2_msgs/srv/detail
[1.460s] -- Up-to-date: /home/hossein/navigation2_stack/install/nav2_msgs/include/nav2_msgs/srv/detail/load_map__rosidl_typesupport_introspection_c.h
[1.460s] -- Up-to-date: /home/hossein/navigation2_stack/install/nav2_msgs/include/nav2_msgs/srv/detail/manage_lifecycle_nodes__rosidl_typesupport_introspection_c.h
[1.460s] -- Up-to-date: /home/hossein/navigation2_stack/install/nav2_msgs/include/nav2_msgs/srv/detail/save_map__rosidl_typesupport_introspection_c.h
[1.460s] -- Up-to-date: /home/hossein/navigation2_stack/install/nav2_msgs/include/nav2_msgs/srv/detail/clear_costmap_around_robot__rosidl_typesupport_introspection_c.h
[1.460s] -- Up-to-date: /home/hossein/navigation2_stack/install/nav2_msgs/include/nav2_msgs/srv/detail/get_costmap__rosidl_typesupport_introspection_c.h
[1.460s] -- Up-to-date: /home/hossein/navigation2_stack/install/nav2_msgs/include/nav2_msgs/srv/detail/clear_entire_costmap__type_support.c
[1.460s] -- Up-to-date: /home/hossein/navigation2_stack/install/nav2_msgs/include/nav2_msgs/srv/detail/clear_costmap_except_region__rosidl_typesupport_introspection_c.h
[1.460s] -- Up-to-date: /home/hossein/navigation2_stack/install/nav2_msgs/include/nav2_msgs/srv/detail/get_costmap__type_support.c
[1.461s] -- Up-to-date: /home/hossein/navigation2_stack/install/nav2_msgs/include/nav2_msgs/srv/detail/manage_lifecycle_nodes__type_support.c
[1.461s] -- Up-to-date: /home/hossein/navigation2_stack/install/nav2_msgs/include/nav2_msgs/srv/detail/save_map__type_support.c
[1.461s] -- Up-to-date: /home/hossein/navigation2_stack/install/nav2_msgs/include/nav2_msgs/srv/detail/load_map__type_support.c
[1.461s] -- Up-to-date: /home/hossein/navigation2_stack/install/nav2_msgs/include/nav2_msgs/srv/detail/clear_costmap_except_region__type_support.c
[1.461s] -- Up-to-date: /home/hossein/navigation2_stack/install/nav2_msgs/include/nav2_msgs/srv/detail/clear_costmap_around_robot__type_support.c
[1.461s] -- Up-to-date: /home/hossein/navigation2_stack/install/nav2_msgs/include/nav2_msgs/srv/detail/clear_entire_costmap__rosidl_typesupport_introspection_c.h
[1.461s] -- Up-to-date: /home/hossein/navigation2_stack/install/nav2_msgs/include/nav2_msgs/action
[1.461s] -- Up-to-date: /home/hossein/navigation2_stack/install/nav2_msgs/include/nav2_msgs/action/detail
[1.461s] -- Up-to-date: /home/hossein/navigation2_stack/install/nav2_msgs/include/nav2_msgs/action/detail/wait__rosidl_typesupport_introspection_c.h
[1.461s] -- Up-to-date: /home/hossein/navigation2_stack/install/nav2_msgs/include/nav2_msgs/action/detail/follow_path__rosidl_typesupport_introspection_c.h
[1.461s] -- Up-to-date: /home/hossein/navigation2_stack/install/nav2_msgs/include/nav2_msgs/action/detail/back_up__rosidl_typesupport_introspection_c.h
[1.461s] -- Up-to-date: /home/hossein/navigation2_stack/install/nav2_msgs/include/nav2_msgs/action/detail/follow_path__type_support.c
[1.461s] -- Up-to-date: /home/hossein/navigation2_stack/install/nav2_msgs/include/nav2_msgs/action/detail/back_up__type_support.c
[1.461s] -- Up-to-date: /home/hossein/navigation2_stack/install/nav2_msgs/include/nav2_msgs/action/detail/navigate_to_pose__rosidl_typesupport_introspection_c.h
[1.462s] -- Up-to-date: /home/hossein/navigation2_stack/install/nav2_msgs/include/nav2_msgs/action/detail/compute_path_to_pose__rosidl_typesupport_introspection_c.h
[1.462s] -- Up-to-date: /home/hossein/navigation2_stack/install/nav2_msgs/include/nav2_msgs/action/detail/spin__rosidl_typesupport_introspection_c.h
[1.462s] -- Up-to-date: /home/hossein/navigation2_stack/install/nav2_msgs/include/nav2_msgs/action/detail/follow_waypoints__type_support.c
[1.462s] -- Up-to-date: /home/hossein/navigation2_stack/install/nav2_msgs/include/nav2_msgs/action/detail/dummy_recovery__rosidl_typesupport_introspection_c.h
[1.462s] -- Up-to-date: /home/hossein/navigation2_stack/install/nav2_msgs/include/nav2_msgs/action/detail/spin__type_support.c
[1.462s] -- Up-to-date: /home/hossein/navigation2_stack/install/nav2_msgs/include/nav2_msgs/action/detail/dummy_recovery__type_support.c
[1.462s] -- Up-to-date: /home/hossein/navigation2_stack/install/nav2_msgs/include/nav2_msgs/action/detail/navigate_to_pose__type_support.c
[1.462s] -- Up-to-date: /home/hossein/navigation2_stack/install/nav2_msgs/include/nav2_msgs/action/detail/follow_waypoints__rosidl_typesupport_introspection_c.h
[1.462s] -- Up-to-date: /home/hossein/navigation2_stack/install/nav2_msgs/include/nav2_msgs/action/detail/wait__type_support.c
[1.462s] -- Up-to-date: /home/hossein/navigation2_stack/install/nav2_msgs/include/nav2_msgs/action/detail/compute_path_to_pose__type_support.c
[1.462s] -- Up-to-date: /home/hossein/navigation2_stack/install/nav2_msgs/include/nav2_msgs/msg
[1.462s] -- Up-to-date: /home/hossein/navigation2_stack/install/nav2_msgs/include/nav2_msgs/msg/detail
[1.462s] -- Up-to-date: /home/hossein/navigation2_stack/install/nav2_msgs/include/nav2_msgs/msg/detail/particle__type_support.c
[1.463s] -- Up-to-date: /home/hossein/navigation2_stack/install/nav2_msgs/include/nav2_msgs/msg/detail/costmap__type_support.c
[1.463s] -- Up-to-date: /home/hossein/navigation2_stack/install/nav2_msgs/include/nav2_msgs/msg/detail/costmap_meta_data__type_support.c
[1.463s] -- Up-to-date: /home/hossein/navigation2_stack/install/nav2_msgs/include/nav2_msgs/msg/detail/costmap_meta_data__rosidl_typesupport_introspection_c.h
[1.463s] -- Up-to-date: /home/hossein/navigation2_stack/install/nav2_msgs/include/nav2_msgs/msg/detail/behavior_tree_status_change__rosidl_typesupport_introspection_c.h
[1.463s] -- Up-to-date: /home/hossein/navigation2_stack/install/nav2_msgs/include/nav2_msgs/msg/detail/particle_cloud__rosidl_typesupport_introspection_c.h
[1.463s] -- Up-to-date: /home/hossein/navigation2_stack/install/nav2_msgs/include/nav2_msgs/msg/detail/behavior_tree_log__rosidl_typesupport_introspection_c.h
[1.463s] -- Up-to-date: /home/hossein/navigation2_stack/install/nav2_msgs/include/nav2_msgs/msg/detail/particle_cloud__type_support.c
[1.463s] -- Up-to-date: /home/hossein/navigation2_stack/install/nav2_msgs/include/nav2_msgs/msg/detail/behavior_tree_status_change__type_support.c
[1.463s] -- Up-to-date: /home/hossein/navigation2_stack/install/nav2_msgs/include/nav2_msgs/msg/detail/behavior_tree_log__type_support.c
[1.463s] -- Up-to-date: /home/hossein/navigation2_stack/install/nav2_msgs/include/nav2_msgs/msg/detail/particle__rosidl_typesupport_introspection_c.h
[1.463s] -- Up-to-date: /home/hossein/navigation2_stack/install/nav2_msgs/include/nav2_msgs/msg/detail/voxel_grid__rosidl_typesupport_introspection_c.h
[1.463s] -- Up-to-date: /home/hossein/navigation2_stack/install/nav2_msgs/include/nav2_msgs/msg/detail/voxel_grid__type_support.c
[1.463s] -- Up-to-date: /home/hossein/navigation2_stack/install/nav2_msgs/include/nav2_msgs/msg/detail/costmap__rosidl_typesupport_introspection_c.h
[1.464s] -- Up-to-date: /home/hossein/navigation2_stack/install/nav2_msgs/include/nav2_msgs/msg/rosidl_typesupport_introspection_c__visibility_control.h
[1.464s] -- Up-to-date: /home/hossein/navigation2_stack/install/nav2_msgs/lib/libnav2_msgs__rosidl_typesupport_introspection_c.so
[1.464s] -- Up-to-date: /home/hossein/navigation2_stack/install/nav2_msgs/lib/libnav2_msgs__rosidl_typesupport_c.so
[1.464s] -- Up-to-date: /home/hossein/navigation2_stack/install/nav2_msgs/include/nav2_msgs
[1.464s] -- Up-to-date: /home/hossein/navigation2_stack/install/nav2_msgs/include/nav2_msgs/srv
[1.464s] -- Up-to-date: /home/hossein/navigation2_stack/install/nav2_msgs/include/nav2_msgs/srv/clear_costmap_except_region.hpp
[1.464s] -- Up-to-date: /home/hossein/navigation2_stack/install/nav2_msgs/include/nav2_msgs/srv/save_map.hpp
[1.464s] -- Up-to-date: /home/hossein/navigation2_stack/install/nav2_msgs/include/nav2_msgs/srv/clear_entire_costmap.hpp
[1.464s] -- Up-to-date: /home/hossein/navigation2_stack/install/nav2_msgs/include/nav2_msgs/srv/detail
[1.464s] -- Up-to-date: /home/hossein/navigation2_stack/install/nav2_msgs/include/nav2_msgs/srv/detail/manage_lifecycle_nodes__builder.hpp
[1.464s] -- Up-to-date: /home/hossein/navigation2_stack/install/nav2_msgs/include/nav2_msgs/srv/detail/clear_costmap_around_robot__builder.hpp
[1.464s] -- Up-to-date: /home/hossein/navigation2_stack/install/nav2_msgs/include/nav2_msgs/srv/detail/get_costmap__struct.hpp
[1.464s] -- Up-to-date: /home/hossein/navigation2_stack/install/nav2_msgs/include/nav2_msgs/srv/detail/clear_costmap_except_region__builder.hpp
[1.464s] -- Up-to-date: /home/hossein/navigation2_stack/install/nav2_msgs/include/nav2_msgs/srv/detail/manage_lifecycle_nodes__struct.hpp
[1.465s] -- Up-to-date: /home/hossein/navigation2_stack/install/nav2_msgs/include/nav2_msgs/srv/detail/clear_costmap_except_region__struct.hpp
[1.465s] -- Up-to-date: /home/hossein/navigation2_stack/install/nav2_msgs/include/nav2_msgs/srv/detail/get_costmap__builder.hpp
[1.465s] -- Up-to-date: /home/hossein/navigation2_stack/install/nav2_msgs/include/nav2_msgs/srv/detail/manage_lifecycle_nodes__traits.hpp
[1.465s] -- Up-to-date: /home/hossein/navigation2_stack/install/nav2_msgs/include/nav2_msgs/srv/detail/save_map__traits.hpp
[1.465s] -- Up-to-date: /home/hossein/navigation2_stack/install/nav2_msgs/include/nav2_msgs/srv/detail/load_map__traits.hpp
[1.465s] -- Up-to-date: /home/hossein/navigation2_stack/install/nav2_msgs/include/nav2_msgs/srv/detail/load_map__builder.hpp
[1.465s] -- Up-to-date: /home/hossein/navigation2_stack/install/nav2_msgs/include/nav2_msgs/srv/detail/save_map__builder.hpp
[1.465s] -- Up-to-date: /home/hossein/navigation2_stack/install/nav2_msgs/include/nav2_msgs/srv/detail/clear_costmap_around_robot__traits.hpp
[1.465s] -- Up-to-date: /home/hossein/navigation2_stack/install/nav2_msgs/include/nav2_msgs/srv/detail/clear_costmap_around_robot__struct.hpp
[1.465s] -- Up-to-date: /home/hossein/navigation2_stack/install/nav2_msgs/include/nav2_msgs/srv/detail/clear_entire_costmap__traits.hpp
[1.465s] -- Up-to-date: /home/hossein/navigation2_stack/install/nav2_msgs/include/nav2_msgs/srv/detail/clear_entire_costmap__struct.hpp
[1.465s] -- Up-to-date: /home/hossein/navigation2_stack/install/nav2_msgs/include/nav2_msgs/srv/detail/get_costmap__traits.hpp
[1.465s] -- Up-to-date: /home/hossein/navigation2_stack/install/nav2_msgs/include/nav2_msgs/srv/detail/save_map__struct.hpp
[1.465s] -- Up-to-date: /home/hossein/navigation2_stack/install/nav2_msgs/include/nav2_msgs/srv/detail/clear_costmap_except_region__traits.hpp
[1.465s] -- Up-to-date: /home/hossein/navigation2_stack/install/nav2_msgs/include/nav2_msgs/srv/detail/load_map__struct.hpp
[1.466s] -- Up-to-date: /home/hossein/navigation2_stack/install/nav2_msgs/include/nav2_msgs/srv/detail/clear_entire_costmap__builder.hpp
[1.466s] -- Up-to-date: /home/hossein/navigation2_stack/install/nav2_msgs/include/nav2_msgs/srv/clear_costmap_around_robot.hpp
[1.466s] -- Up-to-date: /home/hossein/navigation2_stack/install/nav2_msgs/include/nav2_msgs/srv/get_costmap.hpp
[1.466s] -- Up-to-date: /home/hossein/navigation2_stack/install/nav2_msgs/include/nav2_msgs/srv/load_map.hpp
[1.466s] -- Up-to-date: /home/hossein/navigation2_stack/install/nav2_msgs/include/nav2_msgs/srv/manage_lifecycle_nodes.hpp
[1.466s] -- Up-to-date: /home/hossein/navigation2_stack/install/nav2_msgs/include/nav2_msgs/action
[1.466s] -- Up-to-date: /home/hossein/navigation2_stack/install/nav2_msgs/include/nav2_msgs/action/detail
[1.466s] -- Up-to-date: /home/hossein/navigation2_stack/install/nav2_msgs/include/nav2_msgs/action/detail/spin__builder.hpp
[1.466s] -- Up-to-date: /home/hossein/navigation2_stack/install/nav2_msgs/include/nav2_msgs/action/detail/dummy_recovery__struct.hpp
[1.466s] -- Up-to-date: /home/hossein/navigation2_stack/install/nav2_msgs/include/nav2_msgs/action/detail/wait__traits.hpp
[1.466s] -- Up-to-date: /home/hossein/navigation2_stack/install/nav2_msgs/include/nav2_msgs/action/detail/follow_waypoints__builder.hpp
[1.466s] -- Up-to-date: /home/hossein/navigation2_stack/install/nav2_msgs/include/nav2_msgs/action/detail/follow_waypoints__struct.hpp
[1.466s] -- Up-to-date: /home/hossein/navigation2_stack/install/nav2_msgs/include/nav2_msgs/action/detail/follow_path__traits.hpp
[1.466s] -- Up-to-date: /home/hossein/navigation2_stack/install/nav2_msgs/include/nav2_msgs/action/detail/dummy_recovery__traits.hpp
[1.467s] -- Up-to-date: /home/hossein/navigation2_stack/install/nav2_msgs/include/nav2_msgs/action/detail/spin__traits.hpp
[1.467s] -- Up-to-date: /home/hossein/navigation2_stack/install/nav2_msgs/include/nav2_msgs/action/detail/compute_path_to_pose__traits.hpp
[1.467s] -- Up-to-date: /home/hossein/navigation2_stack/install/nav2_msgs/include/nav2_msgs/action/detail/wait__builder.hpp
[1.467s] -- Up-to-date: /home/hossein/navigation2_stack/install/nav2_msgs/include/nav2_msgs/action/detail/follow_path__struct.hpp
[1.467s] -- Up-to-date: /home/hossein/navigation2_stack/install/nav2_msgs/include/nav2_msgs/action/detail/compute_path_to_pose__builder.hpp
[1.467s] -- Up-to-date: /home/hossein/navigation2_stack/install/nav2_msgs/include/nav2_msgs/action/detail/navigate_to_pose__struct.hpp
[1.467s] -- Up-to-date: /home/hossein/navigation2_stack/install/nav2_msgs/include/nav2_msgs/action/detail/spin__struct.hpp
[1.467s] -- Up-to-date: /home/hossein/navigation2_stack/install/nav2_msgs/include/nav2_msgs/action/detail/back_up__struct.hpp
[1.467s] -- Up-to-date: /home/hossein/navigation2_stack/install/nav2_msgs/include/nav2_msgs/action/detail/wait__struct.hpp
[1.467s] -- Up-to-date: /home/hossein/navigation2_stack/install/nav2_msgs/include/nav2_msgs/action/detail/back_up__traits.hpp
[1.467s] -- Up-to-date: /home/hossein/navigation2_stack/install/nav2_msgs/include/nav2_msgs/action/detail/compute_path_to_pose__struct.hpp
[1.467s] -- Up-to-date: /home/hossein/navigation2_stack/install/nav2_msgs/include/nav2_msgs/action/detail/dummy_recovery__builder.hpp
[1.468s] -- Up-to-date: /home/hossein/navigation2_stack/install/nav2_msgs/include/nav2_msgs/action/detail/follow_path__builder.hpp
[1.468s] -- Up-to-date: /home/hossein/navigation2_stack/install/nav2_msgs/include/nav2_msgs/action/detail/navigate_to_pose__builder.hpp
[1.468s] -- Up-to-date: /home/hossein/navigation2_stack/install/nav2_msgs/include/nav2_msgs/action/detail/back_up__builder.hpp
[1.468s] -- Up-to-date: /home/hossein/navigation2_stack/install/nav2_msgs/include/nav2_msgs/action/detail/follow_waypoints__traits.hpp
[1.468s] -- Up-to-date: /home/hossein/navigation2_stack/install/nav2_msgs/include/nav2_msgs/action/detail/navigate_to_pose__traits.hpp
[1.468s] -- Up-to-date: /home/hossein/navigation2_stack/install/nav2_msgs/include/nav2_msgs/action/wait.hpp
[1.468s] -- Up-to-date: /home/hossein/navigation2_stack/install/nav2_msgs/include/nav2_msgs/action/back_up.hpp
[1.468s] -- Up-to-date: /home/hossein/navigation2_stack/install/nav2_msgs/include/nav2_msgs/action/follow_waypoints.hpp
[1.468s] -- Up-to-date: /home/hossein/navigation2_stack/install/nav2_msgs/include/nav2_msgs/action/spin.hpp
[1.468s] -- Up-to-date: /home/hossein/navigation2_stack/install/nav2_msgs/include/nav2_msgs/action/compute_path_to_pose.hpp
[1.468s] -- Up-to-date: /home/hossein/navigation2_stack/install/nav2_msgs/include/nav2_msgs/action/follow_path.hpp
[1.468s] -- Up-to-date: /home/hossein/navigation2_stack/install/nav2_msgs/include/nav2_msgs/action/dummy_recovery.hpp
[1.468s] -- Up-to-date: /home/hossein/navigation2_stack/install/nav2_msgs/include/nav2_msgs/action/navigate_to_pose.hpp
[1.468s] -- Up-to-date: /home/hossein/navigation2_stack/install/nav2_msgs/include/nav2_msgs/msg
[1.469s] -- Up-to-date: /home/hossein/navigation2_stack/install/nav2_msgs/include/nav2_msgs/msg/behavior_tree_status_change.hpp
[1.469s] -- Up-to-date: /home/hossein/navigation2_stack/install/nav2_msgs/include/nav2_msgs/msg/costmap_meta_data.hpp
[1.469s] -- Up-to-date: /home/hossein/navigation2_stack/install/nav2_msgs/include/nav2_msgs/msg/detail
[1.469s] -- Up-to-date: /home/hossein/navigation2_stack/install/nav2_msgs/include/nav2_msgs/msg/detail/voxel_grid__builder.hpp
[1.469s] -- Up-to-date: /home/hossein/navigation2_stack/install/nav2_msgs/include/nav2_msgs/msg/detail/costmap_meta_data__struct.hpp
[1.469s] -- Up-to-date: /home/hossein/navigation2_stack/install/nav2_msgs/include/nav2_msgs/msg/detail/particle__builder.hpp
[1.469s] -- Up-to-date: /home/hossein/navigation2_stack/install/nav2_msgs/include/nav2_msgs/msg/detail/behavior_tree_status_change__struct.hpp
[1.469s] -- Up-to-date: /home/hossein/navigation2_stack/install/nav2_msgs/include/nav2_msgs/msg/detail/particle_cloud__traits.hpp
[1.469s] -- Up-to-date: /home/hossein/navigation2_stack/install/nav2_msgs/include/nav2_msgs/msg/detail/behavior_tree_status_change__builder.hpp
[1.469s] -- Up-to-date: /home/hossein/navigation2_stack/install/nav2_msgs/include/nav2_msgs/msg/detail/voxel_grid__traits.hpp
[1.469s] -- Up-to-date: /home/hossein/navigation2_stack/install/nav2_msgs/include/nav2_msgs/msg/detail/particle__struct.hpp
[1.469s] -- Up-to-date: /home/hossein/navigation2_stack/install/nav2_msgs/include/nav2_msgs/msg/detail/costmap_meta_data__builder.hpp
[1.469s] -- Up-to-date: /home/hossein/navigation2_stack/install/nav2_msgs/include/nav2_msgs/msg/detail/behavior_tree_log__traits.hpp
[1.469s] -- Up-to-date: /home/hossein/navigation2_stack/install/nav2_msgs/include/nav2_msgs/msg/detail/particle_cloud__struct.hpp
[1.469s] -- Up-to-date: /home/hossein/navigation2_stack/install/nav2_msgs/include/nav2_msgs/msg/detail/particle_cloud__builder.hpp
[1.469s] -- Up-to-date: /home/hossein/navigation2_stack/install/nav2_msgs/include/nav2_msgs/msg/detail/particle__traits.hpp
[1.470s] -- Up-to-date: /home/hossein/navigation2_stack/install/nav2_msgs/include/nav2_msgs/msg/detail/costmap_meta_data__traits.hpp
[1.470s] -- Up-to-date: /home/hossein/navigation2_stack/install/nav2_msgs/include/nav2_msgs/msg/detail/behavior_tree_status_change__traits.hpp
[1.470s] -- Up-to-date: /home/hossein/navigation2_stack/install/nav2_msgs/include/nav2_msgs/msg/detail/costmap__traits.hpp
[1.470s] -- Up-to-date: /home/hossein/navigation2_stack/install/nav2_msgs/include/nav2_msgs/msg/detail/voxel_grid__struct.hpp
[1.470s] -- Up-to-date: /home/hossein/navigation2_stack/install/nav2_msgs/include/nav2_msgs/msg/detail/costmap__struct.hpp
[1.470s] -- Up-to-date: /home/hossein/navigation2_stack/install/nav2_msgs/include/nav2_msgs/msg/detail/behavior_tree_log__struct.hpp
[1.470s] -- Up-to-date: /home/hossein/navigation2_stack/install/nav2_msgs/include/nav2_msgs/msg/detail/costmap__builder.hpp
[1.470s] -- Up-to-date: /home/hossein/navigation2_stack/install/nav2_msgs/include/nav2_msgs/msg/detail/behavior_tree_log__builder.hpp
[1.470s] -- Up-to-date: /home/hossein/navigation2_stack/install/nav2_msgs/include/nav2_msgs/msg/costmap.hpp
[1.470s] -- Up-to-date: /home/hossein/navigation2_stack/install/nav2_msgs/include/nav2_msgs/msg/particle_cloud.hpp
[1.470s] -- Up-to-date: /home/hossein/navigation2_stack/install/nav2_msgs/include/nav2_msgs/msg/behavior_tree_log.hpp
[1.470s] -- Up-to-date: /home/hossein/navigation2_stack/install/nav2_msgs/include/nav2_msgs/msg/voxel_grid.hpp
[1.470s] -- Up-to-date: /home/hossein/navigation2_stack/install/nav2_msgs/include/nav2_msgs/msg/particle.hpp
[1.470s] -- Up-to-date: /home/hossein/navigation2_stack/install/nav2_msgs/include/nav2_msgs
[1.471s] -- Up-to-date: /home/hossein/navigation2_stack/install/nav2_msgs/include/nav2_msgs/srv
[1.471s] -- Up-to-date: /home/hossein/navigation2_stack/install/nav2_msgs/include/nav2_msgs/srv/detail
[1.471s] -- Up-to-date: /home/hossein/navigation2_stack/install/nav2_msgs/include/nav2_msgs/srv/detail/load_map__rosidl_typesupport_introspection_cpp.hpp
[1.471s] -- Up-to-date: /home/hossein/navigation2_stack/install/nav2_msgs/include/nav2_msgs/srv/detail/manage_lifecycle_nodes__rosidl_typesupport_introspection_cpp.hpp
[1.471s] -- Up-to-date: /home/hossein/navigation2_stack/install/nav2_msgs/include/nav2_msgs/srv/detail/manage_lifecycle_nodes__type_support.cpp
[1.471s] -- Up-to-date: /home/hossein/navigation2_stack/install/nav2_msgs/include/nav2_msgs/srv/detail/get_costmap__type_support.cpp
[1.471s] -- Up-to-date: /home/hossein/navigation2_stack/install/nav2_msgs/include/nav2_msgs/srv/detail/clear_costmap_around_robot__type_support.cpp
[1.471s] -- Up-to-date: /home/hossein/navigation2_stack/install/nav2_msgs/include/nav2_msgs/srv/detail/clear_costmap_except_region__rosidl_typesupport_introspection_cpp.hpp
[1.471s] -- Up-to-date: /home/hossein/navigation2_stack/install/nav2_msgs/include/nav2_msgs/srv/detail/get_costmap__rosidl_typesupport_introspection_cpp.hpp
[1.471s] -- Up-to-date: /home/hossein/navigation2_stack/install/nav2_msgs/include/nav2_msgs/srv/detail/clear_costmap_around_robot__rosidl_typesupport_introspection_cpp.hpp
[1.471s] -- Up-to-date: /home/hossein/navigation2_stack/install/nav2_msgs/include/nav2_msgs/srv/detail/save_map__rosidl_typesupport_introspection_cpp.hpp
[1.471s] -- Up-to-date: /home/hossein/navigation2_stack/install/nav2_msgs/include/nav2_msgs/srv/detail/clear_costmap_except_region__type_support.cpp
[1.471s] -- Up-to-date: /home/hossein/navigation2_stack/install/nav2_msgs/include/nav2_msgs/srv/detail/clear_entire_costmap__type_support.cpp
[1.472s] -- Up-to-date: /home/hossein/navigation2_stack/install/nav2_msgs/include/nav2_msgs/srv/detail/load_map__type_support.cpp
[1.472s] -- Up-to-date: /home/hossein/navigation2_stack/install/nav2_msgs/include/nav2_msgs/srv/detail/clear_entire_costmap__rosidl_typesupport_introspection_cpp.hpp
[1.472s] -- Up-to-date: /home/hossein/navigation2_stack/install/nav2_msgs/include/nav2_msgs/srv/detail/save_map__type_support.cpp
[1.472s] -- Up-to-date: /home/hossein/navigation2_stack/install/nav2_msgs/include/nav2_msgs/action
[1.472s] -- Up-to-date: /home/hossein/navigation2_stack/install/nav2_msgs/include/nav2_msgs/action/detail
[1.472s] -- Up-to-date: /home/hossein/navigation2_stack/install/nav2_msgs/include/nav2_msgs/action/detail/compute_path_to_pose__type_support.cpp
[1.472s] -- Up-to-date: /home/hossein/navigation2_stack/install/nav2_msgs/include/nav2_msgs/action/detail/navigate_to_pose__type_support.cpp
[1.472s] -- Up-to-date: /home/hossein/navigation2_stack/install/nav2_msgs/include/nav2_msgs/action/detail/follow_waypoints__rosidl_typesupport_introspection_cpp.hpp
[1.472s] -- Up-to-date: /home/hossein/navigation2_stack/install/nav2_msgs/include/nav2_msgs/action/detail/follow_path__rosidl_typesupport_introspection_cpp.hpp
[1.472s] -- Up-to-date: /home/hossein/navigation2_stack/install/nav2_msgs/include/nav2_msgs/action/detail/back_up__type_support.cpp
[1.472s] -- Up-to-date: /home/hossein/navigation2_stack/install/nav2_msgs/include/nav2_msgs/action/detail/dummy_recovery__rosidl_typesupport_introspection_cpp.hpp
[1.472s] -- Up-to-date: /home/hossein/navigation2_stack/install/nav2_msgs/include/nav2_msgs/action/detail/follow_waypoints__type_support.cpp
[1.472s] -- Up-to-date: /home/hossein/navigation2_stack/install/nav2_msgs/include/nav2_msgs/action/detail/dummy_recovery__type_support.cpp
[1.472s] -- Up-to-date: /home/hossein/navigation2_stack/install/nav2_msgs/include/nav2_msgs/action/detail/wait__rosidl_typesupport_introspection_cpp.hpp
[1.473s] -- Up-to-date: /home/hossein/navigation2_stack/install/nav2_msgs/include/nav2_msgs/action/detail/spin__rosidl_typesupport_introspection_cpp.hpp
[1.473s] -- Up-to-date: /home/hossein/navigation2_stack/install/nav2_msgs/include/nav2_msgs/action/detail/spin__type_support.cpp
[1.473s] -- Up-to-date: /home/hossein/navigation2_stack/install/nav2_msgs/include/nav2_msgs/action/detail/wait__type_support.cpp
[1.473s] -- Up-to-date: /home/hossein/navigation2_stack/install/nav2_msgs/include/nav2_msgs/action/detail/follow_path__type_support.cpp
[1.473s] -- Up-to-date: /home/hossein/navigation2_stack/install/nav2_msgs/include/nav2_msgs/action/detail/back_up__rosidl_typesupport_introspection_cpp.hpp
[1.473s] -- Up-to-date: /home/hossein/navigation2_stack/install/nav2_msgs/include/nav2_msgs/action/detail/navigate_to_pose__rosidl_typesupport_introspection_cpp.hpp
[1.473s] -- Up-to-date: /home/hossein/navigation2_stack/install/nav2_msgs/include/nav2_msgs/action/detail/compute_path_to_pose__rosidl_typesupport_introspection_cpp.hpp
[1.473s] -- Up-to-date: /home/hossein/navigation2_stack/install/nav2_msgs/include/nav2_msgs/msg
[1.473s] -- Up-to-date: /home/hossein/navigation2_stack/install/nav2_msgs/include/nav2_msgs/msg/detail
[1.473s] -- Up-to-date: /home/hossein/navigation2_stack/install/nav2_msgs/include/nav2_msgs/msg/detail/costmap__rosidl_typesupport_introspection_cpp.hpp
[1.473s] -- Up-to-date: /home/hossein/navigation2_stack/install/nav2_msgs/include/nav2_msgs/msg/detail/behavior_tree_status_change__type_support.cpp
[1.473s] -- Up-to-date: /home/hossein/navigation2_stack/install/nav2_msgs/include/nav2_msgs/msg/detail/costmap_meta_data__type_support.cpp
[1.473s] -- Up-to-date: /home/hossein/navigation2_stack/install/nav2_msgs/include/nav2_msgs/msg/detail/particle__type_support.cpp
[1.473s] -- Up-to-date: /home/hossein/navigation2_stack/install/nav2_msgs/include/nav2_msgs/msg/detail/behavior_tree_status_change__rosidl_typesupport_introspection_cpp.hpp
[1.474s] -- Up-to-date: /home/hossein/navigation2_stack/install/nav2_msgs/include/nav2_msgs/msg/detail/behavior_tree_log__type_support.cpp
[1.474s] -- Up-to-date: /home/hossein/navigation2_stack/install/nav2_msgs/include/nav2_msgs/msg/detail/particle_cloud__type_support.cpp
[1.474s] -- Up-to-date: /home/hossein/navigation2_stack/install/nav2_msgs/include/nav2_msgs/msg/detail/particle_cloud__rosidl_typesupport_introspection_cpp.hpp
[1.474s] -- Up-to-date: /home/hossein/navigation2_stack/install/nav2_msgs/include/nav2_msgs/msg/detail/costmap_meta_data__rosidl_typesupport_introspection_cpp.hpp
[1.474s] -- Up-to-date: /home/hossein/navigation2_stack/install/nav2_msgs/include/nav2_msgs/msg/detail/behavior_tree_log__rosidl_typesupport_introspection_cpp.hpp
[1.474s] -- Up-to-date: /home/hossein/navigation2_stack/install/nav2_msgs/include/nav2_msgs/msg/detail/costmap__type_support.cpp
[1.474s] -- Up-to-date: /home/hossein/navigation2_stack/install/nav2_msgs/include/nav2_msgs/msg/detail/voxel_grid__rosidl_typesupport_introspection_cpp.hpp
[1.474s] -- Up-to-date: /home/hossein/navigation2_stack/install/nav2_msgs/include/nav2_msgs/msg/detail/particle__rosidl_typesupport_introspection_cpp.hpp
[1.474s] -- Up-to-date: /home/hossein/navigation2_stack/install/nav2_msgs/include/nav2_msgs/msg/detail/voxel_grid__type_support.cpp
[1.474s] -- Up-to-date: /home/hossein/navigation2_stack/install/nav2_msgs/lib/libnav2_msgs__rosidl_typesupport_introspection_cpp.so
[1.474s] -- Up-to-date: /home/hossein/navigation2_stack/install/nav2_msgs/lib/libnav2_msgs__rosidl_typesupport_cpp.so
[1.474s] -- Up-to-date: /home/hossein/navigation2_stack/install/nav2_msgs/share/nav2_msgs/environment/pythonpath.sh
[1.474s] -- Up-to-date: /home/hossein/navigation2_stack/install/nav2_msgs/share/nav2_msgs/environment/pythonpath.dsv
[1.474s] -- Up-to-date: /home/hossein/navigation2_stack/install/nav2_msgs/lib/python3.8/site-packages/nav2_msgs/__init__.py
[1.497s] -- Up-to-date: /home/hossein/navigation2_stack/install/nav2_msgs/lib/python3.8/site-packages/nav2_msgs/msg
[1.497s] -- Up-to-date: /home/hossein/navigation2_stack/install/nav2_msgs/lib/python3.8/site-packages/nav2_msgs/msg/_behavior_tree_status_change_s.c
[1.497s] -- Up-to-date: /home/hossein/navigation2_stack/install/nav2_msgs/lib/python3.8/site-packages/nav2_msgs/msg/_costmap_meta_data_s.c
[1.498s] -- Up-to-date: /home/hossein/navigation2_stack/install/nav2_msgs/lib/python3.8/site-packages/nav2_msgs/msg/_costmap_meta_data.py
[1.498s] -- Up-to-date: /home/hossein/navigation2_stack/install/nav2_msgs/lib/python3.8/site-packages/nav2_msgs/msg/_costmap.py
[1.498s] -- Up-to-date: /home/hossein/navigation2_stack/install/nav2_msgs/lib/python3.8/site-packages/nav2_msgs/msg/_particle_cloud_s.c
[1.499s] -- Up-to-date: /home/hossein/navigation2_stack/install/nav2_msgs/lib/python3.8/site-packages/nav2_msgs/msg/_particle_cloud.py
[1.499s] -- Up-to-date: /home/hossein/navigation2_stack/install/nav2_msgs/lib/python3.8/site-packages/nav2_msgs/msg/_costmap_s.c
[1.499s] -- Up-to-date: /home/hossein/navigation2_stack/install/nav2_msgs/lib/python3.8/site-packages/nav2_msgs/msg/_behavior_tree_status_change.py
[1.499s] -- Up-to-date: /home/hossein/navigation2_stack/install/nav2_msgs/lib/python3.8/site-packages/nav2_msgs/msg/_voxel_grid.py
[1.499s] -- Up-to-date: /home/hossein/navigation2_stack/install/nav2_msgs/lib/python3.8/site-packages/nav2_msgs/msg/_particle.py
[1.499s] -- Up-to-date: /home/hossein/navigation2_stack/install/nav2_msgs/lib/python3.8/site-packages/nav2_msgs/msg/_behavior_tree_log.py
[1.499s] -- Up-to-date: /home/hossein/navigation2_stack/install/nav2_msgs/lib/python3.8/site-packages/nav2_msgs/msg/__init__.py
[1.500s] -- Up-to-date: /home/hossein/navigation2_stack/install/nav2_msgs/lib/python3.8/site-packages/nav2_msgs/msg/_voxel_grid_s.c
[1.500s] -- Up-to-date: /home/hossein/navigation2_stack/install/nav2_msgs/lib/python3.8/site-packages/nav2_msgs/msg/_particle_s.c
[1.500s] -- Up-to-date: /home/hossein/navigation2_stack/install/nav2_msgs/lib/python3.8/site-packages/nav2_msgs/msg/_behavior_tree_log_s.c
[1.500s] -- Up-to-date: /home/hossein/navigation2_stack/install/nav2_msgs/lib/python3.8/site-packages/nav2_msgs/srv
[1.500s] -- Up-to-date: /home/hossein/navigation2_stack/install/nav2_msgs/lib/python3.8/site-packages/nav2_msgs/srv/_manage_lifecycle_nodes.py
[1.500s] -- Up-to-date: /home/hossein/navigation2_stack/install/nav2_msgs/lib/python3.8/site-packages/nav2_msgs/srv/_load_map_s.c
[1.500s] -- Up-to-date: /home/hossein/navigation2_stack/install/nav2_msgs/lib/python3.8/site-packages/nav2_msgs/srv/_get_costmap_s.c
[1.500s] -- Up-to-date: /home/hossein/navigation2_stack/install/nav2_msgs/lib/python3.8/site-packages/nav2_msgs/srv/_clear_costmap_around_robot_s.c
[1.500s] -- Up-to-date: /home/hossein/navigation2_stack/install/nav2_msgs/lib/python3.8/site-packages/nav2_msgs/srv/_manage_lifecycle_nodes_s.c
[1.500s] -- Up-to-date: /home/hossein/navigation2_stack/install/nav2_msgs/lib/python3.8/site-packages/nav2_msgs/srv/__init__.py
[1.500s] -- Up-to-date: /home/hossein/navigation2_stack/install/nav2_msgs/lib/python3.8/site-packages/nav2_msgs/srv/_get_costmap.py
[1.500s] -- Up-to-date: /home/hossein/navigation2_stack/install/nav2_msgs/lib/python3.8/site-packages/nav2_msgs/srv/_clear_costmap_except_region.py
[1.501s] -- Up-to-date: /home/hossein/navigation2_stack/install/nav2_msgs/lib/python3.8/site-packages/nav2_msgs/srv/_clear_costmap_except_region_s.c
[1.501s] -- Up-to-date: /home/hossein/navigation2_stack/install/nav2_msgs/lib/python3.8/site-packages/nav2_msgs/srv/_load_map.py
[1.501s] -- Up-to-date: /home/hossein/navigation2_stack/install/nav2_msgs/lib/python3.8/site-packages/nav2_msgs/srv/_clear_entire_costmap_s.c
[1.501s] -- Up-to-date: /home/hossein/navigation2_stack/install/nav2_msgs/lib/python3.8/site-packages/nav2_msgs/srv/_save_map_s.c
[1.501s] -- Up-to-date: /home/hossein/navigation2_stack/install/nav2_msgs/lib/python3.8/site-packages/nav2_msgs/srv/_save_map.py
[1.501s] -- Up-to-date: /home/hossein/navigation2_stack/install/nav2_msgs/lib/python3.8/site-packages/nav2_msgs/srv/_clear_entire_costmap.py
[1.501s] -- Up-to-date: /home/hossein/navigation2_stack/install/nav2_msgs/lib/python3.8/site-packages/nav2_msgs/srv/_clear_costmap_around_robot.py
[1.501s] -- Up-to-date: /home/hossein/navigation2_stack/install/nav2_msgs/lib/python3.8/site-packages/nav2_msgs/action
[1.501s] -- Up-to-date: /home/hossein/navigation2_stack/install/nav2_msgs/lib/python3.8/site-packages/nav2_msgs/action/_dummy_recovery.py
[1.501s] -- Up-to-date: /home/hossein/navigation2_stack/install/nav2_msgs/lib/python3.8/site-packages/nav2_msgs/action/_back_up_s.c
[1.501s] -- Up-to-date: /home/hossein/navigation2_stack/install/nav2_msgs/lib/python3.8/site-packages/nav2_msgs/action/_follow_path_s.c
[1.502s] -- Up-to-date: /home/hossein/navigation2_stack/install/nav2_msgs/lib/python3.8/site-packages/nav2_msgs/action/_wait.py
[1.502s] -- Up-to-date: /home/hossein/navigation2_stack/install/nav2_msgs/lib/python3.8/site-packages/nav2_msgs/action/_navigate_to_pose_s.c
[1.502s] -- Up-to-date: /home/hossein/navigation2_stack/install/nav2_msgs/lib/python3.8/site-packages/nav2_msgs/action/_wait_s.c
[1.502s] -- Up-to-date: /home/hossein/navigation2_stack/install/nav2_msgs/lib/python3.8/site-packages/nav2_msgs/action/_navigate_to_pose.py
[1.502s] -- Up-to-date: /home/hossein/navigation2_stack/install/nav2_msgs/lib/python3.8/site-packages/nav2_msgs/action/_compute_path_to_pose_s.c
[1.502s] -- Up-to-date: /home/hossein/navigation2_stack/install/nav2_msgs/lib/python3.8/site-packages/nav2_msgs/action/_follow_waypoints.py
[1.502s] -- Up-to-date: /home/hossein/navigation2_stack/install/nav2_msgs/lib/python3.8/site-packages/nav2_msgs/action/_back_up.py
[1.503s] -- Up-to-date: /home/hossein/navigation2_stack/install/nav2_msgs/lib/python3.8/site-packages/nav2_msgs/action/_spin.py
[1.503s] -- Up-to-date: /home/hossein/navigation2_stack/install/nav2_msgs/lib/python3.8/site-packages/nav2_msgs/action/__init__.py
[1.503s] -- Up-to-date: /home/hossein/navigation2_stack/install/nav2_msgs/lib/python3.8/site-packages/nav2_msgs/action/_spin_s.c
[1.503s] -- Up-to-date: /home/hossein/navigation2_stack/install/nav2_msgs/lib/python3.8/site-packages/nav2_msgs/action/_follow_waypoints_s.c
[1.503s] -- Up-to-date: /home/hossein/navigation2_stack/install/nav2_msgs/lib/python3.8/site-packages/nav2_msgs/action/_dummy_recovery_s.c
[1.503s] -- Up-to-date: /home/hossein/navigation2_stack/install/nav2_msgs/lib/python3.8/site-packages/nav2_msgs/action/_follow_path.py
[1.503s] -- Up-to-date: /home/hossein/navigation2_stack/install/nav2_msgs/lib/python3.8/site-packages/nav2_msgs/action/_compute_path_to_pose.py
[1.503s] -- Up-to-date: /home/hossein/navigation2_stack/install/nav2_msgs/lib/python3.8/site-packages/nav2_msgs/nav2_msgs_s__rosidl_typesupport_fastrtps_c.cpython-38-x86_64-linux-gnu.so
[1.503s] -- Up-to-date: /home/hossein/navigation2_stack/install/nav2_msgs/lib/python3.8/site-packages/nav2_msgs/nav2_msgs_s__rosidl_typesupport_introspection_c.cpython-38-x86_64-linux-gnu.so
[1.504s] -- Up-to-date: /home/hossein/navigation2_stack/install/nav2_msgs/lib/python3.8/site-packages/nav2_msgs/nav2_msgs_s__rosidl_typesupport_c.cpython-38-x86_64-linux-gnu.so
[1.504s] -- Up-to-date: /home/hossein/navigation2_stack/install/nav2_msgs/lib/libnav2_msgs__python.so
[1.504s] -- Up-to-date: /home/hossein/navigation2_stack/install/nav2_msgs/share/nav2_msgs/msg/Costmap.idl
[1.504s] -- Up-to-date: /home/hossein/navigation2_stack/install/nav2_msgs/share/nav2_msgs/msg/CostmapMetaData.idl
[1.504s] -- Up-to-date: /home/hossein/navigation2_stack/install/nav2_msgs/share/nav2_msgs/msg/VoxelGrid.idl
[1.504s] -- Up-to-date: /home/hossein/navigation2_stack/install/nav2_msgs/share/nav2_msgs/msg/BehaviorTreeStatusChange.idl
[1.504s] -- Up-to-date: /home/hossein/navigation2_stack/install/nav2_msgs/share/nav2_msgs/msg/BehaviorTreeLog.idl
[1.505s] -- Up-to-date: /home/hossein/navigation2_stack/install/nav2_msgs/share/nav2_msgs/msg/Particle.idl
[1.505s] -- Up-to-date: /home/hossein/navigation2_stack/install/nav2_msgs/share/nav2_msgs/msg/ParticleCloud.idl
[1.505s] -- Up-to-date: /home/hossein/navigation2_stack/install/nav2_msgs/share/nav2_msgs/srv/GetCostmap.idl
[1.505s] -- Up-to-date: /home/hossein/navigation2_stack/install/nav2_msgs/share/nav2_msgs/srv/ClearCostmapExceptRegion.idl
[1.505s] -- Up-to-date: /home/hossein/navigation2_stack/install/nav2_msgs/share/nav2_msgs/srv/ClearCostmapAroundRobot.idl
[1.505s] -- Up-to-date: /home/hossein/navigation2_stack/install/nav2_msgs/share/nav2_msgs/srv/ClearEntireCostmap.idl
[1.505s] -- Up-to-date: /home/hossein/navigation2_stack/install/nav2_msgs/share/nav2_msgs/srv/ManageLifecycleNodes.idl
[1.505s] -- Up-to-date: /home/hossein/navigation2_stack/install/nav2_msgs/share/nav2_msgs/srv/LoadMap.idl
[1.506s] -- Up-to-date: /home/hossein/navigation2_stack/install/nav2_msgs/share/nav2_msgs/srv/SaveMap.idl
[1.506s] -- Up-to-date: /home/hossein/navigation2_stack/install/nav2_msgs/share/nav2_msgs/action/BackUp.idl
[1.506s] -- Up-to-date: /home/hossein/navigation2_stack/install/nav2_msgs/share/nav2_msgs/action/ComputePathToPose.idl
[1.506s] -- Up-to-date: /home/hossein/navigation2_stack/install/nav2_msgs/share/nav2_msgs/action/FollowPath.idl
[1.506s] -- Up-to-date: /home/hossein/navigation2_stack/install/nav2_msgs/share/nav2_msgs/action/NavigateToPose.idl
[1.506s] -- Up-to-date: /home/hossein/navigation2_stack/install/nav2_msgs/share/nav2_msgs/action/Wait.idl
[1.506s] -- Up-to-date: /home/hossein/navigation2_stack/install/nav2_msgs/share/nav2_msgs/action/Spin.idl
[1.506s] -- Up-to-date: /home/hossein/navigation2_stack/install/nav2_msgs/share/nav2_msgs/action/DummyRecovery.idl
[1.506s] -- Up-to-date: /home/hossein/navigation2_stack/install/nav2_msgs/share/nav2_msgs/action/FollowWaypoints.idl
[1.507s] -- Up-to-date: /home/hossein/navigation2_stack/install/nav2_msgs/share/nav2_msgs/msg/Costmap.msg
[1.507s] -- Up-to-date: /home/hossein/navigation2_stack/install/nav2_msgs/share/nav2_msgs/msg/CostmapMetaData.msg
[1.507s] -- Up-to-date: /home/hossein/navigation2_stack/install/nav2_msgs/share/nav2_msgs/msg/VoxelGrid.msg
[1.507s] -- Up-to-date: /home/hossein/navigation2_stack/install/nav2_msgs/share/nav2_msgs/msg/BehaviorTreeStatusChange.msg
[1.507s] -- Up-to-date: /home/hossein/navigation2_stack/install/nav2_msgs/share/nav2_msgs/msg/BehaviorTreeLog.msg
[1.507s] -- Up-to-date: /home/hossein/navigation2_stack/install/nav2_msgs/share/nav2_msgs/msg/Particle.msg
[1.507s] -- Up-to-date: /home/hossein/navigation2_stack/install/nav2_msgs/share/nav2_msgs/msg/ParticleCloud.msg
[1.507s] -- Up-to-date: /home/hossein/navigation2_stack/install/nav2_msgs/share/nav2_msgs/srv/GetCostmap.srv
[1.507s] -- Up-to-date: /home/hossein/navigation2_stack/install/nav2_msgs/share/nav2_msgs/srv/GetCostmap_Request.msg
[1.507s] -- Up-to-date: /home/hossein/navigation2_stack/install/nav2_msgs/share/nav2_msgs/srv/GetCostmap_Response.msg
[1.507s] -- Up-to-date: /home/hossein/navigation2_stack/install/nav2_msgs/share/nav2_msgs/srv/ClearCostmapExceptRegion.srv
[1.508s] -- Up-to-date: /home/hossein/navigation2_stack/install/nav2_msgs/share/nav2_msgs/srv/ClearCostmapExceptRegion_Request.msg
[1.508s] -- Up-to-date: /home/hossein/navigation2_stack/install/nav2_msgs/share/nav2_msgs/srv/ClearCostmapExceptRegion_Response.msg
[1.508s] -- Up-to-date: /home/hossein/navigation2_stack/install/nav2_msgs/share/nav2_msgs/srv/ClearCostmapAroundRobot.srv
[1.508s] -- Up-to-date: /home/hossein/navigation2_stack/install/nav2_msgs/share/nav2_msgs/srv/ClearCostmapAroundRobot_Request.msg
[1.508s] -- Up-to-date: /home/hossein/navigation2_stack/install/nav2_msgs/share/nav2_msgs/srv/ClearCostmapAroundRobot_Response.msg
[1.508s] -- Up-to-date: /home/hossein/navigation2_stack/install/nav2_msgs/share/nav2_msgs/srv/ClearEntireCostmap.srv
[1.508s] -- Up-to-date: /home/hossein/navigation2_stack/install/nav2_msgs/share/nav2_msgs/srv/ClearEntireCostmap_Request.msg
[1.508s] -- Up-to-date: /home/hossein/navigation2_stack/install/nav2_msgs/share/nav2_msgs/srv/ClearEntireCostmap_Response.msg
[1.508s] -- Up-to-date: /home/hossein/navigation2_stack/install/nav2_msgs/share/nav2_msgs/srv/ManageLifecycleNodes.srv
[1.508s] -- Up-to-date: /home/hossein/navigation2_stack/install/nav2_msgs/share/nav2_msgs/srv/ManageLifecycleNodes_Request.msg
[1.509s] -- Up-to-date: /home/hossein/navigation2_stack/install/nav2_msgs/share/nav2_msgs/srv/ManageLifecycleNodes_Response.msg
[1.509s] -- Up-to-date: /home/hossein/navigation2_stack/install/nav2_msgs/share/nav2_msgs/srv/LoadMap.srv
[1.509s] -- Up-to-date: /home/hossein/navigation2_stack/install/nav2_msgs/share/nav2_msgs/srv/LoadMap_Request.msg
[1.509s] -- Up-to-date: /home/hossein/navigation2_stack/install/nav2_msgs/share/nav2_msgs/srv/LoadMap_Response.msg
[1.509s] -- Up-to-date: /home/hossein/navigation2_stack/install/nav2_msgs/share/nav2_msgs/srv/SaveMap.srv
[1.509s] -- Up-to-date: /home/hossein/navigation2_stack/install/nav2_msgs/share/nav2_msgs/srv/SaveMap_Request.msg
[1.509s] -- Up-to-date: /home/hossein/navigation2_stack/install/nav2_msgs/share/nav2_msgs/srv/SaveMap_Response.msg
[1.509s] -- Up-to-date: /home/hossein/navigation2_stack/install/nav2_msgs/share/nav2_msgs/action/BackUp.action
[1.509s] -- Up-to-date: /home/hossein/navigation2_stack/install/nav2_msgs/share/nav2_msgs/action/ComputePathToPose.action
[1.509s] -- Up-to-date: /home/hossein/navigation2_stack/install/nav2_msgs/share/nav2_msgs/action/FollowPath.action
[1.509s] -- Up-to-date: /home/hossein/navigation2_stack/install/nav2_msgs/share/nav2_msgs/action/NavigateToPose.action
[1.509s] -- Up-to-date: /home/hossein/navigation2_stack/install/nav2_msgs/share/nav2_msgs/action/Wait.action
[1.509s] -- Up-to-date: /home/hossein/navigation2_stack/install/nav2_msgs/share/nav2_msgs/action/Spin.action
[1.509s] -- Up-to-date: /home/hossein/navigation2_stack/install/nav2_msgs/share/nav2_msgs/action/DummyRecovery.action
[1.510s] -- Up-to-date: /home/hossein/navigation2_stack/install/nav2_msgs/share/nav2_msgs/action/FollowWaypoints.action
[1.510s] -- Up-to-date: /home/hossein/navigation2_stack/install/nav2_msgs/share/ament_index/resource_index/package_run_dependencies/nav2_msgs
[1.510s] -- Up-to-date: /home/hossein/navigation2_stack/install/nav2_msgs/share/ament_index/resource_index/parent_prefix_path/nav2_msgs
[1.510s] -- Up-to-date: /home/hossein/navigation2_stack/install/nav2_msgs/share/nav2_msgs/environment/ament_prefix_path.sh
[1.510s] -- Up-to-date: /home/hossein/navigation2_stack/install/nav2_msgs/share/nav2_msgs/environment/ament_prefix_path.dsv
[1.510s] -- Up-to-date: /home/hossein/navigation2_stack/install/nav2_msgs/share/nav2_msgs/environment/path.sh
[1.510s] -- Up-to-date: /home/hossein/navigation2_stack/install/nav2_msgs/share/nav2_msgs/environment/path.dsv
[1.510s] -- Up-to-date: /home/hossein/navigation2_stack/install/nav2_msgs/share/nav2_msgs/local_setup.bash
[1.510s] -- Up-to-date: /home/hossein/navigation2_stack/install/nav2_msgs/share/nav2_msgs/local_setup.sh
[1.510s] -- Up-to-date: /home/hossein/navigation2_stack/install/nav2_msgs/share/nav2_msgs/local_setup.zsh
[1.510s] -- Up-to-date: /home/hossein/navigation2_stack/install/nav2_msgs/share/nav2_msgs/local_setup.dsv
[1.511s] -- Installing: /home/hossein/navigation2_stack/install/nav2_msgs/share/nav2_msgs/package.dsv
[1.511s] -- Up-to-date: /home/hossein/navigation2_stack/install/nav2_msgs/share/ament_index/resource_index/packages/nav2_msgs
[1.513s] -- Up-to-date: /home/hossein/navigation2_stack/install/nav2_msgs/share/nav2_msgs/cmake/nav2_msgs__rosidl_generator_cExport.cmake
[1.513s] -- Up-to-date: /home/hossein/navigation2_stack/install/nav2_msgs/share/nav2_msgs/cmake/nav2_msgs__rosidl_generator_cExport-release.cmake
[1.513s] -- Up-to-date: /home/hossein/navigation2_stack/install/nav2_msgs/share/nav2_msgs/cmake/nav2_msgs__rosidl_typesupport_introspection_cExport.cmake
[1.513s] -- Up-to-date: /home/hossein/navigation2_stack/install/nav2_msgs/share/nav2_msgs/cmake/nav2_msgs__rosidl_typesupport_introspection_cExport-release.cmake
[1.514s] -- Up-to-date: /home/hossein/navigation2_stack/install/nav2_msgs/share/nav2_msgs/cmake/nav2_msgs__rosidl_typesupport_cExport.cmake
[1.514s] -- Up-to-date: /home/hossein/navigation2_stack/install/nav2_msgs/share/nav2_msgs/cmake/nav2_msgs__rosidl_typesupport_cExport-release.cmake
[1.514s] -- Up-to-date: /home/hossein/navigation2_stack/install/nav2_msgs/share/nav2_msgs/cmake/nav2_msgs__rosidl_generator_cppExport.cmake
[1.514s] -- Up-to-date: /home/hossein/navigation2_stack/install/nav2_msgs/share/nav2_msgs/cmake/nav2_msgs__rosidl_typesupport_introspection_cppExport.cmake
[1.514s] -- Up-to-date: /home/hossein/navigation2_stack/install/nav2_msgs/share/nav2_msgs/cmake/nav2_msgs__rosidl_typesupport_introspection_cppExport-release.cmake
[1.514s] -- Up-to-date: /home/hossein/navigation2_stack/install/nav2_msgs/share/nav2_msgs/cmake/nav2_msgs__rosidl_typesupport_cppExport.cmake
[1.514s] -- Up-to-date: /home/hossein/navigation2_stack/install/nav2_msgs/share/nav2_msgs/cmake/nav2_msgs__rosidl_typesupport_cppExport-release.cmake
[1.514s] -- Up-to-date: /home/hossein/navigation2_stack/install/nav2_msgs/share/nav2_msgs/cmake/rosidl_cmake-extras.cmake
[1.515s] -- Up-to-date: /home/hossein/navigation2_stack/install/nav2_msgs/share/nav2_msgs/cmake/ament_cmake_export_dependencies-extras.cmake
[1.515s] -- Up-to-date: /home/hossein/navigation2_stack/install/nav2_msgs/share/nav2_msgs/cmake/ament_cmake_export_libraries-extras.cmake
[1.515s] -- Up-to-date: /home/hossein/navigation2_stack/install/nav2_msgs/share/nav2_msgs/cmake/ament_cmake_export_targets-extras.cmake
[1.515s] -- Up-to-date: /home/hossein/navigation2_stack/install/nav2_msgs/share/nav2_msgs/cmake/ament_cmake_export_include_directories-extras.cmake
[1.515s] -- Up-to-date: /home/hossein/navigation2_stack/install/nav2_msgs/share/nav2_msgs/cmake/rosidl_cmake_export_typesupport_libraries-extras.cmake
[1.515s] -- Up-to-date: /home/hossein/navigation2_stack/install/nav2_msgs/share/nav2_msgs/cmake/rosidl_cmake_export_typesupport_targets-extras.cmake
[1.515s] -- Up-to-date: /home/hossein/navigation2_stack/install/nav2_msgs/share/nav2_msgs/cmake/nav2_msgsConfig.cmake
[1.515s] -- Up-to-date: /home/hossein/navigation2_stack/install/nav2_msgs/share/nav2_msgs/cmake/nav2_msgsConfig-version.cmake
[1.516s] -- Up-to-date: /home/hossein/navigation2_stack/install/nav2_msgs/share/nav2_msgs/package.xml
[1.516s] Invoked command in '/home/hossein/navigation2_stack/build/nav2_msgs' returned '0': CMAKE_PREFIX_PATH=/home/hossein/navigation2_stack/install/nav2_common:/home/hossein/navigation2_stack/install/nav_2d_utils:/home/hossein/navigation2_stack/install/dwb_msgs:/home/hossein/navigation2_stack/install/nav_2d_msgs:/home/hossein/navigation2_stack/install/nav2_waypoint_follower:/home/hossein/navigation2_stack/install/nav2_voxel_grid:/home/hossein/navigation2_stack/install/nav2_map_server:/home/hossein/navigation2_stack/install/nav2_lifecycle_manager:/home/hossein/navigation2_stack/install/nav2_util:/home/hossein/navigation2_stack/install/nav2_msgs:/home/hossein/navigation2_stack/install/custom_roi_srv:/home/hossein/navigation2_stack/install/custom_msg_srv:/home/hossein/turtlebot3_ws/install/turtlebot3_simulations:/home/hossein/turtlebot3_ws/install/turtlebot3_gazebo:/home/hossein/turtlebot3_ws/install/turtlebot3_fake_node:/home/hossein/nav2_ws/install/nav2_system_tests:/home/hossein/nav2_ws/install/nav2_bringup:/home/hossein/nav2_ws/install/navigation2:/home/hossein/nav2_ws/install/smac_planner:/home/hossein/nav2_ws/install/nav2_dwb_controller:/home/hossein/nav2_ws/install/nav2_controller:/home/hossein/nav2_ws/install/dwb_plugins:/home/hossein/nav2_ws/install/dwb_critics:/home/hossein/nav2_ws/install/dwb_core:/home/hossein/nav2_ws/install/nav_2d_utils:/home/hossein/nav2_ws/install/dwb_msgs:/home/hossein/nav2_ws/install/nav_2d_msgs:/home/hossein/nav2_ws/install/nav2_waypoint_follower:/home/hossein/nav2_ws/install/nav2_recoveries:/home/hossein/nav2_ws/install/nav2_planner:/home/hossein/nav2_ws/install/nav2_navfn_planner:/home/hossein/nav2_ws/install/nav2_gradient_costmap_plugin:/home/hossein/nav2_ws/install/nav2_core:/home/hossein/nav2_ws/install/costmap_queue:/home/hossein/nav2_ws/install/nav2_costmap_2d:/home/hossein/nav2_ws/install/nav2_voxel_grid:/home/hossein/nav2_ws/install/nav2_rviz_plugins:/home/hossein/nav2_ws/install/nav2_map_server:/home/hossein/nav2_ws/install/nav2_lifecycle_manager:/home/hossein/nav2_ws/install/nav2_bt_navigator:/home/hossein/nav2_ws/install/nav2_behavior_tree:/home/hossein/nav2_ws/install/nav2_amcl:/home/hossein/nav2_ws/install/nav2_util:/home/hossein/nav2_ws/install/nav2_msgs:/home/hossein/nav2_ws/install/nav2_common:/home/hossein/nav2_ws/install/custom_msg_srv:/home/hossein/dev_ws/install/vad_utils:/home/hossein/dev_ws/install/user_interface:/home/hossein/dev_ws/install/tf_publisher:/home/hossein/dev_ws/install/overhead_camera_service:/home/hossein/dev_ws/install/nf2:/home/hossein/dev_ws/install/global_planner:/home/hossein/dev_ws/install/custom_msg_srv:/home/hossein/navigation2_stack/install/nav2_gazebo_spawner:/home/hossein/navigation2_stack/install/ceiling_segmentation:/home/hossein/nav2_ws/install/nav2_gazebo_spawner:/home/hossein/nav2_ws/install/image_segmentation:/home/hossein/dev_ws/install/py_pubsub:/home/hossein/dev_ws/install/image_segmentation:/opt/ros/foxy PYTHONPATH=/home/hossein/navigation2_stack/install/nav2_common/lib/python3.8/site-packages:/home/hossein/navigation2_stack/install/dwb_msgs/lib/python3.8/site-packages:/home/hossein/navigation2_stack/install/nav_2d_msgs/lib/python3.8/site-packages:/home/hossein/navigation2_stack/install/nav2_msgs/lib/python3.8/site-packages:/home/hossein/navigation2_stack/install/nav2_gazebo_spawner/lib/python3.8/site-packages:/home/hossein/navigation2_stack/install/custom_roi_srv/lib/python3.8/site-packages:/home/hossein/navigation2_stack/install/ceiling_segmentation/lib/python3.8/site-packages:/home/hossein/navigation2_stack/install/custom_msg_srv/lib/python3.8/site-packages:/home/hossein/nav2_ws/install/dwb_msgs/lib/python3.8/site-packages:/home/hossein/nav2_ws/install/nav_2d_msgs/lib/python3.8/site-packages:/home/hossein/nav2_ws/install/nav2_msgs/lib/python3.8/site-packages:/home/hossein/nav2_ws/install/nav2_gazebo_spawner/lib/python3.8/site-packages:/home/hossein/nav2_ws/install/nav2_common/lib/python3.8/site-packages:/home/hossein/nav2_ws/build/image_segmentation:/home/hossein/nav2_ws/install/image_segmentation/lib/python3.8/site-packages:/home/hossein/nav2_ws/install/custom_msg_srv/lib/python3.8/site-packages:/home/hossein/dev_ws/install/py_pubsub/lib/python3.8/site-packages:/home/hossein/dev_ws/install/image_segmentation/lib/python3.8/site-packages:/home/hossein/dev_ws/install/custom_msg_srv/lib/python3.8/site-packages:/opt/ros/foxy/lib/python3.8/site-packages /usr/bin/cmake --install /home/hossein/navigation2_stack/build/nav2_msgs
