[0.054s] Invoking command in '/home/hossein/navigation2_stack/build/dwb_msgs': AMENT_PREFIX_PATH=/home/hossein/navigation2_stack/install/nav_2d_msgs:${AMENT_PREFIX_PATH} CMAKE_PREFIX_PATH=/home/hossein/navigation2_stack/install/nav_2d_msgs:/home/hossein/turtlebot3_ws/install/turtlebot3_simulations:/home/hossein/turtlebot3_ws/install/turtlebot3_gazebo:/home/hossein/turtlebot3_ws/install/turtlebot3_fake_node:/home/hossein/dev_ws/install/vad_utils:/home/hossein/dev_ws/install/user_interface:/home/hossein/dev_ws/install/tf_publisher:/home/hossein/dev_ws/install/overhead_camera_service:/home/hossein/dev_ws/install/nf2:/home/hossein/dev_ws/install/global_planner:/home/hossein/dev_ws/install/custom_msg_srv:/home/hossein/dev_ws/install/py_pubsub:/home/hossein/dev_ws/install/image_segmentation:/opt/ros/foxy LD_LIBRARY_PATH=/home/hossein/navigation2_stack/install/nav_2d_msgs/lib:${LD_LIBRARY_PATH} PYTHONPATH=/home/hossein/navigation2_stack/install/nav_2d_msgs/lib/python3.8/site-packages:${PYTHONPATH} /usr/bin/cmake --build /home/hossein/navigation2_stack/build/dwb_msgs -- -j8 -l8
[0.174s] [  1%] Built target dwb_msgs__cpp
[0.176s] [ 12%] Built target dwb_msgs__rosidl_generator_c
[0.239s] [ 24%] Built target dwb_msgs__rosidl_typesupport_c
[0.255s] [ 35%] Built target dwb_msgs__rosidl_typesupport_cpp
[0.259s] [ 47%] Built target dwb_msgs__rosidl_typesupport_fastrtps_cpp
[0.271s] [ 70%] Built target dwb_msgs__rosidl_typesupport_introspection_cpp
[0.272s] [ 69%] Built target dwb_msgs__rosidl_typesupport_introspection_c
[0.324s] [ 82%] Built target dwb_msgs__rosidl_typesupport_fastrtps_c
[0.358s] [ 82%] Built target dwb_msgs
[0.401s] [ 83%] Built target dwb_msgs__py
[0.461s] [ 93%] Built target dwb_msgs__python
[0.520s] [ 95%] Built target dwb_msgs__rosidl_typesupport_c__pyext
[0.525s] [100%] Built target dwb_msgs__rosidl_typesupport_fastrtps_c__pyext
[0.525s] [100%] Built target dwb_msgs__rosidl_typesupport_introspection_c__pyext
[0.545s] Invoked command in '/home/hossein/navigation2_stack/build/dwb_msgs' returned '0': AMENT_PREFIX_PATH=/home/hossein/navigation2_stack/install/nav_2d_msgs:${AMENT_PREFIX_PATH} CMAKE_PREFIX_PATH=/home/hossein/navigation2_stack/install/nav_2d_msgs:/home/hossein/turtlebot3_ws/install/turtlebot3_simulations:/home/hossein/turtlebot3_ws/install/turtlebot3_gazebo:/home/hossein/turtlebot3_ws/install/turtlebot3_fake_node:/home/hossein/dev_ws/install/vad_utils:/home/hossein/dev_ws/install/user_interface:/home/hossein/dev_ws/install/tf_publisher:/home/hossein/dev_ws/install/overhead_camera_service:/home/hossein/dev_ws/install/nf2:/home/hossein/dev_ws/install/global_planner:/home/hossein/dev_ws/install/custom_msg_srv:/home/hossein/dev_ws/install/py_pubsub:/home/hossein/dev_ws/install/image_segmentation:/opt/ros/foxy LD_LIBRARY_PATH=/home/hossein/navigation2_stack/install/nav_2d_msgs/lib:${LD_LIBRARY_PATH} PYTHONPATH=/home/hossein/navigation2_stack/install/nav_2d_msgs/lib/python3.8/site-packages:${PYTHONPATH} /usr/bin/cmake --build /home/hossein/navigation2_stack/build/dwb_msgs -- -j8 -l8
[0.874s] Invoking command in '/home/hossein/navigation2_stack/build/dwb_msgs': AMENT_PREFIX_PATH=/home/hossein/navigation2_stack/install/nav_2d_msgs:${AMENT_PREFIX_PATH} CMAKE_PREFIX_PATH=/home/hossein/navigation2_stack/install/nav_2d_msgs:/home/hossein/turtlebot3_ws/install/turtlebot3_simulations:/home/hossein/turtlebot3_ws/install/turtlebot3_gazebo:/home/hossein/turtlebot3_ws/install/turtlebot3_fake_node:/home/hossein/dev_ws/install/vad_utils:/home/hossein/dev_ws/install/user_interface:/home/hossein/dev_ws/install/tf_publisher:/home/hossein/dev_ws/install/overhead_camera_service:/home/hossein/dev_ws/install/nf2:/home/hossein/dev_ws/install/global_planner:/home/hossein/dev_ws/install/custom_msg_srv:/home/hossein/dev_ws/install/py_pubsub:/home/hossein/dev_ws/install/image_segmentation:/opt/ros/foxy LD_LIBRARY_PATH=/home/hossein/navigation2_stack/install/nav_2d_msgs/lib:${LD_LIBRARY_PATH} PYTHONPATH=/home/hossein/navigation2_stack/install/nav_2d_msgs/lib/python3.8/site-packages:${PYTHONPATH} /usr/bin/cmake --install /home/hossein/navigation2_stack/build/dwb_msgs
[0.889s] -- Install configuration: ""
[0.889s] -- Up-to-date: /home/hossein/navigation2_stack/install/dwb_msgs/share/ament_index/resource_index/rosidl_interfaces/dwb_msgs
[0.889s] -- Up-to-date: /home/hossein/navigation2_stack/install/dwb_msgs/include/dwb_msgs
[0.890s] -- Up-to-date: /home/hossein/navigation2_stack/install/dwb_msgs/include/dwb_msgs/srv
[0.890s] -- Up-to-date: /home/hossein/navigation2_stack/install/dwb_msgs/include/dwb_msgs/srv/get_critic_score.h
[0.890s] -- Up-to-date: /home/hossein/navigation2_stack/install/dwb_msgs/include/dwb_msgs/srv/detail
[0.890s] -- Up-to-date: /home/hossein/navigation2_stack/install/dwb_msgs/include/dwb_msgs/srv/detail/generate_twists__functions.c
[0.891s] -- Up-to-date: /home/hossein/navigation2_stack/install/dwb_msgs/include/dwb_msgs/srv/detail/debug_local_plan__struct.h
[0.891s] -- Up-to-date: /home/hossein/navigation2_stack/install/dwb_msgs/include/dwb_msgs/srv/detail/generate_twists__type_support.h
[0.891s] -- Up-to-date: /home/hossein/navigation2_stack/install/dwb_msgs/include/dwb_msgs/srv/detail/generate_trajectory__functions.h
[0.891s] -- Up-to-date: /home/hossein/navigation2_stack/install/dwb_msgs/include/dwb_msgs/srv/detail/get_critic_score__struct.h
[0.891s] -- Up-to-date: /home/hossein/navigation2_stack/install/dwb_msgs/include/dwb_msgs/srv/detail/score_trajectory__struct.h
[0.891s] -- Up-to-date: /home/hossein/navigation2_stack/install/dwb_msgs/include/dwb_msgs/srv/detail/generate_twists__functions.h
[0.891s] -- Up-to-date: /home/hossein/navigation2_stack/install/dwb_msgs/include/dwb_msgs/srv/detail/get_critic_score__functions.c
[0.892s] -- Up-to-date: /home/hossein/navigation2_stack/install/dwb_msgs/include/dwb_msgs/srv/detail/generate_trajectory__functions.c
[0.892s] -- Up-to-date: /home/hossein/navigation2_stack/install/dwb_msgs/include/dwb_msgs/srv/detail/score_trajectory__functions.c
[0.892s] -- Up-to-date: /home/hossein/navigation2_stack/install/dwb_msgs/include/dwb_msgs/srv/detail/get_critic_score__type_support.h
[0.892s] -- Up-to-date: /home/hossein/navigation2_stack/install/dwb_msgs/include/dwb_msgs/srv/detail/generate_trajectory__struct.h
[0.892s] -- Up-to-date: /home/hossein/navigation2_stack/install/dwb_msgs/include/dwb_msgs/srv/detail/score_trajectory__functions.h
[0.892s] -- Up-to-date: /home/hossein/navigation2_stack/install/dwb_msgs/include/dwb_msgs/srv/detail/generate_twists__struct.h
[0.893s] -- Up-to-date: /home/hossein/navigation2_stack/install/dwb_msgs/include/dwb_msgs/srv/detail/debug_local_plan__type_support.h
[0.893s] -- Up-to-date: /home/hossein/navigation2_stack/install/dwb_msgs/include/dwb_msgs/srv/detail/score_trajectory__type_support.h
[0.893s] -- Up-to-date: /home/hossein/navigation2_stack/install/dwb_msgs/include/dwb_msgs/srv/detail/debug_local_plan__functions.c
[0.893s] -- Up-to-date: /home/hossein/navigation2_stack/install/dwb_msgs/include/dwb_msgs/srv/detail/generate_trajectory__type_support.h
[0.894s] -- Up-to-date: /home/hossein/navigation2_stack/install/dwb_msgs/include/dwb_msgs/srv/detail/debug_local_plan__functions.h
[0.894s] -- Up-to-date: /home/hossein/navigation2_stack/install/dwb_msgs/include/dwb_msgs/srv/detail/get_critic_score__functions.h
[0.894s] -- Up-to-date: /home/hossein/navigation2_stack/install/dwb_msgs/include/dwb_msgs/srv/generate_twists.h
[0.894s] -- Up-to-date: /home/hossein/navigation2_stack/install/dwb_msgs/include/dwb_msgs/srv/debug_local_plan.h
[0.894s] -- Up-to-date: /home/hossein/navigation2_stack/install/dwb_msgs/include/dwb_msgs/srv/score_trajectory.h
[0.895s] -- Up-to-date: /home/hossein/navigation2_stack/install/dwb_msgs/include/dwb_msgs/srv/generate_trajectory.h
[0.895s] -- Up-to-date: /home/hossein/navigation2_stack/install/dwb_msgs/include/dwb_msgs/msg
[0.895s] -- Up-to-date: /home/hossein/navigation2_stack/install/dwb_msgs/include/dwb_msgs/msg/rosidl_generator_c__visibility_control.h
[0.895s] -- Up-to-date: /home/hossein/navigation2_stack/install/dwb_msgs/include/dwb_msgs/msg/trajectory2_d.h
[0.895s] -- Up-to-date: /home/hossein/navigation2_stack/install/dwb_msgs/include/dwb_msgs/msg/critic_score.h
[0.896s] -- Up-to-date: /home/hossein/navigation2_stack/install/dwb_msgs/include/dwb_msgs/msg/detail
[0.896s] -- Up-to-date: /home/hossein/navigation2_stack/install/dwb_msgs/include/dwb_msgs/msg/detail/trajectory2_d__functions.h
[0.896s] -- Up-to-date: /home/hossein/navigation2_stack/install/dwb_msgs/include/dwb_msgs/msg/detail/critic_score__functions.h
[0.896s] -- Up-to-date: /home/hossein/navigation2_stack/install/dwb_msgs/include/dwb_msgs/msg/detail/critic_score__type_support.h
[0.896s] -- Up-to-date: /home/hossein/navigation2_stack/install/dwb_msgs/include/dwb_msgs/msg/detail/trajectory_score__functions.h
[0.896s] -- Up-to-date: /home/hossein/navigation2_stack/install/dwb_msgs/include/dwb_msgs/msg/detail/critic_score__functions.c
[0.897s] -- Up-to-date: /home/hossein/navigation2_stack/install/dwb_msgs/include/dwb_msgs/msg/detail/trajectory2_d__functions.c
[0.897s] -- Up-to-date: /home/hossein/navigation2_stack/install/dwb_msgs/include/dwb_msgs/msg/detail/local_plan_evaluation__functions.c
[0.897s] -- Up-to-date: /home/hossein/navigation2_stack/install/dwb_msgs/include/dwb_msgs/msg/detail/local_plan_evaluation__struct.h
[0.897s] -- Up-to-date: /home/hossein/navigation2_stack/install/dwb_msgs/include/dwb_msgs/msg/detail/trajectory2_d__type_support.h
[0.897s] -- Up-to-date: /home/hossein/navigation2_stack/install/dwb_msgs/include/dwb_msgs/msg/detail/local_plan_evaluation__functions.h
[0.897s] -- Up-to-date: /home/hossein/navigation2_stack/install/dwb_msgs/include/dwb_msgs/msg/detail/trajectory_score__struct.h
[0.897s] -- Up-to-date: /home/hossein/navigation2_stack/install/dwb_msgs/include/dwb_msgs/msg/detail/trajectory_score__functions.c
[0.897s] -- Up-to-date: /home/hossein/navigation2_stack/install/dwb_msgs/include/dwb_msgs/msg/detail/local_plan_evaluation__type_support.h
[0.897s] -- Up-to-date: /home/hossein/navigation2_stack/install/dwb_msgs/include/dwb_msgs/msg/detail/critic_score__struct.h
[0.897s] -- Up-to-date: /home/hossein/navigation2_stack/install/dwb_msgs/include/dwb_msgs/msg/detail/trajectory_score__type_support.h
[0.897s] -- Up-to-date: /home/hossein/navigation2_stack/install/dwb_msgs/include/dwb_msgs/msg/detail/trajectory2_d__struct.h
[0.898s] -- Up-to-date: /home/hossein/navigation2_stack/install/dwb_msgs/include/dwb_msgs/msg/local_plan_evaluation.h
[0.898s] -- Up-to-date: /home/hossein/navigation2_stack/install/dwb_msgs/include/dwb_msgs/msg/trajectory_score.h
[0.898s] -- Up-to-date: /home/hossein/navigation2_stack/install/dwb_msgs/share/dwb_msgs/environment/library_path.sh
[0.898s] -- Up-to-date: /home/hossein/navigation2_stack/install/dwb_msgs/share/dwb_msgs/environment/library_path.dsv
[0.898s] -- Up-to-date: /home/hossein/navigation2_stack/install/dwb_msgs/lib/libdwb_msgs__rosidl_generator_c.so
[0.898s] -- Up-to-date: /home/hossein/navigation2_stack/install/dwb_msgs/include/dwb_msgs
[0.899s] -- Up-to-date: /home/hossein/navigation2_stack/install/dwb_msgs/include/dwb_msgs/srv
[0.899s] -- Up-to-date: /home/hossein/navigation2_stack/install/dwb_msgs/include/dwb_msgs/srv/detail
[0.899s] -- Up-to-date: /home/hossein/navigation2_stack/install/dwb_msgs/include/dwb_msgs/srv/detail/debug_local_plan__rosidl_typesupport_fastrtps_c.h
[0.899s] -- Up-to-date: /home/hossein/navigation2_stack/install/dwb_msgs/include/dwb_msgs/srv/detail/generate_twists__rosidl_typesupport_fastrtps_c.h
[0.899s] -- Up-to-date: /home/hossein/navigation2_stack/install/dwb_msgs/include/dwb_msgs/srv/detail/score_trajectory__rosidl_typesupport_fastrtps_c.h
[0.899s] -- Up-to-date: /home/hossein/navigation2_stack/install/dwb_msgs/include/dwb_msgs/srv/detail/generate_trajectory__rosidl_typesupport_fastrtps_c.h
[0.899s] -- Up-to-date: /home/hossein/navigation2_stack/install/dwb_msgs/include/dwb_msgs/srv/detail/get_critic_score__rosidl_typesupport_fastrtps_c.h
[0.899s] -- Up-to-date: /home/hossein/navigation2_stack/install/dwb_msgs/include/dwb_msgs/msg
[0.899s] -- Up-to-date: /home/hossein/navigation2_stack/install/dwb_msgs/include/dwb_msgs/msg/rosidl_typesupport_fastrtps_c__visibility_control.h
[0.899s] -- Up-to-date: /home/hossein/navigation2_stack/install/dwb_msgs/include/dwb_msgs/msg/detail
[0.899s] -- Up-to-date: /home/hossein/navigation2_stack/install/dwb_msgs/include/dwb_msgs/msg/detail/trajectory_score__rosidl_typesupport_fastrtps_c.h
[0.900s] -- Up-to-date: /home/hossein/navigation2_stack/install/dwb_msgs/include/dwb_msgs/msg/detail/local_plan_evaluation__rosidl_typesupport_fastrtps_c.h
[0.900s] -- Up-to-date: /home/hossein/navigation2_stack/install/dwb_msgs/include/dwb_msgs/msg/detail/trajectory2_d__rosidl_typesupport_fastrtps_c.h
[0.900s] -- Up-to-date: /home/hossein/navigation2_stack/install/dwb_msgs/include/dwb_msgs/msg/detail/critic_score__rosidl_typesupport_fastrtps_c.h
[0.900s] -- Up-to-date: /home/hossein/navigation2_stack/install/dwb_msgs/lib/libdwb_msgs__rosidl_typesupport_fastrtps_c.so
[0.900s] -- Up-to-date: /home/hossein/navigation2_stack/install/dwb_msgs/include/dwb_msgs
[0.900s] -- Up-to-date: /home/hossein/navigation2_stack/install/dwb_msgs/include/dwb_msgs/srv
[0.900s] -- Up-to-date: /home/hossein/navigation2_stack/install/dwb_msgs/include/dwb_msgs/srv/detail
[0.900s] -- Up-to-date: /home/hossein/navigation2_stack/install/dwb_msgs/include/dwb_msgs/srv/detail/generate_twists__rosidl_typesupport_fastrtps_cpp.hpp
[0.900s] -- Up-to-date: /home/hossein/navigation2_stack/install/dwb_msgs/include/dwb_msgs/srv/detail/get_critic_score__rosidl_typesupport_fastrtps_cpp.hpp
[0.900s] -- Up-to-date: /home/hossein/navigation2_stack/install/dwb_msgs/include/dwb_msgs/srv/detail/generate_trajectory__rosidl_typesupport_fastrtps_cpp.hpp
[0.900s] -- Up-to-date: /home/hossein/navigation2_stack/install/dwb_msgs/include/dwb_msgs/srv/detail/score_trajectory__rosidl_typesupport_fastrtps_cpp.hpp
[0.900s] -- Up-to-date: /home/hossein/navigation2_stack/install/dwb_msgs/include/dwb_msgs/srv/detail/dds_fastrtps
[0.900s] -- Up-to-date: /home/hossein/navigation2_stack/install/dwb_msgs/include/dwb_msgs/srv/detail/debug_local_plan__rosidl_typesupport_fastrtps_cpp.hpp
[0.901s] -- Up-to-date: /home/hossein/navigation2_stack/install/dwb_msgs/include/dwb_msgs/msg
[0.901s] -- Up-to-date: /home/hossein/navigation2_stack/install/dwb_msgs/include/dwb_msgs/msg/detail
[0.901s] -- Up-to-date: /home/hossein/navigation2_stack/install/dwb_msgs/include/dwb_msgs/msg/detail/trajectory2_d__rosidl_typesupport_fastrtps_cpp.hpp
[0.901s] -- Up-to-date: /home/hossein/navigation2_stack/install/dwb_msgs/include/dwb_msgs/msg/detail/trajectory_score__rosidl_typesupport_fastrtps_cpp.hpp
[0.901s] -- Up-to-date: /home/hossein/navigation2_stack/install/dwb_msgs/include/dwb_msgs/msg/detail/dds_fastrtps
[0.901s] -- Up-to-date: /home/hossein/navigation2_stack/install/dwb_msgs/include/dwb_msgs/msg/detail/local_plan_evaluation__rosidl_typesupport_fastrtps_cpp.hpp
[0.901s] -- Up-to-date: /home/hossein/navigation2_stack/install/dwb_msgs/include/dwb_msgs/msg/detail/critic_score__rosidl_typesupport_fastrtps_cpp.hpp
[0.901s] -- Up-to-date: /home/hossein/navigation2_stack/install/dwb_msgs/include/dwb_msgs/msg/rosidl_typesupport_fastrtps_cpp__visibility_control.h
[0.902s] -- Up-to-date: /home/hossein/navigation2_stack/install/dwb_msgs/lib/libdwb_msgs__rosidl_typesupport_fastrtps_cpp.so
[0.902s] -- Up-to-date: /home/hossein/navigation2_stack/install/dwb_msgs/include/dwb_msgs
[0.902s] -- Up-to-date: /home/hossein/navigation2_stack/install/dwb_msgs/include/dwb_msgs/srv
[0.902s] -- Up-to-date: /home/hossein/navigation2_stack/install/dwb_msgs/include/dwb_msgs/srv/detail
[0.902s] -- Up-to-date: /home/hossein/navigation2_stack/install/dwb_msgs/include/dwb_msgs/srv/detail/score_trajectory__type_support.c
[0.903s] -- Up-to-date: /home/hossein/navigation2_stack/install/dwb_msgs/include/dwb_msgs/srv/detail/generate_twists__type_support.c
[0.903s] -- Up-to-date: /home/hossein/navigation2_stack/install/dwb_msgs/include/dwb_msgs/srv/detail/generate_trajectory__type_support.c
[0.903s] -- Up-to-date: /home/hossein/navigation2_stack/install/dwb_msgs/include/dwb_msgs/srv/detail/generate_twists__rosidl_typesupport_introspection_c.h
[0.903s] -- Up-to-date: /home/hossein/navigation2_stack/install/dwb_msgs/include/dwb_msgs/srv/detail/score_trajectory__rosidl_typesupport_introspection_c.h
[0.904s] -- Up-to-date: /home/hossein/navigation2_stack/install/dwb_msgs/include/dwb_msgs/srv/detail/get_critic_score__type_support.c
[0.904s] -- Up-to-date: /home/hossein/navigation2_stack/install/dwb_msgs/include/dwb_msgs/srv/detail/generate_trajectory__rosidl_typesupport_introspection_c.h
[0.904s] -- Up-to-date: /home/hossein/navigation2_stack/install/dwb_msgs/include/dwb_msgs/srv/detail/get_critic_score__rosidl_typesupport_introspection_c.h
[0.904s] -- Up-to-date: /home/hossein/navigation2_stack/install/dwb_msgs/include/dwb_msgs/srv/detail/debug_local_plan__rosidl_typesupport_introspection_c.h
[0.904s] -- Up-to-date: /home/hossein/navigation2_stack/install/dwb_msgs/include/dwb_msgs/srv/detail/debug_local_plan__type_support.c
[0.905s] -- Up-to-date: /home/hossein/navigation2_stack/install/dwb_msgs/include/dwb_msgs/msg
[0.905s] -- Up-to-date: /home/hossein/navigation2_stack/install/dwb_msgs/include/dwb_msgs/msg/detail
[0.905s] -- Up-to-date: /home/hossein/navigation2_stack/install/dwb_msgs/include/dwb_msgs/msg/detail/trajectory_score__type_support.c
[0.905s] -- Up-to-date: /home/hossein/navigation2_stack/install/dwb_msgs/include/dwb_msgs/msg/detail/trajectory_score__rosidl_typesupport_introspection_c.h
[0.905s] -- Up-to-date: /home/hossein/navigation2_stack/install/dwb_msgs/include/dwb_msgs/msg/detail/critic_score__type_support.c
[0.905s] -- Up-to-date: /home/hossein/navigation2_stack/install/dwb_msgs/include/dwb_msgs/msg/detail/trajectory2_d__type_support.c
[0.905s] -- Up-to-date: /home/hossein/navigation2_stack/install/dwb_msgs/include/dwb_msgs/msg/detail/critic_score__rosidl_typesupport_introspection_c.h
[0.905s] -- Up-to-date: /home/hossein/navigation2_stack/install/dwb_msgs/include/dwb_msgs/msg/detail/local_plan_evaluation__rosidl_typesupport_introspection_c.h
[0.905s] -- Up-to-date: /home/hossein/navigation2_stack/install/dwb_msgs/include/dwb_msgs/msg/detail/local_plan_evaluation__type_support.c
[0.906s] -- Up-to-date: /home/hossein/navigation2_stack/install/dwb_msgs/include/dwb_msgs/msg/detail/trajectory2_d__rosidl_typesupport_introspection_c.h
[0.906s] -- Up-to-date: /home/hossein/navigation2_stack/install/dwb_msgs/include/dwb_msgs/msg/rosidl_typesupport_introspection_c__visibility_control.h
[0.906s] -- Up-to-date: /home/hossein/navigation2_stack/install/dwb_msgs/lib/libdwb_msgs__rosidl_typesupport_introspection_c.so
[0.906s] -- Up-to-date: /home/hossein/navigation2_stack/install/dwb_msgs/lib/libdwb_msgs__rosidl_typesupport_c.so
[0.906s] -- Up-to-date: /home/hossein/navigation2_stack/install/dwb_msgs/include/dwb_msgs
[0.906s] -- Up-to-date: /home/hossein/navigation2_stack/install/dwb_msgs/include/dwb_msgs/srv
[0.906s] -- Up-to-date: /home/hossein/navigation2_stack/install/dwb_msgs/include/dwb_msgs/srv/get_critic_score.hpp
[0.906s] -- Up-to-date: /home/hossein/navigation2_stack/install/dwb_msgs/include/dwb_msgs/srv/detail
[0.907s] -- Up-to-date: /home/hossein/navigation2_stack/install/dwb_msgs/include/dwb_msgs/srv/detail/score_trajectory__struct.hpp
[0.907s] -- Up-to-date: /home/hossein/navigation2_stack/install/dwb_msgs/include/dwb_msgs/srv/detail/generate_trajectory__struct.hpp
[0.907s] -- Up-to-date: /home/hossein/navigation2_stack/install/dwb_msgs/include/dwb_msgs/srv/detail/generate_trajectory__traits.hpp
[0.907s] -- Up-to-date: /home/hossein/navigation2_stack/install/dwb_msgs/include/dwb_msgs/srv/detail/debug_local_plan__traits.hpp
[0.907s] -- Up-to-date: /home/hossein/navigation2_stack/install/dwb_msgs/include/dwb_msgs/srv/detail/generate_twists__struct.hpp
[0.908s] -- Up-to-date: /home/hossein/navigation2_stack/install/dwb_msgs/include/dwb_msgs/srv/detail/generate_twists__builder.hpp
[0.908s] -- Up-to-date: /home/hossein/navigation2_stack/install/dwb_msgs/include/dwb_msgs/srv/detail/generate_twists__traits.hpp
[0.908s] -- Up-to-date: /home/hossein/navigation2_stack/install/dwb_msgs/include/dwb_msgs/srv/detail/get_critic_score__struct.hpp
[0.908s] -- Up-to-date: /home/hossein/navigation2_stack/install/dwb_msgs/include/dwb_msgs/srv/detail/score_trajectory__builder.hpp
[0.908s] -- Up-to-date: /home/hossein/navigation2_stack/install/dwb_msgs/include/dwb_msgs/srv/detail/get_critic_score__traits.hpp
[0.908s] -- Up-to-date: /home/hossein/navigation2_stack/install/dwb_msgs/include/dwb_msgs/srv/detail/score_trajectory__traits.hpp
[0.908s] -- Up-to-date: /home/hossein/navigation2_stack/install/dwb_msgs/include/dwb_msgs/srv/detail/generate_trajectory__builder.hpp
[0.909s] -- Up-to-date: /home/hossein/navigation2_stack/install/dwb_msgs/include/dwb_msgs/srv/detail/get_critic_score__builder.hpp
[0.909s] -- Up-to-date: /home/hossein/navigation2_stack/install/dwb_msgs/include/dwb_msgs/srv/detail/debug_local_plan__struct.hpp
[0.909s] -- Up-to-date: /home/hossein/navigation2_stack/install/dwb_msgs/include/dwb_msgs/srv/detail/debug_local_plan__builder.hpp
[0.909s] -- Up-to-date: /home/hossein/navigation2_stack/install/dwb_msgs/include/dwb_msgs/srv/generate_trajectory.hpp
[0.909s] -- Up-to-date: /home/hossein/navigation2_stack/install/dwb_msgs/include/dwb_msgs/srv/debug_local_plan.hpp
[0.909s] -- Up-to-date: /home/hossein/navigation2_stack/install/dwb_msgs/include/dwb_msgs/srv/score_trajectory.hpp
[0.909s] -- Up-to-date: /home/hossein/navigation2_stack/install/dwb_msgs/include/dwb_msgs/srv/generate_twists.hpp
[0.909s] -- Up-to-date: /home/hossein/navigation2_stack/install/dwb_msgs/include/dwb_msgs/msg
[0.910s] -- Up-to-date: /home/hossein/navigation2_stack/install/dwb_msgs/include/dwb_msgs/msg/critic_score.hpp
[0.910s] -- Up-to-date: /home/hossein/navigation2_stack/install/dwb_msgs/include/dwb_msgs/msg/detail
[0.910s] -- Up-to-date: /home/hossein/navigation2_stack/install/dwb_msgs/include/dwb_msgs/msg/detail/trajectory_score__traits.hpp
[0.910s] -- Up-to-date: /home/hossein/navigation2_stack/install/dwb_msgs/include/dwb_msgs/msg/detail/trajectory2_d__traits.hpp
[0.910s] -- Up-to-date: /home/hossein/navigation2_stack/install/dwb_msgs/include/dwb_msgs/msg/detail/local_plan_evaluation__traits.hpp
[0.911s] -- Up-to-date: /home/hossein/navigation2_stack/install/dwb_msgs/include/dwb_msgs/msg/detail/trajectory_score__struct.hpp
[0.911s] -- Up-to-date: /home/hossein/navigation2_stack/install/dwb_msgs/include/dwb_msgs/msg/detail/critic_score__builder.hpp
[0.911s] -- Up-to-date: /home/hossein/navigation2_stack/install/dwb_msgs/include/dwb_msgs/msg/detail/local_plan_evaluation__struct.hpp
[0.911s] -- Up-to-date: /home/hossein/navigation2_stack/install/dwb_msgs/include/dwb_msgs/msg/detail/trajectory_score__builder.hpp
[0.911s] -- Up-to-date: /home/hossein/navigation2_stack/install/dwb_msgs/include/dwb_msgs/msg/detail/critic_score__traits.hpp
[0.911s] -- Up-to-date: /home/hossein/navigation2_stack/install/dwb_msgs/include/dwb_msgs/msg/detail/critic_score__struct.hpp
[0.912s] -- Up-to-date: /home/hossein/navigation2_stack/install/dwb_msgs/include/dwb_msgs/msg/detail/trajectory2_d__builder.hpp
[0.912s] -- Up-to-date: /home/hossein/navigation2_stack/install/dwb_msgs/include/dwb_msgs/msg/detail/trajectory2_d__struct.hpp
[0.912s] -- Up-to-date: /home/hossein/navigation2_stack/install/dwb_msgs/include/dwb_msgs/msg/detail/local_plan_evaluation__builder.hpp
[0.912s] -- Up-to-date: /home/hossein/navigation2_stack/install/dwb_msgs/include/dwb_msgs/msg/local_plan_evaluation.hpp
[0.912s] -- Up-to-date: /home/hossein/navigation2_stack/install/dwb_msgs/include/dwb_msgs/msg/trajectory_score.hpp
[0.912s] -- Up-to-date: /home/hossein/navigation2_stack/install/dwb_msgs/include/dwb_msgs/msg/trajectory2_d.hpp
[0.912s] -- Up-to-date: /home/hossein/navigation2_stack/install/dwb_msgs/include/dwb_msgs
[0.913s] -- Up-to-date: /home/hossein/navigation2_stack/install/dwb_msgs/include/dwb_msgs/srv
[0.913s] -- Up-to-date: /home/hossein/navigation2_stack/install/dwb_msgs/include/dwb_msgs/srv/detail
[0.913s] -- Up-to-date: /home/hossein/navigation2_stack/install/dwb_msgs/include/dwb_msgs/srv/detail/debug_local_plan__type_support.cpp
[0.913s] -- Up-to-date: /home/hossein/navigation2_stack/install/dwb_msgs/include/dwb_msgs/srv/detail/generate_trajectory__type_support.cpp
[0.913s] -- Up-to-date: /home/hossein/navigation2_stack/install/dwb_msgs/include/dwb_msgs/srv/detail/score_trajectory__rosidl_typesupport_introspection_cpp.hpp
[0.913s] -- Up-to-date: /home/hossein/navigation2_stack/install/dwb_msgs/include/dwb_msgs/srv/detail/generate_twists__type_support.cpp
[0.914s] -- Up-to-date: /home/hossein/navigation2_stack/install/dwb_msgs/include/dwb_msgs/srv/detail/get_critic_score__rosidl_typesupport_introspection_cpp.hpp
[0.914s] -- Up-to-date: /home/hossein/navigation2_stack/install/dwb_msgs/include/dwb_msgs/srv/detail/generate_twists__rosidl_typesupport_introspection_cpp.hpp
[0.914s] -- Up-to-date: /home/hossein/navigation2_stack/install/dwb_msgs/include/dwb_msgs/srv/detail/debug_local_plan__rosidl_typesupport_introspection_cpp.hpp
[0.914s] -- Up-to-date: /home/hossein/navigation2_stack/install/dwb_msgs/include/dwb_msgs/srv/detail/score_trajectory__type_support.cpp
[0.914s] -- Up-to-date: /home/hossein/navigation2_stack/install/dwb_msgs/include/dwb_msgs/srv/detail/get_critic_score__type_support.cpp
[0.915s] -- Up-to-date: /home/hossein/navigation2_stack/install/dwb_msgs/include/dwb_msgs/srv/detail/generate_trajectory__rosidl_typesupport_introspection_cpp.hpp
[0.915s] -- Up-to-date: /home/hossein/navigation2_stack/install/dwb_msgs/include/dwb_msgs/msg
[0.915s] -- Up-to-date: /home/hossein/navigation2_stack/install/dwb_msgs/include/dwb_msgs/msg/detail
[0.915s] -- Up-to-date: /home/hossein/navigation2_stack/install/dwb_msgs/include/dwb_msgs/msg/detail/local_plan_evaluation__rosidl_typesupport_introspection_cpp.hpp
[0.915s] -- Up-to-date: /home/hossein/navigation2_stack/install/dwb_msgs/include/dwb_msgs/msg/detail/critic_score__type_support.cpp
[0.915s] -- Up-to-date: /home/hossein/navigation2_stack/install/dwb_msgs/include/dwb_msgs/msg/detail/trajectory2_d__type_support.cpp
[0.915s] -- Up-to-date: /home/hossein/navigation2_stack/install/dwb_msgs/include/dwb_msgs/msg/detail/trajectory_score__rosidl_typesupport_introspection_cpp.hpp
[0.915s] -- Up-to-date: /home/hossein/navigation2_stack/install/dwb_msgs/include/dwb_msgs/msg/detail/trajectory2_d__rosidl_typesupport_introspection_cpp.hpp
[0.916s] -- Up-to-date: /home/hossein/navigation2_stack/install/dwb_msgs/include/dwb_msgs/msg/detail/critic_score__rosidl_typesupport_introspection_cpp.hpp
[0.916s] -- Up-to-date: /home/hossein/navigation2_stack/install/dwb_msgs/include/dwb_msgs/msg/detail/trajectory_score__type_support.cpp
[0.916s] -- Up-to-date: /home/hossein/navigation2_stack/install/dwb_msgs/include/dwb_msgs/msg/detail/local_plan_evaluation__type_support.cpp
[0.916s] -- Up-to-date: /home/hossein/navigation2_stack/install/dwb_msgs/lib/libdwb_msgs__rosidl_typesupport_introspection_cpp.so
[0.916s] -- Up-to-date: /home/hossein/navigation2_stack/install/dwb_msgs/lib/libdwb_msgs__rosidl_typesupport_cpp.so
[0.917s] -- Up-to-date: /home/hossein/navigation2_stack/install/dwb_msgs/share/dwb_msgs/environment/pythonpath.sh
[0.917s] -- Up-to-date: /home/hossein/navigation2_stack/install/dwb_msgs/share/dwb_msgs/environment/pythonpath.dsv
[0.917s] -- Up-to-date: /home/hossein/navigation2_stack/install/dwb_msgs/lib/python3.8/site-packages/dwb_msgs/__init__.py
[0.961s] -- Up-to-date: /home/hossein/navigation2_stack/install/dwb_msgs/lib/python3.8/site-packages/dwb_msgs/msg
[0.961s] -- Up-to-date: /home/hossein/navigation2_stack/install/dwb_msgs/lib/python3.8/site-packages/dwb_msgs/msg/_trajectory_score_s.c
[0.961s] -- Up-to-date: /home/hossein/navigation2_stack/install/dwb_msgs/lib/python3.8/site-packages/dwb_msgs/msg/_local_plan_evaluation.py
[0.962s] -- Up-to-date: /home/hossein/navigation2_stack/install/dwb_msgs/lib/python3.8/site-packages/dwb_msgs/msg/_trajectory2_d.py
[0.962s] -- Up-to-date: /home/hossein/navigation2_stack/install/dwb_msgs/lib/python3.8/site-packages/dwb_msgs/msg/_trajectory_score.py
[0.962s] -- Up-to-date: /home/hossein/navigation2_stack/install/dwb_msgs/lib/python3.8/site-packages/dwb_msgs/msg/__init__.py
[0.962s] -- Up-to-date: /home/hossein/navigation2_stack/install/dwb_msgs/lib/python3.8/site-packages/dwb_msgs/msg/_critic_score_s.c
[0.962s] -- Up-to-date: /home/hossein/navigation2_stack/install/dwb_msgs/lib/python3.8/site-packages/dwb_msgs/msg/_trajectory2_d_s.c
[0.962s] -- Up-to-date: /home/hossein/navigation2_stack/install/dwb_msgs/lib/python3.8/site-packages/dwb_msgs/msg/_critic_score.py
[0.962s] -- Up-to-date: /home/hossein/navigation2_stack/install/dwb_msgs/lib/python3.8/site-packages/dwb_msgs/msg/_local_plan_evaluation_s.c
[0.963s] -- Up-to-date: /home/hossein/navigation2_stack/install/dwb_msgs/lib/python3.8/site-packages/dwb_msgs/srv
[0.963s] -- Up-to-date: /home/hossein/navigation2_stack/install/dwb_msgs/lib/python3.8/site-packages/dwb_msgs/srv/_generate_twists.py
[0.963s] -- Up-to-date: /home/hossein/navigation2_stack/install/dwb_msgs/lib/python3.8/site-packages/dwb_msgs/srv/_score_trajectory.py
[0.963s] -- Up-to-date: /home/hossein/navigation2_stack/install/dwb_msgs/lib/python3.8/site-packages/dwb_msgs/srv/_generate_twists_s.c
[0.963s] -- Up-to-date: /home/hossein/navigation2_stack/install/dwb_msgs/lib/python3.8/site-packages/dwb_msgs/srv/_get_critic_score.py
[0.963s] -- Up-to-date: /home/hossein/navigation2_stack/install/dwb_msgs/lib/python3.8/site-packages/dwb_msgs/srv/_debug_local_plan.py
[0.963s] -- Up-to-date: /home/hossein/navigation2_stack/install/dwb_msgs/lib/python3.8/site-packages/dwb_msgs/srv/__init__.py
[0.964s] -- Up-to-date: /home/hossein/navigation2_stack/install/dwb_msgs/lib/python3.8/site-packages/dwb_msgs/srv/_score_trajectory_s.c
[0.964s] -- Up-to-date: /home/hossein/navigation2_stack/install/dwb_msgs/lib/python3.8/site-packages/dwb_msgs/srv/_generate_trajectory_s.c
[0.964s] -- Up-to-date: /home/hossein/navigation2_stack/install/dwb_msgs/lib/python3.8/site-packages/dwb_msgs/srv/_generate_trajectory.py
[0.964s] -- Up-to-date: /home/hossein/navigation2_stack/install/dwb_msgs/lib/python3.8/site-packages/dwb_msgs/srv/_get_critic_score_s.c
[0.964s] -- Up-to-date: /home/hossein/navigation2_stack/install/dwb_msgs/lib/python3.8/site-packages/dwb_msgs/srv/_debug_local_plan_s.c
[0.965s] -- Up-to-date: /home/hossein/navigation2_stack/install/dwb_msgs/lib/python3.8/site-packages/dwb_msgs/dwb_msgs_s__rosidl_typesupport_fastrtps_c.cpython-38-x86_64-linux-gnu.so
[0.965s] -- Up-to-date: /home/hossein/navigation2_stack/install/dwb_msgs/lib/python3.8/site-packages/dwb_msgs/dwb_msgs_s__rosidl_typesupport_introspection_c.cpython-38-x86_64-linux-gnu.so
[0.965s] -- Up-to-date: /home/hossein/navigation2_stack/install/dwb_msgs/lib/python3.8/site-packages/dwb_msgs/dwb_msgs_s__rosidl_typesupport_c.cpython-38-x86_64-linux-gnu.so
[0.966s] -- Up-to-date: /home/hossein/navigation2_stack/install/dwb_msgs/lib/libdwb_msgs__python.so
[0.967s] -- Up-to-date: /home/hossein/navigation2_stack/install/dwb_msgs/share/dwb_msgs/msg/CriticScore.idl
[0.967s] -- Up-to-date: /home/hossein/navigation2_stack/install/dwb_msgs/share/dwb_msgs/msg/LocalPlanEvaluation.idl
[0.967s] -- Up-to-date: /home/hossein/navigation2_stack/install/dwb_msgs/share/dwb_msgs/msg/Trajectory2D.idl
[0.968s] -- Up-to-date: /home/hossein/navigation2_stack/install/dwb_msgs/share/dwb_msgs/msg/TrajectoryScore.idl
[0.968s] -- Up-to-date: /home/hossein/navigation2_stack/install/dwb_msgs/share/dwb_msgs/srv/DebugLocalPlan.idl
[0.968s] -- Up-to-date: /home/hossein/navigation2_stack/install/dwb_msgs/share/dwb_msgs/srv/GenerateTrajectory.idl
[0.968s] -- Up-to-date: /home/hossein/navigation2_stack/install/dwb_msgs/share/dwb_msgs/srv/GenerateTwists.idl
[0.969s] -- Up-to-date: /home/hossein/navigation2_stack/install/dwb_msgs/share/dwb_msgs/srv/GetCriticScore.idl
[0.969s] -- Up-to-date: /home/hossein/navigation2_stack/install/dwb_msgs/share/dwb_msgs/srv/ScoreTrajectory.idl
[0.969s] -- Up-to-date: /home/hossein/navigation2_stack/install/dwb_msgs/share/dwb_msgs/msg/CriticScore.msg
[0.970s] -- Up-to-date: /home/hossein/navigation2_stack/install/dwb_msgs/share/dwb_msgs/msg/LocalPlanEvaluation.msg
[0.970s] -- Up-to-date: /home/hossein/navigation2_stack/install/dwb_msgs/share/dwb_msgs/msg/Trajectory2D.msg
[0.970s] -- Up-to-date: /home/hossein/navigation2_stack/install/dwb_msgs/share/dwb_msgs/msg/TrajectoryScore.msg
[0.970s] -- Up-to-date: /home/hossein/navigation2_stack/install/dwb_msgs/share/dwb_msgs/srv/DebugLocalPlan.srv
[0.970s] -- Up-to-date: /home/hossein/navigation2_stack/install/dwb_msgs/share/dwb_msgs/srv/DebugLocalPlan_Request.msg
[0.970s] -- Up-to-date: /home/hossein/navigation2_stack/install/dwb_msgs/share/dwb_msgs/srv/DebugLocalPlan_Response.msg
[0.970s] -- Up-to-date: /home/hossein/navigation2_stack/install/dwb_msgs/share/dwb_msgs/srv/GenerateTrajectory.srv
[0.970s] -- Up-to-date: /home/hossein/navigation2_stack/install/dwb_msgs/share/dwb_msgs/srv/GenerateTrajectory_Request.msg
[0.971s] -- Up-to-date: /home/hossein/navigation2_stack/install/dwb_msgs/share/dwb_msgs/srv/GenerateTrajectory_Response.msg
[0.971s] -- Up-to-date: /home/hossein/navigation2_stack/install/dwb_msgs/share/dwb_msgs/srv/GenerateTwists.srv
[0.971s] -- Up-to-date: /home/hossein/navigation2_stack/install/dwb_msgs/share/dwb_msgs/srv/GenerateTwists_Request.msg
[0.971s] -- Up-to-date: /home/hossein/navigation2_stack/install/dwb_msgs/share/dwb_msgs/srv/GenerateTwists_Response.msg
[0.971s] -- Up-to-date: /home/hossein/navigation2_stack/install/dwb_msgs/share/dwb_msgs/srv/GetCriticScore.srv
[0.972s] -- Up-to-date: /home/hossein/navigation2_stack/install/dwb_msgs/share/dwb_msgs/srv/GetCriticScore_Request.msg
[0.972s] -- Up-to-date: /home/hossein/navigation2_stack/install/dwb_msgs/share/dwb_msgs/srv/GetCriticScore_Response.msg
[0.972s] -- Up-to-date: /home/hossein/navigation2_stack/install/dwb_msgs/share/dwb_msgs/srv/ScoreTrajectory.srv
[0.972s] -- Up-to-date: /home/hossein/navigation2_stack/install/dwb_msgs/share/dwb_msgs/srv/ScoreTrajectory_Request.msg
[0.972s] -- Up-to-date: /home/hossein/navigation2_stack/install/dwb_msgs/share/dwb_msgs/srv/ScoreTrajectory_Response.msg
[0.972s] -- Up-to-date: /home/hossein/navigation2_stack/install/dwb_msgs/share/ament_index/resource_index/package_run_dependencies/dwb_msgs
[0.972s] -- Up-to-date: /home/hossein/navigation2_stack/install/dwb_msgs/share/ament_index/resource_index/parent_prefix_path/dwb_msgs
[0.972s] -- Up-to-date: /home/hossein/navigation2_stack/install/dwb_msgs/share/dwb_msgs/environment/ament_prefix_path.sh
[0.973s] -- Up-to-date: /home/hossein/navigation2_stack/install/dwb_msgs/share/dwb_msgs/environment/ament_prefix_path.dsv
[0.973s] -- Up-to-date: /home/hossein/navigation2_stack/install/dwb_msgs/share/dwb_msgs/environment/path.sh
[0.974s] -- Up-to-date: /home/hossein/navigation2_stack/install/dwb_msgs/share/dwb_msgs/environment/path.dsv
[0.974s] -- Up-to-date: /home/hossein/navigation2_stack/install/dwb_msgs/share/dwb_msgs/local_setup.bash
[0.974s] -- Up-to-date: /home/hossein/navigation2_stack/install/dwb_msgs/share/dwb_msgs/local_setup.sh
[0.974s] -- Up-to-date: /home/hossein/navigation2_stack/install/dwb_msgs/share/dwb_msgs/local_setup.zsh
[0.974s] -- Up-to-date: /home/hossein/navigation2_stack/install/dwb_msgs/share/dwb_msgs/local_setup.dsv
[0.975s] -- Installing: /home/hossein/navigation2_stack/install/dwb_msgs/share/dwb_msgs/package.dsv
[0.975s] -- Up-to-date: /home/hossein/navigation2_stack/install/dwb_msgs/share/ament_index/resource_index/packages/dwb_msgs
[0.975s] -- Up-to-date: /home/hossein/navigation2_stack/install/dwb_msgs/share/dwb_msgs/cmake/dwb_msgs__rosidl_generator_cExport.cmake
[0.975s] -- Up-to-date: /home/hossein/navigation2_stack/install/dwb_msgs/share/dwb_msgs/cmake/dwb_msgs__rosidl_generator_cExport-noconfig.cmake
[0.975s] -- Up-to-date: /home/hossein/navigation2_stack/install/dwb_msgs/share/dwb_msgs/cmake/dwb_msgs__rosidl_typesupport_introspection_cExport.cmake
[0.976s] -- Up-to-date: /home/hossein/navigation2_stack/install/dwb_msgs/share/dwb_msgs/cmake/dwb_msgs__rosidl_typesupport_introspection_cExport-noconfig.cmake
[0.976s] -- Up-to-date: /home/hossein/navigation2_stack/install/dwb_msgs/share/dwb_msgs/cmake/dwb_msgs__rosidl_typesupport_cExport.cmake
[0.976s] -- Up-to-date: /home/hossein/navigation2_stack/install/dwb_msgs/share/dwb_msgs/cmake/dwb_msgs__rosidl_typesupport_cExport-noconfig.cmake
[0.977s] -- Up-to-date: /home/hossein/navigation2_stack/install/dwb_msgs/share/dwb_msgs/cmake/dwb_msgs__rosidl_generator_cppExport.cmake
[0.977s] -- Up-to-date: /home/hossein/navigation2_stack/install/dwb_msgs/share/dwb_msgs/cmake/dwb_msgs__rosidl_typesupport_introspection_cppExport.cmake
[0.977s] -- Up-to-date: /home/hossein/navigation2_stack/install/dwb_msgs/share/dwb_msgs/cmake/dwb_msgs__rosidl_typesupport_introspection_cppExport-noconfig.cmake
[0.977s] -- Up-to-date: /home/hossein/navigation2_stack/install/dwb_msgs/share/dwb_msgs/cmake/dwb_msgs__rosidl_typesupport_cppExport.cmake
[0.977s] -- Up-to-date: /home/hossein/navigation2_stack/install/dwb_msgs/share/dwb_msgs/cmake/dwb_msgs__rosidl_typesupport_cppExport-noconfig.cmake
[0.978s] -- Up-to-date: /home/hossein/navigation2_stack/install/dwb_msgs/share/dwb_msgs/cmake/rosidl_cmake-extras.cmake
[0.978s] -- Up-to-date: /home/hossein/navigation2_stack/install/dwb_msgs/share/dwb_msgs/cmake/ament_cmake_export_dependencies-extras.cmake
[0.978s] -- Up-to-date: /home/hossein/navigation2_stack/install/dwb_msgs/share/dwb_msgs/cmake/ament_cmake_export_libraries-extras.cmake
[0.978s] -- Up-to-date: /home/hossein/navigation2_stack/install/dwb_msgs/share/dwb_msgs/cmake/ament_cmake_export_targets-extras.cmake
[0.978s] -- Up-to-date: /home/hossein/navigation2_stack/install/dwb_msgs/share/dwb_msgs/cmake/ament_cmake_export_include_directories-extras.cmake
[0.979s] -- Up-to-date: /home/hossein/navigation2_stack/install/dwb_msgs/share/dwb_msgs/cmake/rosidl_cmake_export_typesupport_libraries-extras.cmake
[0.979s] -- Up-to-date: /home/hossein/navigation2_stack/install/dwb_msgs/share/dwb_msgs/cmake/rosidl_cmake_export_typesupport_targets-extras.cmake
[0.979s] -- Up-to-date: /home/hossein/navigation2_stack/install/dwb_msgs/share/dwb_msgs/cmake/dwb_msgsConfig.cmake
[0.982s] -- Up-to-date: /home/hossein/navigation2_stack/install/dwb_msgs/share/dwb_msgs/cmake/dwb_msgsConfig-version.cmake
[0.982s] -- Up-to-date: /home/hossein/navigation2_stack/install/dwb_msgs/share/dwb_msgs/package.xml
[0.982s] Invoked command in '/home/hossein/navigation2_stack/build/dwb_msgs' returned '0': AMENT_PREFIX_PATH=/home/hossein/navigation2_stack/install/nav_2d_msgs:${AMENT_PREFIX_PATH} CMAKE_PREFIX_PATH=/home/hossein/navigation2_stack/install/nav_2d_msgs:/home/hossein/turtlebot3_ws/install/turtlebot3_simulations:/home/hossein/turtlebot3_ws/install/turtlebot3_gazebo:/home/hossein/turtlebot3_ws/install/turtlebot3_fake_node:/home/hossein/dev_ws/install/vad_utils:/home/hossein/dev_ws/install/user_interface:/home/hossein/dev_ws/install/tf_publisher:/home/hossein/dev_ws/install/overhead_camera_service:/home/hossein/dev_ws/install/nf2:/home/hossein/dev_ws/install/global_planner:/home/hossein/dev_ws/install/custom_msg_srv:/home/hossein/dev_ws/install/py_pubsub:/home/hossein/dev_ws/install/image_segmentation:/opt/ros/foxy LD_LIBRARY_PATH=/home/hossein/navigation2_stack/install/nav_2d_msgs/lib:${LD_LIBRARY_PATH} PYTHONPATH=/home/hossein/navigation2_stack/install/nav_2d_msgs/lib/python3.8/site-packages:${PYTHONPATH} /usr/bin/cmake --install /home/hossein/navigation2_stack/build/dwb_msgs
