-- The C compiler identification is GNU 7.5.0
-- The CXX compiler identification is GNU 7.5.0
-- Check for working C compiler: /usr/bin/cc
-- Check for working C compiler: /usr/bin/cc -- works
-- Detecting C compiler ABI info
-- Detecting C compiler ABI info - done
-- Detecting C compile features
-- Detecting C compile features - done
-- Check for working CXX compiler: /usr/bin/c++
-- Check for working CXX compiler: /usr/bin/c++ -- works
-- Detecting CXX compiler ABI info
-- Detecting CXX compiler ABI info - done
-- Detecting CXX compile features
-- Detecting CXX compile features - done
-- Found ament_cmake: 0.9.8 (/opt/ros/foxy/share/ament_cmake/cmake)
-- Found PythonInterp: /usr/bin/python3 (found suitable version "3.8.5", minimum required is "3") 
-- Using PYTHON_EXECUTABLE: /usr/bin/python3
-- Configuring done
-- Generating done
-- Build files have been written to: /home/hossein/navigation2_stack/build/nav2_dwb_controller
-- Install configuration: ""
-- Installing: /home/hossein/navigation2_stack/install/nav2_dwb_controller/share/ament_index/resource_index/package_run_dependencies/nav2_dwb_controller
-- Installing: /home/hossein/navigation2_stack/install/nav2_dwb_controller/share/ament_index/resource_index/parent_prefix_path/nav2_dwb_controller
-- Installing: /home/hossein/navigation2_stack/install/nav2_dwb_controller/share/nav2_dwb_controller/environment/ament_prefix_path.sh
-- Installing: /home/hossein/navigation2_stack/install/nav2_dwb_controller/share/nav2_dwb_controller/environment/ament_prefix_path.dsv
-- Installing: /home/hossein/navigation2_stack/install/nav2_dwb_controller/share/nav2_dwb_controller/environment/path.sh
-- Installing: /home/hossein/navigation2_stack/install/nav2_dwb_controller/share/nav2_dwb_controller/environment/path.dsv
-- Installing: /home/hossein/navigation2_stack/install/nav2_dwb_controller/share/nav2_dwb_controller/local_setup.bash
-- Installing: /home/hossein/navigation2_stack/install/nav2_dwb_controller/share/nav2_dwb_controller/local_setup.sh
-- Installing: /home/hossein/navigation2_stack/install/nav2_dwb_controller/share/nav2_dwb_controller/local_setup.zsh
-- Installing: /home/hossein/navigation2_stack/install/nav2_dwb_controller/share/nav2_dwb_controller/local_setup.dsv
-- Installing: /home/hossein/navigation2_stack/install/nav2_dwb_controller/share/nav2_dwb_controller/package.dsv
-- Installing: /home/hossein/navigation2_stack/install/nav2_dwb_controller/share/ament_index/resource_index/packages/nav2_dwb_controller
-- Installing: /home/hossein/navigation2_stack/install/nav2_dwb_controller/share/nav2_dwb_controller/cmake/nav2_dwb_controllerConfig.cmake
-- Installing: /home/hossein/navigation2_stack/install/nav2_dwb_controller/share/nav2_dwb_controller/cmake/nav2_dwb_controllerConfig-version.cmake
-- Installing: /home/hossein/navigation2_stack/install/nav2_dwb_controller/share/nav2_dwb_controller/package.xml
