[0.098s] Invoking command in '/home/hossein/navigation2_stack/build/nav2_voxel_grid': AMENT_PREFIX_PATH=/home/hossein/navigation2_stack/install/nav2_common:${AMENT_PREFIX_PATH} CMAKE_PREFIX_PATH=/home/hossein/navigation2_stack/install/nav2_common:/home/hossein/turtlebot3_ws/install/turtlebot3_simulations:/home/hossein/turtlebot3_ws/install/turtlebot3_gazebo:/home/hossein/turtlebot3_ws/install/turtlebot3_fake_node:/home/hossein/dev_ws/install/vad_utils:/home/hossein/dev_ws/install/user_interface:/home/hossein/dev_ws/install/tf_publisher:/home/hossein/dev_ws/install/overhead_camera_service:/home/hossein/dev_ws/install/nf2:/home/hossein/dev_ws/install/global_planner:/home/hossein/dev_ws/install/custom_msg_srv:/home/hossein/dev_ws/install/py_pubsub:/home/hossein/dev_ws/install/image_segmentation:/opt/ros/foxy PYTHONPATH=/home/hossein/navigation2_stack/install/nav2_common/lib/python3.8/site-packages:${PYTHONPATH} /usr/bin/cmake --build /home/hossein/navigation2_stack/build/nav2_voxel_grid -- -j8 -l8
[0.237s] [ 25%] Built target gtest
[0.264s] [ 50%] Built target gtest_main
[0.274s] [ 75%] Built target voxel_grid
[0.380s] [100%] Built target voxel_grid_tests
[0.443s] Invoked command in '/home/hossein/navigation2_stack/build/nav2_voxel_grid' returned '0': AMENT_PREFIX_PATH=/home/hossein/navigation2_stack/install/nav2_common:${AMENT_PREFIX_PATH} CMAKE_PREFIX_PATH=/home/hossein/navigation2_stack/install/nav2_common:/home/hossein/turtlebot3_ws/install/turtlebot3_simulations:/home/hossein/turtlebot3_ws/install/turtlebot3_gazebo:/home/hossein/turtlebot3_ws/install/turtlebot3_fake_node:/home/hossein/dev_ws/install/vad_utils:/home/hossein/dev_ws/install/user_interface:/home/hossein/dev_ws/install/tf_publisher:/home/hossein/dev_ws/install/overhead_camera_service:/home/hossein/dev_ws/install/nf2:/home/hossein/dev_ws/install/global_planner:/home/hossein/dev_ws/install/custom_msg_srv:/home/hossein/dev_ws/install/py_pubsub:/home/hossein/dev_ws/install/image_segmentation:/opt/ros/foxy PYTHONPATH=/home/hossein/navigation2_stack/install/nav2_common/lib/python3.8/site-packages:${PYTHONPATH} /usr/bin/cmake --build /home/hossein/navigation2_stack/build/nav2_voxel_grid -- -j8 -l8
[0.943s] Invoking command in '/home/hossein/navigation2_stack/build/nav2_voxel_grid': AMENT_PREFIX_PATH=/home/hossein/navigation2_stack/install/nav2_common:${AMENT_PREFIX_PATH} CMAKE_PREFIX_PATH=/home/hossein/navigation2_stack/install/nav2_common:/home/hossein/turtlebot3_ws/install/turtlebot3_simulations:/home/hossein/turtlebot3_ws/install/turtlebot3_gazebo:/home/hossein/turtlebot3_ws/install/turtlebot3_fake_node:/home/hossein/dev_ws/install/vad_utils:/home/hossein/dev_ws/install/user_interface:/home/hossein/dev_ws/install/tf_publisher:/home/hossein/dev_ws/install/overhead_camera_service:/home/hossein/dev_ws/install/nf2:/home/hossein/dev_ws/install/global_planner:/home/hossein/dev_ws/install/custom_msg_srv:/home/hossein/dev_ws/install/py_pubsub:/home/hossein/dev_ws/install/image_segmentation:/opt/ros/foxy PYTHONPATH=/home/hossein/navigation2_stack/install/nav2_common/lib/python3.8/site-packages:${PYTHONPATH} /usr/bin/cmake --install /home/hossein/navigation2_stack/build/nav2_voxel_grid
[0.963s] -- Install configuration: "Release"
[0.963s] -- Up-to-date: /home/hossein/navigation2_stack/install/nav2_voxel_grid/lib/libvoxel_grid.so
[0.963s] -- Up-to-date: /home/hossein/navigation2_stack/install/nav2_voxel_grid/include
[0.963s] -- Up-to-date: /home/hossein/navigation2_stack/install/nav2_voxel_grid/include/nav2_voxel_grid
[0.963s] -- Up-to-date: /home/hossein/navigation2_stack/install/nav2_voxel_grid/include/nav2_voxel_grid/voxel_grid.hpp
[0.963s] -- Up-to-date: /home/hossein/navigation2_stack/install/nav2_voxel_grid/share/nav2_voxel_grid/environment/library_path.sh
[0.964s] -- Up-to-date: /home/hossein/navigation2_stack/install/nav2_voxel_grid/share/nav2_voxel_grid/environment/library_path.dsv
[0.964s] -- Up-to-date: /home/hossein/navigation2_stack/install/nav2_voxel_grid/share/ament_index/resource_index/package_run_dependencies/nav2_voxel_grid
[0.964s] -- Up-to-date: /home/hossein/navigation2_stack/install/nav2_voxel_grid/share/ament_index/resource_index/parent_prefix_path/nav2_voxel_grid
[0.966s] -- Up-to-date: /home/hossein/navigation2_stack/install/nav2_voxel_grid/share/nav2_voxel_grid/environment/ament_prefix_path.sh
[0.967s] -- Up-to-date: /home/hossein/navigation2_stack/install/nav2_voxel_grid/share/nav2_voxel_grid/environment/ament_prefix_path.dsv
[0.968s] -- Up-to-date: /home/hossein/navigation2_stack/install/nav2_voxel_grid/share/nav2_voxel_grid/environment/path.sh
[0.969s] -- Up-to-date: /home/hossein/navigation2_stack/install/nav2_voxel_grid/share/nav2_voxel_grid/environment/path.dsv
[0.970s] -- Up-to-date: /home/hossein/navigation2_stack/install/nav2_voxel_grid/share/nav2_voxel_grid/local_setup.bash
[0.971s] -- Up-to-date: /home/hossein/navigation2_stack/install/nav2_voxel_grid/share/nav2_voxel_grid/local_setup.sh
[0.974s] -- Up-to-date: /home/hossein/navigation2_stack/install/nav2_voxel_grid/share/nav2_voxel_grid/local_setup.zsh
[0.974s] -- Up-to-date: /home/hossein/navigation2_stack/install/nav2_voxel_grid/share/nav2_voxel_grid/local_setup.dsv
[0.975s] -- Installing: /home/hossein/navigation2_stack/install/nav2_voxel_grid/share/nav2_voxel_grid/package.dsv
[0.975s] -- Up-to-date: /home/hossein/navigation2_stack/install/nav2_voxel_grid/share/ament_index/resource_index/packages/nav2_voxel_grid
[0.975s] -- Up-to-date: /home/hossein/navigation2_stack/install/nav2_voxel_grid/share/nav2_voxel_grid/cmake/ament_cmake_export_dependencies-extras.cmake
[0.975s] -- Up-to-date: /home/hossein/navigation2_stack/install/nav2_voxel_grid/share/nav2_voxel_grid/cmake/ament_cmake_export_include_directories-extras.cmake
[0.976s] -- Up-to-date: /home/hossein/navigation2_stack/install/nav2_voxel_grid/share/nav2_voxel_grid/cmake/ament_cmake_export_libraries-extras.cmake
[0.976s] -- Up-to-date: /home/hossein/navigation2_stack/install/nav2_voxel_grid/share/nav2_voxel_grid/cmake/nav2_voxel_gridConfig.cmake
[0.976s] -- Up-to-date: /home/hossein/navigation2_stack/install/nav2_voxel_grid/share/nav2_voxel_grid/cmake/nav2_voxel_gridConfig-version.cmake
[0.976s] -- Up-to-date: /home/hossein/navigation2_stack/install/nav2_voxel_grid/share/nav2_voxel_grid/package.xml
[0.978s] Invoked command in '/home/hossein/navigation2_stack/build/nav2_voxel_grid' returned '0': AMENT_PREFIX_PATH=/home/hossein/navigation2_stack/install/nav2_common:${AMENT_PREFIX_PATH} CMAKE_PREFIX_PATH=/home/hossein/navigation2_stack/install/nav2_common:/home/hossein/turtlebot3_ws/install/turtlebot3_simulations:/home/hossein/turtlebot3_ws/install/turtlebot3_gazebo:/home/hossein/turtlebot3_ws/install/turtlebot3_fake_node:/home/hossein/dev_ws/install/vad_utils:/home/hossein/dev_ws/install/user_interface:/home/hossein/dev_ws/install/tf_publisher:/home/hossein/dev_ws/install/overhead_camera_service:/home/hossein/dev_ws/install/nf2:/home/hossein/dev_ws/install/global_planner:/home/hossein/dev_ws/install/custom_msg_srv:/home/hossein/dev_ws/install/py_pubsub:/home/hossein/dev_ws/install/image_segmentation:/opt/ros/foxy PYTHONPATH=/home/hossein/navigation2_stack/install/nav2_common/lib/python3.8/site-packages:${PYTHONPATH} /usr/bin/cmake --install /home/hossein/navigation2_stack/build/nav2_voxel_grid
